#
# A fatal error has been detected by the Java Runtime Environment:
#
#  EXCEPTION_ACCESS_VIOLATION (0xc0000005) at pc=0x00007ffea6b16587, pid=12228, tid=2956
#
# JRE version: OpenJDK Runtime Environment (21.0.1+12) (build 21.0.1+12-29)
# Java VM: OpenJDK 64-Bit Server VM (21.0.1+12-29, mixed mode, sharing, tiered, compressed oops, compressed class ptrs, g1 gc, windows-amd64)
# Problematic frame:
# C  [glass.dll+0x26587]
#
# No core dump will be written. Minidumps are not enabled by default on client versions of Windows
#
# If you would like to submit a bug report, please visit:
#   https://bugreport.java.com/bugreport/crash.jsp
#

---------------  S U M M A R Y ------------

Command Line: -javaagent:C:\Program Files\JetBrains\IntelliJ IDEA 2023.2.1\lib\idea_rt.jar=52262:C:\Program Files\JetBrains\IntelliJ IDEA 2023.2.1\bin -Dfile.encoding=UTF-8 -Dsun.stdout.encoding=UTF-8 -Dsun.stderr.encoding=UTF-8 --module-path=C:\Users\zoryv\OneDrive\Робочий стіл\курсова\openjfx-21.0.1_windows-x64_bin-sdk (1)\javafx-sdk-21.0.1\lib\javafx.fxml.jar;C:\Users\zoryv\OneDrive\Робочий стіл\курсова\openjfx-21.0.1_windows-x64_bin-sdk (1)\javafx-sdk-21.0.1\lib\javafx.controls.jar;C:\Users\zoryv\OneDrive\Робочий стіл\курсова\mysql-connector-j-8.3.0\mysql-connector-j-8.3.0\mysql-connector-j-8.3.0.jar;C:\Users\zoryv\OneDrive\Робочий стіл\Cursova\target\classes;C:\Users\zoryv\OneDrive\Робочий стіл\курсова\openjfx-21.0.1_windows-x64_bin-sdk (1)\javafx-sdk-21.0.1\lib\javafx.media.jar;C:\Users\zoryv\OneDrive\Робочий стіл\курсова\openjfx-21.0.1_windows-x64_bin-sdk (1)\javafx-sdk-21.0.1\lib\javafx.web.jar;C:\Users\zoryv\OneDrive\Робочий стіл\курсова\openjfx-21.0.1_windows-x64_bin-sdk (1)\javafx-sdk-21.0.1\lib\javafx.base.jar;C:\Users\zoryv\OneDrive\Робочий стіл\курсова\openjfx-21.0.1_windows-x64_bin-sdk (1)\javafx-sdk-21.0.1\lib\javafx.graphics.jar -Djdk.module.main=com.example.cursova com.example.cursova/com.example.cursova.HelloApplication

Host: Intel(R) Pentium(R) Silver N5030 CPU @ 1.10GHz, 4 cores, 7G,  Windows 11 , 64 bit Build 22621 (10.0.22621.3374)
Time: Sun Apr 21 01:00:29 2024  Windows 11 , 64 bit Build 22621 (10.0.22621.3374) elapsed time: 199.990014 seconds (0d 0h 3m 19s)

---------------  T H R E A D  ---------------

Current thread (0x000002995e875380):  VMThread "VM Thread"          [id=2956, stack(0x000000ce53700000,0x000000ce53800000) (1024K)]

Stack: [0x000000ce53700000,0x000000ce53800000],  sp=0x000000ce537fef10,  free space=1019k
Native frames: (J=compiled Java code, j=interpreted, Vv=VM code, C=native code)
C  [glass.dll+0x26587]


siginfo: EXCEPTION_ACCESS_VIOLATION (0xc0000005), reading address 0x0000000000000000


Registers:
RAX=0x0000000000000000, RBX=0x000002995e882c52, RCX=0x000002995e875380, RDX=0x000000ce537fef10
RSP=0x000000ce537fef10, RBP=0x00000299a41d1108, RSI=0x000000ce537ff018, RDI=0x00000299a41d10e0
R8 =0x0000000000010002, R9 =0x00000299a41d10e0, R10=0x85f13e9656da4870, R11=0x000000ce537feea0
R12=0x00007ffea6b13ed0, R13=0x00007ffe73221fa0, R14=0x00009b8b06d6aca3, R15=0x00000299a41d10e0
RIP=0x00007ffea6b16587, EFLAGS=0x0000000000010202


Register to memory mapping:

RAX=0x0 is null
RBX=0x000002995e882c52 is a global jni handle
RCX=0x000002995e875380 points into unknown readable memory: 0x00007ffe73033f88 | 88 3f 03 73 fe 7f 00 00
RDX=0x000000ce537fef10 points into unknown readable memory: 0x0000000000000000 | 00 00 00 00 00 00 00 00
RSP=0x000000ce537fef10 points into unknown readable memory: 0x0000000000000000 | 00 00 00 00 00 00 00 00
RBP=0x00000299a41d1108 points into unknown readable memory: 0x00009b8b06d6aca3 | a3 ac d6 06 8b 9b 00 00
RSI=0x000000ce537ff018 points into unknown readable memory: 0x000000ce537ff000 | 00 f0 7f 53 ce 00 00 00
RDI=0x00000299a41d10e0 points into unknown readable memory: 0x358954cb06d55356 | 56 53 d5 06 cb 54 89 35
R8 =0x0000000000010002 is an unknown value
R9 =0x00000299a41d10e0 points into unknown readable memory: 0x358954cb06d55356 | 56 53 d5 06 cb 54 89 35
R10=0x85f13e9656da4870 is an unknown value
R11=0x000000ce537feea0 points into unknown readable memory: 0x0000000000000000 | 00 00 00 00 00 00 00 00
R12=0x00007ffea6b13ed0 glass.dll
R13=0x00007ffe73221fa0 jvm.dll
R14=0x00009b8b06d6aca3 is an unknown value
R15=0x00000299a41d10e0 points into unknown readable memory: 0x358954cb06d55356 | 56 53 d5 06 cb 54 89 35

Top of Stack: (sp=0x000000ce537fef10)
0x000000ce537fef10:   0000000000000000 000000ce537ff018
0x000000ce537fef20:   00007ffe73221fa0 00007ffea6b13ed0
0x000000ce537fef30:   00000299a41d10e8 00007ffed9973a53
0x000000ce537fef40:   00000299a41d10e0 0000029900000000
0x000000ce537fef50:   00000299a41d1108 000000ce537ff018
0x000000ce537fef60:   fffffffffffffffe 0000000000000000
0x000000ce537fef70:   0000000000000001 00007ffea6af0000
0x000000ce537fef80:   000000ce537ff008 00007ffed994042e
0x000000ce537fef90:   0000000000000000 000000ce537ff018
0x000000ce537fefa0:   000000ce537ff300 0000000000000001
0x000000ce537fefb0:   0000000000000001 00007ffed993dddd
0x000000ce537fefc0:   0000000000000000 00007ffea6b136c9
0x000000ce537fefd0:   00007ffed4215ed0 000000ce537ff008
0x000000ce537fefe0:   fffffffffffffffe 000000ce537fefd0
0x000000ce537feff0:   0000000000000000 00007ffea6b13d5d
0x000000ce537ff000:   00007ffea6b2a008 00007ffe00000002
0x000000ce537ff010:   0000000000000002 000000ce537ff000
0x000000ce537ff020:   0000000000000000 00007ffedbd38603
0x000000ce537ff030:   0000000000000000 00007ffea6b13e82
0x000000ce537ff040:   0000000000000001 0000000000000001
0x000000ce537ff050:   000000ce537ff300 0000000000000001
0x000000ce537ff060:   0000000000000001 00007ffed8742223
0x000000ce537ff070:   00007ffe00000001 0000000000000000
0x000000ce537ff080:   00007ffea6af0000 000000007ffe0384
0x000000ce537ff090:   0000000000000000 00007ffedbd3869f
0x000000ce537ff0a0:   00007ffea6af0000 0000000000000000
0x000000ce537ff0b0:   0000000000000001 000000007ffe0385
0x000000ce537ff0c0:   00007ffedbe46a20 00007ffe3dc7694c
0x000000ce537ff0d0:   000045e3a6da1500 00007ffe3bc50000
0x000000ce537ff0e0:   00007ffea6b13ed0 0000000000000000
0x000000ce537ff0f0:   0000000000000000 000000ce52dae000
0x000000ce537ff100:   00000299a4190ee0 00007ffedbd610a6 

Instructions: (pc=0x00007ffea6b16587)
0x00007ffea6b16487:   8b 4d 58 e8 8d cf ff ff 48 8b 4d 60 e8 84 cf ff
0x00007ffea6b16497:   ff 48 8b 95 80 00 00 00 48 8b 8d 18 01 00 00 e8
0x00007ffea6b164a7:   76 c4 ff ff 33 d2 33 c9 e8 cc e1 ff ff 90 48 89
0x00007ffea6b164b7:   54 24 10 55 48 83 ec 20 48 8b ea 48 b8 00 00 00
0x00007ffea6b164c7:   00 00 00 00 00 48 83 c4 20 5d c3 cc 40 55 48 8b
0x00007ffea6b164d7:   ea 48 8b 01 33 c9 81 38 05 00 00 c0 0f 94 c1 8b
0x00007ffea6b164e7:   c1 5d c3 cc 40 55 48 83 ec 20 48 8b ea 8a 4d 40
0x00007ffea6b164f7:   48 83 c4 20 5d e9 73 d3 ff ff cc 40 55 48 83 ec
0x00007ffea6b16507:   20 48 8b ea 8a 4d 20 e8 61 d3 ff ff 90 48 83 c4
0x00007ffea6b16517:   20 5d c3 cc 40 55 48 83 ec 20 48 8b ea 48 83 c4
0x00007ffea6b16527:   20 5d e9 c2 d1 ff ff cc 40 55 48 83 ec 30 48 8b
0x00007ffea6b16537:   ea 48 8b 01 8b 10 48 89 4c 24 28 89 54 24 20 4c
0x00007ffea6b16547:   8d 0d 63 d6 ff ff 4c 8b 45 70 8b 55 68 48 8b 4d
0x00007ffea6b16557:   60 e8 03 d1 ff ff 90 48 83 c4 30 5d c3 cc cc cc
0x00007ffea6b16567:   cc cc cc cc cc cc cc cc cc 40 53 48 83 ec 20 48
0x00007ffea6b16577:   8b 1d 8b 34 01 00 48 85 db 74 16 e8 89 8f ff ff
0x00007ffea6b16587:   4c 8b 00 48 8b d3 48 8b c8 41 ff 90 b0 00 00 00
0x00007ffea6b16597:   90 48 83 c4 20 5b c3 cc cc 40 53 48 83 ec 20 48
0x00007ffea6b165a7:   8b 1d fb 35 01 00 48 85 db 74 57 b8 ff ff ff ff
0x00007ffea6b165b7:   f0 0f c1 43 10 83 f8 01 75 3d 48 85 db 74 38 48
0x00007ffea6b165c7:   8b 0b 48 85 c9 74 0d ff 15 d4 0c 00 00 48 c7 03
0x00007ffea6b165d7:   00 00 00 00 48 8b 4b 08 48 85 c9 74 0d e8 33 ce
0x00007ffea6b165e7:   ff ff 48 c7 43 08 00 00 00 00 ba 18 00 00 00 48
0x00007ffea6b165f7:   8b cb e8 1e ce ff ff 48 c7 05 9f 35 01 00 00 00
0x00007ffea6b16607:   00 00 48 83 c4 20 5b c3 cc 40 53 48 83 ec 20 48
0x00007ffea6b16617:   8b 1d 6b 35 01 00 48 85 db 74 57 b8 ff ff ff ff
0x00007ffea6b16627:   f0 0f c1 43 10 83 f8 01 75 3d 48 85 db 74 38 48
0x00007ffea6b16637:   8b 0b 48 85 c9 74 0d ff 15 64 0c 00 00 48 c7 03
0x00007ffea6b16647:   00 00 00 00 48 8b 4b 08 48 85 c9 74 0d e8 c3 cd
0x00007ffea6b16657:   ff ff 48 c7 43 08 00 00 00 00 ba 18 00 00 00 48
0x00007ffea6b16667:   8b cb e8 ae cd ff ff 48 c7 05 0f 35 01 00 00 00
0x00007ffea6b16677:   00 00 48 83 c4 20 5b c3 cc 40 53 48 83 ec 20 48 


Stack slot to memory mapping:

stack at sp + 0 slots: 0x0 is null
stack at sp + 1 slots: 0x000000ce537ff018 points into unknown readable memory: 0x000000ce537ff000 | 00 f0 7f 53 ce 00 00 00
stack at sp + 2 slots: 0x00007ffe73221fa0 jvm.dll
stack at sp + 3 slots: 0x00007ffea6b13ed0 glass.dll
stack at sp + 4 slots: 0x00000299a41d10e8 points into unknown readable memory: 0x00009b8b06d6aca3 | a3 ac d6 06 8b 9b 00 00
stack at sp + 5 slots: 0x00007ffed9973a53 ucrtbase.dll
stack at sp + 6 slots: 0x00000299a41d10e0 points into unknown readable memory: 0x358954cb06d55356 | 56 53 d5 06 cb 54 89 35
stack at sp + 7 slots: 0x0000029900000000 is an unknown value

VM_Operation (0x000000ce52ffef50): Exit, mode: safepoint, requested by thread 0x00000299a90c34d0


---------------  P R O C E S S  ---------------

Threads class SMR info:
_java_thread_list=0x00000299ace187d0, length=22, elements={
0x0000029940662b70, 0x000002995e896110, 0x000002995e898ff0, 0x000002995e89b7d0,
0x000002995e89c230, 0x000002995e89cc90, 0x000002995e89da20, 0x000002995e89f860,
0x000002995e85b290, 0x000002995ec27d80, 0x000002995ec283f0, 0x00000299a40a6a20,
0x00000299a426c7b0, 0x00000299a4289580, 0x00000299a440d8c0, 0x00000299a440df30,
0x00000299a90c5c30, 0x00000299a90c62c0, 0x00000299a90c41f0, 0x00000299a90c3b60,
0x00000299a90c34d0, 0x00000299a90c2e40
}

Java Threads: ( => current thread )
  0x0000029940662b70 JavaThread "main"                              [_thread_blocked, id=1744, stack(0x000000ce53000000,0x000000ce53100000) (1024K)]
  0x000002995e896110 JavaThread "Reference Handler"          daemon [_thread_blocked, id=2872, stack(0x000000ce53800000,0x000000ce53900000) (1024K)]
  0x000002995e898ff0 JavaThread "Finalizer"                  daemon [_thread_blocked, id=13852, stack(0x000000ce53900000,0x000000ce53a00000) (1024K)]
  0x000002995e89b7d0 JavaThread "Attach Listener"            daemon [_thread_blocked, id=2364, stack(0x000000ce53b00000,0x000000ce53c00000) (1024K)]
  0x000002995e89c230 JavaThread "Service Thread"             daemon [_thread_blocked, id=1576, stack(0x000000ce53c00000,0x000000ce53d00000) (1024K)]
  0x000002995e89cc90 JavaThread "Monitor Deflation Thread"   daemon [_thread_blocked, id=10096, stack(0x000000ce53d00000,0x000000ce53e00000) (1024K)]
  0x000002995e89da20 JavaThread "C2 CompilerThread0"         daemon [_thread_blocked, id=14156, stack(0x000000ce53e00000,0x000000ce53f00000) (1024K)]
  0x000002995e89f860 JavaThread "C1 CompilerThread0"         daemon [_thread_blocked, id=10608, stack(0x000000ce53f00000,0x000000ce54000000) (1024K)]
  0x000002995e85b290 JavaThread "Common-Cleaner"             daemon [_thread_blocked, id=10184, stack(0x000000ce54000000,0x000000ce54100000) (1024K)]
  0x000002995ec27d80 JavaThread "Monitor Ctrl-Break"         daemon [_thread_in_native, id=2684, stack(0x000000ce54200000,0x000000ce54300000) (1024K)]
  0x000002995ec283f0 JavaThread "Notification Thread"        daemon [_thread_blocked, id=328, stack(0x000000ce54300000,0x000000ce54400000) (1024K)]
  0x00000299a40a6a20 JavaThread "QuantumRenderer-0"          daemon [_thread_blocked, id=12836, stack(0x000000ce54700000,0x000000ce54800000) (1024K)]
  0x00000299a426c7b0 JavaThread "InvokeLaterDispatcher"      daemon [_thread_blocked, id=7064, stack(0x000000ce54100000,0x000000ce54200000) (1024K)]
  0x00000299a4289580 JavaThread "JavaFX Application Thread"         [_thread_in_native, id=11816, stack(0x000000ce54900000,0x000000ce54a00000) (1024K)]
  0x00000299a440d8c0 JavaThread "Thread-1"                   daemon [_thread_in_native, id=9804, stack(0x000000ce54d00000,0x000000ce54e00000) (1024K)]
  0x00000299a440df30 JavaThread "JavaFX-Launcher"                   [_thread_blocked, id=1076, stack(0x000000ce54e00000,0x000000ce54f00000) (1024K)]
  0x00000299a90c5c30 JavaThread "Prism Font Disposer"        daemon [_thread_blocked, id=14816, stack(0x000000ce54f00000,0x000000ce55000000) (1024K)]
  0x00000299a90c62c0 JavaThread "Cleaner-0"                  daemon [_thread_blocked, id=10076, stack(0x000000ce55300000,0x000000ce55400000) (1024K)]
  0x00000299a90c41f0 JavaThread "Disposer"                   daemon [_thread_blocked, id=10972, stack(0x000000ce55800000,0x000000ce55900000) (1024K)]
  0x00000299a90c3b60 JavaThread "HttpClient-1-SelectorManager" daemon [_thread_in_native, id=7832, stack(0x000000ce55900000,0x000000ce55a00000) (1024K)]
  0x00000299a90c34d0 JavaThread "SIGINT handler"             daemon [_thread_blocked, id=12108, stack(0x000000ce52f00000,0x000000ce53000000) (1024K)]
  0x00000299a90c2e40 JavaThread "Thread-3"                          [_thread_blocked, id=4168, stack(0x000000ce54800000,0x000000ce54900000) (1024K)]
Total: 22

Other Threads:
=>0x000002995e875380 VMThread "VM Thread"                           [id=2956, stack(0x000000ce53700000,0x000000ce53800000) (1024K)]
  0x00000299428bbee0 WorkerThread "GC Thread#0"                     [id=12820, stack(0x000000ce53100000,0x000000ce53200000) (1024K)]
  0x00000299a412e5a0 WorkerThread "GC Thread#1"                     [id=11800, stack(0x000000ce54400000,0x000000ce54500000) (1024K)]
  0x00000299a412e940 WorkerThread "GC Thread#2"                     [id=10068, stack(0x000000ce54500000,0x000000ce54600000) (1024K)]
  0x00000299a4203db0 WorkerThread "GC Thread#3"                     [id=8312, stack(0x000000ce54600000,0x000000ce54700000) (1024K)]
  0x00000299428cc8c0 ConcurrentGCThread "G1 Main Marker"            terminated
  0x00000299428cd570 WorkerThread "G1 Conc#0"                       [id=14288, stack(0x000000ce53300000,0x000000ce53400000) (1024K)]
  0x000002995e7320b0 ConcurrentGCThread "G1 Refine#0"               terminated
  0x000002994292ac10 ConcurrentGCThread "G1 Service"                terminated
Total: 9

Threads with active compile tasks:
C2 CompilerThread0   200222 4646       4       java.util.HashMap::put (13 bytes)
Total: 1

VM state: at safepoint (shutting down)

VM Mutex/Monitor currently owned by a thread:  ([mutex/lock_event])
[0x00007ffe731fa5f8] Threads_lock - owner thread: 0x000002995e875380
[0x00007ffe731fa6f8] Heap_lock - owner thread: 0x00000299a90c34d0

Heap address: 0x0000000083000000, size: 2000 MB, Compressed Oops mode: 32-bit

CDS archive(s) mapped at: [0x000002995f000000-0x000002995fc90000-0x000002995fc90000), size 13172736, SharedBaseAddress: 0x000002995f000000, ArchiveRelocationMode: 1.
Compressed class space mapped at: 0x0000029960000000-0x00000299a0000000, reserved size: 1073741824
Narrow klass base: 0x000002995f000000, Narrow klass shift: 0, Narrow klass range: 0x100000000

GC Precious Log:
 CardTable entry size: 512
 Card Set container configuration: InlinePtr #cards 5 size 8 Array Of Cards #cards 12 size 40 Howl #buckets 4 coarsen threshold 1843 Howl Bitmap #cards 512 size 80 coarsen threshold 460 Card regions per heap region 1 cards per card region 2048
 CPUs: 4 total, 4 available
 Memory: 7998M
 Large Page Support: Disabled
 NUMA Support: Disabled
 Compressed Oops: Enabled (32-bit)
 Heap Region Size: 1M
 Heap Min Capacity: 8M
 Heap Initial Capacity: 126M
 Heap Max Capacity: 2000M
 Pre-touch: Disabled
 Parallel Workers: 4
 Concurrent Workers: 1
 Concurrent Refinement Workers: 4
 Periodic GC: Disabled

Heap:
 garbage-first heap   total 122880K, used 69100K [0x0000000083000000, 0x0000000100000000)
  region size 1024K, 39 young (39936K), 8 survivors (8192K)
 Metaspace       used 28446K, committed 28928K, reserved 1114112K
  class space    used 3988K, committed 4224K, reserved 1048576K

Heap Regions: E=young(eden), S=young(survivor), O=old, HS=humongous(starts), HC=humongous(continues), CS=collection set, F=free, TAMS=top-at-mark-start, PB=parsable bottom
|   0|0x0000000083000000, 0x0000000083100000, 0x0000000083100000|100%| O|  |TAMS 0x0000000083000000| PB 0x0000000083000000| Untracked 
|   1|0x0000000083100000, 0x0000000083200000, 0x0000000083200000|100%| O|  |TAMS 0x0000000083100000| PB 0x0000000083100000| Untracked 
|   2|0x0000000083200000, 0x0000000083300000, 0x0000000083300000|100%| O|  |TAMS 0x0000000083200000| PB 0x0000000083200000| Untracked 
|   3|0x0000000083300000, 0x0000000083400000, 0x0000000083400000|100%|HS|  |TAMS 0x0000000083300000| PB 0x0000000083300000| Complete 
|   4|0x0000000083400000, 0x0000000083500000, 0x0000000083500000|100%|HC|  |TAMS 0x0000000083400000| PB 0x0000000083400000| Complete 
|   5|0x0000000083500000, 0x0000000083600000, 0x0000000083600000|100%|HS|  |TAMS 0x0000000083500000| PB 0x0000000083500000| Complete 
|   6|0x0000000083600000, 0x0000000083700000, 0x0000000083700000|100%|HC|  |TAMS 0x0000000083600000| PB 0x0000000083600000| Complete 
|   7|0x0000000083700000, 0x0000000083800000, 0x0000000083800000|100%|HC|  |TAMS 0x0000000083700000| PB 0x0000000083700000| Complete 
|   8|0x0000000083800000, 0x0000000083900000, 0x0000000083900000|100%|HS|  |TAMS 0x0000000083800000| PB 0x0000000083800000| Complete 
|   9|0x0000000083900000, 0x0000000083a00000, 0x0000000083a00000|100%|HC|  |TAMS 0x0000000083900000| PB 0x0000000083900000| Complete 
|  10|0x0000000083a00000, 0x0000000083b00000, 0x0000000083b00000|100%|HS|  |TAMS 0x0000000083a00000| PB 0x0000000083a00000| Complete 
|  11|0x0000000083b00000, 0x0000000083c00000, 0x0000000083c00000|100%|HC|  |TAMS 0x0000000083b00000| PB 0x0000000083b00000| Complete 
|  12|0x0000000083c00000, 0x0000000083d00000, 0x0000000083d00000|100%|HC|  |TAMS 0x0000000083c00000| PB 0x0000000083c00000| Complete 
|  13|0x0000000083d00000, 0x0000000083e00000, 0x0000000083e00000|100%|HS|  |TAMS 0x0000000083d00000| PB 0x0000000083d00000| Complete 
|  14|0x0000000083e00000, 0x0000000083f00000, 0x0000000083f00000|100%|HC|  |TAMS 0x0000000083e00000| PB 0x0000000083e00000| Complete 
|  15|0x0000000083f00000, 0x0000000084000000, 0x0000000084000000|100%|HS|  |TAMS 0x0000000083f00000| PB 0x0000000083f00000| Complete 
|  16|0x0000000084000000, 0x0000000084100000, 0x0000000084100000|100%|HC|  |TAMS 0x0000000084000000| PB 0x0000000084000000| Complete 
|  17|0x0000000084100000, 0x0000000084200000, 0x0000000084200000|100%|HS|  |TAMS 0x0000000084100000| PB 0x0000000084100000| Complete 
|  18|0x0000000084200000, 0x0000000084300000, 0x0000000084300000|100%|HC|  |TAMS 0x0000000084200000| PB 0x0000000084200000| Complete 
|  19|0x0000000084300000, 0x0000000084400000, 0x0000000084400000|100%|HC|  |TAMS 0x0000000084300000| PB 0x0000000084300000| Complete 
|  20|0x0000000084400000, 0x0000000084500000, 0x0000000084500000|100%|HS|  |TAMS 0x0000000084400000| PB 0x0000000084400000| Complete 
|  21|0x0000000084500000, 0x0000000084600000, 0x0000000084600000|100%|HC|  |TAMS 0x0000000084500000| PB 0x0000000084500000| Complete 
|  22|0x0000000084600000, 0x0000000084700000, 0x0000000084700000|100%|HC|  |TAMS 0x0000000084600000| PB 0x0000000084600000| Complete 
|  23|0x0000000084700000, 0x0000000084800000, 0x0000000084800000|100%|HS|  |TAMS 0x0000000084700000| PB 0x0000000084700000| Complete 
|  24|0x0000000084800000, 0x0000000084900000, 0x0000000084900000|100%|HC|  |TAMS 0x0000000084800000| PB 0x0000000084800000| Complete 
|  25|0x0000000084900000, 0x0000000084a00000, 0x0000000084a00000|100%| O|  |TAMS 0x0000000084900000| PB 0x0000000084900000| Untracked 
|  26|0x0000000084a00000, 0x0000000084a7b210, 0x0000000084b00000| 48%| O|Cm|TAMS 0x0000000084a00000| PB 0x0000000084a00000| Complete 
|  27|0x0000000084b00000, 0x0000000084c00000, 0x0000000084c00000|100%|HS|  |TAMS 0x0000000084b00000| PB 0x0000000084b00000| Complete 
|  28|0x0000000084c00000, 0x0000000084d00000, 0x0000000084d00000|100%|HC|  |TAMS 0x0000000084c00000| PB 0x0000000084c00000| Complete 
|  29|0x0000000084d00000, 0x0000000084e00000, 0x0000000084e00000|100%|HS|  |TAMS 0x0000000084d00000| PB 0x0000000084d00000| Complete 
|  30|0x0000000084e00000, 0x0000000084f00000, 0x0000000084f00000|100%|HC|  |TAMS 0x0000000084e00000| PB 0x0000000084e00000| Complete 
|  31|0x0000000084f00000, 0x0000000084f00000, 0x0000000085000000|  0%| F|  |TAMS 0x0000000084f00000| PB 0x0000000084f00000| Untracked 
|  32|0x0000000085000000, 0x0000000085000000, 0x0000000085100000|  0%| F|  |TAMS 0x0000000085000000| PB 0x0000000085000000| Untracked 
|  33|0x0000000085100000, 0x0000000085100000, 0x0000000085200000|  0%| F|  |TAMS 0x0000000085100000| PB 0x0000000085100000| Untracked 
|  34|0x0000000085200000, 0x0000000085200000, 0x0000000085300000|  0%| F|  |TAMS 0x0000000085200000| PB 0x0000000085200000| Untracked 
|  35|0x0000000085300000, 0x0000000085300000, 0x0000000085400000|  0%| F|  |TAMS 0x0000000085300000| PB 0x0000000085300000| Untracked 
|  36|0x0000000085400000, 0x0000000085400000, 0x0000000085500000|  0%| F|  |TAMS 0x0000000085400000| PB 0x0000000085400000| Untracked 
|  37|0x0000000085500000, 0x0000000085500000, 0x0000000085600000|  0%| F|  |TAMS 0x0000000085500000| PB 0x0000000085500000| Untracked 
|  38|0x0000000085600000, 0x0000000085600000, 0x0000000085700000|  0%| F|  |TAMS 0x0000000085600000| PB 0x0000000085600000| Untracked 
|  39|0x0000000085700000, 0x0000000085700000, 0x0000000085800000|  0%| F|  |TAMS 0x0000000085700000| PB 0x0000000085700000| Untracked 
|  40|0x0000000085800000, 0x0000000085800000, 0x0000000085900000|  0%| F|  |TAMS 0x0000000085800000| PB 0x0000000085800000| Untracked 
|  41|0x0000000085900000, 0x0000000085900000, 0x0000000085a00000|  0%| F|  |TAMS 0x0000000085900000| PB 0x0000000085900000| Untracked 
|  42|0x0000000085a00000, 0x0000000085a00000, 0x0000000085b00000|  0%| F|  |TAMS 0x0000000085a00000| PB 0x0000000085a00000| Untracked 
|  43|0x0000000085b00000, 0x0000000085b00000, 0x0000000085c00000|  0%| F|  |TAMS 0x0000000085b00000| PB 0x0000000085b00000| Untracked 
|  44|0x0000000085c00000, 0x0000000085c00000, 0x0000000085d00000|  0%| F|  |TAMS 0x0000000085c00000| PB 0x0000000085c00000| Untracked 
|  45|0x0000000085d00000, 0x0000000085d00000, 0x0000000085e00000|  0%| F|  |TAMS 0x0000000085d00000| PB 0x0000000085d00000| Untracked 
|  46|0x0000000085e00000, 0x0000000085e00000, 0x0000000085f00000|  0%| F|  |TAMS 0x0000000085e00000| PB 0x0000000085e00000| Untracked 
|  47|0x0000000085f00000, 0x0000000085f00000, 0x0000000086000000|  0%| F|  |TAMS 0x0000000085f00000| PB 0x0000000085f00000| Untracked 
|  48|0x0000000086000000, 0x0000000086000000, 0x0000000086100000|  0%| F|  |TAMS 0x0000000086000000| PB 0x0000000086000000| Untracked 
|  49|0x0000000086100000, 0x0000000086100000, 0x0000000086200000|  0%| F|  |TAMS 0x0000000086100000| PB 0x0000000086100000| Untracked 
|  50|0x0000000086200000, 0x0000000086200000, 0x0000000086300000|  0%| F|  |TAMS 0x0000000086200000| PB 0x0000000086200000| Untracked 
|  51|0x0000000086300000, 0x0000000086300000, 0x0000000086400000|  0%| F|  |TAMS 0x0000000086300000| PB 0x0000000086300000| Untracked 
|  52|0x0000000086400000, 0x0000000086400000, 0x0000000086500000|  0%| F|  |TAMS 0x0000000086400000| PB 0x0000000086400000| Untracked 
|  53|0x0000000086500000, 0x0000000086500000, 0x0000000086600000|  0%| F|  |TAMS 0x0000000086500000| PB 0x0000000086500000| Untracked 
|  54|0x0000000086600000, 0x0000000086600000, 0x0000000086700000|  0%| F|  |TAMS 0x0000000086600000| PB 0x0000000086600000| Untracked 
|  55|0x0000000086700000, 0x0000000086700000, 0x0000000086800000|  0%| F|  |TAMS 0x0000000086700000| PB 0x0000000086700000| Untracked 
|  56|0x0000000086800000, 0x0000000086800000, 0x0000000086900000|  0%| F|  |TAMS 0x0000000086800000| PB 0x0000000086800000| Untracked 
|  57|0x0000000086900000, 0x0000000086900000, 0x0000000086a00000|  0%| F|  |TAMS 0x0000000086900000| PB 0x0000000086900000| Untracked 
|  58|0x0000000086a00000, 0x0000000086a00000, 0x0000000086b00000|  0%| F|  |TAMS 0x0000000086a00000| PB 0x0000000086a00000| Untracked 
|  59|0x0000000086b00000, 0x0000000086b00000, 0x0000000086c00000|  0%| F|  |TAMS 0x0000000086b00000| PB 0x0000000086b00000| Untracked 
|  60|0x0000000086c00000, 0x0000000086c00000, 0x0000000086d00000|  0%| F|  |TAMS 0x0000000086c00000| PB 0x0000000086c00000| Untracked 
|  61|0x0000000086d00000, 0x0000000086d00000, 0x0000000086e00000|  0%| F|  |TAMS 0x0000000086d00000| PB 0x0000000086d00000| Untracked 
|  62|0x0000000086e00000, 0x0000000086e00000, 0x0000000086f00000|  0%| F|  |TAMS 0x0000000086e00000| PB 0x0000000086e00000| Untracked 
|  63|0x0000000086f00000, 0x0000000086f00000, 0x0000000087000000|  0%| F|  |TAMS 0x0000000086f00000| PB 0x0000000086f00000| Untracked 
|  64|0x0000000087000000, 0x0000000087000000, 0x0000000087100000|  0%| F|  |TAMS 0x0000000087000000| PB 0x0000000087000000| Untracked 
|  65|0x0000000087100000, 0x0000000087100000, 0x0000000087200000|  0%| F|  |TAMS 0x0000000087100000| PB 0x0000000087100000| Untracked 
|  66|0x0000000087200000, 0x0000000087200000, 0x0000000087300000|  0%| F|  |TAMS 0x0000000087200000| PB 0x0000000087200000| Untracked 
|  67|0x0000000087300000, 0x0000000087300000, 0x0000000087400000|  0%| F|  |TAMS 0x0000000087300000| PB 0x0000000087300000| Untracked 
|  68|0x0000000087400000, 0x0000000087400000, 0x0000000087500000|  0%| F|  |TAMS 0x0000000087400000| PB 0x0000000087400000| Untracked 
|  69|0x0000000087500000, 0x0000000087500000, 0x0000000087600000|  0%| F|  |TAMS 0x0000000087500000| PB 0x0000000087500000| Untracked 
|  70|0x0000000087600000, 0x0000000087600000, 0x0000000087700000|  0%| F|  |TAMS 0x0000000087600000| PB 0x0000000087600000| Untracked 
|  71|0x0000000087700000, 0x0000000087700000, 0x0000000087800000|  0%| F|  |TAMS 0x0000000087700000| PB 0x0000000087700000| Untracked 
|  72|0x0000000087800000, 0x0000000087800000, 0x0000000087900000|  0%| F|  |TAMS 0x0000000087800000| PB 0x0000000087800000| Untracked 
|  73|0x0000000087900000, 0x0000000087900000, 0x0000000087a00000|  0%| F|  |TAMS 0x0000000087900000| PB 0x0000000087900000| Untracked 
|  74|0x0000000087a00000, 0x0000000087a00000, 0x0000000087b00000|  0%| F|  |TAMS 0x0000000087a00000| PB 0x0000000087a00000| Untracked 
|  75|0x0000000087b00000, 0x0000000087b00000, 0x0000000087c00000|  0%| F|  |TAMS 0x0000000087b00000| PB 0x0000000087b00000| Untracked 
|  76|0x0000000087c00000, 0x0000000087c00000, 0x0000000087d00000|  0%| F|  |TAMS 0x0000000087c00000| PB 0x0000000087c00000| Untracked 
|  77|0x0000000087d00000, 0x0000000087d00000, 0x0000000087e00000|  0%| F|  |TAMS 0x0000000087d00000| PB 0x0000000087d00000| Untracked 
|  78|0x0000000087e00000, 0x0000000087e00000, 0x0000000087f00000|  0%| F|  |TAMS 0x0000000087e00000| PB 0x0000000087e00000| Untracked 
|  79|0x0000000087f00000, 0x0000000087f00000, 0x0000000088000000|  0%| F|  |TAMS 0x0000000087f00000| PB 0x0000000087f00000| Untracked 
|  80|0x0000000088000000, 0x0000000088000000, 0x0000000088100000|  0%| F|  |TAMS 0x0000000088000000| PB 0x0000000088000000| Untracked 
|  81|0x0000000088100000, 0x0000000088100800, 0x0000000088200000|  0%| E|  |TAMS 0x0000000088100000| PB 0x0000000088100000| Complete 
|  82|0x0000000088200000, 0x0000000088300000, 0x0000000088300000|100%| E|CS|TAMS 0x0000000088200000| PB 0x0000000088200000| Complete 
|  83|0x0000000088300000, 0x0000000088400000, 0x0000000088400000|100%| E|CS|TAMS 0x0000000088300000| PB 0x0000000088300000| Complete 
|  84|0x0000000088400000, 0x0000000088500000, 0x0000000088500000|100%| E|CS|TAMS 0x0000000088400000| PB 0x0000000088400000| Complete 
|  85|0x0000000088500000, 0x0000000088600000, 0x0000000088600000|100%| E|CS|TAMS 0x0000000088500000| PB 0x0000000088500000| Complete 
|  86|0x0000000088600000, 0x0000000088700000, 0x0000000088700000|100%| E|CS|TAMS 0x0000000088600000| PB 0x0000000088600000| Complete 
|  87|0x0000000088700000, 0x0000000088800000, 0x0000000088800000|100%| E|CS|TAMS 0x0000000088700000| PB 0x0000000088700000| Complete 
|  88|0x0000000088800000, 0x0000000088900000, 0x0000000088900000|100%| E|CS|TAMS 0x0000000088800000| PB 0x0000000088800000| Complete 
|  89|0x0000000088900000, 0x0000000088a00000, 0x0000000088a00000|100%| E|CS|TAMS 0x0000000088900000| PB 0x0000000088900000| Complete 
|  90|0x0000000088a00000, 0x0000000088b00000, 0x0000000088b00000|100%| E|CS|TAMS 0x0000000088a00000| PB 0x0000000088a00000| Complete 
|  91|0x0000000088b00000, 0x0000000088c00000, 0x0000000088c00000|100%| E|  |TAMS 0x0000000088b00000| PB 0x0000000088b00000| Complete 
|  92|0x0000000088c00000, 0x0000000088d00000, 0x0000000088d00000|100%| E|CS|TAMS 0x0000000088c00000| PB 0x0000000088c00000| Complete 
|  93|0x0000000088d00000, 0x0000000088e00000, 0x0000000088e00000|100%| E|CS|TAMS 0x0000000088d00000| PB 0x0000000088d00000| Complete 
|  94|0x0000000088e00000, 0x0000000088f00000, 0x0000000088f00000|100%| E|CS|TAMS 0x0000000088e00000| PB 0x0000000088e00000| Complete 
|  95|0x0000000088f00000, 0x0000000089000000, 0x0000000089000000|100%| E|CS|TAMS 0x0000000088f00000| PB 0x0000000088f00000| Complete 
|  96|0x0000000089000000, 0x0000000089100000, 0x0000000089100000|100%| E|CS|TAMS 0x0000000089000000| PB 0x0000000089000000| Complete 
|  97|0x0000000089100000, 0x0000000089200000, 0x0000000089200000|100%| E|CS|TAMS 0x0000000089100000| PB 0x0000000089100000| Complete 
|  98|0x0000000089200000, 0x0000000089300000, 0x0000000089300000|100%| E|CS|TAMS 0x0000000089200000| PB 0x0000000089200000| Complete 
|  99|0x0000000089300000, 0x0000000089400000, 0x0000000089400000|100%| E|CS|TAMS 0x0000000089300000| PB 0x0000000089300000| Complete 
| 100|0x0000000089400000, 0x0000000089500000, 0x0000000089500000|100%| E|CS|TAMS 0x0000000089400000| PB 0x0000000089400000| Complete 
| 101|0x0000000089500000, 0x0000000089600000, 0x0000000089600000|100%| S|CS|TAMS 0x0000000089500000| PB 0x0000000089500000| Complete 
| 102|0x0000000089600000, 0x0000000089700000, 0x0000000089700000|100%| S|CS|TAMS 0x0000000089600000| PB 0x0000000089600000| Complete 
| 103|0x0000000089700000, 0x0000000089800000, 0x0000000089800000|100%| S|CS|TAMS 0x0000000089700000| PB 0x0000000089700000| Complete 
| 104|0x0000000089800000, 0x0000000089900000, 0x0000000089900000|100%| S|CS|TAMS 0x0000000089800000| PB 0x0000000089800000| Complete 
| 105|0x0000000089900000, 0x0000000089a00000, 0x0000000089a00000|100%| S|CS|TAMS 0x0000000089900000| PB 0x0000000089900000| Complete 
| 106|0x0000000089a00000, 0x0000000089b00000, 0x0000000089b00000|100%| S|CS|TAMS 0x0000000089a00000| PB 0x0000000089a00000| Complete 
| 107|0x0000000089b00000, 0x0000000089c00000, 0x0000000089c00000|100%| S|CS|TAMS 0x0000000089b00000| PB 0x0000000089b00000| Complete 
| 108|0x0000000089c00000, 0x0000000089d00000, 0x0000000089d00000|100%| S|CS|TAMS 0x0000000089c00000| PB 0x0000000089c00000| Complete 
| 109|0x0000000089d00000, 0x0000000089e00000, 0x0000000089e00000|100%| E|CS|TAMS 0x0000000089d00000| PB 0x0000000089d00000| Complete 
| 110|0x0000000089e00000, 0x0000000089f00000, 0x0000000089f00000|100%| E|CS|TAMS 0x0000000089e00000| PB 0x0000000089e00000| Complete 
| 111|0x0000000089f00000, 0x000000008a000000, 0x000000008a000000|100%| E|CS|TAMS 0x0000000089f00000| PB 0x0000000089f00000| Complete 
| 112|0x000000008a000000, 0x000000008a100000, 0x000000008a100000|100%| E|CS|TAMS 0x000000008a000000| PB 0x000000008a000000| Complete 
| 113|0x000000008a100000, 0x000000008a200000, 0x000000008a200000|100%| E|CS|TAMS 0x000000008a100000| PB 0x000000008a100000| Complete 
| 114|0x000000008a200000, 0x000000008a300000, 0x000000008a300000|100%| E|CS|TAMS 0x000000008a200000| PB 0x000000008a200000| Complete 
| 115|0x000000008a300000, 0x000000008a400000, 0x000000008a400000|100%| E|CS|TAMS 0x000000008a300000| PB 0x000000008a300000| Complete 
| 116|0x000000008a400000, 0x000000008a500000, 0x000000008a500000|100%| E|CS|TAMS 0x000000008a400000| PB 0x000000008a400000| Complete 
| 117|0x000000008a500000, 0x000000008a600000, 0x000000008a600000|100%| E|CS|TAMS 0x000000008a500000| PB 0x000000008a500000| Complete 
| 118|0x000000008a600000, 0x000000008a700000, 0x000000008a700000|100%| E|CS|TAMS 0x000000008a600000| PB 0x000000008a600000| Complete 
| 125|0x000000008ad00000, 0x000000008ae00000, 0x000000008ae00000|100%| E|CS|TAMS 0x000000008ad00000| PB 0x000000008ad00000| Complete 

Card table byte_map: [0x000002995a0a0000,0x000002995a490000] _byte_map_base: 0x0000029959c88000

Marking Bits: (CMBitMap*) 0x00000299428bc5e0
 Bits: [0x000002995a490000, 0x000002995c3d0000)

Polling page: 0x0000029940860000

Metaspace:

Usage:
  Non-class:     23.89 MB used.
      Class:      3.89 MB used.
       Both:     27.78 MB used.

Virtual space:
  Non-class space:       64.00 MB reserved,      24.12 MB ( 38%) committed,  1 nodes.
      Class space:        1.00 GB reserved,       4.12 MB ( <1%) committed,  1 nodes.
             Both:        1.06 GB reserved,      28.25 MB (  3%) committed. 

Chunk freelists:
   Non-Class:  7.88 MB
       Class:  11.69 MB
        Both:  19.56 MB

MaxMetaspaceSize: unlimited
CompressedClassSpaceSize: 1.00 GB
Initial GC threshold: 21.00 MB
Current GC threshold: 35.44 MB
CDS: on
 - commit_granule_bytes: 65536.
 - commit_granule_words: 8192.
 - virtual_space_node_default_size: 8388608.
 - enlarge_chunks_in_place: 1.
 - use_allocation_guard: 0.


Internal statistics:

num_allocs_failed_limit: 3.
num_arena_births: 654.
num_arena_deaths: 0.
num_vsnodes_births: 2.
num_vsnodes_deaths: 0.
num_space_committed: 452.
num_space_uncommitted: 0.
num_chunks_returned_to_freelist: 3.
num_chunks_taken_from_freelist: 1506.
num_chunk_merges: 3.
num_chunk_splits: 982.
num_chunks_enlarged: 654.
num_inconsistent_stats: 0.

CodeHeap 'non-profiled nmethods': size=120000Kb used=2089Kb max_used=2089Kb free=117910Kb
 bounds [0x0000029952780000, 0x00000299529f0000, 0x0000029959cb0000]
CodeHeap 'profiled nmethods': size=120000Kb used=9167Kb max_used=9167Kb free=110832Kb
 bounds [0x000002994acb0000, 0x000002994b5b0000, 0x00000299521e0000]
CodeHeap 'non-nmethods': size=5760Kb used=1976Kb max_used=2014Kb free=3783Kb
 bounds [0x00000299521e0000, 0x0000029952450000, 0x0000029952780000]
 total_blobs=5591 nmethods=4649 adapters=847
 compilation: enabled
              stopped_count=0, restarted_count=0
 full_count=0

Compilation events (20 events):
Event: 40.756 Thread 0x000002995e89da20 nmethod 4640 0x0000029952989110 code [0x00000299529892a0, 0x0000029952989390]
Event: 86.836 Thread 0x000002995e89da20 4641       4       com.sun.javafx.tk.quantum.QuantumToolkit::postPulse (133 bytes)
Event: 86.841 Thread 0x000002995e89da20 nmethod 4641 0x0000029952989490 code [0x0000029952989660, 0x0000029952989940]
Event: 87.524 Thread 0x000002995e89da20 4642       4       com.sun.javafx.tk.quantum.QuantumToolkit$$Lambda/0x000002996003b768::run (8 bytes)
Event: 87.530 Thread 0x000002995e89da20 nmethod 4642 0x0000029952989c10 code [0x0000029952989e00, 0x000002995298a150]
Event: 92.324 Thread 0x000002995e89f860 4643       3       java.nio.channels.spi.AbstractSelector::isOpen (13 bytes)
Event: 92.324 Thread 0x000002995e89f860 nmethod 4643 0x000002994b5a0a10 code [0x000002994b5a0ba0, 0x000002994b5a0d10]
Event: 107.331 Thread 0x000002995e89f860 4644       3       sun.nio.ch.SelectorImpl::ensureOpen (16 bytes)
Event: 107.332 Thread 0x000002995e89f860 nmethod 4644 0x000002994b5a0d90 code [0x000002994b5a0f60, 0x000002994b5a1240]
Event: 155.392 Thread 0x000002995e89f860 4645   !   3       sun.nio.ch.SelectorImpl::processDeregisterQueue (145 bytes)
Event: 155.396 Thread 0x000002995e89f860 nmethod 4645 0x000002994b5a1390 code [0x000002994b5a1640, 0x000002994b5a2690]
Event: 199.430 Thread 0x000002995e89da20 4646       4       java.util.HashMap::put (13 bytes)
Event: 199.430 Thread 0x000002995e89f860 4647       3       java.util.logging.LogManager::getProperty (9 bytes)
Event: 199.430 Thread 0x000002995e89f860 nmethod 4647 0x000002994b5a2d10 code [0x000002994b5a2ec0, 0x000002994b5a3098]
Event: 199.432 Thread 0x000002995e89f860 4648       3       java.util.concurrent.ConcurrentHashMap$BaseIterator::<init> (21 bytes)
Event: 199.432 Thread 0x000002995e89f860 nmethod 4648 0x000002994b5a3190 code [0x000002994b5a3340, 0x000002994b5a3520]
Event: 199.432 Thread 0x000002995e89f860 4650       3       java.util.Collections$3::hasMoreElements (10 bytes)
Event: 199.432 Thread 0x000002995e89f860 nmethod 4650 0x000002994b5a3610 code [0x000002994b5a37c0, 0x000002994b5a3998]
Event: 199.432 Thread 0x000002995e89f860 4649       3       java.util.concurrent.ConcurrentHashMap$Traverser::<init> (36 bytes)
Event: 199.433 Thread 0x000002995e89f860 nmethod 4649 0x000002994b5a3a90 code [0x000002994b5a3c40, 0x000002994b5a3e48]

GC Heap History (8 events):
Event: 1.002 GC heap before
{Heap before GC invocations=0 (full 0):
 garbage-first heap   total 129024K, used 13312K [0x0000000083000000, 0x0000000100000000)
  region size 1024K, 13 young (13312K), 0 survivors (0K)
 Metaspace       used 2405K, committed 2560K, reserved 1114112K
  class space    used 248K, committed 320K, reserved 1048576K
}
Event: 1.011 GC heap after
{Heap after GC invocations=1 (full 0):
 garbage-first heap   total 129024K, used 2717K [0x0000000083000000, 0x0000000100000000)
  region size 1024K, 2 young (2048K), 2 survivors (2048K)
 Metaspace       used 2405K, committed 2560K, reserved 1114112K
  class space    used 248K, committed 320K, reserved 1048576K
}
Event: 1.836 GC heap before
{Heap before GC invocations=1 (full 0):
 garbage-first heap   total 129024K, used 22173K [0x0000000083000000, 0x0000000100000000)
  region size 1024K, 22 young (22528K), 2 survivors (2048K)
 Metaspace       used 8151K, committed 8384K, reserved 1114112K
  class space    used 1036K, committed 1152K, reserved 1048576K
}
Event: 1.841 GC heap after
{Heap after GC invocations=2 (full 0):
 garbage-first heap   total 129024K, used 4907K [0x0000000083000000, 0x0000000100000000)
  region size 1024K, 3 young (3072K), 3 survivors (3072K)
 Metaspace       used 8151K, committed 8384K, reserved 1114112K
  class space    used 1036K, committed 1152K, reserved 1048576K
}
Event: 18.282 GC heap before
{Heap before GC invocations=2 (full 0):
 garbage-first heap   total 129024K, used 68395K [0x0000000083000000, 0x0000000100000000)
  region size 1024K, 46 young (47104K), 3 survivors (3072K)
 Metaspace       used 16634K, committed 17024K, reserved 1114112K
  class space    used 2419K, committed 2624K, reserved 1048576K
}
Event: 18.290 GC heap after
{Heap after GC invocations=3 (full 0):
 garbage-first heap   total 129024K, used 29387K [0x0000000083000000, 0x0000000100000000)
  region size 1024K, 6 young (6144K), 6 survivors (6144K)
 Metaspace       used 16634K, committed 17024K, reserved 1114112K
  class space    used 2419K, committed 2624K, reserved 1048576K
}
Event: 18.782 GC heap before
{Heap before GC invocations=3 (full 0):
 garbage-first heap   total 129024K, used 47819K [0x0000000083000000, 0x0000000100000000)
  region size 1024K, 23 young (23552K), 6 survivors (6144K)
 Metaspace       used 21095K, committed 21504K, reserved 1114112K
  class space    used 2988K, committed 3200K, reserved 1048576K
}
Event: 18.791 GC heap after
{Heap after GC invocations=4 (full 0):
 garbage-first heap   total 129024K, used 35308K [0x0000000083000000, 0x0000000100000000)
  region size 1024K, 8 young (8192K), 8 survivors (8192K)
 Metaspace       used 21095K, committed 21504K, reserved 1114112K
  class space    used 2988K, committed 3200K, reserved 1048576K
}

Dll operation events (20 events):
Event: 1.190 Loaded shared library C:\Users\zoryv\OneDrive\Робочий стіл\курсова\openjfx-21.0.1_windows-x64_bin-sdk (1)\javafx-sdk-21.0.1\bin\api-ms-win-crt-multibyte-l1-1-0.dll
Event: 1.193 Loaded shared library C:\Users\zoryv\OneDrive\Робочий стіл\курсова\openjfx-21.0.1_windows-x64_bin-sdk (1)\javafx-sdk-21.0.1\bin\api-ms-win-crt-private-l1-1-0.dll
Event: 1.197 Loaded shared library C:\Users\zoryv\OneDrive\Робочий стіл\курсова\openjfx-21.0.1_windows-x64_bin-sdk (1)\javafx-sdk-21.0.1\bin\api-ms-win-crt-process-l1-1-0.dll
Event: 1.201 Loaded shared library C:\Users\zoryv\OneDrive\Робочий стіл\курсова\openjfx-21.0.1_windows-x64_bin-sdk (1)\javafx-sdk-21.0.1\bin\api-ms-win-crt-runtime-l1-1-0.dll
Event: 1.205 Loaded shared library C:\Users\zoryv\OneDrive\Робочий стіл\курсова\openjfx-21.0.1_windows-x64_bin-sdk (1)\javafx-sdk-21.0.1\bin\api-ms-win-crt-stdio-l1-1-0.dll
Event: 1.209 Loaded shared library C:\Users\zoryv\OneDrive\Робочий стіл\курсова\openjfx-21.0.1_windows-x64_bin-sdk (1)\javafx-sdk-21.0.1\bin\api-ms-win-crt-string-l1-1-0.dll
Event: 1.212 Loaded shared library C:\Users\zoryv\OneDrive\Робочий стіл\курсова\openjfx-21.0.1_windows-x64_bin-sdk (1)\javafx-sdk-21.0.1\bin\api-ms-win-crt-time-l1-1-0.dll
Event: 1.217 Loaded shared library C:\Users\zoryv\OneDrive\Робочий стіл\курсова\openjfx-21.0.1_windows-x64_bin-sdk (1)\javafx-sdk-21.0.1\bin\api-ms-win-crt-utility-l1-1-0.dll
Event: 1.220 Loaded shared library C:\Users\zoryv\OneDrive\Робочий стіл\курсова\openjfx-21.0.1_windows-x64_bin-sdk (1)\javafx-sdk-21.0.1\bin\ucrtbase.dll
Event: 1.224 Loaded shared library C:\Users\zoryv\OneDrive\Робочий стіл\курсова\openjfx-21.0.1_windows-x64_bin-sdk (1)\javafx-sdk-21.0.1\bin\vcruntime140.dll
Event: 1.228 Loaded shared library C:\Users\zoryv\OneDrive\Робочий стіл\курсова\openjfx-21.0.1_windows-x64_bin-sdk (1)\javafx-sdk-21.0.1\bin\vcruntime140_1.dll
Event: 1.233 Loaded shared library C:\Users\zoryv\OneDrive\Робочий стіл\курсова\openjfx-21.0.1_windows-x64_bin-sdk (1)\javafx-sdk-21.0.1\bin\msvcp140.dll
Event: 1.236 Loaded shared library C:\Users\zoryv\OneDrive\Робочий стіл\курсова\openjfx-21.0.1_windows-x64_bin-sdk (1)\javafx-sdk-21.0.1\bin\msvcp140_1.dll
Event: 1.241 Loaded shared library C:\Users\zoryv\OneDrive\Робочий стіл\курсова\openjfx-21.0.1_windows-x64_bin-sdk (1)\javafx-sdk-21.0.1\bin\msvcp140_2.dll
Event: 1.310 Loaded shared library C:\Users\zoryv\OneDrive\Робочий стіл\курсова\openjfx-21.0.1_windows-x64_bin-sdk (1)\javafx-sdk-21.0.1\bin\prism_d3d.dll
Event: 1.400 Loaded shared library C:\Users\zoryv\OneDrive\Робочий стіл\курсова\openjfx-21.0.1_windows-x64_bin-sdk (1)\javafx-sdk-21.0.1\bin\glass.dll
Event: 1.866 Loaded shared library C:\Users\zoryv\OneDrive\Робочий стіл\курсова\openjfx-21.0.1_windows-x64_bin-sdk (1)\javafx-sdk-21.0.1\bin\javafx_font.dll
Event: 16.180 Loaded shared library C:\Users\zoryv\OneDrive\Робочий стіл\курсова\openjfx-21.0.1_windows-x64_bin-sdk (1)\javafx-sdk-21.0.1\bin\javafx_iio.dll
Event: 18.370 Loaded shared library C:\Users\zoryv\OneDrive\Робочий стіл\курсова\openjfx-21.0.1_windows-x64_bin-sdk (1)\javafx-sdk-21.0.1\bin\jfxwebkit.dll
Event: 18.614 Loaded shared library C:\Users\zoryv\.jdks\openjdk-21.0.1\bin\sunmscapi.dll

Deoptimization events (20 events):
Event: 23.243 Thread 0x00000299a90c2e40 DEOPT PACKING pc=0x000002994b4aaa83 sp=0x000000ce55afe4c0
Event: 23.243 Thread 0x00000299a90c2e40 DEOPT UNPACKING pc=0x0000029952234e23 sp=0x000000ce55afd8f0 mode 0
Event: 23.245 Thread 0x00000299a90c2e40 DEOPT PACKING pc=0x000002994b4aaa50 sp=0x000000ce55afe4c0
Event: 23.245 Thread 0x00000299a90c2e40 DEOPT UNPACKING pc=0x0000029952234e23 sp=0x000000ce55afd8f0 mode 0
Event: 23.245 Thread 0x00000299a90c2e40 DEOPT PACKING pc=0x000002994b4aaa83 sp=0x000000ce55afe4c0
Event: 23.245 Thread 0x00000299a90c2e40 DEOPT UNPACKING pc=0x0000029952234e23 sp=0x000000ce55afd8f0 mode 0
Event: 23.249 Thread 0x00000299a90c2e40 DEOPT PACKING pc=0x000002994b4aaa50 sp=0x000000ce55afe4c0
Event: 23.249 Thread 0x00000299a90c2e40 DEOPT UNPACKING pc=0x0000029952234e23 sp=0x000000ce55afd8f0 mode 0
Event: 23.249 Thread 0x00000299a90c2e40 DEOPT PACKING pc=0x000002994b4aaa83 sp=0x000000ce55afe4c0
Event: 23.249 Thread 0x00000299a90c2e40 DEOPT UNPACKING pc=0x0000029952234e23 sp=0x000000ce55afd8f0 mode 0
Event: 23.249 Thread 0x00000299a90c2e40 DEOPT PACKING pc=0x000002994b4aaa50 sp=0x000000ce55afe4c0
Event: 23.249 Thread 0x00000299a90c2e40 DEOPT UNPACKING pc=0x0000029952234e23 sp=0x000000ce55afd8f0 mode 0
Event: 23.253 Thread 0x00000299a90c2e40 DEOPT PACKING pc=0x000002994b4aaa83 sp=0x000000ce55afe4c0
Event: 23.253 Thread 0x00000299a90c2e40 DEOPT UNPACKING pc=0x0000029952234e23 sp=0x000000ce55afd8f0 mode 0
Event: 23.253 Thread 0x00000299a90c2e40 DEOPT PACKING pc=0x000002994b4aaa50 sp=0x000000ce55afe4c0
Event: 23.253 Thread 0x00000299a90c2e40 DEOPT UNPACKING pc=0x0000029952234e23 sp=0x000000ce55afd8f0 mode 0
Event: 23.262 Thread 0x00000299a90c2e40 DEOPT PACKING pc=0x000002994b562962 sp=0x000000ce55afe460
Event: 23.262 Thread 0x00000299a90c2e40 DEOPT UNPACKING pc=0x0000029952234e23 sp=0x000000ce55afd950 mode 0
Event: 23.276 Thread 0x00000299a90c2e40 DEOPT PACKING pc=0x000002994b562962 sp=0x000000ce55afe490
Event: 23.276 Thread 0x00000299a90c2e40 DEOPT UNPACKING pc=0x0000029952234e23 sp=0x000000ce55afd980 mode 0

Classes loaded (20 events):
Event: 22.946 Loading class java/util/ArrayList$ListItr
Event: 22.947 Loading class java/util/ArrayList$ListItr done
Event: 22.951 Loading class java/text/ParseException
Event: 22.952 Loading class java/text/ParseException done
Event: 23.046 Loading class java/util/concurrent/ArrayBlockingQueue
Event: 23.046 Loading class java/util/concurrent/ArrayBlockingQueue done
Event: 23.046 Loading class java/util/concurrent/CompletableFuture$MinimalStage
Event: 23.047 Loading class java/util/concurrent/CompletableFuture$MinimalStage done
Event: 23.048 Loading class java/util/zip/CheckedInputStream
Event: 23.049 Loading class java/util/zip/CheckedInputStream done
Event: 23.050 Loading class java/util/concurrent/CompletableFuture$BiApply
Event: 23.050 Loading class java/util/concurrent/CompletableFuture$BiApply done
Event: 23.053 Loading class java/nio/HeapByteBufferR
Event: 23.053 Loading class java/nio/HeapByteBufferR done
Event: 23.314 Loading class java/util/zip/GZIPInputStream$1
Event: 23.314 Loading class java/util/zip/GZIPInputStream$1 done
Event: 53.319 Loading class java/util/concurrent/CompletionException
Event: 53.319 Loading class java/util/concurrent/CompletionException done
Event: 199.429 Loading class jdk/internal/misc/Signal$1
Event: 199.429 Loading class jdk/internal/misc/Signal$1 done

Classes unloaded (0 events):
No events

Classes redefined (0 events):
No events

Internal exceptions (20 events):
Event: 18.551 Thread 0x00000299a4289580 Exception <a 'java/lang/NoSuchMethodError'{0x000000008a325fa0}: 'java.lang.Object java.lang.invoke.DelegatingMethodHandle$Holder.delegate(java.lang.Object, int, java.lang.Object, java.lang.Object)'> (0x000000008a325fa0) 
thrown [s\open\src\hotspot\share\interpreter\linkResolver.cpp, line 773]
Event: 18.553 Thread 0x00000299a4289580 Exception <a 'java/lang/NoSuchMethodError'{0x000000008a335d20}: 'int java.lang.invoke.Invokers$Holder.linkToTargetMethod(java.lang.Object, java.lang.Object, java.lang.Object)'> (0x000000008a335d20) 
thrown [s\open\src\hotspot\share\interpreter\linkResolver.cpp, line 773]
Event: 18.558 Thread 0x00000299a4289580 Exception <a 'java/lang/NoSuchMethodError'{0x000000008a345640}: 'long java.lang.invoke.DirectMethodHandle$Holder.invokeSpecial(java.lang.Object, java.lang.Object)'> (0x000000008a345640) 
thrown [s\open\src\hotspot\share\interpreter\linkResolver.cpp, line 773]
Event: 18.559 Thread 0x00000299a4289580 Exception <a 'java/lang/NoSuchMethodError'{0x000000008a34c008}: 'int java.lang.invoke.DirectMethodHandle$Holder.invokeStatic(java.lang.Object, java.lang.Object, java.lang.Object, java.lang.Object)'> (0x000000008a34c008) 
thrown [s\open\src\hotspot\share\interpreter\linkResolver.cpp, line 773]
Event: 18.660 Thread 0x00000299a4289580 Exception <a 'sun/nio/fs/WindowsException'{0x000000008a282368}> (0x000000008a282368) 
thrown [s\open\src\hotspot\share\prims\jni.cpp, line 520]
Event: 18.797 Thread 0x00000299a4289580 Exception <a 'java/lang/NoSuchMethodError'{0x000000008ad98fc8}: 'java.lang.Object java.lang.invoke.DirectMethodHandle$Holder.invokeStaticInit(java.lang.Object, int, int, int, int)'> (0x000000008ad98fc8) 
thrown [s\open\src\hotspot\share\interpreter\linkResolver.cpp, line 773]
Event: 18.823 Thread 0x00000299a4289580 Exception <a 'java/lang/NoSuchMethodError'{0x000000008a611af8}: 'java.lang.Object java.lang.invoke.DirectMethodHandle$Holder.invokeStaticInit(java.lang.Object, java.lang.Object, int, int, int, int)'> (0x000000008a611af8) 
thrown [s\open\src\hotspot\share\interpreter\linkResolver.cpp, line 773]
Event: 18.876 Thread 0x00000299a4289580 Exception <a 'sun/nio/fs/WindowsException'{0x000000008a6749a8}> (0x000000008a6749a8) 
thrown [s\open\src\hotspot\share\prims\jni.cpp, line 520]
Event: 18.926 Thread 0x00000299a90c2e40 Exception <a 'sun/nio/fs/WindowsException'{0x000000008a5cb618}> (0x000000008a5cb618) 
thrown [s\open\src\hotspot\share\prims\jni.cpp, line 520]
Event: 18.993 Thread 0x00000299a90c2e40 Exception <a 'java/lang/NoSuchMethodError'{0x000000008a29cd80}: 'java.lang.Object java.lang.invoke.DirectMethodHandle$Holder.invokeSpecial(java.lang.Object, java.lang.Object, java.lang.Object, java.lang.Object, int)'> (0x000000008a29cd80) 
thrown [s\open\src\hotspot\share\interpreter\linkResolver.cpp, line 773]
Event: 18.995 Thread 0x00000299a90c2e40 Exception <a 'java/lang/NoSuchMethodError'{0x000000008a2a0208}: 'java.lang.Object java.lang.invoke.Invokers$Holder.linkToTargetMethod(java.lang.Object, java.lang.Object, int, java.lang.Object)'> (0x000000008a2a0208) 
thrown [s\open\src\hotspot\share\interpreter\linkResolver.cpp, line 773]
Event: 19.201 Thread 0x00000299a4289580 Implicit null exception at 0x00000299528ef9a8 to 0x00000299528f05e0
Event: 19.243 Thread 0x00000299a4289580 Exception <a 'java/lang/NoSuchMethodError'{0x00000000892d0c30}: 'void java.lang.invoke.DirectMethodHandle$Holder.invokeSpecial(java.lang.Object, java.lang.Object, int, int)'> (0x00000000892d0c30) 
thrown [s\open\src\hotspot\share\interpreter\linkResolver.cpp, line 773]
Event: 19.244 Thread 0x00000299a4289580 Exception <a 'java/lang/NoSuchMethodError'{0x00000000892d73f0}: 'java.lang.Object java.lang.invoke.DirectMethodHandle$Holder.newInvokeSpecial(java.lang.Object, java.lang.Object, int, int)'> (0x00000000892d73f0) 
thrown [s\open\src\hotspot\share\interpreter\linkResolver.cpp, line 773]
Event: 19.245 Thread 0x00000299a4289580 Exception <a 'java/lang/NoSuchMethodError'{0x00000000892dbe10}: 'java.lang.Object java.lang.invoke.DirectMethodHandle$Holder.invokeSpecial(java.lang.Object, java.lang.Object, java.lang.Object, int, int)'> (0x00000000892dbe10) 
thrown [s\open\src\hotspot\share\interpreter\linkResolver.cpp, line 773]
Event: 19.309 Thread 0x00000299a4289580 Exception <a 'java/lang/NoSuchMethodError'{0x0000000089027d08}: 'java.lang.Object java.lang.invoke.DirectMethodHandle$Holder.invokeSpecial(java.lang.Object, java.lang.Object, int, int, int, int)'> (0x0000000089027d08) 
thrown [s\open\src\hotspot\share\interpreter\linkResolver.cpp, line 773]
Event: 20.139 Thread 0x00000299a90c3b60 Exception <a 'java/lang/NoSuchMethodError'{0x000000008a50ca58}: 'void java.lang.invoke.DirectMethodHandle$Holder.invokeStatic(java.lang.Object, java.lang.Object, int)'> (0x000000008a50ca58) 
thrown [s\open\src\hotspot\share\interpreter\linkResolver.cpp, line 773]
Event: 20.142 Thread 0x00000299a90c2e40 Exception <a 'java/lang/NoSuchMethodError'{0x000000008a0c9a48}: 'void java.lang.invoke.DirectMethodHandle$Holder.invokeInterface(java.lang.Object, java.lang.Object, java.lang.Object)'> (0x000000008a0c9a48) 
thrown [s\open\src\hotspot\share\interpreter\linkResolver.cpp, line 773]
Event: 20.580 Thread 0x00000299a90c2e40 Exception <a 'java/lang/NoSuchMethodError'{0x0000000088c4a9c8}: 'void java.lang.invoke.DirectMethodHandle$Holder.invokeInterface(java.lang.Object, java.lang.Object)'> (0x0000000088c4a9c8) 
thrown [s\open\src\hotspot\share\interpreter\linkResolver.cpp, line 773]
Event: 22.926 Thread 0x00000299a90c2e40 Exception <a 'java/lang/NoSuchMethodError'{0x00000000888a3440}: 'void java.lang.invoke.DirectMethodHandle$Holder.invokeVirtual(java.lang.Object, java.lang.Object, java.lang.Object, java.lang.Object)'> (0x00000000888a3440) 
thrown [s\open\src\hotspot\share\interpreter\linkResolver.cpp, line 773]

ZGC Phase Switch (0 events):
No events

VM Operations (20 events):
Event: 23.054 Executing VM operation: Cleanup done
Event: 24.054 Executing VM operation: Cleanup
Event: 24.054 Executing VM operation: Cleanup done
Event: 29.057 Executing VM operation: Cleanup
Event: 29.057 Executing VM operation: Cleanup done
Event: 30.057 Executing VM operation: Cleanup
Event: 30.057 Executing VM operation: Cleanup done
Event: 36.060 Executing VM operation: Cleanup
Event: 36.060 Executing VM operation: Cleanup done
Event: 40.062 Executing VM operation: Cleanup
Event: 40.062 Executing VM operation: Cleanup done
Event: 42.062 Executing VM operation: Cleanup
Event: 42.063 Executing VM operation: Cleanup done
Event: 60.296 Executing VM operation: HandshakeAllThreads (HandshakeForDeflation)
Event: 60.296 Executing VM operation: HandshakeAllThreads (HandshakeForDeflation) done
Event: 60.296 Executing VM operation: RendezvousGCThreads
Event: 60.296 Executing VM operation: RendezvousGCThreads done
Event: 79.306 Executing VM operation: Cleanup
Event: 79.306 Executing VM operation: Cleanup done
Event: 199.436 Executing VM operation: Exit

Events (20 events):
Event: 18.434 Thread 0x00000299a90c41f0 Thread added: 0x00000299a90c41f0
Event: 18.892 Thread 0x00000299a90c3b60 Thread added: 0x00000299a90c3b60
Event: 18.911 Thread 0x00000299a90c2e40 Thread added: 0x00000299a90c2e40
Event: 20.143 Thread 0x00000299a9372030 Thread exited: 0x00000299a9372030
Event: 20.157 Thread 0x00000299a90c34d0 Thread added: 0x00000299a90c34d0
Event: 20.226 Thread 0x00000299aceee820 Thread added: 0x00000299aceee820
Event: 21.240 Thread 0x00000299aceee820 Thread exited: 0x00000299aceee820
Event: 23.048 Thread 0x00000299a90c4880 Thread added: 0x00000299a90c4880
Event: 23.049 Thread 0x00000299a90c4f10 Thread added: 0x00000299a90c4f10
Event: 83.053 Thread 0x00000299a90c34d0 Thread exited: 0x00000299a90c34d0
Event: 83.321 Thread 0x00000299a90c4880 Thread exited: 0x00000299a90c4880
Event: 113.320 Thread 0x00000299a90c2e40 Thread exited: 0x00000299a90c2e40
Event: 143.321 Thread 0x00000299a90c4f10 Thread exited: 0x00000299a90c4f10
Event: 199.429 Thread 0x00000299a90c34d0 Thread added: 0x00000299a90c34d0
Event: 199.430 Thread 0x00000299a90c2e40 Thread added: 0x00000299a90c2e40
Event: 199.430 Thread 0x00000299a90c4880 Thread added: 0x00000299a90c4880
Event: 199.431 Thread 0x00000299a90c4f10 Thread added: 0x00000299a90c4f10
Event: 199.432 Thread 0x00000299a90c4f10 Thread exited: 0x00000299a90c4f10
Event: 199.433 Thread 0x00000299a90c4880 Thread exited: 0x00000299a90c4880
Event: 199.435 Thread 0x000002995e89ad70 Thread exited: 0x000002995e89ad70


Dynamic libraries:
0x00007ff652600000 - 0x00007ff65260e000 	C:\Users\zoryv\.jdks\openjdk-21.0.1\bin\java.exe
0x00007ffedbd10000 - 0x00007ffedbf26000 	C:\WINDOWS\SYSTEM32\ntdll.dll
0x00007ffed9a40000 - 0x00007ffed9b04000 	C:\WINDOWS\System32\KERNEL32.DLL
0x00007ffed90d0000 - 0x00007ffed9477000 	C:\WINDOWS\System32\KERNELBASE.dll
0x00007ffed9920000 - 0x00007ffed9a31000 	C:\WINDOWS\System32\ucrtbase.dll
0x00007ffecf280000 - 0x00007ffecf298000 	C:\Users\zoryv\.jdks\openjdk-21.0.1\bin\jli.dll
0x00007ffedab90000 - 0x00007ffedad3e000 	C:\WINDOWS\System32\USER32.dll
0x00007ffed9710000 - 0x00007ffed9736000 	C:\WINDOWS\System32\win32u.dll
0x00007ffeda700000 - 0x00007ffeda729000 	C:\WINDOWS\System32\GDI32.dll
0x00007ffed9540000 - 0x00007ffed9659000 	C:\WINDOWS\System32\gdi32full.dll
0x00007ffed9030000 - 0x00007ffed90ca000 	C:\WINDOWS\System32\msvcp_win.dll
0x00007ffec9320000 - 0x00007ffec933b000 	C:\Users\zoryv\.jdks\openjdk-21.0.1\bin\VCRUNTIME140.dll
0x00007ffeaefc0000 - 0x00007ffeaf253000 	C:\WINDOWS\WinSxS\amd64_microsoft.windows.common-controls_6595b64144ccf1df_6.0.22621.3235_none_270f74e173860f98\COMCTL32.dll
0x00007ffed9b10000 - 0x00007ffed9bb7000 	C:\WINDOWS\System32\msvcrt.dll
0x00007ffeda5f0000 - 0x00007ffeda621000 	C:\WINDOWS\System32\IMM32.DLL
0x00007ffec9310000 - 0x00007ffec931c000 	C:\Users\zoryv\.jdks\openjdk-21.0.1\bin\vcruntime140_1.dll
0x00007ffe79390000 - 0x00007ffe7941e000 	C:\Users\zoryv\.jdks\openjdk-21.0.1\bin\msvcp140.dll
0x00007ffe725c0000 - 0x00007ffe732d5000 	C:\Users\zoryv\.jdks\openjdk-21.0.1\bin\server\jvm.dll
0x00007ffedbb10000 - 0x00007ffedbbc2000 	C:\WINDOWS\System32\ADVAPI32.dll
0x00007ffedaee0000 - 0x00007ffedaf88000 	C:\WINDOWS\System32\sechost.dll
0x00007ffed9660000 - 0x00007ffed9688000 	C:\WINDOWS\System32\bcrypt.dll
0x00007ffeda9e0000 - 0x00007ffedaaf5000 	C:\WINDOWS\System32\RPCRT4.dll
0x00007ffeda500000 - 0x00007ffeda571000 	C:\WINDOWS\System32\WS2_32.dll
0x00007ffed8f00000 - 0x00007ffed8f4d000 	C:\WINDOWS\SYSTEM32\POWRPROF.dll
0x00007ffecf230000 - 0x00007ffecf264000 	C:\WINDOWS\SYSTEM32\WINMM.dll
0x00007ffec8cc0000 - 0x00007ffec8cca000 	C:\WINDOWS\SYSTEM32\VERSION.dll
0x00007ffed8e30000 - 0x00007ffed8e43000 	C:\WINDOWS\SYSTEM32\UMPDC.dll
0x00007ffed8070000 - 0x00007ffed8088000 	C:\WINDOWS\SYSTEM32\kernel.appcore.dll
0x00007ffed38f0000 - 0x00007ffed38fa000 	C:\Users\zoryv\.jdks\openjdk-21.0.1\bin\jimage.dll
0x00007ffed6b20000 - 0x00007ffed6d53000 	C:\WINDOWS\SYSTEM32\DBGHELP.DLL
0x00007ffedaf90000 - 0x00007ffedb318000 	C:\WINDOWS\System32\combase.dll
0x00007ffed9bc0000 - 0x00007ffed9c97000 	C:\WINDOWS\System32\OLEAUT32.dll
0x00007ffebb080000 - 0x00007ffebb0b2000 	C:\WINDOWS\SYSTEM32\dbgcore.DLL
0x00007ffed9690000 - 0x00007ffed9709000 	C:\WINDOWS\System32\bcryptPrimitives.dll
0x00007ffed0290000 - 0x00007ffed029f000 	C:\Users\zoryv\.jdks\openjdk-21.0.1\bin\instrument.dll
0x00007ffed2690000 - 0x00007ffed26af000 	C:\Users\zoryv\.jdks\openjdk-21.0.1\bin\java.dll
0x00007ffed9ca0000 - 0x00007ffeda4fc000 	C:\WINDOWS\System32\SHELL32.dll
0x00007ffed6f90000 - 0x00007ffed7889000 	C:\WINDOWS\SYSTEM32\windows.storage.dll
0x00007ffed6e50000 - 0x00007ffed6f8e000 	C:\WINDOWS\SYSTEM32\wintypes.dll
0x00007ffeda8e0000 - 0x00007ffeda9d3000 	C:\WINDOWS\System32\SHCORE.dll
0x00007ffeda6a0000 - 0x00007ffeda6fe000 	C:\WINDOWS\System32\shlwapi.dll
0x00007ffed8f60000 - 0x00007ffed8f81000 	C:\WINDOWS\SYSTEM32\profapi.dll
0x00007ffe79510000 - 0x00007ffe795e7000 	C:\Users\zoryv\.jdks\openjdk-21.0.1\bin\jsvml.dll
0x00007ffed38e0000 - 0x00007ffed38f0000 	C:\Users\zoryv\.jdks\openjdk-21.0.1\bin\net.dll
0x00007ffed0d00000 - 0x00007ffed0e36000 	C:\WINDOWS\SYSTEM32\WINHTTP.dll
0x00007ffed84e0000 - 0x00007ffed8549000 	C:\WINDOWS\system32\mswsock.dll
0x00007ffec90a0000 - 0x00007ffec90b6000 	C:\Users\zoryv\.jdks\openjdk-21.0.1\bin\nio.dll
0x00007ffec9350000 - 0x00007ffec9368000 	C:\Users\zoryv\.jdks\openjdk-21.0.1\bin\zip.dll
0x00007ffed0270000 - 0x00007ffed028a000 	C:\Program Files\JetBrains\IntelliJ IDEA 2023.2.1\bin\breakgen64.dll
0x0000029942810000 - 0x0000029942813000 	C:\Users\zoryv\OneDrive\Робочий стіл\курсова\openjfx-21.0.1_windows-x64_bin-sdk (1)\javafx-sdk-21.0.1\bin\api-ms-win-core-console-l1-1-0.dll
0x0000029942820000 - 0x0000029942823000 	C:\Users\zoryv\OneDrive\Робочий стіл\курсова\openjfx-21.0.1_windows-x64_bin-sdk (1)\javafx-sdk-21.0.1\bin\api-ms-win-core-console-l1-2-0.dll
0x000002995ee10000 - 0x000002995ee13000 	C:\Users\zoryv\OneDrive\Робочий стіл\курсова\openjfx-21.0.1_windows-x64_bin-sdk (1)\javafx-sdk-21.0.1\bin\api-ms-win-core-datetime-l1-1-0.dll
0x000002995ee20000 - 0x000002995ee23000 	C:\Users\zoryv\OneDrive\Робочий стіл\курсова\openjfx-21.0.1_windows-x64_bin-sdk (1)\javafx-sdk-21.0.1\bin\api-ms-win-core-debug-l1-1-0.dll
0x000002995ee30000 - 0x000002995ee33000 	C:\Users\zoryv\OneDrive\Робочий стіл\курсова\openjfx-21.0.1_windows-x64_bin-sdk (1)\javafx-sdk-21.0.1\bin\api-ms-win-core-errorhandling-l1-1-0.dll
0x000002995ee40000 - 0x000002995ee44000 	C:\Users\zoryv\OneDrive\Робочий стіл\курсова\openjfx-21.0.1_windows-x64_bin-sdk (1)\javafx-sdk-21.0.1\bin\api-ms-win-core-file-l1-1-0.dll
0x000002995ee50000 - 0x000002995ee53000 	C:\Users\zoryv\OneDrive\Робочий стіл\курсова\openjfx-21.0.1_windows-x64_bin-sdk (1)\javafx-sdk-21.0.1\bin\api-ms-win-core-file-l1-2-0.dll
0x000002995ee60000 - 0x000002995ee63000 	C:\Users\zoryv\OneDrive\Робочий стіл\курсова\openjfx-21.0.1_windows-x64_bin-sdk (1)\javafx-sdk-21.0.1\bin\api-ms-win-core-file-l2-1-0.dll
0x000002995ee70000 - 0x000002995ee73000 	C:\Users\zoryv\OneDrive\Робочий стіл\курсова\openjfx-21.0.1_windows-x64_bin-sdk (1)\javafx-sdk-21.0.1\bin\api-ms-win-core-handle-l1-1-0.dll
0x000002995ee80000 - 0x000002995ee83000 	C:\Users\zoryv\OneDrive\Робочий стіл\курсова\openjfx-21.0.1_windows-x64_bin-sdk (1)\javafx-sdk-21.0.1\bin\api-ms-win-core-heap-l1-1-0.dll
0x000002995ee90000 - 0x000002995ee93000 	C:\Users\zoryv\OneDrive\Робочий стіл\курсова\openjfx-21.0.1_windows-x64_bin-sdk (1)\javafx-sdk-21.0.1\bin\api-ms-win-core-interlocked-l1-1-0.dll
0x000002995eea0000 - 0x000002995eea3000 	C:\Users\zoryv\OneDrive\Робочий стіл\курсова\openjfx-21.0.1_windows-x64_bin-sdk (1)\javafx-sdk-21.0.1\bin\api-ms-win-core-libraryloader-l1-1-0.dll
0x000002995eeb0000 - 0x000002995eeb3000 	C:\Users\zoryv\OneDrive\Робочий стіл\курсова\openjfx-21.0.1_windows-x64_bin-sdk (1)\javafx-sdk-21.0.1\bin\api-ms-win-core-localization-l1-2-0.dll
0x000002995eec0000 - 0x000002995eec3000 	C:\Users\zoryv\OneDrive\Робочий стіл\курсова\openjfx-21.0.1_windows-x64_bin-sdk (1)\javafx-sdk-21.0.1\bin\api-ms-win-core-memory-l1-1-0.dll
0x000002995eed0000 - 0x000002995eed3000 	C:\Users\zoryv\OneDrive\Робочий стіл\курсова\openjfx-21.0.1_windows-x64_bin-sdk (1)\javafx-sdk-21.0.1\bin\api-ms-win-core-namedpipe-l1-1-0.dll
0x000002995eee0000 - 0x000002995eee3000 	C:\Users\zoryv\OneDrive\Робочий стіл\курсова\openjfx-21.0.1_windows-x64_bin-sdk (1)\javafx-sdk-21.0.1\bin\api-ms-win-core-processenvironment-l1-1-0.dll
0x000002995eef0000 - 0x000002995eef3000 	C:\Users\zoryv\OneDrive\Робочий стіл\курсова\openjfx-21.0.1_windows-x64_bin-sdk (1)\javafx-sdk-21.0.1\bin\api-ms-win-core-processthreads-l1-1-0.dll
0x000002995ef00000 - 0x000002995ef03000 	C:\Users\zoryv\OneDrive\Робочий стіл\курсова\openjfx-21.0.1_windows-x64_bin-sdk (1)\javafx-sdk-21.0.1\bin\api-ms-win-core-processthreads-l1-1-1.dll
0x000002995ef10000 - 0x000002995ef13000 	C:\Users\zoryv\OneDrive\Робочий стіл\курсова\openjfx-21.0.1_windows-x64_bin-sdk (1)\javafx-sdk-21.0.1\bin\api-ms-win-core-profile-l1-1-0.dll
0x000002995ef20000 - 0x000002995ef23000 	C:\Users\zoryv\OneDrive\Робочий стіл\курсова\openjfx-21.0.1_windows-x64_bin-sdk (1)\javafx-sdk-21.0.1\bin\api-ms-win-core-rtlsupport-l1-1-0.dll
0x000002995ef30000 - 0x000002995ef33000 	C:\Users\zoryv\OneDrive\Робочий стіл\курсова\openjfx-21.0.1_windows-x64_bin-sdk (1)\javafx-sdk-21.0.1\bin\api-ms-win-core-string-l1-1-0.dll
0x000002995ef40000 - 0x000002995ef43000 	C:\Users\zoryv\OneDrive\Робочий стіл\курсова\openjfx-21.0.1_windows-x64_bin-sdk (1)\javafx-sdk-21.0.1\bin\api-ms-win-core-synch-l1-1-0.dll
0x000002995ef50000 - 0x000002995ef53000 	C:\Users\zoryv\OneDrive\Робочий стіл\курсова\openjfx-21.0.1_windows-x64_bin-sdk (1)\javafx-sdk-21.0.1\bin\api-ms-win-core-synch-l1-2-0.dll
0x000002995ef60000 - 0x000002995ef63000 	C:\Users\zoryv\OneDrive\Робочий стіл\курсова\openjfx-21.0.1_windows-x64_bin-sdk (1)\javafx-sdk-21.0.1\bin\api-ms-win-core-sysinfo-l1-1-0.dll
0x000002995ef70000 - 0x000002995ef73000 	C:\Users\zoryv\OneDrive\Робочий стіл\курсова\openjfx-21.0.1_windows-x64_bin-sdk (1)\javafx-sdk-21.0.1\bin\api-ms-win-core-timezone-l1-1-0.dll
0x000002995ef80000 - 0x000002995ef83000 	C:\Users\zoryv\OneDrive\Робочий стіл\курсова\openjfx-21.0.1_windows-x64_bin-sdk (1)\javafx-sdk-21.0.1\bin\api-ms-win-core-util-l1-1-0.dll
0x000002995ef90000 - 0x000002995ef93000 	C:\Users\zoryv\OneDrive\Робочий стіл\курсова\openjfx-21.0.1_windows-x64_bin-sdk (1)\javafx-sdk-21.0.1\bin\api-ms-win-crt-conio-l1-1-0.dll
0x000002995efa0000 - 0x000002995efa4000 	C:\Users\zoryv\OneDrive\Робочий стіл\курсова\openjfx-21.0.1_windows-x64_bin-sdk (1)\javafx-sdk-21.0.1\bin\api-ms-win-crt-convert-l1-1-0.dll
0x000002995efb0000 - 0x000002995efb3000 	C:\Users\zoryv\OneDrive\Робочий стіл\курсова\openjfx-21.0.1_windows-x64_bin-sdk (1)\javafx-sdk-21.0.1\bin\api-ms-win-crt-environment-l1-1-0.dll
0x000002995efc0000 - 0x000002995efc3000 	C:\Users\zoryv\OneDrive\Робочий стіл\курсова\openjfx-21.0.1_windows-x64_bin-sdk (1)\javafx-sdk-21.0.1\bin\api-ms-win-crt-filesystem-l1-1-0.dll
0x000002995efd0000 - 0x000002995efd3000 	C:\Users\zoryv\OneDrive\Робочий стіл\курсова\openjfx-21.0.1_windows-x64_bin-sdk (1)\javafx-sdk-21.0.1\bin\api-ms-win-crt-heap-l1-1-0.dll
0x000002995efe0000 - 0x000002995efe3000 	C:\Users\zoryv\OneDrive\Робочий стіл\курсова\openjfx-21.0.1_windows-x64_bin-sdk (1)\javafx-sdk-21.0.1\bin\api-ms-win-crt-locale-l1-1-0.dll
0x000002995eff0000 - 0x000002995eff5000 	C:\Users\zoryv\OneDrive\Робочий стіл\курсова\openjfx-21.0.1_windows-x64_bin-sdk (1)\javafx-sdk-21.0.1\bin\api-ms-win-crt-math-l1-1-0.dll
0x00000299a4800000 - 0x00000299a4805000 	C:\Users\zoryv\OneDrive\Робочий стіл\курсова\openjfx-21.0.1_windows-x64_bin-sdk (1)\javafx-sdk-21.0.1\bin\api-ms-win-crt-multibyte-l1-1-0.dll
0x00000299a4810000 - 0x00000299a4820000 	C:\Users\zoryv\OneDrive\Робочий стіл\курсова\openjfx-21.0.1_windows-x64_bin-sdk (1)\javafx-sdk-21.0.1\bin\api-ms-win-crt-private-l1-1-0.dll
0x00000299a4820000 - 0x00000299a4823000 	C:\Users\zoryv\OneDrive\Робочий стіл\курсова\openjfx-21.0.1_windows-x64_bin-sdk (1)\javafx-sdk-21.0.1\bin\api-ms-win-crt-process-l1-1-0.dll
0x00000299a4830000 - 0x00000299a4834000 	C:\Users\zoryv\OneDrive\Робочий стіл\курсова\openjfx-21.0.1_windows-x64_bin-sdk (1)\javafx-sdk-21.0.1\bin\api-ms-win-crt-runtime-l1-1-0.dll
0x00000299a4840000 - 0x00000299a4844000 	C:\Users\zoryv\OneDrive\Робочий стіл\курсова\openjfx-21.0.1_windows-x64_bin-sdk (1)\javafx-sdk-21.0.1\bin\api-ms-win-crt-stdio-l1-1-0.dll
0x00000299a4850000 - 0x00000299a4854000 	C:\Users\zoryv\OneDrive\Робочий стіл\курсова\openjfx-21.0.1_windows-x64_bin-sdk (1)\javafx-sdk-21.0.1\bin\api-ms-win-crt-string-l1-1-0.dll
0x00000299a4860000 - 0x00000299a4863000 	C:\Users\zoryv\OneDrive\Робочий стіл\курсова\openjfx-21.0.1_windows-x64_bin-sdk (1)\javafx-sdk-21.0.1\bin\api-ms-win-crt-time-l1-1-0.dll
0x00000299a4870000 - 0x00000299a4873000 	C:\Users\zoryv\OneDrive\Робочий стіл\курсова\openjfx-21.0.1_windows-x64_bin-sdk (1)\javafx-sdk-21.0.1\bin\api-ms-win-crt-utility-l1-1-0.dll
0x00007ffea5290000 - 0x00007ffea538c000 	C:\Users\zoryv\OneDrive\Робочий стіл\курсова\openjfx-21.0.1_windows-x64_bin-sdk (1)\javafx-sdk-21.0.1\bin\ucrtbase.dll
0x00007ffecf2a0000 - 0x00007ffecf2bb000 	C:\Users\zoryv\OneDrive\Робочий стіл\курсова\openjfx-21.0.1_windows-x64_bin-sdk (1)\javafx-sdk-21.0.1\bin\vcruntime140.dll
0x00007ffec90c0000 - 0x00007ffec90cc000 	C:\Users\zoryv\OneDrive\Робочий стіл\курсова\openjfx-21.0.1_windows-x64_bin-sdk (1)\javafx-sdk-21.0.1\bin\vcruntime140_1.dll
0x00007ffe7a480000 - 0x00007ffe7a50e000 	C:\Users\zoryv\OneDrive\Робочий стіл\курсова\openjfx-21.0.1_windows-x64_bin-sdk (1)\javafx-sdk-21.0.1\bin\msvcp140.dll
0x00007ffeda730000 - 0x00007ffeda8d5000 	C:\WINDOWS\System32\ole32.dll
0x00007ffec87b0000 - 0x00007ffec87b9000 	C:\Users\zoryv\OneDrive\Робочий стіл\курсова\openjfx-21.0.1_windows-x64_bin-sdk (1)\javafx-sdk-21.0.1\bin\msvcp140_1.dll
0x00007ffebe110000 - 0x00007ffebe13f000 	C:\Users\zoryv\OneDrive\Робочий стіл\курсова\openjfx-21.0.1_windows-x64_bin-sdk (1)\javafx-sdk-21.0.1\bin\msvcp140_2.dll
0x00007ffeaea60000 - 0x00007ffeaea8f000 	C:\Users\zoryv\OneDrive\Робочий стіл\курсова\openjfx-21.0.1_windows-x64_bin-sdk (1)\javafx-sdk-21.0.1\bin\prism_d3d.dll
0x00007ffe72410000 - 0x00007ffe725b9000 	C:\WINDOWS\system32\d3d9.dll
0x00007ffed63b0000 - 0x00007ffed63db000 	C:\WINDOWS\SYSTEM32\dwmapi.dll
0x00007ffed63e0000 - 0x00007ffed6419000 	C:\WINDOWS\SYSTEM32\dxcore.dll
0x00007ffed6170000 - 0x00007ffed621b000 	C:\WINDOWS\system32\uxtheme.dll
0x00007ffedb500000 - 0x00007ffedb974000 	C:\WINDOWS\System32\SETUPAPI.dll
0x00007ffed8c30000 - 0x00007ffed8c7e000 	C:\WINDOWS\SYSTEM32\cfgmgr32.dll
0x00007ffed2470000 - 0x00007ffed24ba000 	C:\WINDOWS\SYSTEM32\directxdatabasehelper.dll
0x00007ffea6af0000 - 0x00007ffea6b32000 	C:\Users\zoryv\OneDrive\Робочий стіл\курсова\openjfx-21.0.1_windows-x64_bin-sdk (1)\javafx-sdk-21.0.1\bin\glass.dll
0x00007ffedbbd0000 - 0x00007ffedbcc9000 	C:\WINDOWS\System32\COMDLG32.dll
0x00007ffedb990000 - 0x00007ffedbae3000 	C:\WINDOWS\System32\MSCTF.dll
0x00007ffec6c10000 - 0x00007ffec6c24000 	C:\Users\zoryv\OneDrive\Робочий стіл\курсова\openjfx-21.0.1_windows-x64_bin-sdk (1)\javafx-sdk-21.0.1\bin\javafx_font.dll
0x00007ffed43a0000 - 0x00007ffed4614000 	C:\WINDOWS\SYSTEM32\dwrite.dll
0x00007ffedae30000 - 0x00007ffedaee0000 	C:\WINDOWS\System32\clbcatq.dll
0x00007ffed4080000 - 0x00007ffed4230000 	C:\WINDOWS\SYSTEM32\WindowsCodecs.dll
0x00007ffeace70000 - 0x00007ffeacece000 	C:\WINDOWS\system32\dataexchange.dll
0x00007ffecfa90000 - 0x00007ffecfd1e000 	C:\WINDOWS\system32\twinapi.appcore.dll
0x00007ffea5250000 - 0x00007ffea5282000 	C:\Program Files\Common Files\Microsoft Shared\Ink\rtscom.dll
0x00007ffeb16d0000 - 0x00007ffeb181a000 	C:\WINDOWS\SYSTEM32\textinputframework.dll
0x00007ffed5630000 - 0x00007ffed5764000 	C:\WINDOWS\SYSTEM32\CoreMessaging.dll
0x00007ffed1c90000 - 0x00007ffed1ffc000 	C:\WINDOWS\SYSTEM32\CoreUIComponents.dll
0x00007ffed8740000 - 0x00007ffed874c000 	C:\WINDOWS\SYSTEM32\CRYPTBASE.DLL
0x00007ffed4880000 - 0x00007ffed4e6e000 	C:\WINDOWS\SYSTEM32\d2d1.dll
0x00007ffed4620000 - 0x00007ffed4877000 	C:\WINDOWS\SYSTEM32\d3d11.dll
0x00007ffed6280000 - 0x00007ffed6378000 	C:\WINDOWS\SYSTEM32\dxgi.dll
0x00007ffed1110000 - 0x00007ffed1821000 	C:\WINDOWS\SYSTEM32\D3D10Warp.dll
0x00007ffeb19b0000 - 0x00007ffeb19dd000 	C:\Users\zoryv\OneDrive\Робочий стіл\курсова\openjfx-21.0.1_windows-x64_bin-sdk (1)\javafx-sdk-21.0.1\bin\javafx_iio.dll
0x00007ffe3bc50000 - 0x00007ffe4093e000 	C:\Users\zoryv\OneDrive\Робочий стіл\курсова\openjfx-21.0.1_windows-x64_bin-sdk (1)\javafx-sdk-21.0.1\bin\jfxwebkit.dll
0x00007ffed8750000 - 0x00007ffed876b000 	C:\WINDOWS\SYSTEM32\CRYPTSP.dll
0x00007ffed7fd0000 - 0x00007ffed8005000 	C:\WINDOWS\system32\rsaenh.dll
0x00007ffec75e0000 - 0x00007ffec75ee000 	C:\Users\zoryv\.jdks\openjdk-21.0.1\bin\sunmscapi.dll

dbghelp: loaded successfully - version: 4.0.5 - missing functions: none
symbol engine: initialized successfully - sym options: 0x614 - pdb path: .;C:\Users\zoryv\.jdks\openjdk-21.0.1\bin;C:\WINDOWS\SYSTEM32;C:\WINDOWS\WinSxS\amd64_microsoft.windows.common-controls_6595b64144ccf1df_6.0.22621.3235_none_270f74e173860f98;C:\Users\zoryv\.jdks\openjdk-21.0.1\bin\server;C:\Program Files\JetBrains\IntelliJ IDEA 2023.2.1\bin;C:\Users\zoryv\OneDrive\Робочий стіл\курсова\openjfx-21.0.1_windows-x64_bin-sdk (1)\javafx-sdk-21.0.1\bin;C:\WINDOWS\System32\DriverStore\FileRepository\iigd_dch.inf_amd64_7b69d1dcf2ed050c;C:\Program Files\Common Files\Microsoft Shared\Ink;C:\Users\zoryv\AppData\Local\Microsoft\OneDrive\24.062.0326.0002

VM Arguments:
jvm_args: -javaagent:C:\Program Files\JetBrains\IntelliJ IDEA 2023.2.1\lib\idea_rt.jar=52262:C:\Program Files\JetBrains\IntelliJ IDEA 2023.2.1\bin -Dfile.encoding=UTF-8 -Dsun.stdout.encoding=UTF-8 -Dsun.stderr.encoding=UTF-8 --module-path=C:\Users\zoryv\OneDrive\Робочий стіл\курсова\openjfx-21.0.1_windows-x64_bin-sdk (1)\javafx-sdk-21.0.1\lib\javafx.fxml.jar;C:\Users\zoryv\OneDrive\Робочий стіл\курсова\openjfx-21.0.1_windows-x64_bin-sdk (1)\javafx-sdk-21.0.1\lib\javafx.controls.jar;C:\Users\zoryv\OneDrive\Робочий стіл\курсова\mysql-connector-j-8.3.0\mysql-connector-j-8.3.0\mysql-connector-j-8.3.0.jar;C:\Users\zoryv\OneDrive\Робочий стіл\Cursova\target\classes;C:\Users\zoryv\OneDrive\Робочий стіл\курсова\openjfx-21.0.1_windows-x64_bin-sdk (1)\javafx-sdk-21.0.1\lib\javafx.media.jar;C:\Users\zoryv\OneDrive\Робочий стіл\курсова\openjfx-21.0.1_windows-x64_bin-sdk (1)\javafx-sdk-21.0.1\lib\javafx.web.jar;C:\Users\zoryv\OneDrive\Робочий стіл\курсова\openjfx-21.0.1_windows-x64_bin-sdk (1)\javafx-sdk-21.0.1\lib\javafx.base.jar;C:\Users\zoryv\OneDrive\Робочий стіл\курсова\openjfx-21.0.1_windows-x64_bin-sdk (1)\javafx-sdk-21.0.1\lib\javafx.graphics.jar -Djdk.module.main=com.example.cursova 
java_command: com.example.cursova/com.example.cursova.HelloApplication
java_class_path (initial): C:\Users\zoryv\OneDrive\Робочий стіл\курсова\openjfx-21.0.1_windows-x64_bin-sdk (1)\javafx-sdk-21.0.1\lib\javafx-swt.jar;C:\Users\zoryv\OneDrive\Робочий стіл\курсова\openjfx-21.0.1_windows-x64_bin-sdk (1)\javafx-sdk-21.0.1\lib\javafx.swing.jar
Launcher Type: SUN_STANDARD

[Global flags]
     intx CICompilerCount                          = 3                                         {product} {ergonomic}
     uint ConcGCThreads                            = 1                                         {product} {ergonomic}
     uint G1ConcRefinementThreads                  = 4                                         {product} {ergonomic}
   size_t G1HeapRegionSize                         = 1048576                                   {product} {ergonomic}
    uintx GCDrainStackTargetSize                   = 64                                        {product} {ergonomic}
   size_t InitialHeapSize                          = 132120576                                 {product} {ergonomic}
   size_t MarkStackSize                            = 4194304                                   {product} {ergonomic}
   size_t MaxHeapSize                              = 2097152000                                {product} {ergonomic}
   size_t MaxNewSize                               = 1258291200                                {product} {ergonomic}
   size_t MinHeapDeltaBytes                        = 1048576                                   {product} {ergonomic}
   size_t MinHeapSize                              = 8388608                                   {product} {ergonomic}
    uintx NonNMethodCodeHeapSize                   = 5832780                                {pd product} {ergonomic}
    uintx NonProfiledCodeHeapSize                  = 122912730                              {pd product} {ergonomic}
    uintx ProfiledCodeHeapSize                     = 122912730                              {pd product} {ergonomic}
    uintx ReservedCodeCacheSize                    = 251658240                              {pd product} {ergonomic}
     bool SegmentedCodeCache                       = true                                      {product} {ergonomic}
   size_t SoftMaxHeapSize                          = 2097152000                             {manageable} {ergonomic}
     bool UseCompressedOops                        = true                           {product lp64_product} {ergonomic}
     bool UseG1GC                                  = true                                      {product} {ergonomic}
     bool UseLargePagesIndividualAllocation        = false                                  {pd product} {ergonomic}

Logging:
Log output configuration:
 #0: stdout all=off uptime,level,tags foldmultilines=false
 #1: stderr all=off uptime,level,tags foldmultilines=false

Environment Variables:
PATH=C:\Program Files\Common Files\Oracle\Java\javapath;C:\WINDOWS\system32;C:\WINDOWS;C:\WINDOWS\System32\Wbem;C:\WINDOWS\System32\WindowsPowerShell\v1.0\;C:\WINDOWS\System32\OpenSSH\;C:\Program Files\Microsoft SQL Server\150\Tools\Binn\;C:\Program Files\Microsoft SQL Server\Client SDK\ODBC\170\Tools\Binn\;C:\Program Files\dotnet\;C:\WINDOWS\system32;C:\WINDOWS;C:\WINDOWS\System32\Wbem;C:\WINDOWS\System32\WindowsPowerShell\v1.0\;C:\WINDOWS\System32\OpenSSH\;C:\Program Files\nodejs\;C:\Program Files\Git\cmd;C:\Ruby33-x64\bin;C:\Users\zoryv\AppData\Local\Programs\Python\Launcher\;C:\Program Files\MySQL\MySQL Shell 8.0\bin\;C:\Users\zoryv\AppData\Local\Microsoft\WindowsApps;C:\Users\zoryv\.dotnet\tools;C:\Program Files\JetBrains\IntelliJ IDEA 2023.2.1\bin;;C:\Users\zoryv\AppData\Roaming\npm;C:\Program Files\JetBrains\PyCharm 2023.3.3\bin;;C:\Users\zoryv\AppData\Local\Programs\Microsoft VS Code\bin;C:\ruby-3.3.0\bin
USERNAME=zoryv
OS=Windows_NT
PROCESSOR_IDENTIFIER=Intel64 Family 6 Model 122 Stepping 8, GenuineIntel
TMP=C:\Users\zoryv\AppData\Local\Temp
TEMP=C:\Users\zoryv\AppData\Local\Temp




Periodic native trim disabled

---------------  S Y S T E M  ---------------

OS:
 Windows 11 , 64 bit Build 22621 (10.0.22621.3374)
OS uptime: 9 days 4:30 hours

CPU: total 4 (initial active 4) (4 cores per cpu, 1 threads per core) family 6 model 122 stepping 8 microcode 0x1a, cx8, cmov, fxsr, mmx, 3dnowpref, sse, sse2, sse3, ssse3, sse4.1, sse4.2, popcnt, tsc, tscinvbit, aes, erms, clmul, sha, clflush, clflushopt, rdtscp, rdpid
Processor Information for all 4 processors :
  Max Mhz: 1101, Current Mhz: 1101, Mhz Limit: 1101

Memory: 4k page, system-wide physical 7998M (1309M free)
TotalPageFile size 13630M (AvailPageFile size 5210M)
current process WorkingSet (physical memory assigned to process): 301M, peak: 365M
current process commit charge ("private bytes"): 344M, peak: 434M

vm_info: OpenJDK 64-Bit Server VM (21.0.1+12-29) for windows-amd64 JRE (21.0.1+12-29), built on 2023-10-05T13:27:09Z by "mach5one" with MS VC++ 17.1 (VS2022)

END.
