#
# A fatal error has been detected by the Java Runtime Environment:
#
#  EXCEPTION_ACCESS_VIOLATION (0xc0000005) at pc=0x00007ffebe3a6587, pid=5392, tid=4020
#
# JRE version: OpenJDK Runtime Environment (21.0.1+12) (build 21.0.1+12-29)
# Java VM: OpenJDK 64-Bit Server VM (21.0.1+12-29, mixed mode, sharing, tiered, compressed oops, compressed class ptrs, g1 gc, windows-amd64)
# Problematic frame:
# C  [glass.dll+0x26587]
#
# No core dump will be written. Minidumps are not enabled by default on client versions of Windows
#
# If you would like to submit a bug report, please visit:
#   https://bugreport.java.com/bugreport/crash.jsp
#

---------------  S U M M A R Y ------------

Command Line: -javaagent:C:\Program Files\JetBrains\IntelliJ IDEA 2023.2.1\lib\idea_rt.jar=52099:C:\Program Files\JetBrains\IntelliJ IDEA 2023.2.1\bin -Dfile.encoding=UTF-8 -Dsun.stdout.encoding=UTF-8 -Dsun.stderr.encoding=UTF-8 --module-path=C:\Users\zoryv\OneDrive\Робочий стіл\курсова\openjfx-21.0.1_windows-x64_bin-sdk (1)\javafx-sdk-21.0.1\lib\javafx.fxml.jar;C:\Users\zoryv\OneDrive\Робочий стіл\курсова\openjfx-21.0.1_windows-x64_bin-sdk (1)\javafx-sdk-21.0.1\lib\javafx.controls.jar;C:\Users\zoryv\OneDrive\Робочий стіл\курсова\mysql-connector-j-8.3.0\mysql-connector-j-8.3.0\mysql-connector-j-8.3.0.jar;C:\Users\zoryv\OneDrive\Робочий стіл\Cursova\target\classes;C:\Users\zoryv\OneDrive\Робочий стіл\курсова\openjfx-21.0.1_windows-x64_bin-sdk (1)\javafx-sdk-21.0.1\lib\javafx.media.jar;C:\Users\zoryv\OneDrive\Робочий стіл\курсова\openjfx-21.0.1_windows-x64_bin-sdk (1)\javafx-sdk-21.0.1\lib\javafx.web.jar;C:\Users\zoryv\OneDrive\Робочий стіл\курсова\openjfx-21.0.1_windows-x64_bin-sdk (1)\javafx-sdk-21.0.1\lib\javafx.base.jar;C:\Users\zoryv\OneDrive\Робочий стіл\курсова\openjfx-21.0.1_windows-x64_bin-sdk (1)\javafx-sdk-21.0.1\lib\javafx.graphics.jar -Djdk.module.main=com.example.cursova com.example.cursova/com.example.cursova.HelloApplication

Host: Intel(R) Pentium(R) Silver N5030 CPU @ 1.10GHz, 4 cores, 7G,  Windows 11 , 64 bit Build 22621 (10.0.22621.3374)
Time: Sun Apr 21 00:44:33 2024  Windows 11 , 64 bit Build 22621 (10.0.22621.3374) elapsed time: 97.365175 seconds (0d 0h 1m 37s)

---------------  T H R E A D  ---------------

Current thread (0x00000264b67c9910):  VMThread "VM Thread"          [id=4020, stack(0x000000c1a7200000,0x000000c1a7300000) (1024K)]

Stack: [0x000000c1a7200000,0x000000c1a7300000],  sp=0x000000c1a72ff010,  free space=1020k
Native frames: (J=compiled Java code, j=interpreted, Vv=VM code, C=native code)
C  [glass.dll+0x26587]


siginfo: EXCEPTION_ACCESS_VIOLATION (0xc0000005), reading address 0x0000000000000000


Registers:
RAX=0x0000000000000000, RBX=0x000002648d391d52, RCX=0x00000264b67c9910, RDX=0x000000c1a72ff010
RSP=0x000000c1a72ff010, RBP=0x00000264fc1d1888, RSI=0x000000c1a72ff118, RDI=0x00000264fc1d1860
R8 =0x0000000000010002, R9 =0x00000264fc1d1860, R10=0x85f13e9656da4870, R11=0x000000c1a72fefa0
R12=0x00007ffebe3a3ed0, R13=0x00007ffe73221fa0, R14=0x00008ad1426c1153, R15=0x00000264fc1d1860
RIP=0x00007ffebe3a6587, EFLAGS=0x0000000000010202


Register to memory mapping:

RAX=0x0 is null
RBX=0x000002648d391d52 is a global jni handle
RCX=0x00000264b67c9910 points into unknown readable memory: 0x00007ffe73033f88 | 88 3f 03 73 fe 7f 00 00
RDX=0x000000c1a72ff010 points into unknown readable memory: 0x0000000000000000 | 00 00 00 00 00 00 00 00
RSP=0x000000c1a72ff010 points into unknown readable memory: 0x0000000000000000 | 00 00 00 00 00 00 00 00
RBP=0x00000264fc1d1888 points into unknown readable memory: 0x00008ad1426c1153 | 53 11 6c 42 d1 8a 00 00
RSI=0x000000c1a72ff118 points into unknown readable memory: 0x000000c1a72ff100 | 00 f1 2f a7 c1 00 00 00
RDI=0x00000264fc1d1860 points into unknown readable memory: 0xfff57b008d2c1150 | 50 11 2c 8d 00 7b f5 ff
R8 =0x0000000000010002 is an unknown value
R9 =0x00000264fc1d1860 points into unknown readable memory: 0xfff57b008d2c1150 | 50 11 2c 8d 00 7b f5 ff
R10=0x85f13e9656da4870 is an unknown value
R11=0x000000c1a72fefa0 points into unknown readable memory: 0x0000000000000000 | 00 00 00 00 00 00 00 00
R12=0x00007ffebe3a3ed0 glass.dll
R13=0x00007ffe73221fa0 jvm.dll
R14=0x00008ad1426c1153 is an unknown value
R15=0x00000264fc1d1860 points into unknown readable memory: 0xfff57b008d2c1150 | 50 11 2c 8d 00 7b f5 ff

Top of Stack: (sp=0x000000c1a72ff010)
0x000000c1a72ff010:   0000000000000000 000000c1a72ff118
0x000000c1a72ff020:   00007ffe73221fa0 00007ffebe3a3ed0
0x000000c1a72ff030:   00000264fc1d1868 00007ffed9973a53
0x000000c1a72ff040:   00000264fc1d1860 0000026400000000
0x000000c1a72ff050:   00000264fc1d1888 000000c1a72ff118
0x000000c1a72ff060:   fffffffffffffffe 0000000000000000
0x000000c1a72ff070:   0000000000000001 00007ffebe380000
0x000000c1a72ff080:   000000c1a72ff108 00007ffed994042e
0x000000c1a72ff090:   0000000000000000 000000c1a72ff118
0x000000c1a72ff0a0:   000000c1a72ff400 0000000000000001
0x000000c1a72ff0b0:   0000000000000001 00007ffed993dddd
0x000000c1a72ff0c0:   0000000000000000 00007ffebe3a36c9
0x000000c1a72ff0d0:   00007ffed4215ed0 000000c1a72ff108
0x000000c1a72ff0e0:   fffffffffffffffe 000000c1a72ff0d0
0x000000c1a72ff0f0:   0000000000000000 00007ffebe3a3d5d
0x000000c1a72ff100:   00007ffebe3ba008 00007ffe00000002
0x000000c1a72ff110:   0000000000000002 000000c1a72ff100
0x000000c1a72ff120:   0000000000000000 00007ffedbd38603
0x000000c1a72ff130:   0000000000000000 00007ffebe3a3e82
0x000000c1a72ff140:   0000000000000001 0000000000000001
0x000000c1a72ff150:   0000000000000001 0000000000000000
0x000000c1a72ff160:   00007ffedab80000 00007ffed8742223
0x000000c1a72ff170:   0000000000000001 00007ffed8750000
0x000000c1a72ff180:   00007ffebe380000 000000007ffe0384
0x000000c1a72ff190:   0000000000000000 00007ffedbd3869f
0x000000c1a72ff1a0:   00007ffebe380000 0000000000000000
0x000000c1a72ff1b0:   0000000000000001 000000007ffe0385
0x000000c1a72ff1c0:   00007ffedbe46a20 00007ffe3dc7694c
0x000000c1a72ff1d0:   000050d766465a00 00007ffe3bc50000
0x000000c1a72ff1e0:   00007ffebe3a3ed0 0000000000000000
0x000000c1a72ff1f0:   0000000000000000 000000c1a6625000
0x000000c1a72ff200:   00000264fc1f0b80 00007ffedbd610a6 

Instructions: (pc=0x00007ffebe3a6587)
0x00007ffebe3a6487:   8b 4d 58 e8 8d cf ff ff 48 8b 4d 60 e8 84 cf ff
0x00007ffebe3a6497:   ff 48 8b 95 80 00 00 00 48 8b 8d 18 01 00 00 e8
0x00007ffebe3a64a7:   76 c4 ff ff 33 d2 33 c9 e8 cc e1 ff ff 90 48 89
0x00007ffebe3a64b7:   54 24 10 55 48 83 ec 20 48 8b ea 48 b8 00 00 00
0x00007ffebe3a64c7:   00 00 00 00 00 48 83 c4 20 5d c3 cc 40 55 48 8b
0x00007ffebe3a64d7:   ea 48 8b 01 33 c9 81 38 05 00 00 c0 0f 94 c1 8b
0x00007ffebe3a64e7:   c1 5d c3 cc 40 55 48 83 ec 20 48 8b ea 8a 4d 40
0x00007ffebe3a64f7:   48 83 c4 20 5d e9 73 d3 ff ff cc 40 55 48 83 ec
0x00007ffebe3a6507:   20 48 8b ea 8a 4d 20 e8 61 d3 ff ff 90 48 83 c4
0x00007ffebe3a6517:   20 5d c3 cc 40 55 48 83 ec 20 48 8b ea 48 83 c4
0x00007ffebe3a6527:   20 5d e9 c2 d1 ff ff cc 40 55 48 83 ec 30 48 8b
0x00007ffebe3a6537:   ea 48 8b 01 8b 10 48 89 4c 24 28 89 54 24 20 4c
0x00007ffebe3a6547:   8d 0d 63 d6 ff ff 4c 8b 45 70 8b 55 68 48 8b 4d
0x00007ffebe3a6557:   60 e8 03 d1 ff ff 90 48 83 c4 30 5d c3 cc cc cc
0x00007ffebe3a6567:   cc cc cc cc cc cc cc cc cc 40 53 48 83 ec 20 48
0x00007ffebe3a6577:   8b 1d 8b 34 01 00 48 85 db 74 16 e8 89 8f ff ff
0x00007ffebe3a6587:   4c 8b 00 48 8b d3 48 8b c8 41 ff 90 b0 00 00 00
0x00007ffebe3a6597:   90 48 83 c4 20 5b c3 cc cc 40 53 48 83 ec 20 48
0x00007ffebe3a65a7:   8b 1d fb 35 01 00 48 85 db 74 57 b8 ff ff ff ff
0x00007ffebe3a65b7:   f0 0f c1 43 10 83 f8 01 75 3d 48 85 db 74 38 48
0x00007ffebe3a65c7:   8b 0b 48 85 c9 74 0d ff 15 d4 0c 00 00 48 c7 03
0x00007ffebe3a65d7:   00 00 00 00 48 8b 4b 08 48 85 c9 74 0d e8 33 ce
0x00007ffebe3a65e7:   ff ff 48 c7 43 08 00 00 00 00 ba 18 00 00 00 48
0x00007ffebe3a65f7:   8b cb e8 1e ce ff ff 48 c7 05 9f 35 01 00 00 00
0x00007ffebe3a6607:   00 00 48 83 c4 20 5b c3 cc 40 53 48 83 ec 20 48
0x00007ffebe3a6617:   8b 1d 6b 35 01 00 48 85 db 74 57 b8 ff ff ff ff
0x00007ffebe3a6627:   f0 0f c1 43 10 83 f8 01 75 3d 48 85 db 74 38 48
0x00007ffebe3a6637:   8b 0b 48 85 c9 74 0d ff 15 64 0c 00 00 48 c7 03
0x00007ffebe3a6647:   00 00 00 00 48 8b 4b 08 48 85 c9 74 0d e8 c3 cd
0x00007ffebe3a6657:   ff ff 48 c7 43 08 00 00 00 00 ba 18 00 00 00 48
0x00007ffebe3a6667:   8b cb e8 ae cd ff ff 48 c7 05 0f 35 01 00 00 00
0x00007ffebe3a6677:   00 00 48 83 c4 20 5b c3 cc 40 53 48 83 ec 20 48 


Stack slot to memory mapping:

stack at sp + 0 slots: 0x0 is null
stack at sp + 1 slots: 0x000000c1a72ff118 points into unknown readable memory: 0x000000c1a72ff100 | 00 f1 2f a7 c1 00 00 00
stack at sp + 2 slots: 0x00007ffe73221fa0 jvm.dll
stack at sp + 3 slots: 0x00007ffebe3a3ed0 glass.dll
stack at sp + 4 slots: 0x00000264fc1d1868 points into unknown readable memory: 0x00008ad1426c1153 | 53 11 6c 42 d1 8a 00 00
stack at sp + 5 slots: 0x00007ffed9973a53 ucrtbase.dll
stack at sp + 6 slots: 0x00000264fc1d1860 points into unknown readable memory: 0xfff57b008d2c1150 | 50 11 2c 8d 00 7b f5 ff
stack at sp + 7 slots: 0x0000026400000000 is an unknown value

VM_Operation (0x000000c1a69feca0): Exit, mode: safepoint, requested by thread 0x000002654022c780


---------------  P R O C E S S  ---------------

Threads class SMR info:
_java_thread_list=0x00000265400e7710, length=34, elements={
0x000002649a7ba900, 0x00000264b67e5990, 0x00000264b67e8870, 0x00000264b67ec520,
0x00000264b67ee6a0, 0x00000264b67ef860, 0x00000264b67f0bb0, 0x00000264b67f19b0,
0x00000264b6a0ccd0, 0x00000264b6d133b0, 0x00000264b6d41100, 0x00000264fc193e10,
0x00000264fc1fa9b0, 0x00000264fc231aa0, 0x00000264fc460ea0, 0x00000264fc3bdd40,
0x00000264ff224620, 0x00000264ff22ed40, 0x00000264ff22f3d0, 0x00000264ff22d990,
0x00000264ff22d300, 0x00000264ff22e020, 0x00000264ff22fa60, 0x00000264ff2300f0,
0x00000264ff22e6b0, 0x00000264ff230780, 0x00000264ff0753d0, 0x000002648cc23fb0,
0x000002648cc2af40, 0x00000264956596a0, 0x000002649761c270, 0x000002649742f970,
0x000002654022c780, 0x000002654022f570
}

Java Threads: ( => current thread )
  0x000002649a7ba900 JavaThread "main"                              [_thread_blocked, id=14592, stack(0x000000c1a6b00000,0x000000c1a6c00000) (1024K)]
  0x00000264b67e5990 JavaThread "Reference Handler"          daemon [_thread_blocked, id=8944, stack(0x000000c1a7300000,0x000000c1a7400000) (1024K)]
  0x00000264b67e8870 JavaThread "Finalizer"                  daemon [_thread_blocked, id=14040, stack(0x000000c1a7400000,0x000000c1a7500000) (1024K)]
  0x00000264b67ec520 JavaThread "Attach Listener"            daemon [_thread_blocked, id=8832, stack(0x000000c1a7600000,0x000000c1a7700000) (1024K)]
  0x00000264b67ee6a0 JavaThread "Service Thread"             daemon [_thread_blocked, id=11640, stack(0x000000c1a7700000,0x000000c1a7800000) (1024K)]
  0x00000264b67ef860 JavaThread "Monitor Deflation Thread"   daemon [_thread_blocked, id=11888, stack(0x000000c1a7800000,0x000000c1a7900000) (1024K)]
  0x00000264b67f0bb0 JavaThread "C2 CompilerThread0"         daemon [_thread_blocked, id=8728, stack(0x000000c1a7900000,0x000000c1a7a00000) (1024K)]
  0x00000264b67f19b0 JavaThread "C1 CompilerThread0"         daemon [_thread_blocked, id=11176, stack(0x000000c1a7a00000,0x000000c1a7b00000) (1024K)]
  0x00000264b6a0ccd0 JavaThread "Common-Cleaner"             daemon [_thread_blocked, id=3436, stack(0x000000c1a7b00000,0x000000c1a7c00000) (1024K)]
  0x00000264b6d133b0 JavaThread "Monitor Ctrl-Break"         daemon [_thread_in_native, id=12668, stack(0x000000c1a7e00000,0x000000c1a7f00000) (1024K)]
  0x00000264b6d41100 JavaThread "Notification Thread"        daemon [_thread_blocked, id=1568, stack(0x000000c1a7f00000,0x000000c1a8000000) (1024K)]
  0x00000264fc193e10 JavaThread "QuantumRenderer-0"          daemon [_thread_blocked, id=11192, stack(0x000000c1a8200000,0x000000c1a8300000) (1024K)]
  0x00000264fc1fa9b0 JavaThread "InvokeLaterDispatcher"      daemon [_thread_blocked, id=4384, stack(0x000000c1a8300000,0x000000c1a8400000) (1024K)]
  0x00000264fc231aa0 JavaThread "JavaFX Application Thread"         [_thread_in_native, id=13720, stack(0x000000c1a8500000,0x000000c1a8600000) (1024K)]
  0x00000264fc460ea0 JavaThread "Thread-1"                   daemon [_thread_in_native, id=4640, stack(0x000000c1a8900000,0x000000c1a8a00000) (1024K)]
  0x00000264fc3bdd40 JavaThread "JavaFX-Launcher"                   [_thread_blocked, id=5964, stack(0x000000c1a8a00000,0x000000c1a8b00000) (1024K)]
  0x00000264ff224620 JavaThread "Prism Font Disposer"        daemon [_thread_blocked, id=6680, stack(0x000000c1a8400000,0x000000c1a8500000) (1024K)]
  0x00000264ff22ed40 JavaThread "Cleaner-0"                  daemon [_thread_blocked, id=904, stack(0x000000c1a8e00000,0x000000c1a8f00000) (1024K)]
  0x00000264ff22f3d0 JavaThread "mysql-cj-abandoned-connection-cleanup" daemon [_thread_blocked, id=11088, stack(0x000000c1a8f00000,0x000000c1a9000000) (1024K)]
  0x00000264ff22d990 JavaThread "Disposer"                   daemon [_thread_blocked, id=7748, stack(0x000000c1a9200000,0x000000c1a9300000) (1024K)]
  0x00000264ff22d300 JavaThread "HttpClient-1-SelectorManager" daemon [_thread_in_native, id=6000, stack(0x000000c1a9300000,0x000000c1a9400000) (1024K)]
  0x00000264ff22e020 JavaThread "HttpClient-1-Worker-0"      daemon [_thread_blocked, id=10524, stack(0x000000c1a9400000,0x000000c1a9500000) (1024K)]
  0x00000264ff22fa60 JavaThread "HttpClient-1-Worker-1"      daemon [_thread_blocked, id=3532, stack(0x000000c1a9a00000,0x000000c1a9b00000) (1024K)]
  0x00000264ff2300f0 JavaThread "ForkJoinPool.commonPool-worker-1" daemon [_thread_blocked, id=2808, stack(0x000000c1a9b00000,0x000000c1a9c00000) (1024K)]
  0x00000264ff22e6b0 JavaThread "ForkJoinPool.commonPool-worker-2" daemon [_thread_blocked, id=6148, stack(0x000000c1a9c00000,0x000000c1a9d00000) (1024K)]
  0x00000264ff230780 JavaThread "Thread-4"                   daemon [_thread_in_native, id=9628, stack(0x000000c1a9d00000,0x000000c1a9e00000) (1024K)]
  0x00000264ff0753d0 JavaThread "HttpClient-1-Worker-2"      daemon [_thread_blocked, id=7248, stack(0x000000c1aa200000,0x000000c1aa300000) (1024K)]
  0x000002648cc23fb0 JavaThread "HttpClient-1-Worker-3"      daemon [_thread_blocked, id=15128, stack(0x000000c1aa400000,0x000000c1aa500000) (1024K)]
  0x000002648cc2af40 JavaThread "ForkJoinPool.commonPool-worker-3" daemon [_thread_blocked, id=11572, stack(0x000000c1aa300000,0x000000c1aa400000) (1024K)]
  0x00000264956596a0 JavaThread "HttpClient-1-Worker-4"      daemon [_thread_blocked, id=14100, stack(0x000000c1aa600000,0x000000c1aa700000) (1024K)]
  0x000002649761c270 JavaThread "HttpClient-1-Worker-5"      daemon [_thread_blocked, id=5428, stack(0x000000c1aaa00000,0x000000c1aab00000) (1024K)]
  0x000002649742f970 JavaThread "ForkJoinPool.commonPool-worker-4" daemon [_thread_blocked, id=13748, stack(0x000000c1aab00000,0x000000c1aac00000) (1024K)]
  0x000002654022c780 JavaThread "SIGINT handler"             daemon [_thread_blocked, id=7780, stack(0x000000c1a6900000,0x000000c1a6a00000) (1024K)]
  0x000002654022f570 JavaThread "Thread-8"                          [_thread_blocked, id=14268, stack(0x000000c1a8800000,0x000000c1a8900000) (1024K)]
Total: 34

Other Threads:
=>0x00000264b67c9910 VMThread "VM Thread"                           [id=4020, stack(0x000000c1a7200000,0x000000c1a7300000) (1024K)]
  0x000002649a811d90 WorkerThread "GC Thread#0"                     [id=9588, stack(0x000000c1a6c00000,0x000000c1a6d00000) (1024K)]
  0x00000264fc10bda0 WorkerThread "GC Thread#1"                     [id=10400, stack(0x000000c1a7d00000,0x000000c1a7e00000) (1024K)]
  0x00000264fc105d90 WorkerThread "GC Thread#2"                     [id=1316, stack(0x000000c1a8000000,0x000000c1a8100000) (1024K)]
  0x00000264fc1a58c0 WorkerThread "GC Thread#3"                     [id=14508, stack(0x000000c1a8100000,0x000000c1a8200000) (1024K)]
  0x000002649877de60 ConcurrentGCThread "G1 Main Marker"            terminated
  0x000002649877e870 WorkerThread "G1 Conc#0"                       [id=10024, stack(0x000000c1a6e00000,0x000000c1a6f00000) (1024K)]
  0x00000264b66820c0 ConcurrentGCThread "G1 Refine#0"               terminated
  0x00000264b6682cf0 ConcurrentGCThread "G1 Service"                terminated
Total: 9

Threads with active compile tasks:
Total: 0

VM state: at safepoint (shutting down)

VM Mutex/Monitor currently owned by a thread:  ([mutex/lock_event])
[0x00007ffe731fa5f8] Threads_lock - owner thread: 0x00000264b67c9910
[0x00007ffe731fa6f8] Heap_lock - owner thread: 0x000002654022c780

Heap address: 0x0000000083000000, size: 2000 MB, Compressed Oops mode: 32-bit

CDS archive(s) mapped at: [0x00000264b7000000-0x00000264b7c90000-0x00000264b7c90000), size 13172736, SharedBaseAddress: 0x00000264b7000000, ArchiveRelocationMode: 1.
Compressed class space mapped at: 0x00000264b8000000-0x00000264f8000000, reserved size: 1073741824
Narrow klass base: 0x00000264b7000000, Narrow klass shift: 0, Narrow klass range: 0x100000000

GC Precious Log:
 CardTable entry size: 512
 Card Set container configuration: InlinePtr #cards 5 size 8 Array Of Cards #cards 12 size 40 Howl #buckets 4 coarsen threshold 1843 Howl Bitmap #cards 512 size 80 coarsen threshold 460 Card regions per heap region 1 cards per card region 2048
 CPUs: 4 total, 4 available
 Memory: 7998M
 Large Page Support: Disabled
 NUMA Support: Disabled
 Compressed Oops: Enabled (32-bit)
 Heap Region Size: 1M
 Heap Min Capacity: 8M
 Heap Initial Capacity: 126M
 Heap Max Capacity: 2000M
 Pre-touch: Disabled
 Parallel Workers: 4
 Concurrent Workers: 1
 Concurrent Refinement Workers: 4
 Periodic GC: Disabled

Heap:
 garbage-first heap   total 79872K, used 73094K [0x0000000083000000, 0x0000000100000000)
  region size 1024K, 27 young (27648K), 4 survivors (4096K)
 Metaspace       used 33571K, committed 34176K, reserved 1114112K
  class space    used 4415K, committed 4672K, reserved 1048576K

Heap Regions: E=young(eden), S=young(survivor), O=old, HS=humongous(starts), HC=humongous(continues), CS=collection set, F=free, TAMS=top-at-mark-start, PB=parsable bottom
|   0|0x0000000083000000, 0x0000000083100000, 0x0000000083100000|100%| O|  |TAMS 0x0000000083000000| PB 0x0000000083000000| Untracked 
|   1|0x0000000083100000, 0x0000000083200000, 0x0000000083200000|100%| O|  |TAMS 0x0000000083100000| PB 0x0000000083100000| Untracked 
|   2|0x0000000083200000, 0x0000000083300000, 0x0000000083300000|100%| O|  |TAMS 0x0000000083200000| PB 0x0000000083200000| Untracked 
|   3|0x0000000083300000, 0x0000000083400000, 0x0000000083400000|100%| O|Cm|TAMS 0x0000000083300000| PB 0x0000000083300000| Complete 
|   4|0x0000000083400000, 0x0000000083500000, 0x0000000083500000|100%|HS|  |TAMS 0x0000000083400000| PB 0x0000000083400000| Complete 
|   5|0x0000000083500000, 0x0000000083600000, 0x0000000083600000|100%|HC|  |TAMS 0x0000000083500000| PB 0x0000000083500000| Complete 
|   6|0x0000000083600000, 0x0000000083700000, 0x0000000083700000|100%|HC|  |TAMS 0x0000000083600000| PB 0x0000000083600000| Complete 
|   7|0x0000000083700000, 0x0000000083800000, 0x0000000083800000|100%|HS|  |TAMS 0x0000000083700000| PB 0x0000000083700000| Complete 
|   8|0x0000000083800000, 0x0000000083900000, 0x0000000083900000|100%|HC|  |TAMS 0x0000000083800000| PB 0x0000000083800000| Complete 
|   9|0x0000000083900000, 0x0000000083a00000, 0x0000000083a00000|100%|HS|  |TAMS 0x0000000083900000| PB 0x0000000083900000| Complete 
|  10|0x0000000083a00000, 0x0000000083b00000, 0x0000000083b00000|100%|HC|  |TAMS 0x0000000083a00000| PB 0x0000000083a00000| Complete 
|  11|0x0000000083b00000, 0x0000000083c00000, 0x0000000083c00000|100%|HC|  |TAMS 0x0000000083b00000| PB 0x0000000083b00000| Complete 
|  12|0x0000000083c00000, 0x0000000083d00000, 0x0000000083d00000|100%|HS|  |TAMS 0x0000000083c00000| PB 0x0000000083c00000| Complete 
|  13|0x0000000083d00000, 0x0000000083e00000, 0x0000000083e00000|100%|HC|  |TAMS 0x0000000083d00000| PB 0x0000000083d00000| Complete 
|  14|0x0000000083e00000, 0x0000000083f00000, 0x0000000083f00000|100%|HS|  |TAMS 0x0000000083e00000| PB 0x0000000083e00000| Complete 
|  15|0x0000000083f00000, 0x0000000084000000, 0x0000000084000000|100%|HC|  |TAMS 0x0000000083f00000| PB 0x0000000083f00000| Complete 
|  16|0x0000000084000000, 0x0000000084100000, 0x0000000084100000|100%|HS|  |TAMS 0x0000000084000000| PB 0x0000000084000000| Complete 
|  17|0x0000000084100000, 0x0000000084200000, 0x0000000084200000|100%|HC|  |TAMS 0x0000000084100000| PB 0x0000000084100000| Complete 
|  18|0x0000000084200000, 0x0000000084300000, 0x0000000084300000|100%|HC|  |TAMS 0x0000000084200000| PB 0x0000000084200000| Complete 
|  19|0x0000000084300000, 0x0000000084400000, 0x0000000084400000|100%|HS|  |TAMS 0x0000000084300000| PB 0x0000000084300000| Complete 
|  20|0x0000000084400000, 0x0000000084500000, 0x0000000084500000|100%|HC|  |TAMS 0x0000000084400000| PB 0x0000000084400000| Complete 
|  21|0x0000000084500000, 0x0000000084600000, 0x0000000084600000|100%|HC|  |TAMS 0x0000000084500000| PB 0x0000000084500000| Complete 
|  22|0x0000000084600000, 0x0000000084700000, 0x0000000084700000|100%|HS|  |TAMS 0x0000000084600000| PB 0x0000000084600000| Complete 
|  23|0x0000000084700000, 0x0000000084800000, 0x0000000084800000|100%|HC|  |TAMS 0x0000000084700000| PB 0x0000000084700000| Complete 
|  24|0x0000000084800000, 0x0000000084900000, 0x0000000084900000|100%| O|  |TAMS 0x0000000084800000| PB 0x0000000084800000| Untracked 
|  25|0x0000000084900000, 0x0000000084a00000, 0x0000000084a00000|100%| O|  |TAMS 0x0000000084900000| PB 0x0000000084900000| Untracked 
|  26|0x0000000084a00000, 0x0000000084b00000, 0x0000000084b00000|100%| O|  |TAMS 0x0000000084a00000| PB 0x0000000084a00000| Untracked 
|  27|0x0000000084b00000, 0x0000000084c00000, 0x0000000084c00000|100%| O|  |TAMS 0x0000000084b00000| PB 0x0000000084b00000| Untracked 
|  28|0x0000000084c00000, 0x0000000084d00000, 0x0000000084d00000|100%| O|  |TAMS 0x0000000084c00000| PB 0x0000000084c00000| Untracked 
|  29|0x0000000084d00000, 0x0000000084e00000, 0x0000000084e00000|100%|HS|  |TAMS 0x0000000084d00000| PB 0x0000000084d00000| Complete 
|  30|0x0000000084e00000, 0x0000000084f00000, 0x0000000084f00000|100%|HC|  |TAMS 0x0000000084e00000| PB 0x0000000084e00000| Complete 
|  31|0x0000000084f00000, 0x0000000085000000, 0x0000000085000000|100%| O|  |TAMS 0x0000000084f00000| PB 0x0000000084f00000| Untracked 
|  32|0x0000000085000000, 0x00000000850c8e10, 0x0000000085100000| 78%| O|  |TAMS 0x0000000085000000| PB 0x0000000085000000| Untracked 
|  33|0x0000000085100000, 0x0000000085200000, 0x0000000085200000|100%|HS|  |TAMS 0x0000000085100000| PB 0x0000000085100000| Complete 
|  34|0x0000000085200000, 0x0000000085300000, 0x0000000085300000|100%|HC|  |TAMS 0x0000000085200000| PB 0x0000000085200000| Complete 
|  35|0x0000000085300000, 0x0000000085400000, 0x0000000085400000|100%|HC|  |TAMS 0x0000000085300000| PB 0x0000000085300000| Complete 
|  36|0x0000000085400000, 0x0000000085500000, 0x0000000085500000|100%|HS|  |TAMS 0x0000000085400000| PB 0x0000000085400000| Complete 
|  37|0x0000000085500000, 0x0000000085600000, 0x0000000085600000|100%|HC|  |TAMS 0x0000000085500000| PB 0x0000000085500000| Complete 
|  38|0x0000000085600000, 0x0000000085698bf8, 0x0000000085700000| 59%| S|CS|TAMS 0x0000000085600000| PB 0x0000000085600000| Complete 
|  39|0x0000000085700000, 0x0000000085800000, 0x0000000085800000|100%| S|CS|TAMS 0x0000000085700000| PB 0x0000000085700000| Complete 
|  40|0x0000000085800000, 0x0000000085900000, 0x0000000085900000|100%| S|CS|TAMS 0x0000000085800000| PB 0x0000000085800000| Complete 
|  41|0x0000000085900000, 0x0000000085a00000, 0x0000000085a00000|100%| S|CS|TAMS 0x0000000085900000| PB 0x0000000085900000| Complete 
|  42|0x0000000085a00000, 0x0000000085a00000, 0x0000000085b00000|  0%| F|  |TAMS 0x0000000085a00000| PB 0x0000000085a00000| Untracked 
|  43|0x0000000085b00000, 0x0000000085b00000, 0x0000000085c00000|  0%| F|  |TAMS 0x0000000085b00000| PB 0x0000000085b00000| Untracked 
|  44|0x0000000085c00000, 0x0000000085c00000, 0x0000000085d00000|  0%| F|  |TAMS 0x0000000085c00000| PB 0x0000000085c00000| Untracked 
|  45|0x0000000085d00000, 0x0000000085d00000, 0x0000000085e00000|  0%| F|  |TAMS 0x0000000085d00000| PB 0x0000000085d00000| Untracked 
|  46|0x0000000085e00000, 0x0000000085e09780, 0x0000000085f00000|  3%| E|  |TAMS 0x0000000085e00000| PB 0x0000000085e00000| Complete 
|  47|0x0000000085f00000, 0x0000000086000000, 0x0000000086000000|100%| E|CS|TAMS 0x0000000085f00000| PB 0x0000000085f00000| Complete 
|  48|0x0000000086000000, 0x0000000086100000, 0x0000000086100000|100%| E|CS|TAMS 0x0000000086000000| PB 0x0000000086000000| Complete 
|  49|0x0000000086100000, 0x0000000086200000, 0x0000000086200000|100%| E|  |TAMS 0x0000000086100000| PB 0x0000000086100000| Complete 
|  50|0x0000000086200000, 0x0000000086300000, 0x0000000086300000|100%| E|CS|TAMS 0x0000000086200000| PB 0x0000000086200000| Complete 
|  51|0x0000000086300000, 0x0000000086400000, 0x0000000086400000|100%| E|CS|TAMS 0x0000000086300000| PB 0x0000000086300000| Complete 
|  52|0x0000000086400000, 0x0000000086500000, 0x0000000086500000|100%| E|CS|TAMS 0x0000000086400000| PB 0x0000000086400000| Complete 
|  53|0x0000000086500000, 0x0000000086600000, 0x0000000086600000|100%| E|CS|TAMS 0x0000000086500000| PB 0x0000000086500000| Complete 
|  54|0x0000000086600000, 0x0000000086700000, 0x0000000086700000|100%| E|CS|TAMS 0x0000000086600000| PB 0x0000000086600000| Complete 
|  55|0x0000000086700000, 0x0000000086800000, 0x0000000086800000|100%| E|CS|TAMS 0x0000000086700000| PB 0x0000000086700000| Complete 
|  56|0x0000000086800000, 0x0000000086900000, 0x0000000086900000|100%| E|CS|TAMS 0x0000000086800000| PB 0x0000000086800000| Complete 
|  57|0x0000000086900000, 0x0000000086a00000, 0x0000000086a00000|100%| E|CS|TAMS 0x0000000086900000| PB 0x0000000086900000| Complete 
|  65|0x0000000087100000, 0x0000000087200000, 0x0000000087200000|100%| E|CS|TAMS 0x0000000087100000| PB 0x0000000087100000| Complete 
|  66|0x0000000087200000, 0x0000000087300000, 0x0000000087300000|100%| E|CS|TAMS 0x0000000087200000| PB 0x0000000087200000| Complete 
|  67|0x0000000087300000, 0x0000000087400000, 0x0000000087400000|100%| E|CS|TAMS 0x0000000087300000| PB 0x0000000087300000| Complete 
|  68|0x0000000087400000, 0x0000000087500000, 0x0000000087500000|100%| E|CS|TAMS 0x0000000087400000| PB 0x0000000087400000| Complete 
|  69|0x0000000087500000, 0x0000000087600000, 0x0000000087600000|100%| E|CS|TAMS 0x0000000087500000| PB 0x0000000087500000| Complete 
|  70|0x0000000087600000, 0x0000000087700000, 0x0000000087700000|100%| E|CS|TAMS 0x0000000087600000| PB 0x0000000087600000| Complete 
|  71|0x0000000087700000, 0x0000000087800000, 0x0000000087800000|100%| E|CS|TAMS 0x0000000087700000| PB 0x0000000087700000| Complete 
|  72|0x0000000087800000, 0x0000000087900000, 0x0000000087900000|100%| E|CS|TAMS 0x0000000087800000| PB 0x0000000087800000| Complete 
|  73|0x0000000087900000, 0x0000000087a00000, 0x0000000087a00000|100%| E|CS|TAMS 0x0000000087900000| PB 0x0000000087900000| Complete 
| 124|0x000000008ac00000, 0x000000008ad00000, 0x000000008ad00000|100%| E|CS|TAMS 0x000000008ac00000| PB 0x000000008ac00000| Complete 
| 125|0x000000008ad00000, 0x000000008ae00000, 0x000000008ae00000|100%| E|CS|TAMS 0x000000008ad00000| PB 0x000000008ad00000| Complete 
|1991|0x00000000ff700000, 0x00000000ff800000, 0x00000000ff800000|100%| O|  |TAMS 0x00000000ff700000| PB 0x00000000ff700000| Untracked 
|1992|0x00000000ff800000, 0x00000000ff900000, 0x00000000ff900000|100%| O|  |TAMS 0x00000000ff800000| PB 0x00000000ff800000| Untracked 
|1993|0x00000000ff900000, 0x00000000ffa00000, 0x00000000ffa00000|100%| O|  |TAMS 0x00000000ff900000| PB 0x00000000ff900000| Untracked 
|1994|0x00000000ffa00000, 0x00000000ffb00000, 0x00000000ffb00000|100%| O|  |TAMS 0x00000000ffa00000| PB 0x00000000ffa00000| Untracked 
|1995|0x00000000ffb00000, 0x00000000ffc00000, 0x00000000ffc00000|100%| O|  |TAMS 0x00000000ffb00000| PB 0x00000000ffb00000| Untracked 
|1996|0x00000000ffc00000, 0x00000000ffd00000, 0x00000000ffd00000|100%| O|  |TAMS 0x00000000ffc00000| PB 0x00000000ffc00000| Untracked 
|1997|0x00000000ffd00000, 0x00000000ffe00000, 0x00000000ffe00000|100%| O|  |TAMS 0x00000000ffd00000| PB 0x00000000ffd00000| Untracked 
|1998|0x00000000ffe00000, 0x00000000fff00000, 0x00000000fff00000|100%| O|  |TAMS 0x00000000ffe00000| PB 0x00000000ffe00000| Untracked 
|1999|0x00000000fff00000, 0x0000000100000000, 0x0000000100000000|100%| O|  |TAMS 0x00000000fff00000| PB 0x00000000fff00000| Untracked 

Card table byte_map: [0x00000264b1ff0000,0x00000264b23e0000] _byte_map_base: 0x00000264b1bd8000

Marking Bits: (CMBitMap*) 0x000002649a8123a0
 Bits: [0x00000264b23e0000, 0x00000264b4320000)

Polling page: 0x0000026498650000

Metaspace:

Usage:
  Non-class:     28.47 MB used.
      Class:      4.31 MB used.
       Both:     32.78 MB used.

Virtual space:
  Non-class space:       64.00 MB reserved,      28.81 MB ( 45%) committed,  1 nodes.
      Class space:        1.00 GB reserved,       4.56 MB ( <1%) committed,  1 nodes.
             Both:        1.06 GB reserved,      33.38 MB (  3%) committed. 

Chunk freelists:
   Non-Class:  2.61 MB
       Class:  11.45 MB
        Both:  14.06 MB

MaxMetaspaceSize: unlimited
CompressedClassSpaceSize: 1.00 GB
Initial GC threshold: 21.00 MB
Current GC threshold: 55.00 MB
CDS: on
 - commit_granule_bytes: 65536.
 - commit_granule_words: 8192.
 - virtual_space_node_default_size: 8388608.
 - enlarge_chunks_in_place: 1.
 - use_allocation_guard: 0.


Internal statistics:

num_allocs_failed_limit: 3.
num_arena_births: 726.
num_arena_deaths: 0.
num_vsnodes_births: 2.
num_vsnodes_deaths: 0.
num_space_committed: 534.
num_space_uncommitted: 0.
num_chunks_returned_to_freelist: 3.
num_chunks_taken_from_freelist: 1751.
num_chunk_merges: 0.
num_chunk_splits: 1157.
num_chunks_enlarged: 771.
num_inconsistent_stats: 0.

CodeHeap 'non-profiled nmethods': size=120000Kb used=3106Kb max_used=3106Kb free=116894Kb
 bounds [0x00000264aa6d0000, 0x00000264aa9e0000, 0x00000264b1c00000]
CodeHeap 'profiled nmethods': size=120000Kb used=13531Kb max_used=13531Kb free=106468Kb
 bounds [0x00000264a2c00000, 0x00000264a3940000, 0x00000264aa130000]
CodeHeap 'non-nmethods': size=5760Kb used=2058Kb max_used=2111Kb free=3701Kb
 bounds [0x00000264aa130000, 0x00000264aa3a0000, 0x00000264aa6d0000]
 total_blobs=7329 nmethods=6324 adapters=909
 compilation: enabled
              stopped_count=0, restarted_count=0
 full_count=0

Compilation events (20 events):
Event: 73.071 Thread 0x00000264b67f19b0 6843       3       java.lang.invoke.MethodHandles::insertArgumentsChecks (51 bytes)
Event: 73.072 Thread 0x00000264b67f19b0 nmethod 6843 0x00000264a3935f10 code [0x00000264a3936100, 0x00000264a3936600]
Event: 73.073 Thread 0x00000264b67f19b0 6844       3       java.util.Comparator$$Lambda/0x00000264b83329f8::compare (10 bytes)
Event: 73.073 Thread 0x00000264b67f19b0 nmethod 6844 0x00000264a3936810 code [0x00000264a3936a00, 0x00000264a3936ef8]
Event: 73.073 Thread 0x00000264b67f19b0 6845       3       java.util.Comparator::lambda$comparing$77a9974f$1 (23 bytes)
Event: 73.073 Thread 0x00000264b67f19b0 nmethod 6845 0x00000264a3937090 code [0x00000264a3937260, 0x00000264a39376d8]
Event: 73.073 Thread 0x00000264b67f19b0 6846       3       java.lang.Long::compareTo (9 bytes)
Event: 73.074 Thread 0x00000264b67f19b0 nmethod 6846 0x00000264a3937810 code [0x00000264a39379e0, 0x00000264a3937db8]
Event: 75.976 Thread 0x00000264b67f19b0 6847       1       jdk.internal.net.http.HttpConnection::client (5 bytes)
Event: 75.977 Thread 0x00000264b67f19b0 nmethod 6847 0x00000264aa9d6b90 code [0x00000264aa9d6d20, 0x00000264aa9d6de8]
Event: 76.403 Thread 0x00000264b67f0bb0 6848   !   4       java.lang.Thread::blockedOn (27 bytes)
Event: 76.410 Thread 0x00000264b67f0bb0 nmethod 6848 0x00000264aa9d6e90 code [0x00000264aa9d7020, 0x00000264aa9d72f8]
Event: 85.199 Thread 0x00000264b67f0bb0 6849       4       com.sun.javafx.tk.quantum.QuantumToolkit::postPulse (133 bytes)
Event: 85.204 Thread 0x00000264b67f0bb0 nmethod 6849 0x00000264aa9d7390 code [0x00000264aa9d75a0, 0x00000264aa9d7950]
Event: 86.959 Thread 0x00000264b67f0bb0 6850       4       com.sun.javafx.tk.quantum.QuantumToolkit$$Lambda/0x00000264b803b768::run (8 bytes)
Event: 86.966 Thread 0x00000264b67f0bb0 nmethod 6850 0x00000264aa9d7d90 code [0x00000264aa9d7fa0, 0x00000264aa9d83b0]
Event: 96.735 Thread 0x00000264b67f19b0 6851       3       java.util.HashMap::values (25 bytes)
Event: 96.736 Thread 0x00000264b67f19b0 nmethod 6851 0x00000264a3937f10 code [0x00000264a39380e0, 0x00000264a3938460]
Event: 96.737 Thread 0x00000264b67f19b0 6852       3       java.util.Collections$3::nextElement (10 bytes)
Event: 96.738 Thread 0x00000264b67f19b0 nmethod 6852 0x00000264a3938590 code [0x00000264a3938740, 0x00000264a3938918]

GC Heap History (20 events):
Event: 0.712 GC heap before
{Heap before GC invocations=0 (full 0):
 garbage-first heap   total 129024K, used 13312K [0x0000000083000000, 0x0000000100000000)
  region size 1024K, 13 young (13312K), 0 survivors (0K)
 Metaspace       used 2410K, committed 2624K, reserved 1114112K
  class space    used 254K, committed 384K, reserved 1048576K
}
Event: 0.715 GC heap after
{Heap after GC invocations=1 (full 0):
 garbage-first heap   total 129024K, used 1758K [0x0000000083000000, 0x0000000100000000)
  region size 1024K, 2 young (2048K), 2 survivors (2048K)
 Metaspace       used 2410K, committed 2624K, reserved 1114112K
  class space    used 254K, committed 384K, reserved 1048576K
}
Event: 1.392 GC heap before
{Heap before GC invocations=1 (full 0):
 garbage-first heap   total 129024K, used 24286K [0x0000000083000000, 0x0000000100000000)
  region size 1024K, 25 young (25600K), 2 survivors (2048K)
 Metaspace       used 8685K, committed 8960K, reserved 1114112K
  class space    used 1108K, committed 1280K, reserved 1048576K
}
Event: 1.399 GC heap after
{Heap after GC invocations=2 (full 0):
 garbage-first heap   total 129024K, used 5216K [0x0000000083000000, 0x0000000100000000)
  region size 1024K, 4 young (4096K), 4 survivors (4096K)
 Metaspace       used 8685K, committed 8960K, reserved 1114112K
  class space    used 1108K, committed 1280K, reserved 1048576K
}
Event: 27.685 GC heap before
{Heap before GC invocations=2 (full 0):
 garbage-first heap   total 129024K, used 54368K [0x0000000083000000, 0x0000000100000000)
  region size 1024K, 52 young (53248K), 4 survivors (4096K)
 Metaspace       used 21147K, committed 21504K, reserved 1114112K
  class space    used 2888K, committed 3072K, reserved 1048576K
}
Event: 27.698 GC heap after
{Heap after GC invocations=3 (full 0):
 garbage-first heap   total 129024K, used 12384K [0x0000000083000000, 0x0000000100000000)
  region size 1024K, 9 young (9216K), 9 survivors (9216K)
 Metaspace       used 21147K, committed 21504K, reserved 1114112K
  class space    used 2888K, committed 3072K, reserved 1048576K
}
Event: 29.445 GC heap before
{Heap before GC invocations=4 (full 0):
 garbage-first heap   total 51200K, used 49248K [0x0000000083000000, 0x0000000100000000)
  region size 1024K, 26 young (26624K), 9 survivors (9216K)
 Metaspace       used 25746K, committed 26048K, reserved 1114112K
  class space    used 3520K, committed 3648K, reserved 1048576K
}
Event: 29.472 GC heap after
{Heap after GC invocations=5 (full 0):
 garbage-first heap   total 63488K, used 35425K [0x0000000083000000, 0x0000000100000000)
  region size 1024K, 3 young (3072K), 3 survivors (3072K)
 Metaspace       used 25746K, committed 26048K, reserved 1114112K
  class space    used 3520K, committed 3648K, reserved 1048576K
}
Event: 29.931 GC heap before
{Heap before GC invocations=5 (full 0):
 garbage-first heap   total 63488K, used 51809K [0x0000000083000000, 0x0000000100000000)
  region size 1024K, 20 young (20480K), 3 survivors (3072K)
 Metaspace       used 28849K, committed 29312K, reserved 1114112K
  class space    used 4007K, committed 4224K, reserved 1048576K
}
Event: 29.937 GC heap after
{Heap after GC invocations=6 (full 0):
 garbage-first heap   total 63488K, used 38375K [0x0000000083000000, 0x0000000100000000)
  region size 1024K, 3 young (3072K), 3 survivors (3072K)
 Metaspace       used 28849K, committed 29312K, reserved 1114112K
  class space    used 4007K, committed 4224K, reserved 1048576K
}
Event: 30.087 GC heap before
{Heap before GC invocations=6 (full 0):
 garbage-first heap   total 63488K, used 41447K [0x0000000083000000, 0x0000000100000000)
  region size 1024K, 7 young (7168K), 3 survivors (3072K)
 Metaspace       used 29172K, committed 29696K, reserved 1114112K
  class space    used 4042K, committed 4288K, reserved 1048576K
}
Event: 30.091 GC heap after
{Heap after GC invocations=7 (full 0):
 garbage-first heap   total 76800K, used 39265K [0x0000000083000000, 0x0000000100000000)
  region size 1024K, 2 young (2048K), 2 survivors (2048K)
 Metaspace       used 29172K, committed 29696K, reserved 1114112K
  class space    used 4042K, committed 4288K, reserved 1048576K
}
Event: 38.643 GC heap before
{Heap before GC invocations=8 (full 0):
 garbage-first heap   total 76800K, used 74081K [0x0000000083000000, 0x0000000100000000)
  region size 1024K, 22 young (22528K), 2 survivors (2048K)
 Metaspace       used 32101K, committed 32704K, reserved 1114112K
  class space    used 4361K, committed 4608K, reserved 1048576K
}
Event: 38.660 GC heap after
{Heap after GC invocations=9 (full 0):
 garbage-first heap   total 79872K, used 41569K [0x0000000083000000, 0x0000000100000000)
  region size 1024K, 3 young (3072K), 3 survivors (3072K)
 Metaspace       used 32101K, committed 32704K, reserved 1114112K
  class space    used 4361K, committed 4608K, reserved 1048576K
}
Event: 41.947 GC heap before
{Heap before GC invocations=9 (full 0):
 garbage-first heap   total 79872K, used 66145K [0x0000000083000000, 0x0000000100000000)
  region size 1024K, 28 young (28672K), 3 survivors (3072K)
 Metaspace       used 32700K, committed 33280K, reserved 1114112K
  class space    used 4382K, committed 4672K, reserved 1048576K
}
Event: 41.953 GC heap after
{Heap after GC invocations=10 (full 0):
 garbage-first heap   total 79872K, used 44346K [0x0000000083000000, 0x0000000100000000)
  region size 1024K, 4 young (4096K), 4 survivors (4096K)
 Metaspace       used 32700K, committed 33280K, reserved 1114112K
  class space    used 4382K, committed 4672K, reserved 1048576K
}
Event: 43.549 GC heap before
{Heap before GC invocations=10 (full 0):
 garbage-first heap   total 79872K, used 65850K [0x0000000083000000, 0x0000000100000000)
  region size 1024K, 26 young (26624K), 4 survivors (4096K)
 Metaspace       used 33156K, committed 33792K, reserved 1114112K
  class space    used 4400K, committed 4672K, reserved 1048576K
}
Event: 43.554 GC heap after
{Heap after GC invocations=11 (full 0):
 garbage-first heap   total 79872K, used 44993K [0x0000000083000000, 0x0000000100000000)
  region size 1024K, 3 young (3072K), 3 survivors (3072K)
 Metaspace       used 33156K, committed 33792K, reserved 1114112K
  class space    used 4400K, committed 4672K, reserved 1048576K
}
Event: 44.601 GC heap before
{Heap before GC invocations=12 (full 0):
 garbage-first heap   total 79872K, used 60353K [0x0000000083000000, 0x0000000100000000)
  region size 1024K, 27 young (27648K), 3 survivors (3072K)
 Metaspace       used 33308K, committed 33920K, reserved 1114112K
  class space    used 4404K, committed 4672K, reserved 1048576K
}
Event: 44.604 GC heap after
{Heap after GC invocations=13 (full 0):
 garbage-first heap   total 79872K, used 39302K [0x0000000083000000, 0x0000000100000000)
  region size 1024K, 4 young (4096K), 4 survivors (4096K)
 Metaspace       used 33308K, committed 33920K, reserved 1114112K
  class space    used 4404K, committed 4672K, reserved 1048576K
}

Dll operation events (20 events):
Event: 0.645 Loaded shared library C:\Users\zoryv\OneDrive\Робочий стіл\курсова\openjfx-21.0.1_windows-x64_bin-sdk (1)\javafx-sdk-21.0.1\bin\api-ms-win-crt-private-l1-1-0.dll
Event: 0.648 Loaded shared library C:\Users\zoryv\OneDrive\Робочий стіл\курсова\openjfx-21.0.1_windows-x64_bin-sdk (1)\javafx-sdk-21.0.1\bin\api-ms-win-crt-process-l1-1-0.dll
Event: 0.652 Loaded shared library C:\Users\zoryv\OneDrive\Робочий стіл\курсова\openjfx-21.0.1_windows-x64_bin-sdk (1)\javafx-sdk-21.0.1\bin\api-ms-win-crt-runtime-l1-1-0.dll
Event: 0.655 Loaded shared library C:\Users\zoryv\OneDrive\Робочий стіл\курсова\openjfx-21.0.1_windows-x64_bin-sdk (1)\javafx-sdk-21.0.1\bin\api-ms-win-crt-stdio-l1-1-0.dll
Event: 0.659 Loaded shared library C:\Users\zoryv\OneDrive\Робочий стіл\курсова\openjfx-21.0.1_windows-x64_bin-sdk (1)\javafx-sdk-21.0.1\bin\api-ms-win-crt-string-l1-1-0.dll
Event: 0.663 Loaded shared library C:\Users\zoryv\OneDrive\Робочий стіл\курсова\openjfx-21.0.1_windows-x64_bin-sdk (1)\javafx-sdk-21.0.1\bin\api-ms-win-crt-time-l1-1-0.dll
Event: 0.667 Loaded shared library C:\Users\zoryv\OneDrive\Робочий стіл\курсова\openjfx-21.0.1_windows-x64_bin-sdk (1)\javafx-sdk-21.0.1\bin\api-ms-win-crt-utility-l1-1-0.dll
Event: 0.671 Loaded shared library C:\Users\zoryv\OneDrive\Робочий стіл\курсова\openjfx-21.0.1_windows-x64_bin-sdk (1)\javafx-sdk-21.0.1\bin\ucrtbase.dll
Event: 0.674 Loaded shared library C:\Users\zoryv\OneDrive\Робочий стіл\курсова\openjfx-21.0.1_windows-x64_bin-sdk (1)\javafx-sdk-21.0.1\bin\vcruntime140.dll
Event: 0.678 Loaded shared library C:\Users\zoryv\OneDrive\Робочий стіл\курсова\openjfx-21.0.1_windows-x64_bin-sdk (1)\javafx-sdk-21.0.1\bin\vcruntime140_1.dll
Event: 0.682 Loaded shared library C:\Users\zoryv\OneDrive\Робочий стіл\курсова\openjfx-21.0.1_windows-x64_bin-sdk (1)\javafx-sdk-21.0.1\bin\msvcp140.dll
Event: 0.686 Loaded shared library C:\Users\zoryv\OneDrive\Робочий стіл\курсова\openjfx-21.0.1_windows-x64_bin-sdk (1)\javafx-sdk-21.0.1\bin\msvcp140_1.dll
Event: 0.689 Loaded shared library C:\Users\zoryv\OneDrive\Робочий стіл\курсова\openjfx-21.0.1_windows-x64_bin-sdk (1)\javafx-sdk-21.0.1\bin\msvcp140_2.dll
Event: 0.755 Loaded shared library C:\Users\zoryv\OneDrive\Робочий стіл\курсова\openjfx-21.0.1_windows-x64_bin-sdk (1)\javafx-sdk-21.0.1\bin\prism_d3d.dll
Event: 0.841 Loaded shared library C:\Users\zoryv\OneDrive\Робочий стіл\курсова\openjfx-21.0.1_windows-x64_bin-sdk (1)\javafx-sdk-21.0.1\bin\glass.dll
Event: 1.021 Loaded shared library C:\Users\zoryv\.jdks\openjdk-21.0.1\bin\jimage.dll
Event: 1.331 Loaded shared library C:\Users\zoryv\OneDrive\Робочий стіл\курсова\openjfx-21.0.1_windows-x64_bin-sdk (1)\javafx-sdk-21.0.1\bin\javafx_font.dll
Event: 27.663 Loaded shared library C:\Users\zoryv\.jdks\openjdk-21.0.1\bin\sunmscapi.dll
Event: 28.121 Loaded shared library C:\Users\zoryv\OneDrive\Робочий стіл\курсова\openjfx-21.0.1_windows-x64_bin-sdk (1)\javafx-sdk-21.0.1\bin\javafx_iio.dll
Event: 29.347 Loaded shared library C:\Users\zoryv\OneDrive\Робочий стіл\курсова\openjfx-21.0.1_windows-x64_bin-sdk (1)\javafx-sdk-21.0.1\bin\jfxwebkit.dll

Deoptimization events (20 events):
Event: 45.784 Thread 0x00000264fc231aa0 Uncommon trap: trap_request=0xffffffd6 fr.pc=0x00000264aa9aa818 relative=0x0000000000000338
Event: 45.784 Thread 0x00000264fc231aa0 Uncommon trap: reason=array_check action=maybe_recompile pc=0x00000264aa9aa818 method=javafx.css.CompoundSelector.applies(Ljavafx/css/Styleable;[Ljava/util/Set;I)Z @ 133 c2
Event: 45.784 Thread 0x00000264fc231aa0 DEOPT PACKING pc=0x00000264aa9aa818 sp=0x000000c1a85f7c40
Event: 45.784 Thread 0x00000264fc231aa0 DEOPT UNPACKING pc=0x00000264aa18469c sp=0x000000c1a85f7bc8 mode 2
Event: 45.784 Thread 0x00000264fc231aa0 Uncommon trap: trap_request=0xffffffd6 fr.pc=0x00000264aa9aa818 relative=0x0000000000000338
Event: 45.784 Thread 0x00000264fc231aa0 Uncommon trap: reason=array_check action=maybe_recompile pc=0x00000264aa9aa818 method=javafx.css.CompoundSelector.applies(Ljavafx/css/Styleable;[Ljava/util/Set;I)Z @ 133 c2
Event: 45.784 Thread 0x00000264fc231aa0 DEOPT PACKING pc=0x00000264aa9aa818 sp=0x000000c1a85f7bc0
Event: 45.784 Thread 0x00000264fc231aa0 DEOPT UNPACKING pc=0x00000264aa18469c sp=0x000000c1a85f7b48 mode 2
Event: 45.784 Thread 0x00000264fc231aa0 Uncommon trap: trap_request=0xffffffd6 fr.pc=0x00000264aa9aa818 relative=0x0000000000000338
Event: 45.784 Thread 0x00000264fc231aa0 Uncommon trap: reason=array_check action=maybe_recompile pc=0x00000264aa9aa818 method=javafx.css.CompoundSelector.applies(Ljavafx/css/Styleable;[Ljava/util/Set;I)Z @ 133 c2
Event: 45.784 Thread 0x00000264fc231aa0 DEOPT PACKING pc=0x00000264aa9aa818 sp=0x000000c1a85f7ac0
Event: 45.784 Thread 0x00000264fc231aa0 DEOPT UNPACKING pc=0x00000264aa18469c sp=0x000000c1a85f7a48 mode 2
Event: 46.103 Thread 0x000002649761c270 Uncommon trap: trap_request=0xffffffde fr.pc=0x00000264aa849520 relative=0x0000000000001060
Event: 46.103 Thread 0x000002649761c270 Uncommon trap: reason=class_check action=maybe_recompile pc=0x00000264aa849520 method=java.util.HashMap.putVal(ILjava/lang/Object;Ljava/lang/Object;ZZ)Ljava/lang/Object; @ 91 c2
Event: 46.103 Thread 0x000002649761c270 DEOPT PACKING pc=0x00000264aa849520 sp=0x000000c1aaafd640
Event: 46.103 Thread 0x000002649761c270 DEOPT UNPACKING pc=0x00000264aa18469c sp=0x000000c1aaafd588 mode 2
Event: 46.103 Thread 0x000002649761c270 Uncommon trap: trap_request=0xffffffde fr.pc=0x00000264aa849520 relative=0x0000000000001060
Event: 46.103 Thread 0x000002649761c270 Uncommon trap: reason=class_check action=maybe_recompile pc=0x00000264aa849520 method=java.util.HashMap.putVal(ILjava/lang/Object;Ljava/lang/Object;ZZ)Ljava/lang/Object; @ 91 c2
Event: 46.103 Thread 0x000002649761c270 DEOPT PACKING pc=0x00000264aa849520 sp=0x000000c1aaafd640
Event: 46.104 Thread 0x000002649761c270 DEOPT UNPACKING pc=0x00000264aa18469c sp=0x000000c1aaafd588 mode 2

Classes loaded (20 events):
Event: 43.309 Loading class sun/security/ssl/PreSharedKeyExtension$CHPreSharedKeySpec
Event: 43.309 Loading class sun/security/ssl/PreSharedKeyExtension$CHPreSharedKeySpec done
Event: 43.309 Loading class sun/security/ssl/PreSharedKeyExtension$PartialClientHelloMessage
Event: 43.310 Loading class sun/security/ssl/PreSharedKeyExtension$PartialClientHelloMessage done
Event: 43.614 Loading class sun/security/ssl/Alert
Event: 43.614 Loading class sun/security/ssl/Alert done
Event: 43.618 Loading class sun/security/ssl/Alert$AlertConsumer
Event: 43.618 Loading class sun/security/ssl/Alert$AlertConsumer done
Event: 43.618 Loading class sun/security/ssl/Alert$Level
Event: 43.618 Loading class sun/security/ssl/Alert$Level done
Event: 43.898 Loading class sun/security/ssl/PreSharedKeyExtension$SHPreSharedKeySpec
Event: 43.899 Loading class sun/security/ssl/PreSharedKeyExtension$SHPreSharedKeySpec done
Event: 44.137 Loading class java/util/concurrent/CompletionException
Event: 44.137 Loading class java/util/concurrent/CompletionException done
Event: 46.637 Loading class java/lang/Throwable$WrappedPrintStream
Event: 46.637 Loading class java/lang/Throwable$PrintStreamOrWriter
Event: 46.637 Loading class java/lang/Throwable$PrintStreamOrWriter done
Event: 46.637 Loading class java/lang/Throwable$WrappedPrintStream done
Event: 96.729 Loading class jdk/internal/misc/Signal$1
Event: 96.730 Loading class jdk/internal/misc/Signal$1 done

Classes unloaded (0 events):
No events

Classes redefined (0 events):
No events

Internal exceptions (20 events):
Event: 41.070 Thread 0x00000264fc231aa0 Exception <a 'java/io/FileNotFoundException'{0x000000008ad53470}> (0x000000008ad53470) 
thrown [s\open\src\hotspot\share\prims\jni.cpp, line 520]
Event: 42.857 Thread 0x000002648cc23fb0 Implicit null exception at 0x00000264a36b89b7 to 0x00000264a36b95b4
Event: 42.857 Thread 0x000002648cc23fb0 Exception <a 'java/lang/NullPointerException'{0x00000000871b4c48}> (0x00000000871b4c48) 
thrown [s\open\src\hotspot\share\runtime\sharedRuntime.cpp, line 625]
Event: 42.934 Thread 0x000002648cc23fb0 Implicit null exception at 0x00000264a36b89b7 to 0x00000264a36b95b4
Event: 42.934 Thread 0x000002648cc23fb0 Exception <a 'java/lang/NullPointerException'{0x0000000086707798}> (0x0000000086707798) 
thrown [s\open\src\hotspot\share\runtime\sharedRuntime.cpp, line 625]
Event: 43.277 Thread 0x000002648cc23fb0 Implicit null exception at 0x00000264a36b89b7 to 0x00000264a36b95b4
Event: 43.277 Thread 0x000002648cc23fb0 Exception <a 'java/lang/NullPointerException'{0x0000000086569f40}> (0x0000000086569f40) 
thrown [s\open\src\hotspot\share\runtime\sharedRuntime.cpp, line 625]
Event: 43.416 Thread 0x00000264956596a0 Exception <a 'java/lang/NoSuchMethodError'{0x00000000863650f0}: 'void java.lang.invoke.DirectMethodHandle$Holder.invokeSpecial(java.lang.Object, java.lang.Object, java.lang.Object, java.lang.Object, java.lang.Object, java.lang.Object, java.lang.Object)'> (0x00000000863650f0) 
thrown [s\open\src\hotspot\share\interpreter\linkResolver.cpp, line 773]
Event: 43.820 Thread 0x000002649761c270 Implicit null exception at 0x00000264a36b89b7 to 0x00000264a36b95b4
Event: 43.820 Thread 0x000002649761c270 Exception <a 'java/lang/NullPointerException'{0x00000000865ddcb8}> (0x00000000865ddcb8) 
thrown [s\open\src\hotspot\share\runtime\sharedRuntime.cpp, line 625]
Event: 44.527 Thread 0x00000264ff22e020 Implicit null exception at 0x00000264a36b89b7 to 0x00000264a36b95b4
Event: 44.527 Thread 0x00000264ff22e020 Exception <a 'java/lang/NullPointerException'{0x0000000085b645f8}> (0x0000000085b645f8) 
thrown [s\open\src\hotspot\share\runtime\sharedRuntime.cpp, line 625]
Event: 44.692 Thread 0x00000264956596a0 Implicit null exception at 0x00000264a36b89b7 to 0x00000264a36b95b4
Event: 44.692 Thread 0x00000264956596a0 Exception <a 'java/lang/NullPointerException'{0x000000008ac0f718}> (0x000000008ac0f718) 
thrown [s\open\src\hotspot\share\runtime\sharedRuntime.cpp, line 625]
Event: 45.203 Thread 0x000002649761c270 Implicit null exception at 0x00000264a36b89b7 to 0x00000264a36b95b4
Event: 45.203 Thread 0x000002649761c270 Exception <a 'java/lang/NullPointerException'{0x00000000875bba48}> (0x00000000875bba48) 
thrown [s\open\src\hotspot\share\runtime\sharedRuntime.cpp, line 625]
Event: 45.216 Thread 0x000002649761c270 Implicit null exception at 0x00000264a36b89b7 to 0x00000264a36b95b4
Event: 45.216 Thread 0x000002649761c270 Exception <a 'java/lang/NullPointerException'{0x000000008740b958}> (0x000000008740b958) 
thrown [s\open\src\hotspot\share\runtime\sharedRuntime.cpp, line 625]
Event: 45.634 Thread 0x00000264fc231aa0 Exception <a 'sun/nio/fs/WindowsException'{0x000000008728c980}> (0x000000008728c980) 
thrown [s\open\src\hotspot\share\prims\jni.cpp, line 520]
Event: 45.635 Thread 0x00000264fc231aa0 Exception <a 'sun/nio/fs/WindowsException'{0x000000008728ec50}> (0x000000008728ec50) 
thrown [s\open\src\hotspot\share\prims\jni.cpp, line 520]

ZGC Phase Switch (0 events):
No events

VM Operations (20 events):
Event: 44.600 Executing VM operation: G1CollectForAllocation (G1 Evacuation Pause) done
Event: 44.601 Executing VM operation: G1CollectForAllocation (GCLocker Initiated GC)
Event: 44.604 Executing VM operation: G1CollectForAllocation (GCLocker Initiated GC) done
Event: 45.605 Executing VM operation: Cleanup
Event: 45.605 Executing VM operation: Cleanup done
Event: 46.605 Executing VM operation: Cleanup
Event: 46.606 Executing VM operation: Cleanup done
Event: 48.606 Executing VM operation: Cleanup
Event: 48.606 Executing VM operation: Cleanup done
Event: 50.607 Executing VM operation: Cleanup
Event: 50.607 Executing VM operation: Cleanup done
Event: 60.145 Executing VM operation: HandshakeAllThreads (HandshakeForDeflation)
Event: 60.145 Executing VM operation: HandshakeAllThreads (HandshakeForDeflation) done
Event: 60.145 Executing VM operation: RendezvousGCThreads
Event: 60.145 Executing VM operation: RendezvousGCThreads done
Event: 73.165 Executing VM operation: Cleanup
Event: 73.165 Executing VM operation: Cleanup done
Event: 74.165 Executing VM operation: Cleanup
Event: 74.165 Executing VM operation: Cleanup done
Event: 96.751 Executing VM operation: Exit

Events (20 events):
Event: 44.224 Thread 0x0000026497431a40 Thread exited: 0x0000026497431a40
Event: 44.234 Thread 0x0000026497431a40 Thread added: 0x0000026497431a40
Event: 44.234 Thread 0x0000026497431a40 Thread exited: 0x0000026497431a40
Event: 44.235 Thread 0x0000026497431a40 Thread added: 0x0000026497431a40
Event: 44.235 Thread 0x0000026497431a40 Thread exited: 0x0000026497431a40
Event: 44.364 Thread 0x0000026495af0bb0 Thread added: 0x0000026495af0bb0
Event: 45.603 Thread 0x0000026495af0bb0 Thread exited: 0x0000026495af0bb0
Event: 45.722 Thread 0x0000026495af0bb0 Thread added: 0x0000026495af0bb0
Event: 46.639 Thread 0x0000026495af0bb0 Thread exited: 0x0000026495af0bb0
Event: 48.538 Thread 0x0000026540233080 Thread added: 0x0000026540233080
Event: 48.538 Thread 0x0000026540233080 Thread exited: 0x0000026540233080
Event: 96.730 Thread 0x000002654022c780 Thread added: 0x000002654022c780
Event: 96.732 Thread 0x000002654022eee0 Thread added: 0x000002654022eee0
Event: 96.733 Thread 0x00000265402329f0 Thread added: 0x00000265402329f0
Event: 96.733 Thread 0x000002654022f570 Thread added: 0x000002654022f570
Event: 96.733 Thread 0x0000026540232360 Thread added: 0x0000026540232360
Event: 96.736 Thread 0x00000265402329f0 Thread exited: 0x00000265402329f0
Event: 96.738 Thread 0x0000026540232360 Thread exited: 0x0000026540232360
Event: 96.739 Thread 0x000002654022eee0 Thread exited: 0x000002654022eee0
Event: 96.751 Thread 0x00000264b67eb990 Thread exited: 0x00000264b67eb990


Dynamic libraries:
0x00007ff652600000 - 0x00007ff65260e000 	C:\Users\zoryv\.jdks\openjdk-21.0.1\bin\java.exe
0x00007ffedbd10000 - 0x00007ffedbf26000 	C:\WINDOWS\SYSTEM32\ntdll.dll
0x00007ffed9a40000 - 0x00007ffed9b04000 	C:\WINDOWS\System32\KERNEL32.DLL
0x00007ffed90d0000 - 0x00007ffed9477000 	C:\WINDOWS\System32\KERNELBASE.dll
0x00007ffed9920000 - 0x00007ffed9a31000 	C:\WINDOWS\System32\ucrtbase.dll
0x00007ffecf280000 - 0x00007ffecf298000 	C:\Users\zoryv\.jdks\openjdk-21.0.1\bin\jli.dll
0x00007ffec9320000 - 0x00007ffec933b000 	C:\Users\zoryv\.jdks\openjdk-21.0.1\bin\VCRUNTIME140.dll
0x00007ffedab90000 - 0x00007ffedad3e000 	C:\WINDOWS\System32\USER32.dll
0x00007ffed9710000 - 0x00007ffed9736000 	C:\WINDOWS\System32\win32u.dll
0x00007ffeda700000 - 0x00007ffeda729000 	C:\WINDOWS\System32\GDI32.dll
0x00007ffeaefc0000 - 0x00007ffeaf253000 	C:\WINDOWS\WinSxS\amd64_microsoft.windows.common-controls_6595b64144ccf1df_6.0.22621.3235_none_270f74e173860f98\COMCTL32.dll
0x00007ffed9b10000 - 0x00007ffed9bb7000 	C:\WINDOWS\System32\msvcrt.dll
0x00007ffed9540000 - 0x00007ffed9659000 	C:\WINDOWS\System32\gdi32full.dll
0x00007ffed9030000 - 0x00007ffed90ca000 	C:\WINDOWS\System32\msvcp_win.dll
0x00007ffeda5f0000 - 0x00007ffeda621000 	C:\WINDOWS\System32\IMM32.DLL
0x00007ffec9310000 - 0x00007ffec931c000 	C:\Users\zoryv\.jdks\openjdk-21.0.1\bin\vcruntime140_1.dll
0x00007ffe79390000 - 0x00007ffe7941e000 	C:\Users\zoryv\.jdks\openjdk-21.0.1\bin\msvcp140.dll
0x00007ffe725c0000 - 0x00007ffe732d5000 	C:\Users\zoryv\.jdks\openjdk-21.0.1\bin\server\jvm.dll
0x00007ffedbb10000 - 0x00007ffedbbc2000 	C:\WINDOWS\System32\ADVAPI32.dll
0x00007ffedaee0000 - 0x00007ffedaf88000 	C:\WINDOWS\System32\sechost.dll
0x00007ffed9660000 - 0x00007ffed9688000 	C:\WINDOWS\System32\bcrypt.dll
0x00007ffeda9e0000 - 0x00007ffedaaf5000 	C:\WINDOWS\System32\RPCRT4.dll
0x00007ffeda500000 - 0x00007ffeda571000 	C:\WINDOWS\System32\WS2_32.dll
0x00007ffed8f00000 - 0x00007ffed8f4d000 	C:\WINDOWS\SYSTEM32\POWRPROF.dll
0x00007ffecf230000 - 0x00007ffecf264000 	C:\WINDOWS\SYSTEM32\WINMM.dll
0x00007ffec8cc0000 - 0x00007ffec8cca000 	C:\WINDOWS\SYSTEM32\VERSION.dll
0x00007ffed8e30000 - 0x00007ffed8e43000 	C:\WINDOWS\SYSTEM32\UMPDC.dll
0x00007ffed8070000 - 0x00007ffed8088000 	C:\WINDOWS\SYSTEM32\kernel.appcore.dll
0x00007ffed38f0000 - 0x00007ffed38fa000 	C:\Users\zoryv\.jdks\openjdk-21.0.1\bin\jimage.dll
0x00007ffed6b20000 - 0x00007ffed6d53000 	C:\WINDOWS\SYSTEM32\DBGHELP.DLL
0x00007ffedaf90000 - 0x00007ffedb318000 	C:\WINDOWS\System32\combase.dll
0x00007ffed9bc0000 - 0x00007ffed9c97000 	C:\WINDOWS\System32\OLEAUT32.dll
0x00007ffebb080000 - 0x00007ffebb0b2000 	C:\WINDOWS\SYSTEM32\dbgcore.DLL
0x00007ffed9690000 - 0x00007ffed9709000 	C:\WINDOWS\System32\bcryptPrimitives.dll
0x00007ffed3a20000 - 0x00007ffed3a2f000 	C:\Users\zoryv\.jdks\openjdk-21.0.1\bin\instrument.dll
0x00007ffed2690000 - 0x00007ffed26af000 	C:\Users\zoryv\.jdks\openjdk-21.0.1\bin\java.dll
0x00007ffed9ca0000 - 0x00007ffeda4fc000 	C:\WINDOWS\System32\SHELL32.dll
0x00007ffed6f90000 - 0x00007ffed7889000 	C:\WINDOWS\SYSTEM32\windows.storage.dll
0x00007ffed6e50000 - 0x00007ffed6f8e000 	C:\WINDOWS\SYSTEM32\wintypes.dll
0x00007ffeda8e0000 - 0x00007ffeda9d3000 	C:\WINDOWS\System32\SHCORE.dll
0x00007ffeda6a0000 - 0x00007ffeda6fe000 	C:\WINDOWS\System32\shlwapi.dll
0x00007ffed8f60000 - 0x00007ffed8f81000 	C:\WINDOWS\SYSTEM32\profapi.dll
0x00007ffe79510000 - 0x00007ffe795e7000 	C:\Users\zoryv\.jdks\openjdk-21.0.1\bin\jsvml.dll
0x00007ffed38e0000 - 0x00007ffed38f0000 	C:\Users\zoryv\.jdks\openjdk-21.0.1\bin\net.dll
0x00007ffed0d00000 - 0x00007ffed0e36000 	C:\WINDOWS\SYSTEM32\WINHTTP.dll
0x00007ffed84e0000 - 0x00007ffed8549000 	C:\WINDOWS\system32\mswsock.dll
0x00007ffec90a0000 - 0x00007ffec90b6000 	C:\Users\zoryv\.jdks\openjdk-21.0.1\bin\nio.dll
0x00007ffec9350000 - 0x00007ffec9368000 	C:\Users\zoryv\.jdks\openjdk-21.0.1\bin\zip.dll
0x00007ffed39d0000 - 0x00007ffed39ea000 	C:\Program Files\JetBrains\IntelliJ IDEA 2023.2.1\bin\breakgen64.dll
0x000002649a700000 - 0x000002649a703000 	C:\Users\zoryv\OneDrive\Робочий стіл\курсова\openjfx-21.0.1_windows-x64_bin-sdk (1)\javafx-sdk-21.0.1\bin\api-ms-win-core-console-l1-1-0.dll
0x000002649a710000 - 0x000002649a713000 	C:\Users\zoryv\OneDrive\Робочий стіл\курсова\openjfx-21.0.1_windows-x64_bin-sdk (1)\javafx-sdk-21.0.1\bin\api-ms-win-core-console-l1-2-0.dll
0x000002649a720000 - 0x000002649a723000 	C:\Users\zoryv\OneDrive\Робочий стіл\курсова\openjfx-21.0.1_windows-x64_bin-sdk (1)\javafx-sdk-21.0.1\bin\api-ms-win-core-datetime-l1-1-0.dll
0x000002649a730000 - 0x000002649a733000 	C:\Users\zoryv\OneDrive\Робочий стіл\курсова\openjfx-21.0.1_windows-x64_bin-sdk (1)\javafx-sdk-21.0.1\bin\api-ms-win-core-debug-l1-1-0.dll
0x000002649a740000 - 0x000002649a743000 	C:\Users\zoryv\OneDrive\Робочий стіл\курсова\openjfx-21.0.1_windows-x64_bin-sdk (1)\javafx-sdk-21.0.1\bin\api-ms-win-core-errorhandling-l1-1-0.dll
0x000002649a750000 - 0x000002649a754000 	C:\Users\zoryv\OneDrive\Робочий стіл\курсова\openjfx-21.0.1_windows-x64_bin-sdk (1)\javafx-sdk-21.0.1\bin\api-ms-win-core-file-l1-1-0.dll
0x000002649a760000 - 0x000002649a763000 	C:\Users\zoryv\OneDrive\Робочий стіл\курсова\openjfx-21.0.1_windows-x64_bin-sdk (1)\javafx-sdk-21.0.1\bin\api-ms-win-core-file-l1-2-0.dll
0x000002649a770000 - 0x000002649a773000 	C:\Users\zoryv\OneDrive\Робочий стіл\курсова\openjfx-21.0.1_windows-x64_bin-sdk (1)\javafx-sdk-21.0.1\bin\api-ms-win-core-file-l2-1-0.dll
0x00000264b6d50000 - 0x00000264b6d53000 	C:\Users\zoryv\OneDrive\Робочий стіл\курсова\openjfx-21.0.1_windows-x64_bin-sdk (1)\javafx-sdk-21.0.1\bin\api-ms-win-core-handle-l1-1-0.dll
0x00000264b6d60000 - 0x00000264b6d63000 	C:\Users\zoryv\OneDrive\Робочий стіл\курсова\openjfx-21.0.1_windows-x64_bin-sdk (1)\javafx-sdk-21.0.1\bin\api-ms-win-core-heap-l1-1-0.dll
0x00000264b6d70000 - 0x00000264b6d73000 	C:\Users\zoryv\OneDrive\Робочий стіл\курсова\openjfx-21.0.1_windows-x64_bin-sdk (1)\javafx-sdk-21.0.1\bin\api-ms-win-core-interlocked-l1-1-0.dll
0x00000264b6d80000 - 0x00000264b6d83000 	C:\Users\zoryv\OneDrive\Робочий стіл\курсова\openjfx-21.0.1_windows-x64_bin-sdk (1)\javafx-sdk-21.0.1\bin\api-ms-win-core-libraryloader-l1-1-0.dll
0x00000264b6d90000 - 0x00000264b6d93000 	C:\Users\zoryv\OneDrive\Робочий стіл\курсова\openjfx-21.0.1_windows-x64_bin-sdk (1)\javafx-sdk-21.0.1\bin\api-ms-win-core-localization-l1-2-0.dll
0x00000264b6da0000 - 0x00000264b6da3000 	C:\Users\zoryv\OneDrive\Робочий стіл\курсова\openjfx-21.0.1_windows-x64_bin-sdk (1)\javafx-sdk-21.0.1\bin\api-ms-win-core-memory-l1-1-0.dll
0x00000264b6db0000 - 0x00000264b6db3000 	C:\Users\zoryv\OneDrive\Робочий стіл\курсова\openjfx-21.0.1_windows-x64_bin-sdk (1)\javafx-sdk-21.0.1\bin\api-ms-win-core-namedpipe-l1-1-0.dll
0x00000264b6dc0000 - 0x00000264b6dc3000 	C:\Users\zoryv\OneDrive\Робочий стіл\курсова\openjfx-21.0.1_windows-x64_bin-sdk (1)\javafx-sdk-21.0.1\bin\api-ms-win-core-processenvironment-l1-1-0.dll
0x00000264b6dd0000 - 0x00000264b6dd3000 	C:\Users\zoryv\OneDrive\Робочий стіл\курсова\openjfx-21.0.1_windows-x64_bin-sdk (1)\javafx-sdk-21.0.1\bin\api-ms-win-core-processthreads-l1-1-0.dll
0x00000264b6de0000 - 0x00000264b6de3000 	C:\Users\zoryv\OneDrive\Робочий стіл\курсова\openjfx-21.0.1_windows-x64_bin-sdk (1)\javafx-sdk-21.0.1\bin\api-ms-win-core-processthreads-l1-1-1.dll
0x00000264b6df0000 - 0x00000264b6df3000 	C:\Users\zoryv\OneDrive\Робочий стіл\курсова\openjfx-21.0.1_windows-x64_bin-sdk (1)\javafx-sdk-21.0.1\bin\api-ms-win-core-profile-l1-1-0.dll
0x00000264b6e00000 - 0x00000264b6e03000 	C:\Users\zoryv\OneDrive\Робочий стіл\курсова\openjfx-21.0.1_windows-x64_bin-sdk (1)\javafx-sdk-21.0.1\bin\api-ms-win-core-rtlsupport-l1-1-0.dll
0x00000264b6e10000 - 0x00000264b6e13000 	C:\Users\zoryv\OneDrive\Робочий стіл\курсова\openjfx-21.0.1_windows-x64_bin-sdk (1)\javafx-sdk-21.0.1\bin\api-ms-win-core-string-l1-1-0.dll
0x00000264b6e20000 - 0x00000264b6e23000 	C:\Users\zoryv\OneDrive\Робочий стіл\курсова\openjfx-21.0.1_windows-x64_bin-sdk (1)\javafx-sdk-21.0.1\bin\api-ms-win-core-synch-l1-1-0.dll
0x00000264b6e30000 - 0x00000264b6e33000 	C:\Users\zoryv\OneDrive\Робочий стіл\курсова\openjfx-21.0.1_windows-x64_bin-sdk (1)\javafx-sdk-21.0.1\bin\api-ms-win-core-synch-l1-2-0.dll
0x00000264b6e40000 - 0x00000264b6e43000 	C:\Users\zoryv\OneDrive\Робочий стіл\курсова\openjfx-21.0.1_windows-x64_bin-sdk (1)\javafx-sdk-21.0.1\bin\api-ms-win-core-sysinfo-l1-1-0.dll
0x00000264b6e50000 - 0x00000264b6e53000 	C:\Users\zoryv\OneDrive\Робочий стіл\курсова\openjfx-21.0.1_windows-x64_bin-sdk (1)\javafx-sdk-21.0.1\bin\api-ms-win-core-timezone-l1-1-0.dll
0x00000264b6e60000 - 0x00000264b6e63000 	C:\Users\zoryv\OneDrive\Робочий стіл\курсова\openjfx-21.0.1_windows-x64_bin-sdk (1)\javafx-sdk-21.0.1\bin\api-ms-win-core-util-l1-1-0.dll
0x00000264b6e70000 - 0x00000264b6e73000 	C:\Users\zoryv\OneDrive\Робочий стіл\курсова\openjfx-21.0.1_windows-x64_bin-sdk (1)\javafx-sdk-21.0.1\bin\api-ms-win-crt-conio-l1-1-0.dll
0x00000264b6e80000 - 0x00000264b6e84000 	C:\Users\zoryv\OneDrive\Робочий стіл\курсова\openjfx-21.0.1_windows-x64_bin-sdk (1)\javafx-sdk-21.0.1\bin\api-ms-win-crt-convert-l1-1-0.dll
0x00000264b6e90000 - 0x00000264b6e93000 	C:\Users\zoryv\OneDrive\Робочий стіл\курсова\openjfx-21.0.1_windows-x64_bin-sdk (1)\javafx-sdk-21.0.1\bin\api-ms-win-crt-environment-l1-1-0.dll
0x00000264b6ea0000 - 0x00000264b6ea3000 	C:\Users\zoryv\OneDrive\Робочий стіл\курсова\openjfx-21.0.1_windows-x64_bin-sdk (1)\javafx-sdk-21.0.1\bin\api-ms-win-crt-filesystem-l1-1-0.dll
0x00000264b6eb0000 - 0x00000264b6eb3000 	C:\Users\zoryv\OneDrive\Робочий стіл\курсова\openjfx-21.0.1_windows-x64_bin-sdk (1)\javafx-sdk-21.0.1\bin\api-ms-win-crt-heap-l1-1-0.dll
0x00000264b6ec0000 - 0x00000264b6ec3000 	C:\Users\zoryv\OneDrive\Робочий стіл\курсова\openjfx-21.0.1_windows-x64_bin-sdk (1)\javafx-sdk-21.0.1\bin\api-ms-win-crt-locale-l1-1-0.dll
0x00000264b6ed0000 - 0x00000264b6ed5000 	C:\Users\zoryv\OneDrive\Робочий стіл\курсова\openjfx-21.0.1_windows-x64_bin-sdk (1)\javafx-sdk-21.0.1\bin\api-ms-win-crt-math-l1-1-0.dll
0x00000264b6ee0000 - 0x00000264b6ee5000 	C:\Users\zoryv\OneDrive\Робочий стіл\курсова\openjfx-21.0.1_windows-x64_bin-sdk (1)\javafx-sdk-21.0.1\bin\api-ms-win-crt-multibyte-l1-1-0.dll
0x00000264b6ef0000 - 0x00000264b6f00000 	C:\Users\zoryv\OneDrive\Робочий стіл\курсова\openjfx-21.0.1_windows-x64_bin-sdk (1)\javafx-sdk-21.0.1\bin\api-ms-win-crt-private-l1-1-0.dll
0x00000264b6f00000 - 0x00000264b6f03000 	C:\Users\zoryv\OneDrive\Робочий стіл\курсова\openjfx-21.0.1_windows-x64_bin-sdk (1)\javafx-sdk-21.0.1\bin\api-ms-win-crt-process-l1-1-0.dll
0x00000264b6f10000 - 0x00000264b6f14000 	C:\Users\zoryv\OneDrive\Робочий стіл\курсова\openjfx-21.0.1_windows-x64_bin-sdk (1)\javafx-sdk-21.0.1\bin\api-ms-win-crt-runtime-l1-1-0.dll
0x00000264b6f20000 - 0x00000264b6f24000 	C:\Users\zoryv\OneDrive\Робочий стіл\курсова\openjfx-21.0.1_windows-x64_bin-sdk (1)\javafx-sdk-21.0.1\bin\api-ms-win-crt-stdio-l1-1-0.dll
0x00000264b6f30000 - 0x00000264b6f34000 	C:\Users\zoryv\OneDrive\Робочий стіл\курсова\openjfx-21.0.1_windows-x64_bin-sdk (1)\javafx-sdk-21.0.1\bin\api-ms-win-crt-string-l1-1-0.dll
0x00000264b6f40000 - 0x00000264b6f43000 	C:\Users\zoryv\OneDrive\Робочий стіл\курсова\openjfx-21.0.1_windows-x64_bin-sdk (1)\javafx-sdk-21.0.1\bin\api-ms-win-crt-time-l1-1-0.dll
0x00000264b6f50000 - 0x00000264b6f53000 	C:\Users\zoryv\OneDrive\Робочий стіл\курсова\openjfx-21.0.1_windows-x64_bin-sdk (1)\javafx-sdk-21.0.1\bin\api-ms-win-crt-utility-l1-1-0.dll
0x00007ffea55c0000 - 0x00007ffea56bc000 	C:\Users\zoryv\OneDrive\Робочий стіл\курсова\openjfx-21.0.1_windows-x64_bin-sdk (1)\javafx-sdk-21.0.1\bin\ucrtbase.dll
0x00007ffecf2a0000 - 0x00007ffecf2bb000 	C:\Users\zoryv\OneDrive\Робочий стіл\курсова\openjfx-21.0.1_windows-x64_bin-sdk (1)\javafx-sdk-21.0.1\bin\vcruntime140.dll
0x00007ffed3a10000 - 0x00007ffed3a1c000 	C:\Users\zoryv\OneDrive\Робочий стіл\курсова\openjfx-21.0.1_windows-x64_bin-sdk (1)\javafx-sdk-21.0.1\bin\vcruntime140_1.dll
0x00007ffea5530000 - 0x00007ffea55be000 	C:\Users\zoryv\OneDrive\Робочий стіл\курсова\openjfx-21.0.1_windows-x64_bin-sdk (1)\javafx-sdk-21.0.1\bin\msvcp140.dll
0x00007ffeda730000 - 0x00007ffeda8d5000 	C:\WINDOWS\System32\ole32.dll
0x00007ffed0310000 - 0x00007ffed0319000 	C:\Users\zoryv\OneDrive\Робочий стіл\курсова\openjfx-21.0.1_windows-x64_bin-sdk (1)\javafx-sdk-21.0.1\bin\msvcp140_1.dll
0x00007ffec6c80000 - 0x00007ffec6caf000 	C:\Users\zoryv\OneDrive\Робочий стіл\курсова\openjfx-21.0.1_windows-x64_bin-sdk (1)\javafx-sdk-21.0.1\bin\msvcp140_2.dll
0x00007ffebe3d0000 - 0x00007ffebe3ff000 	C:\Users\zoryv\OneDrive\Робочий стіл\курсова\openjfx-21.0.1_windows-x64_bin-sdk (1)\javafx-sdk-21.0.1\bin\prism_d3d.dll
0x00007ffea5380000 - 0x00007ffea5529000 	C:\WINDOWS\system32\d3d9.dll
0x00007ffed63b0000 - 0x00007ffed63db000 	C:\WINDOWS\SYSTEM32\dwmapi.dll
0x00007ffed63e0000 - 0x00007ffed6419000 	C:\WINDOWS\SYSTEM32\dxcore.dll
0x00007ffed6170000 - 0x00007ffed621b000 	C:\WINDOWS\system32\uxtheme.dll
0x00007ffed2470000 - 0x00007ffed24ba000 	C:\WINDOWS\SYSTEM32\directxdatabasehelper.dll
0x00007ffebe380000 - 0x00007ffebe3c2000 	C:\Users\zoryv\OneDrive\Робочий стіл\курсова\openjfx-21.0.1_windows-x64_bin-sdk (1)\javafx-sdk-21.0.1\bin\glass.dll
0x00007ffedbbd0000 - 0x00007ffedbcc9000 	C:\WINDOWS\System32\COMDLG32.dll
0x00007ffedb990000 - 0x00007ffedbae3000 	C:\WINDOWS\System32\MSCTF.dll
0x00007ffec6c10000 - 0x00007ffec6c24000 	C:\Users\zoryv\OneDrive\Робочий стіл\курсова\openjfx-21.0.1_windows-x64_bin-sdk (1)\javafx-sdk-21.0.1\bin\javafx_font.dll
0x00007ffed43a0000 - 0x00007ffed4614000 	C:\WINDOWS\SYSTEM32\dwrite.dll
0x00007ffedae30000 - 0x00007ffedaee0000 	C:\WINDOWS\System32\clbcatq.dll
0x00007ffed4080000 - 0x00007ffed4230000 	C:\WINDOWS\SYSTEM32\WindowsCodecs.dll
0x00007ffeace70000 - 0x00007ffeacece000 	C:\WINDOWS\system32\dataexchange.dll
0x00007ffecfa90000 - 0x00007ffecfd1e000 	C:\WINDOWS\system32\twinapi.appcore.dll
0x00007ffebe100000 - 0x00007ffebe132000 	C:\Program Files\Common Files\Microsoft Shared\Ink\rtscom.dll
0x00007ffeb16d0000 - 0x00007ffeb181a000 	C:\WINDOWS\SYSTEM32\textinputframework.dll
0x00007ffed5630000 - 0x00007ffed5764000 	C:\WINDOWS\SYSTEM32\CoreMessaging.dll
0x00007ffed1c90000 - 0x00007ffed1ffc000 	C:\WINDOWS\SYSTEM32\CoreUIComponents.dll
0x00007ffed8740000 - 0x00007ffed874c000 	C:\WINDOWS\SYSTEM32\CRYPTBASE.DLL
0x00007ffed7b60000 - 0x00007ffed7c59000 	C:\WINDOWS\SYSTEM32\DNSAPI.dll
0x00007ffed7af0000 - 0x00007ffed7b1d000 	C:\WINDOWS\SYSTEM32\IPHLPAPI.DLL
0x00007ffedab80000 - 0x00007ffedab89000 	C:\WINDOWS\System32\NSI.dll
0x00007ffecfe80000 - 0x00007ffecfe8a000 	C:\Windows\System32\rasadhlp.dll
0x00007ffecec30000 - 0x00007ffececb3000 	C:\WINDOWS\System32\fwpuclnt.dll
0x00007ffed8750000 - 0x00007ffed876b000 	C:\WINDOWS\SYSTEM32\CRYPTSP.dll
0x00007ffed7fd0000 - 0x00007ffed8005000 	C:\WINDOWS\system32\rsaenh.dll
0x00007ffed85e0000 - 0x00007ffed8608000 	C:\WINDOWS\SYSTEM32\USERENV.dll
0x00007ffec90c0000 - 0x00007ffec90ce000 	C:\Users\zoryv\.jdks\openjdk-21.0.1\bin\sunmscapi.dll
0x00007ffed97b0000 - 0x00007ffed9917000 	C:\WINDOWS\System32\CRYPT32.dll
0x00007ffed88e0000 - 0x00007ffed890e000 	C:\WINDOWS\SYSTEM32\ncrypt.dll

dbghelp: loaded successfully - version: 4.0.5 - missing functions: none
symbol engine: initialized successfully - sym options: 0x614 - pdb path: .;C:\Users\zoryv\.jdks\openjdk-21.0.1\bin;C:\WINDOWS\SYSTEM32;C:\WINDOWS\WinSxS\amd64_microsoft.windows.common-controls_6595b64144ccf1df_6.0.22621.3235_none_270f74e173860f98;C:\Users\zoryv\.jdks\openjdk-21.0.1\bin\server;C:\Program Files\JetBrains\IntelliJ IDEA 2023.2.1\bin;C:\Users\zoryv\OneDrive\Робочий стіл\курсова\openjfx-21.0.1_windows-x64_bin-sdk (1)\javafx-sdk-21.0.1\bin;C:\WINDOWS\System32\DriverStore\FileRepository\iigd_dch.inf_amd64_7b69d1dcf2ed050c;C:\Program Files\Common Files\Microsoft Shared\Ink

VM Arguments:
jvm_args: -javaagent:C:\Program Files\JetBrains\IntelliJ IDEA 2023.2.1\lib\idea_rt.jar=52099:C:\Program Files\JetBrains\IntelliJ IDEA 2023.2.1\bin -Dfile.encoding=UTF-8 -Dsun.stdout.encoding=UTF-8 -Dsun.stderr.encoding=UTF-8 --module-path=C:\Users\zoryv\OneDrive\Робочий стіл\курсова\openjfx-21.0.1_windows-x64_bin-sdk (1)\javafx-sdk-21.0.1\lib\javafx.fxml.jar;C:\Users\zoryv\OneDrive\Робочий стіл\курсова\openjfx-21.0.1_windows-x64_bin-sdk (1)\javafx-sdk-21.0.1\lib\javafx.controls.jar;C:\Users\zoryv\OneDrive\Робочий стіл\курсова\mysql-connector-j-8.3.0\mysql-connector-j-8.3.0\mysql-connector-j-8.3.0.jar;C:\Users\zoryv\OneDrive\Робочий стіл\Cursova\target\classes;C:\Users\zoryv\OneDrive\Робочий стіл\курсова\openjfx-21.0.1_windows-x64_bin-sdk (1)\javafx-sdk-21.0.1\lib\javafx.media.jar;C:\Users\zoryv\OneDrive\Робочий стіл\курсова\openjfx-21.0.1_windows-x64_bin-sdk (1)\javafx-sdk-21.0.1\lib\javafx.web.jar;C:\Users\zoryv\OneDrive\Робочий стіл\курсова\openjfx-21.0.1_windows-x64_bin-sdk (1)\javafx-sdk-21.0.1\lib\javafx.base.jar;C:\Users\zoryv\OneDrive\Робочий стіл\курсова\openjfx-21.0.1_windows-x64_bin-sdk (1)\javafx-sdk-21.0.1\lib\javafx.graphics.jar -Djdk.module.main=com.example.cursova 
java_command: com.example.cursova/com.example.cursova.HelloApplication
java_class_path (initial): C:\Users\zoryv\OneDrive\Робочий стіл\курсова\openjfx-21.0.1_windows-x64_bin-sdk (1)\javafx-sdk-21.0.1\lib\javafx-swt.jar;C:\Users\zoryv\OneDrive\Робочий стіл\курсова\openjfx-21.0.1_windows-x64_bin-sdk (1)\javafx-sdk-21.0.1\lib\javafx.swing.jar
Launcher Type: SUN_STANDARD

[Global flags]
     intx CICompilerCount                          = 3                                         {product} {ergonomic}
     uint ConcGCThreads                            = 1                                         {product} {ergonomic}
     uint G1ConcRefinementThreads                  = 4                                         {product} {ergonomic}
   size_t G1HeapRegionSize                         = 1048576                                   {product} {ergonomic}
    uintx GCDrainStackTargetSize                   = 64                                        {product} {ergonomic}
   size_t InitialHeapSize                          = 132120576                                 {product} {ergonomic}
   size_t MarkStackSize                            = 4194304                                   {product} {ergonomic}
   size_t MaxHeapSize                              = 2097152000                                {product} {ergonomic}
   size_t MaxNewSize                               = 1258291200                                {product} {ergonomic}
   size_t MinHeapDeltaBytes                        = 1048576                                   {product} {ergonomic}
   size_t MinHeapSize                              = 8388608                                   {product} {ergonomic}
    uintx NonNMethodCodeHeapSize                   = 5832780                                {pd product} {ergonomic}
    uintx NonProfiledCodeHeapSize                  = 122912730                              {pd product} {ergonomic}
    uintx ProfiledCodeHeapSize                     = 122912730                              {pd product} {ergonomic}
    uintx ReservedCodeCacheSize                    = 251658240                              {pd product} {ergonomic}
     bool SegmentedCodeCache                       = true                                      {product} {ergonomic}
   size_t SoftMaxHeapSize                          = 2097152000                             {manageable} {ergonomic}
     bool UseCompressedOops                        = true                           {product lp64_product} {ergonomic}
     bool UseG1GC                                  = true                                      {product} {ergonomic}
     bool UseLargePagesIndividualAllocation        = false                                  {pd product} {ergonomic}

Logging:
Log output configuration:
 #0: stdout all=off uptime,level,tags foldmultilines=false
 #1: stderr all=off uptime,level,tags foldmultilines=false

Environment Variables:
PATH=C:\Program Files\Common Files\Oracle\Java\javapath;C:\WINDOWS\system32;C:\WINDOWS;C:\WINDOWS\System32\Wbem;C:\WINDOWS\System32\WindowsPowerShell\v1.0\;C:\WINDOWS\System32\OpenSSH\;C:\Program Files\Microsoft SQL Server\150\Tools\Binn\;C:\Program Files\Microsoft SQL Server\Client SDK\ODBC\170\Tools\Binn\;C:\Program Files\dotnet\;C:\WINDOWS\system32;C:\WINDOWS;C:\WINDOWS\System32\Wbem;C:\WINDOWS\System32\WindowsPowerShell\v1.0\;C:\WINDOWS\System32\OpenSSH\;C:\Program Files\nodejs\;C:\Program Files\Git\cmd;C:\Ruby33-x64\bin;C:\Users\zoryv\AppData\Local\Programs\Python\Launcher\;C:\Program Files\MySQL\MySQL Shell 8.0\bin\;C:\Users\zoryv\AppData\Local\Microsoft\WindowsApps;C:\Users\zoryv\.dotnet\tools;C:\Program Files\JetBrains\IntelliJ IDEA 2023.2.1\bin;;C:\Users\zoryv\AppData\Roaming\npm;C:\Program Files\JetBrains\PyCharm 2023.3.3\bin;;C:\Users\zoryv\AppData\Local\Programs\Microsoft VS Code\bin;C:\ruby-3.3.0\bin
USERNAME=zoryv
OS=Windows_NT
PROCESSOR_IDENTIFIER=Intel64 Family 6 Model 122 Stepping 8, GenuineIntel
TMP=C:\Users\zoryv\AppData\Local\Temp
TEMP=C:\Users\zoryv\AppData\Local\Temp




Periodic native trim disabled

---------------  S Y S T E M  ---------------

OS:
 Windows 11 , 64 bit Build 22621 (10.0.22621.3374)
OS uptime: 9 days 4:14 hours

CPU: total 4 (initial active 4) (4 cores per cpu, 1 threads per core) family 6 model 122 stepping 8 microcode 0x1a, cx8, cmov, fxsr, mmx, 3dnowpref, sse, sse2, sse3, ssse3, sse4.1, sse4.2, popcnt, tsc, tscinvbit, aes, erms, clmul, sha, clflush, clflushopt, rdtscp, rdpid
Processor Information for all 4 processors :
  Max Mhz: 1101, Current Mhz: 1101, Mhz Limit: 1101

Memory: 4k page, system-wide physical 7998M (1665M free)
TotalPageFile size 13630M (AvailPageFile size 5498M)
current process WorkingSet (physical memory assigned to process): 529M, peak: 599M
current process commit charge ("private bytes"): 546M, peak: 615M

vm_info: OpenJDK 64-Bit Server VM (21.0.1+12-29) for windows-amd64 JRE (21.0.1+12-29), built on 2023-10-05T13:27:09Z by "mach5one" with MS VC++ 17.1 (VS2022)

END.
