#
# A fatal error has been detected by the Java Runtime Environment:
#
#  EXCEPTION_ACCESS_VIOLATION (0xc0000005) at pc=0x00007ffebe3a6587, pid=11764, tid=1340
#
# JRE version: OpenJDK Runtime Environment (21.0.1+12) (build 21.0.1+12-29)
# Java VM: OpenJDK 64-Bit Server VM (21.0.1+12-29, mixed mode, sharing, tiered, compressed oops, compressed class ptrs, g1 gc, windows-amd64)
# Problematic frame:
# C  [glass.dll+0x26587]
#
# No core dump will be written. Minidumps are not enabled by default on client versions of Windows
#
# If you would like to submit a bug report, please visit:
#   https://bugreport.java.com/bugreport/crash.jsp
#

---------------  S U M M A R Y ------------

Command Line: -javaagent:C:\Program Files\JetBrains\IntelliJ IDEA 2023.2.1\lib\idea_rt.jar=52121:C:\Program Files\JetBrains\IntelliJ IDEA 2023.2.1\bin -Dfile.encoding=UTF-8 -Dsun.stdout.encoding=UTF-8 -Dsun.stderr.encoding=UTF-8 --module-path=C:\Users\zoryv\OneDrive\Робочий стіл\курсова\openjfx-21.0.1_windows-x64_bin-sdk (1)\javafx-sdk-21.0.1\lib\javafx.fxml.jar;C:\Users\zoryv\OneDrive\Робочий стіл\курсова\openjfx-21.0.1_windows-x64_bin-sdk (1)\javafx-sdk-21.0.1\lib\javafx.controls.jar;C:\Users\zoryv\OneDrive\Робочий стіл\курсова\mysql-connector-j-8.3.0\mysql-connector-j-8.3.0\mysql-connector-j-8.3.0.jar;C:\Users\zoryv\OneDrive\Робочий стіл\Cursova\target\classes;C:\Users\zoryv\OneDrive\Робочий стіл\курсова\openjfx-21.0.1_windows-x64_bin-sdk (1)\javafx-sdk-21.0.1\lib\javafx.media.jar;C:\Users\zoryv\OneDrive\Робочий стіл\курсова\openjfx-21.0.1_windows-x64_bin-sdk (1)\javafx-sdk-21.0.1\lib\javafx.web.jar;C:\Users\zoryv\OneDrive\Робочий стіл\курсова\openjfx-21.0.1_windows-x64_bin-sdk (1)\javafx-sdk-21.0.1\lib\javafx.base.jar;C:\Users\zoryv\OneDrive\Робочий стіл\курсова\openjfx-21.0.1_windows-x64_bin-sdk (1)\javafx-sdk-21.0.1\lib\javafx.graphics.jar -Djdk.module.main=com.example.cursova com.example.cursova/com.example.cursova.HelloApplication

Host: Intel(R) Pentium(R) Silver N5030 CPU @ 1.10GHz, 4 cores, 7G,  Windows 11 , 64 bit Build 22621 (10.0.22621.3374)
Time: Sun Apr 21 00:45:13 2024  Windows 11 , 64 bit Build 22621 (10.0.22621.3374) elapsed time: 33.591749 seconds (0d 0h 0m 33s)

---------------  T H R E A D  ---------------

Current thread (0x0000020579f37c70):  VMThread "VM Thread"          [id=1340, stack(0x000000606b100000,0x000000606b200000) (1024K)]

Stack: [0x000000606b100000,0x000000606b200000],  sp=0x000000606b1fec80,  free space=1019k
Native frames: (J=compiled Java code, j=interpreted, Vv=VM code, C=native code)
C  [glass.dll+0x26587]


siginfo: EXCEPTION_ACCESS_VIOLATION (0xc0000005), reading address 0x0000000000000000


Registers:
RAX=0x0000000000000000, RBX=0x0000020579f469aa, RCX=0x0000020579f37c70, RDX=0x000000606b1fec80
RSP=0x000000606b1fec80, RBP=0x000002057e69ef38, RSI=0x000000606b1fed88, RDI=0x000002057e69ef10
R8 =0x0000000000010002, R9 =0x000002057e69ef10, R10=0x85f13e9656da4870, R11=0x000000606b1fec10
R12=0x00007ffebe3a3ed0, R13=0x00007ffe73221fa0, R14=0x00009d1e22c420c3, R15=0x000002057e69ef10
RIP=0x00007ffebe3a6587, EFLAGS=0x0000000000010206


Register to memory mapping:

RAX=0x0 is null
RBX=0x0000020579f469aa is a global jni handle
RCX=0x0000020579f37c70 points into unknown readable memory: 0x00007ffe73033f88 | 88 3f 03 73 fe 7f 00 00
RDX=0x000000606b1fec80 points into unknown readable memory: 0x0000000000000000 | 00 00 00 00 00 00 00 00
RSP=0x000000606b1fec80 points into unknown readable memory: 0x0000000000000000 | 00 00 00 00 00 00 00 00
RBP=0x000002057e69ef38 points into unknown readable memory: 0x00009d1e22c420c3 | c3 20 c4 22 1e 9d 00 00
RSI=0x000000606b1fed88 points into unknown readable memory: 0x000000606b1fed70 | 70 ed 1f 6b 60 00 00 00
RDI=0x000002057e69ef10 points into unknown readable memory: 0x000362ebd315ef83 | 83 ef 15 d3 eb 62 03 00
R8 =0x0000000000010002 is an unknown value
R9 =0x000002057e69ef10 points into unknown readable memory: 0x000362ebd315ef83 | 83 ef 15 d3 eb 62 03 00
R10=0x85f13e9656da4870 is an unknown value
R11=0x000000606b1fec10 points into unknown readable memory: 0x0000000000000000 | 00 00 00 00 00 00 00 00
R12=0x00007ffebe3a3ed0 glass.dll
R13=0x00007ffe73221fa0 jvm.dll
R14=0x00009d1e22c420c3 is an unknown value
R15=0x000002057e69ef10 points into unknown readable memory: 0x000362ebd315ef83 | 83 ef 15 d3 eb 62 03 00

Top of Stack: (sp=0x000000606b1fec80)
0x000000606b1fec80:   0000000000000000 000000606b1fed88
0x000000606b1fec90:   00007ffe73221fa0 00007ffebe3a3ed0
0x000000606b1feca0:   000002057e69ef18 00007ffed9973a53
0x000000606b1fecb0:   000002057e69ef10 0000020500000000
0x000000606b1fecc0:   000002057e69ef38 000000606b1fed88
0x000000606b1fecd0:   fffffffffffffffe 0000000000000000
0x000000606b1fece0:   0000000000000001 00007ffebe380000
0x000000606b1fecf0:   000000606b1fed78 00007ffed994042e
0x000000606b1fed00:   0000000000000000 000000606b1fed88
0x000000606b1fed10:   000000606b1ff070 0000000000000001
0x000000606b1fed20:   0000000000000001 00007ffed993dddd
0x000000606b1fed30:   0000000000000000 00007ffebe3a36c9
0x000000606b1fed40:   0000000000000000 000000606b1fed78
0x000000606b1fed50:   fffffffffffffffe 000000606b1ff000
0x000000606b1fed60:   0000000000000000 00007ffebe3a3d5d
0x000000606b1fed70:   00007ffebe3ba008 00007ffe00000002
0x000000606b1fed80:   0000000000000002 000000606b1fed70
0x000000606b1fed90:   0000000000000000 00007ffedbd38603
0x000000606b1feda0:   0000000000000000 00007ffebe3a3e82
0x000000606b1fedb0:   0000000000000001 0000000000000001
0x000000606b1fedc0:   000000606b1ff070 0000000000000001
0x000000606b1fedd0:   0000000000000001 00007ffed8742223
0x000000606b1fede0:   00007ffe00000001 0000000000000000
0x000000606b1fedf0:   00007ffebe380000 000000007ffe0384
0x000000606b1fee00:   0000000000000000 00007ffedbd3869f
0x000000606b1fee10:   00007ffebe380000 0000000000000000
0x000000606b1fee20:   0000000000000001 000000007ffe0385
0x000000606b1fee30:   00007ffedbe46a20 00007ffeca66d850
0x000000606b1fee40:   0000951db2654d00 00007ffec93b0000
0x000000606b1fee50:   00007ffebe3a3ed0 0000000000000000
0x000000606b1fee60:   0000000000000000 000000606a4a4000
0x000000606b1fee70:   000002057e640060 00007ffedbd610a6 

Instructions: (pc=0x00007ffebe3a6587)
0x00007ffebe3a6487:   8b 4d 58 e8 8d cf ff ff 48 8b 4d 60 e8 84 cf ff
0x00007ffebe3a6497:   ff 48 8b 95 80 00 00 00 48 8b 8d 18 01 00 00 e8
0x00007ffebe3a64a7:   76 c4 ff ff 33 d2 33 c9 e8 cc e1 ff ff 90 48 89
0x00007ffebe3a64b7:   54 24 10 55 48 83 ec 20 48 8b ea 48 b8 00 00 00
0x00007ffebe3a64c7:   00 00 00 00 00 48 83 c4 20 5d c3 cc 40 55 48 8b
0x00007ffebe3a64d7:   ea 48 8b 01 33 c9 81 38 05 00 00 c0 0f 94 c1 8b
0x00007ffebe3a64e7:   c1 5d c3 cc 40 55 48 83 ec 20 48 8b ea 8a 4d 40
0x00007ffebe3a64f7:   48 83 c4 20 5d e9 73 d3 ff ff cc 40 55 48 83 ec
0x00007ffebe3a6507:   20 48 8b ea 8a 4d 20 e8 61 d3 ff ff 90 48 83 c4
0x00007ffebe3a6517:   20 5d c3 cc 40 55 48 83 ec 20 48 8b ea 48 83 c4
0x00007ffebe3a6527:   20 5d e9 c2 d1 ff ff cc 40 55 48 83 ec 30 48 8b
0x00007ffebe3a6537:   ea 48 8b 01 8b 10 48 89 4c 24 28 89 54 24 20 4c
0x00007ffebe3a6547:   8d 0d 63 d6 ff ff 4c 8b 45 70 8b 55 68 48 8b 4d
0x00007ffebe3a6557:   60 e8 03 d1 ff ff 90 48 83 c4 30 5d c3 cc cc cc
0x00007ffebe3a6567:   cc cc cc cc cc cc cc cc cc 40 53 48 83 ec 20 48
0x00007ffebe3a6577:   8b 1d 8b 34 01 00 48 85 db 74 16 e8 89 8f ff ff
0x00007ffebe3a6587:   4c 8b 00 48 8b d3 48 8b c8 41 ff 90 b0 00 00 00
0x00007ffebe3a6597:   90 48 83 c4 20 5b c3 cc cc 40 53 48 83 ec 20 48
0x00007ffebe3a65a7:   8b 1d fb 35 01 00 48 85 db 74 57 b8 ff ff ff ff
0x00007ffebe3a65b7:   f0 0f c1 43 10 83 f8 01 75 3d 48 85 db 74 38 48
0x00007ffebe3a65c7:   8b 0b 48 85 c9 74 0d ff 15 d4 0c 00 00 48 c7 03
0x00007ffebe3a65d7:   00 00 00 00 48 8b 4b 08 48 85 c9 74 0d e8 33 ce
0x00007ffebe3a65e7:   ff ff 48 c7 43 08 00 00 00 00 ba 18 00 00 00 48
0x00007ffebe3a65f7:   8b cb e8 1e ce ff ff 48 c7 05 9f 35 01 00 00 00
0x00007ffebe3a6607:   00 00 48 83 c4 20 5b c3 cc 40 53 48 83 ec 20 48
0x00007ffebe3a6617:   8b 1d 6b 35 01 00 48 85 db 74 57 b8 ff ff ff ff
0x00007ffebe3a6627:   f0 0f c1 43 10 83 f8 01 75 3d 48 85 db 74 38 48
0x00007ffebe3a6637:   8b 0b 48 85 c9 74 0d ff 15 64 0c 00 00 48 c7 03
0x00007ffebe3a6647:   00 00 00 00 48 8b 4b 08 48 85 c9 74 0d e8 c3 cd
0x00007ffebe3a6657:   ff ff 48 c7 43 08 00 00 00 00 ba 18 00 00 00 48
0x00007ffebe3a6667:   8b cb e8 ae cd ff ff 48 c7 05 0f 35 01 00 00 00
0x00007ffebe3a6677:   00 00 48 83 c4 20 5b c3 cc 40 53 48 83 ec 20 48 


Stack slot to memory mapping:

stack at sp + 0 slots: 0x0 is null
stack at sp + 1 slots: 0x000000606b1fed88 points into unknown readable memory: 0x000000606b1fed70 | 70 ed 1f 6b 60 00 00 00
stack at sp + 2 slots: 0x00007ffe73221fa0 jvm.dll
stack at sp + 3 slots: 0x00007ffebe3a3ed0 glass.dll
stack at sp + 4 slots: 0x000002057e69ef18 points into unknown readable memory: 0x00009d1e22c420c3 | c3 20 c4 22 1e 9d 00 00
stack at sp + 5 slots: 0x00007ffed9973a53 ucrtbase.dll
stack at sp + 6 slots: 0x000002057e69ef10 points into unknown readable memory: 0x000362ebd315ef83 | 83 ef 15 d3 eb 62 03 00
stack at sp + 7 slots: 0x0000020500000000 points into unknown readable memory: 0x0000000000000009 | 09 00 00 00 00 00 00 00

VM_Operation (0x000000606cefeff0): Exit, mode: safepoint, requested by thread 0x000002057e2e4570


---------------  P R O C E S S  ---------------

Threads class SMR info:
_java_thread_list=0x00000205548ef3b0, length=25, elements={
0x000002056add3930, 0x0000020579f553d0, 0x0000020579f58100, 0x0000020579f5c1c0,
0x0000020579f5cc20, 0x0000020579f5d7b0, 0x0000020579f5e540, 0x0000020579f6c7e0,
0x000002057e1cf360, 0x000002057e4cbfc0, 0x000002057e4f7c70, 0x000002057e5ff970,
0x000002057e71d690, 0x000002057e82f1c0, 0x000002057e861100, 0x000002057e87c450,
0x0000020554551ca0, 0x0000020554553d70, 0x0000020554552330, 0x0000020554555120,
0x00000205545529c0, 0x0000020554554400, 0x00000205545536e0, 0x0000020554554a90,
0x000002057e2e4570
}

Java Threads: ( => current thread )
  0x000002056add3930 JavaThread "main"                              [_thread_blocked, id=13840, stack(0x000000606aa00000,0x000000606ab00000) (1024K)]
  0x0000020579f553d0 JavaThread "Reference Handler"          daemon [_thread_blocked, id=11316, stack(0x000000606b200000,0x000000606b300000) (1024K)]
  0x0000020579f58100 JavaThread "Finalizer"                  daemon [_thread_blocked, id=4436, stack(0x000000606b300000,0x000000606b400000) (1024K)]
  0x0000020579f5c1c0 JavaThread "Attach Listener"            daemon [_thread_blocked, id=2160, stack(0x000000606b500000,0x000000606b600000) (1024K)]
  0x0000020579f5cc20 JavaThread "Service Thread"             daemon [_thread_blocked, id=8000, stack(0x000000606b600000,0x000000606b700000) (1024K)]
  0x0000020579f5d7b0 JavaThread "Monitor Deflation Thread"   daemon [_thread_blocked, id=11484, stack(0x000000606b700000,0x000000606b800000) (1024K)]
  0x0000020579f5e540 JavaThread "C2 CompilerThread0"         daemon [_thread_blocked, id=10132, stack(0x000000606b800000,0x000000606b900000) (1024K)]
  0x0000020579f6c7e0 JavaThread "C1 CompilerThread0"         daemon [_thread_blocked, id=7204, stack(0x000000606b900000,0x000000606ba00000) (1024K)]
  0x000002057e1cf360 JavaThread "Common-Cleaner"             daemon [_thread_blocked, id=2228, stack(0x000000606ba00000,0x000000606bb00000) (1024K)]
  0x000002057e4cbfc0 JavaThread "Monitor Ctrl-Break"         daemon [_thread_in_native, id=6884, stack(0x000000606bc00000,0x000000606bd00000) (1024K)]
  0x000002057e4f7c70 JavaThread "Notification Thread"        daemon [_thread_blocked, id=7988, stack(0x000000606bd00000,0x000000606be00000) (1024K)]
  0x000002057e5ff970 JavaThread "QuantumRenderer-0"          daemon [_thread_blocked, id=13640, stack(0x000000606c000000,0x000000606c100000) (1024K)]
  0x000002057e71d690 JavaThread "InvokeLaterDispatcher"      daemon [_thread_blocked, id=6628, stack(0x000000606c100000,0x000000606c200000) (1024K)]
  0x000002057e82f1c0 JavaThread "JavaFX Application Thread"         [_thread_in_native, id=7152, stack(0x000000606c300000,0x000000606c400000) (1024K)]
  0x000002057e861100 JavaThread "Thread-1"                   daemon [_thread_in_native, id=10060, stack(0x000000606c700000,0x000000606c800000) (1024K)]
  0x000002057e87c450 JavaThread "JavaFX-Launcher"                   [_thread_blocked, id=8264, stack(0x000000606c800000,0x000000606c900000) (1024K)]
  0x0000020554551ca0 JavaThread "Prism Font Disposer"        daemon [_thread_blocked, id=10688, stack(0x000000606cc00000,0x000000606cd00000) (1024K)]
  0x0000020554553d70 JavaThread "Cleaner-0"                  daemon [_thread_blocked, id=7104, stack(0x000000606c200000,0x000000606c300000) (1024K)]
  0x0000020554552330 JavaThread "Disposer"                   daemon [_thread_blocked, id=6132, stack(0x000000606d000000,0x000000606d100000) (1024K)]
  0x0000020554555120 JavaThread "HttpClient-1-SelectorManager" daemon [_thread_in_native, id=4232, stack(0x000000606d100000,0x000000606d200000) (1024K)]
  0x00000205545529c0 JavaThread "HttpClient-1-Worker-0"      daemon [_thread_blocked, id=12908, stack(0x000000606d200000,0x000000606d300000) (1024K)]
  0x0000020554554400 JavaThread "HttpClient-1-Worker-1"      daemon [_thread_blocked, id=13192, stack(0x000000606d400000,0x000000606d500000) (1024K)]
  0x00000205545536e0 JavaThread "ForkJoinPool.commonPool-worker-1" daemon [_thread_blocked, id=5976, stack(0x000000606d500000,0x000000606d600000) (1024K)]
  0x0000020554554a90 JavaThread "ForkJoinPool.commonPool-worker-2" daemon [_thread_blocked, id=6860, stack(0x000000606d600000,0x000000606d700000) (1024K)]
  0x000002057e2e4570 JavaThread "SIGINT handler"             daemon [_thread_blocked, id=7516, stack(0x000000606ce00000,0x000000606cf00000) (1024K)]
Total: 25

Other Threads:
=>0x0000020579f37c70 VMThread "VM Thread"                           [id=1340, stack(0x000000606b100000,0x000000606b200000) (1024K)]
  0x000002056cf4bf60 WorkerThread "GC Thread#0"                     [id=12392, stack(0x000000606ab00000,0x000000606ac00000) (1024K)]
  0x000002057e448b20 WorkerThread "GC Thread#1"                     [id=4596, stack(0x000000606bb00000,0x000000606bc00000) (1024K)]
  0x000002057e448ec0 WorkerThread "GC Thread#2"                     [id=2032, stack(0x000000606be00000,0x000000606bf00000) (1024K)]
  0x000002057e5f87f0 WorkerThread "GC Thread#3"                     [id=14632, stack(0x000000606bf00000,0x000000606c000000) (1024K)]
  0x000002056cf9b010 ConcurrentGCThread "G1 Main Marker"            terminated
  0x000002056cf9bb10 WorkerThread "G1 Conc#0"                       [id=11952, stack(0x000000606ad00000,0x000000606ae00000) (1024K)]
  0x0000020579df4c60 ConcurrentGCThread "G1 Refine#0"               terminated
  0x0000020579df57d0 ConcurrentGCThread "G1 Service"                terminated
Total: 9

Threads with active compile tasks:
Total: 0

VM state: at safepoint (shutting down)

VM Mutex/Monitor currently owned by a thread:  ([mutex/lock_event])
[0x00007ffe731fa5f8] Threads_lock - owner thread: 0x0000020579f37c70
[0x00007ffe731fa6f8] Heap_lock - owner thread: 0x000002057e2e4570

Heap address: 0x0000000083000000, size: 2000 MB, Compressed Oops mode: 32-bit

CDS archive(s) mapped at: [0x000002050f000000-0x000002050fc90000-0x000002050fc90000), size 13172736, SharedBaseAddress: 0x000002050f000000, ArchiveRelocationMode: 1.
Compressed class space mapped at: 0x0000020510000000-0x0000020550000000, reserved size: 1073741824
Narrow klass base: 0x000002050f000000, Narrow klass shift: 0, Narrow klass range: 0x100000000

GC Precious Log:
 CardTable entry size: 512
 Card Set container configuration: InlinePtr #cards 5 size 8 Array Of Cards #cards 12 size 40 Howl #buckets 4 coarsen threshold 1843 Howl Bitmap #cards 512 size 80 coarsen threshold 460 Card regions per heap region 1 cards per card region 2048
 CPUs: 4 total, 4 available
 Memory: 7998M
 Large Page Support: Disabled
 NUMA Support: Disabled
 Compressed Oops: Enabled (32-bit)
 Heap Region Size: 1M
 Heap Min Capacity: 8M
 Heap Initial Capacity: 126M
 Heap Max Capacity: 2000M
 Pre-touch: Disabled
 Parallel Workers: 4
 Concurrent Workers: 1
 Concurrent Refinement Workers: 4
 Periodic GC: Disabled

Heap:
 garbage-first heap   total 122880K, used 65279K [0x0000000083000000, 0x0000000100000000)
  region size 1024K, 40 young (40960K), 10 survivors (10240K)
 Metaspace       used 28415K, committed 28928K, reserved 1114112K
  class space    used 3987K, committed 4224K, reserved 1048576K

Heap Regions: E=young(eden), S=young(survivor), O=old, HS=humongous(starts), HC=humongous(continues), CS=collection set, F=free, TAMS=top-at-mark-start, PB=parsable bottom
|   0|0x0000000083000000, 0x0000000083100000, 0x0000000083100000|100%| O|  |TAMS 0x0000000083000000| PB 0x0000000083000000| Untracked 
|   1|0x0000000083100000, 0x00000000831bfc18, 0x0000000083200000| 74%| O|Cm|TAMS 0x0000000083100000| PB 0x0000000083100000| Complete 
|   2|0x0000000083200000, 0x0000000083300000, 0x0000000083300000|100%|HS|  |TAMS 0x0000000083200000| PB 0x0000000083200000| Complete 
|   3|0x0000000083300000, 0x0000000083400000, 0x0000000083400000|100%|HC|  |TAMS 0x0000000083300000| PB 0x0000000083300000| Complete 
|   4|0x0000000083400000, 0x0000000083500000, 0x0000000083500000|100%|HS|  |TAMS 0x0000000083400000| PB 0x0000000083400000| Complete 
|   5|0x0000000083500000, 0x0000000083600000, 0x0000000083600000|100%|HC|  |TAMS 0x0000000083500000| PB 0x0000000083500000| Complete 
|   6|0x0000000083600000, 0x0000000083700000, 0x0000000083700000|100%|HC|  |TAMS 0x0000000083600000| PB 0x0000000083600000| Complete 
|   7|0x0000000083700000, 0x0000000083800000, 0x0000000083800000|100%|HS|  |TAMS 0x0000000083700000| PB 0x0000000083700000| Complete 
|   8|0x0000000083800000, 0x0000000083900000, 0x0000000083900000|100%|HC|  |TAMS 0x0000000083800000| PB 0x0000000083800000| Complete 
|   9|0x0000000083900000, 0x0000000083a00000, 0x0000000083a00000|100%|HS|  |TAMS 0x0000000083900000| PB 0x0000000083900000| Complete 
|  10|0x0000000083a00000, 0x0000000083b00000, 0x0000000083b00000|100%|HC|  |TAMS 0x0000000083a00000| PB 0x0000000083a00000| Complete 
|  11|0x0000000083b00000, 0x0000000083c00000, 0x0000000083c00000|100%|HC|  |TAMS 0x0000000083b00000| PB 0x0000000083b00000| Complete 
|  12|0x0000000083c00000, 0x0000000083d00000, 0x0000000083d00000|100%|HS|  |TAMS 0x0000000083c00000| PB 0x0000000083c00000| Complete 
|  13|0x0000000083d00000, 0x0000000083e00000, 0x0000000083e00000|100%|HC|  |TAMS 0x0000000083d00000| PB 0x0000000083d00000| Complete 
|  14|0x0000000083e00000, 0x0000000083f00000, 0x0000000083f00000|100%|HS|  |TAMS 0x0000000083e00000| PB 0x0000000083e00000| Complete 
|  15|0x0000000083f00000, 0x0000000084000000, 0x0000000084000000|100%|HC|  |TAMS 0x0000000083f00000| PB 0x0000000083f00000| Complete 
|  16|0x0000000084000000, 0x0000000084100000, 0x0000000084100000|100%|HS|  |TAMS 0x0000000084000000| PB 0x0000000084000000| Complete 
|  17|0x0000000084100000, 0x0000000084200000, 0x0000000084200000|100%|HC|  |TAMS 0x0000000084100000| PB 0x0000000084100000| Complete 
|  18|0x0000000084200000, 0x0000000084300000, 0x0000000084300000|100%|HC|  |TAMS 0x0000000084200000| PB 0x0000000084200000| Complete 
|  19|0x0000000084300000, 0x0000000084400000, 0x0000000084400000|100%|HS|  |TAMS 0x0000000084300000| PB 0x0000000084300000| Complete 
|  20|0x0000000084400000, 0x0000000084500000, 0x0000000084500000|100%|HC|  |TAMS 0x0000000084400000| PB 0x0000000084400000| Complete 
|  21|0x0000000084500000, 0x0000000084600000, 0x0000000084600000|100%|HC|  |TAMS 0x0000000084500000| PB 0x0000000084500000| Complete 
|  22|0x0000000084600000, 0x0000000084700000, 0x0000000084700000|100%|HS|  |TAMS 0x0000000084600000| PB 0x0000000084600000| Complete 
|  23|0x0000000084700000, 0x0000000084800000, 0x0000000084800000|100%|HC|  |TAMS 0x0000000084700000| PB 0x0000000084700000| Complete 
|  24|0x0000000084800000, 0x0000000084900000, 0x0000000084900000|100%|HS|  |TAMS 0x0000000084800000| PB 0x0000000084800000| Complete 
|  25|0x0000000084900000, 0x0000000084a00000, 0x0000000084a00000|100%|HC|  |TAMS 0x0000000084900000| PB 0x0000000084900000| Complete 
|  26|0x0000000084a00000, 0x0000000084a00000, 0x0000000084b00000|  0%| F|  |TAMS 0x0000000084a00000| PB 0x0000000084a00000| Untracked 
|  27|0x0000000084b00000, 0x0000000084b00000, 0x0000000084c00000|  0%| F|  |TAMS 0x0000000084b00000| PB 0x0000000084b00000| Untracked 
|  28|0x0000000084c00000, 0x0000000084c00000, 0x0000000084d00000|  0%| F|  |TAMS 0x0000000084c00000| PB 0x0000000084c00000| Untracked 
|  29|0x0000000084d00000, 0x0000000084d00000, 0x0000000084e00000|  0%| F|  |TAMS 0x0000000084d00000| PB 0x0000000084d00000| Untracked 
|  30|0x0000000084e00000, 0x0000000084e00000, 0x0000000084f00000|  0%| F|  |TAMS 0x0000000084e00000| PB 0x0000000084e00000| Untracked 
|  31|0x0000000084f00000, 0x0000000084f00000, 0x0000000085000000|  0%| F|  |TAMS 0x0000000084f00000| PB 0x0000000084f00000| Untracked 
|  32|0x0000000085000000, 0x0000000085000000, 0x0000000085100000|  0%| F|  |TAMS 0x0000000085000000| PB 0x0000000085000000| Untracked 
|  33|0x0000000085100000, 0x0000000085100000, 0x0000000085200000|  0%| F|  |TAMS 0x0000000085100000| PB 0x0000000085100000| Untracked 
|  34|0x0000000085200000, 0x0000000085200000, 0x0000000085300000|  0%| F|  |TAMS 0x0000000085200000| PB 0x0000000085200000| Untracked 
|  35|0x0000000085300000, 0x0000000085300000, 0x0000000085400000|  0%| F|  |TAMS 0x0000000085300000| PB 0x0000000085300000| Untracked 
|  36|0x0000000085400000, 0x0000000085400000, 0x0000000085500000|  0%| F|  |TAMS 0x0000000085400000| PB 0x0000000085400000| Untracked 
|  37|0x0000000085500000, 0x0000000085500000, 0x0000000085600000|  0%| F|  |TAMS 0x0000000085500000| PB 0x0000000085500000| Untracked 
|  38|0x0000000085600000, 0x0000000085600000, 0x0000000085700000|  0%| F|  |TAMS 0x0000000085600000| PB 0x0000000085600000| Untracked 
|  39|0x0000000085700000, 0x0000000085700000, 0x0000000085800000|  0%| F|  |TAMS 0x0000000085700000| PB 0x0000000085700000| Untracked 
|  40|0x0000000085800000, 0x0000000085800000, 0x0000000085900000|  0%| F|  |TAMS 0x0000000085800000| PB 0x0000000085800000| Untracked 
|  41|0x0000000085900000, 0x0000000085900000, 0x0000000085a00000|  0%| F|  |TAMS 0x0000000085900000| PB 0x0000000085900000| Untracked 
|  42|0x0000000085a00000, 0x0000000085a00000, 0x0000000085b00000|  0%| F|  |TAMS 0x0000000085a00000| PB 0x0000000085a00000| Untracked 
|  43|0x0000000085b00000, 0x0000000085b00000, 0x0000000085c00000|  0%| F|  |TAMS 0x0000000085b00000| PB 0x0000000085b00000| Untracked 
|  44|0x0000000085c00000, 0x0000000085c00000, 0x0000000085d00000|  0%| F|  |TAMS 0x0000000085c00000| PB 0x0000000085c00000| Untracked 
|  45|0x0000000085d00000, 0x0000000085d00000, 0x0000000085e00000|  0%| F|  |TAMS 0x0000000085d00000| PB 0x0000000085d00000| Untracked 
|  46|0x0000000085e00000, 0x0000000085e00000, 0x0000000085f00000|  0%| F|  |TAMS 0x0000000085e00000| PB 0x0000000085e00000| Untracked 
|  47|0x0000000085f00000, 0x0000000085f00000, 0x0000000086000000|  0%| F|  |TAMS 0x0000000085f00000| PB 0x0000000085f00000| Untracked 
|  48|0x0000000086000000, 0x0000000086000000, 0x0000000086100000|  0%| F|  |TAMS 0x0000000086000000| PB 0x0000000086000000| Untracked 
|  49|0x0000000086100000, 0x0000000086100000, 0x0000000086200000|  0%| F|  |TAMS 0x0000000086100000| PB 0x0000000086100000| Untracked 
|  50|0x0000000086200000, 0x0000000086200000, 0x0000000086300000|  0%| F|  |TAMS 0x0000000086200000| PB 0x0000000086200000| Untracked 
|  51|0x0000000086300000, 0x0000000086300000, 0x0000000086400000|  0%| F|  |TAMS 0x0000000086300000| PB 0x0000000086300000| Untracked 
|  52|0x0000000086400000, 0x0000000086400000, 0x0000000086500000|  0%| F|  |TAMS 0x0000000086400000| PB 0x0000000086400000| Untracked 
|  53|0x0000000086500000, 0x0000000086500000, 0x0000000086600000|  0%| F|  |TAMS 0x0000000086500000| PB 0x0000000086500000| Untracked 
|  54|0x0000000086600000, 0x0000000086600000, 0x0000000086700000|  0%| F|  |TAMS 0x0000000086600000| PB 0x0000000086600000| Untracked 
|  55|0x0000000086700000, 0x0000000086700000, 0x0000000086800000|  0%| F|  |TAMS 0x0000000086700000| PB 0x0000000086700000| Untracked 
|  56|0x0000000086800000, 0x0000000086900000, 0x0000000086900000|100%| S|CS|TAMS 0x0000000086800000| PB 0x0000000086800000| Complete 
|  57|0x0000000086900000, 0x0000000086a00000, 0x0000000086a00000|100%| S|CS|TAMS 0x0000000086900000| PB 0x0000000086900000| Complete 
|  58|0x0000000086a00000, 0x0000000086b00000, 0x0000000086b00000|100%| S|CS|TAMS 0x0000000086a00000| PB 0x0000000086a00000| Complete 
|  59|0x0000000086b00000, 0x0000000086c00000, 0x0000000086c00000|100%| S|CS|TAMS 0x0000000086b00000| PB 0x0000000086b00000| Complete 
|  60|0x0000000086c00000, 0x0000000086d00000, 0x0000000086d00000|100%| S|CS|TAMS 0x0000000086c00000| PB 0x0000000086c00000| Complete 
|  61|0x0000000086d00000, 0x0000000086e00000, 0x0000000086e00000|100%| S|CS|TAMS 0x0000000086d00000| PB 0x0000000086d00000| Complete 
|  62|0x0000000086e00000, 0x0000000086f00000, 0x0000000086f00000|100%| S|CS|TAMS 0x0000000086e00000| PB 0x0000000086e00000| Complete 
|  63|0x0000000086f00000, 0x0000000087000000, 0x0000000087000000|100%| S|CS|TAMS 0x0000000086f00000| PB 0x0000000086f00000| Complete 
|  64|0x0000000087000000, 0x0000000087100000, 0x0000000087100000|100%| S|CS|TAMS 0x0000000087000000| PB 0x0000000087000000| Complete 
|  65|0x0000000087100000, 0x0000000087200000, 0x0000000087200000|100%| S|CS|TAMS 0x0000000087100000| PB 0x0000000087100000| Complete 
|  66|0x0000000087200000, 0x0000000087200000, 0x0000000087300000|  0%| F|  |TAMS 0x0000000087200000| PB 0x0000000087200000| Untracked 
|  67|0x0000000087300000, 0x0000000087300000, 0x0000000087400000|  0%| F|  |TAMS 0x0000000087300000| PB 0x0000000087300000| Untracked 
|  68|0x0000000087400000, 0x0000000087400000, 0x0000000087500000|  0%| F|  |TAMS 0x0000000087400000| PB 0x0000000087400000| Untracked 
|  69|0x0000000087500000, 0x0000000087500000, 0x0000000087600000|  0%| F|  |TAMS 0x0000000087500000| PB 0x0000000087500000| Untracked 
|  70|0x0000000087600000, 0x0000000087600000, 0x0000000087700000|  0%| F|  |TAMS 0x0000000087600000| PB 0x0000000087600000| Untracked 
|  71|0x0000000087700000, 0x0000000087700000, 0x0000000087800000|  0%| F|  |TAMS 0x0000000087700000| PB 0x0000000087700000| Untracked 
|  72|0x0000000087800000, 0x0000000087800000, 0x0000000087900000|  0%| F|  |TAMS 0x0000000087800000| PB 0x0000000087800000| Untracked 
|  73|0x0000000087900000, 0x0000000087900000, 0x0000000087a00000|  0%| F|  |TAMS 0x0000000087900000| PB 0x0000000087900000| Untracked 
|  74|0x0000000087a00000, 0x0000000087a00000, 0x0000000087b00000|  0%| F|  |TAMS 0x0000000087a00000| PB 0x0000000087a00000| Untracked 
|  75|0x0000000087b00000, 0x0000000087b00000, 0x0000000087c00000|  0%| F|  |TAMS 0x0000000087b00000| PB 0x0000000087b00000| Untracked 
|  76|0x0000000087c00000, 0x0000000087c00000, 0x0000000087d00000|  0%| F|  |TAMS 0x0000000087c00000| PB 0x0000000087c00000| Untracked 
|  77|0x0000000087d00000, 0x0000000087d00000, 0x0000000087e00000|  0%| F|  |TAMS 0x0000000087d00000| PB 0x0000000087d00000| Untracked 
|  78|0x0000000087e00000, 0x0000000087e00000, 0x0000000087f00000|  0%| F|  |TAMS 0x0000000087e00000| PB 0x0000000087e00000| Untracked 
|  79|0x0000000087f00000, 0x0000000087f00000, 0x0000000088000000|  0%| F|  |TAMS 0x0000000087f00000| PB 0x0000000087f00000| Untracked 
|  80|0x0000000088000000, 0x0000000088000000, 0x0000000088100000|  0%| F|  |TAMS 0x0000000088000000| PB 0x0000000088000000| Untracked 
|  81|0x0000000088100000, 0x0000000088100000, 0x0000000088200000|  0%| F|  |TAMS 0x0000000088100000| PB 0x0000000088100000| Untracked 
|  82|0x0000000088200000, 0x0000000088200000, 0x0000000088300000|  0%| F|  |TAMS 0x0000000088200000| PB 0x0000000088200000| Untracked 
|  83|0x0000000088300000, 0x0000000088300000, 0x0000000088400000|  0%| F|  |TAMS 0x0000000088300000| PB 0x0000000088300000| Untracked 
|  84|0x0000000088400000, 0x0000000088400000, 0x0000000088500000|  0%| F|  |TAMS 0x0000000088400000| PB 0x0000000088400000| Untracked 
|  85|0x0000000088500000, 0x0000000088500000, 0x0000000088600000|  0%| F|  |TAMS 0x0000000088500000| PB 0x0000000088500000| Untracked 
|  86|0x0000000088600000, 0x0000000088600000, 0x0000000088700000|  0%| F|  |TAMS 0x0000000088600000| PB 0x0000000088600000| Untracked 
|  87|0x0000000088700000, 0x0000000088700000, 0x0000000088800000|  0%| F|  |TAMS 0x0000000088700000| PB 0x0000000088700000| Untracked 
|  88|0x0000000088800000, 0x0000000088800000, 0x0000000088900000|  0%| F|  |TAMS 0x0000000088800000| PB 0x0000000088800000| Untracked 
|  89|0x0000000088900000, 0x0000000088900000, 0x0000000088a00000|  0%| F|  |TAMS 0x0000000088900000| PB 0x0000000088900000| Untracked 
|  90|0x0000000088a00000, 0x0000000088a85a78, 0x0000000088b00000| 52%| E|  |TAMS 0x0000000088a00000| PB 0x0000000088a00000| Complete 
|  91|0x0000000088b00000, 0x0000000088c00000, 0x0000000088c00000|100%| E|CS|TAMS 0x0000000088b00000| PB 0x0000000088b00000| Complete 
|  92|0x0000000088c00000, 0x0000000088d00000, 0x0000000088d00000|100%| E|CS|TAMS 0x0000000088c00000| PB 0x0000000088c00000| Complete 
|  93|0x0000000088d00000, 0x0000000088e00000, 0x0000000088e00000|100%| E|CS|TAMS 0x0000000088d00000| PB 0x0000000088d00000| Complete 
|  94|0x0000000088e00000, 0x0000000088f00000, 0x0000000088f00000|100%| E|CS|TAMS 0x0000000088e00000| PB 0x0000000088e00000| Complete 
|  95|0x0000000088f00000, 0x0000000089000000, 0x0000000089000000|100%| E|CS|TAMS 0x0000000088f00000| PB 0x0000000088f00000| Complete 
|  96|0x0000000089000000, 0x0000000089100000, 0x0000000089100000|100%| E|CS|TAMS 0x0000000089000000| PB 0x0000000089000000| Complete 
|  97|0x0000000089100000, 0x0000000089200000, 0x0000000089200000|100%| E|CS|TAMS 0x0000000089100000| PB 0x0000000089100000| Complete 
|  98|0x0000000089200000, 0x0000000089300000, 0x0000000089300000|100%| E|  |TAMS 0x0000000089200000| PB 0x0000000089200000| Complete 
|  99|0x0000000089300000, 0x0000000089400000, 0x0000000089400000|100%| E|CS|TAMS 0x0000000089300000| PB 0x0000000089300000| Complete 
| 100|0x0000000089400000, 0x0000000089500000, 0x0000000089500000|100%| E|CS|TAMS 0x0000000089400000| PB 0x0000000089400000| Complete 
| 101|0x0000000089500000, 0x0000000089600000, 0x0000000089600000|100%| E|CS|TAMS 0x0000000089500000| PB 0x0000000089500000| Complete 
| 102|0x0000000089600000, 0x0000000089700000, 0x0000000089700000|100%| E|CS|TAMS 0x0000000089600000| PB 0x0000000089600000| Complete 
| 103|0x0000000089700000, 0x0000000089800000, 0x0000000089800000|100%| E|CS|TAMS 0x0000000089700000| PB 0x0000000089700000| Complete 
| 104|0x0000000089800000, 0x0000000089900000, 0x0000000089900000|100%| E|CS|TAMS 0x0000000089800000| PB 0x0000000089800000| Complete 
| 105|0x0000000089900000, 0x0000000089a00000, 0x0000000089a00000|100%| E|CS|TAMS 0x0000000089900000| PB 0x0000000089900000| Complete 
| 106|0x0000000089a00000, 0x0000000089b00000, 0x0000000089b00000|100%| E|CS|TAMS 0x0000000089a00000| PB 0x0000000089a00000| Complete 
| 107|0x0000000089b00000, 0x0000000089c00000, 0x0000000089c00000|100%| E|CS|TAMS 0x0000000089b00000| PB 0x0000000089b00000| Complete 
| 108|0x0000000089c00000, 0x0000000089d00000, 0x0000000089d00000|100%| E|CS|TAMS 0x0000000089c00000| PB 0x0000000089c00000| Complete 
| 109|0x0000000089d00000, 0x0000000089e00000, 0x0000000089e00000|100%| E|CS|TAMS 0x0000000089d00000| PB 0x0000000089d00000| Complete 
| 110|0x0000000089e00000, 0x0000000089f00000, 0x0000000089f00000|100%| E|CS|TAMS 0x0000000089e00000| PB 0x0000000089e00000| Complete 
| 111|0x0000000089f00000, 0x000000008a000000, 0x000000008a000000|100%| E|CS|TAMS 0x0000000089f00000| PB 0x0000000089f00000| Complete 
| 112|0x000000008a000000, 0x000000008a100000, 0x000000008a100000|100%| E|CS|TAMS 0x000000008a000000| PB 0x000000008a000000| Complete 
| 113|0x000000008a100000, 0x000000008a200000, 0x000000008a200000|100%| E|CS|TAMS 0x000000008a100000| PB 0x000000008a100000| Complete 
| 114|0x000000008a200000, 0x000000008a300000, 0x000000008a300000|100%| E|CS|TAMS 0x000000008a200000| PB 0x000000008a200000| Complete 
| 115|0x000000008a300000, 0x000000008a400000, 0x000000008a400000|100%| E|CS|TAMS 0x000000008a300000| PB 0x000000008a300000| Complete 
| 116|0x000000008a400000, 0x000000008a500000, 0x000000008a500000|100%| E|CS|TAMS 0x000000008a400000| PB 0x000000008a400000| Complete 
| 117|0x000000008a500000, 0x000000008a600000, 0x000000008a600000|100%| E|CS|TAMS 0x000000008a500000| PB 0x000000008a500000| Complete 
| 124|0x000000008ac00000, 0x000000008ad00000, 0x000000008ad00000|100%| E|CS|TAMS 0x000000008ac00000| PB 0x000000008ac00000| Complete 
| 125|0x000000008ad00000, 0x000000008ae00000, 0x000000008ae00000|100%| E|CS|TAMS 0x000000008ad00000| PB 0x000000008ad00000| Complete 

Card table byte_map: [0x0000020575730000,0x0000020575b20000] _byte_map_base: 0x0000020575318000

Marking Bits: (CMBitMap*) 0x000002056cf4c660
 Bits: [0x0000020575b20000, 0x0000020577a60000)

Polling page: 0x000002056c6c0000

Metaspace:

Usage:
  Non-class:     23.86 MB used.
      Class:      3.89 MB used.
       Both:     27.75 MB used.

Virtual space:
  Non-class space:       64.00 MB reserved,      24.12 MB ( 38%) committed,  1 nodes.
      Class space:        1.00 GB reserved,       4.12 MB ( <1%) committed,  1 nodes.
             Both:        1.06 GB reserved,      28.25 MB (  3%) committed. 

Chunk freelists:
   Non-Class:  7.84 MB
       Class:  11.91 MB
        Both:  19.75 MB

MaxMetaspaceSize: unlimited
CompressedClassSpaceSize: 1.00 GB
Initial GC threshold: 21.00 MB
Current GC threshold: 35.12 MB
CDS: on
 - commit_granule_bytes: 65536.
 - commit_granule_words: 8192.
 - virtual_space_node_default_size: 8388608.
 - enlarge_chunks_in_place: 1.
 - use_allocation_guard: 0.


Internal statistics:

num_allocs_failed_limit: 3.
num_arena_births: 648.
num_arena_deaths: 0.
num_vsnodes_births: 2.
num_vsnodes_deaths: 0.
num_space_committed: 452.
num_space_uncommitted: 0.
num_chunks_returned_to_freelist: 3.
num_chunks_taken_from_freelist: 1503.
num_chunk_merges: 0.
num_chunk_splits: 967.
num_chunks_enlarged: 636.
num_inconsistent_stats: 0.

CodeHeap 'non-profiled nmethods': size=120000Kb used=1886Kb max_used=1886Kb free=118113Kb
 bounds [0x0000020507ad0000, 0x0000020507d40000, 0x000002050f000000]
CodeHeap 'profiled nmethods': size=120000Kb used=9036Kb max_used=9036Kb free=110963Kb
 bounds [0x0000020500000000, 0x00000205008e0000, 0x0000020507530000]
CodeHeap 'non-nmethods': size=5760Kb used=1978Kb max_used=2036Kb free=3781Kb
 bounds [0x0000020507530000, 0x00000205077a0000, 0x0000020507ad0000]
 total_blobs=5555 nmethods=4612 adapters=846
 compilation: enabled
              stopped_count=0, restarted_count=0
 full_count=0

Compilation events (20 events):
Event: 22.201 Thread 0x0000020579f6c7e0 4605       3       javafx.scene.Scene$MouseHandler::clearPDREventTargets (62 bytes)
Event: 22.202 Thread 0x0000020579f6c7e0 nmethod 4605 0x00000205008cb410 code [0x00000205008cb620, 0x00000205008cbe20]
Event: 22.216 Thread 0x0000020579f5e540 4606       4       javafx.scene.Node::updateLocalToParentTransform (442 bytes)
Event: 22.245 Thread 0x0000020579f5e540 nmethod 4606 0x0000020507ca5910 code [0x0000020507ca5bc0, 0x0000020507ca6388]
Event: 22.251 Thread 0x0000020579f5e540 4607       4       com.sun.javafx.event.EventHandlerManager::dispatchCapturingEvent (41 bytes)
Event: 22.271 Thread 0x0000020579f5e540 nmethod 4607 0x0000020507ca6990 code [0x0000020507ca6b80, 0x0000020507ca6f90]
Event: 22.481 Thread 0x0000020579f6c7e0 4608       3       com.sun.javafx.application.PlatformImpl::isSupportedImpl (445 bytes)
Event: 22.491 Thread 0x0000020579f6c7e0 nmethod 4608 0x00000205008cc090 code [0x00000205008cc6c0, 0x00000205008cf118]
Event: 22.502 Thread 0x0000020579f5e540 4609       4       java.lang.ThreadLocal::get (35 bytes)
Event: 22.503 Thread 0x0000020579f6c7e0 4610       3       javafx.scene.Node::sceneToLocal0 (46 bytes)
Event: 22.507 Thread 0x0000020579f6c7e0 nmethod 4610 0x00000205008cfd10 code [0x00000205008d0020, 0x00000205008d17f0]
Event: 22.510 Thread 0x0000020579f5e540 nmethod 4609 0x0000020507ca7310 code [0x0000020507ca74c0, 0x0000020507ca7660]
Event: 32.743 Thread 0x0000020579f6c7e0 4611       3       java.util.TreeMap$PrivateEntryIterator::nextEntry (54 bytes)
Event: 32.744 Thread 0x0000020579f6c7e0 nmethod 4611 0x00000205008d1e10 code [0x00000205008d2000, 0x00000205008d2450]
Event: 33.181 Thread 0x0000020579f6c7e0 4612       3       java.util.logging.LogManager::getProperty (9 bytes)
Event: 33.181 Thread 0x0000020579f6c7e0 nmethod 4612 0x00000205008d2610 code [0x00000205008d27c0, 0x00000205008d2998]
Event: 33.183 Thread 0x0000020579f6c7e0 4613       3       java.util.Collections$3::hasMoreElements (10 bytes)
Event: 33.183 Thread 0x0000020579f6c7e0 nmethod 4613 0x00000205008d2a90 code [0x00000205008d2c40, 0x00000205008d2e18]
Event: 33.183 Thread 0x0000020579f6c7e0 4614       3       java.util.Collections$3::nextElement (10 bytes)
Event: 33.183 Thread 0x0000020579f6c7e0 nmethod 4614 0x00000205008d2f10 code [0x00000205008d30c0, 0x00000205008d3298]

GC Heap History (6 events):
Event: 0.677 GC heap before
{Heap before GC invocations=0 (full 0):
 garbage-first heap   total 129024K, used 13312K [0x0000000083000000, 0x0000000100000000)
  region size 1024K, 13 young (13312K), 0 survivors (0K)
 Metaspace       used 2409K, committed 2624K, reserved 1114112K
  class space    used 253K, committed 384K, reserved 1048576K
}
Event: 0.681 GC heap after
{Heap after GC invocations=1 (full 0):
 garbage-first heap   total 129024K, used 1783K [0x0000000083000000, 0x0000000100000000)
  region size 1024K, 2 young (2048K), 2 survivors (2048K)
 Metaspace       used 2409K, committed 2624K, reserved 1114112K
  class space    used 253K, committed 384K, reserved 1048576K
}
Event: 1.416 GC heap before
{Heap before GC invocations=1 (full 0):
 garbage-first heap   total 129024K, used 24311K [0x0000000083000000, 0x0000000100000000)
  region size 1024K, 25 young (25600K), 2 survivors (2048K)
 Metaspace       used 8737K, committed 9024K, reserved 1114112K
  class space    used 1118K, committed 1280K, reserved 1048576K
}
Event: 1.425 GC heap after
{Heap after GC invocations=2 (full 0):
 garbage-first heap   total 129024K, used 5209K [0x0000000083000000, 0x0000000100000000)
  region size 1024K, 4 young (4096K), 4 survivors (4096K)
 Metaspace       used 8737K, committed 9024K, reserved 1114112K
  class space    used 1118K, committed 1280K, reserved 1048576K
}
Event: 19.295 GC heap before
{Heap before GC invocations=2 (full 0):
 garbage-first heap   total 129024K, used 83033K [0x0000000083000000, 0x0000000100000000)
  region size 1024K, 60 young (61440K), 4 survivors (4096K)
 Metaspace       used 21051K, committed 21504K, reserved 1114112K
  class space    used 2979K, committed 3200K, reserved 1048576K
}
Event: 19.308 GC heap after
{Heap after GC invocations=3 (full 0):
 garbage-first heap   total 129024K, used 34559K [0x0000000083000000, 0x0000000100000000)
  region size 1024K, 10 young (10240K), 10 survivors (10240K)
 Metaspace       used 21051K, committed 21504K, reserved 1114112K
  class space    used 2979K, committed 3200K, reserved 1048576K
}

Dll operation events (20 events):
Event: 0.611 Loaded shared library C:\Users\zoryv\OneDrive\Робочий стіл\курсова\openjfx-21.0.1_windows-x64_bin-sdk (1)\javafx-sdk-21.0.1\bin\api-ms-win-crt-private-l1-1-0.dll
Event: 0.615 Loaded shared library C:\Users\zoryv\OneDrive\Робочий стіл\курсова\openjfx-21.0.1_windows-x64_bin-sdk (1)\javafx-sdk-21.0.1\bin\api-ms-win-crt-process-l1-1-0.dll
Event: 0.618 Loaded shared library C:\Users\zoryv\OneDrive\Робочий стіл\курсова\openjfx-21.0.1_windows-x64_bin-sdk (1)\javafx-sdk-21.0.1\bin\api-ms-win-crt-runtime-l1-1-0.dll
Event: 0.622 Loaded shared library C:\Users\zoryv\OneDrive\Робочий стіл\курсова\openjfx-21.0.1_windows-x64_bin-sdk (1)\javafx-sdk-21.0.1\bin\api-ms-win-crt-stdio-l1-1-0.dll
Event: 0.625 Loaded shared library C:\Users\zoryv\OneDrive\Робочий стіл\курсова\openjfx-21.0.1_windows-x64_bin-sdk (1)\javafx-sdk-21.0.1\bin\api-ms-win-crt-string-l1-1-0.dll
Event: 0.629 Loaded shared library C:\Users\zoryv\OneDrive\Робочий стіл\курсова\openjfx-21.0.1_windows-x64_bin-sdk (1)\javafx-sdk-21.0.1\bin\api-ms-win-crt-time-l1-1-0.dll
Event: 0.633 Loaded shared library C:\Users\zoryv\OneDrive\Робочий стіл\курсова\openjfx-21.0.1_windows-x64_bin-sdk (1)\javafx-sdk-21.0.1\bin\api-ms-win-crt-utility-l1-1-0.dll
Event: 0.636 Loaded shared library C:\Users\zoryv\OneDrive\Робочий стіл\курсова\openjfx-21.0.1_windows-x64_bin-sdk (1)\javafx-sdk-21.0.1\bin\ucrtbase.dll
Event: 0.640 Loaded shared library C:\Users\zoryv\OneDrive\Робочий стіл\курсова\openjfx-21.0.1_windows-x64_bin-sdk (1)\javafx-sdk-21.0.1\bin\vcruntime140.dll
Event: 0.643 Loaded shared library C:\Users\zoryv\OneDrive\Робочий стіл\курсова\openjfx-21.0.1_windows-x64_bin-sdk (1)\javafx-sdk-21.0.1\bin\vcruntime140_1.dll
Event: 0.648 Loaded shared library C:\Users\zoryv\OneDrive\Робочий стіл\курсова\openjfx-21.0.1_windows-x64_bin-sdk (1)\javafx-sdk-21.0.1\bin\msvcp140.dll
Event: 0.651 Loaded shared library C:\Users\zoryv\OneDrive\Робочий стіл\курсова\openjfx-21.0.1_windows-x64_bin-sdk (1)\javafx-sdk-21.0.1\bin\msvcp140_1.dll
Event: 0.654 Loaded shared library C:\Users\zoryv\OneDrive\Робочий стіл\курсова\openjfx-21.0.1_windows-x64_bin-sdk (1)\javafx-sdk-21.0.1\bin\msvcp140_2.dll
Event: 0.720 Loaded shared library C:\Users\zoryv\OneDrive\Робочий стіл\курсова\openjfx-21.0.1_windows-x64_bin-sdk (1)\javafx-sdk-21.0.1\bin\prism_d3d.dll
Event: 0.804 Loaded shared library C:\Users\zoryv\OneDrive\Робочий стіл\курсова\openjfx-21.0.1_windows-x64_bin-sdk (1)\javafx-sdk-21.0.1\bin\glass.dll
Event: 0.988 Loaded shared library C:\Users\zoryv\.jdks\openjdk-21.0.1\bin\jimage.dll
Event: 1.332 Loaded shared library C:\Users\zoryv\OneDrive\Робочий стіл\курсова\openjfx-21.0.1_windows-x64_bin-sdk (1)\javafx-sdk-21.0.1\bin\javafx_font.dll
Event: 15.213 Loaded shared library C:\Users\zoryv\OneDrive\Робочий стіл\курсова\openjfx-21.0.1_windows-x64_bin-sdk (1)\javafx-sdk-21.0.1\bin\javafx_iio.dll
Event: 18.889 Loaded shared library C:\Users\zoryv\OneDrive\Робочий стіл\курсова\openjfx-21.0.1_windows-x64_bin-sdk (1)\javafx-sdk-21.0.1\bin\jfxwebkit.dll
Event: 19.373 Loaded shared library C:\Users\zoryv\.jdks\openjdk-21.0.1\bin\sunmscapi.dll

Deoptimization events (20 events):
Event: 20.677 Thread 0x00000205545536e0 DEOPT PACKING pc=0x0000020507c76fe4 sp=0x000000606d5fe9c0
Event: 20.677 Thread 0x00000205545536e0 DEOPT UNPACKING pc=0x000002050758469c sp=0x000000606d5fea20 mode 2
Event: 20.677 Thread 0x00000205545536e0 Uncommon trap: trap_request=0xffffffc6 fr.pc=0x0000020507c76fe4 relative=0x00000000000026a4
Event: 20.677 Thread 0x00000205545536e0 Uncommon trap: reason=bimorphic_or_optimized_type_check action=maybe_recompile pc=0x0000020507c76fe4 method=java.util.zip.InflaterInputStream.read([BII)I @ 78 c2
Event: 20.677 Thread 0x00000205545536e0 DEOPT PACKING pc=0x0000020507c76fe4 sp=0x000000606d5fe9c0
Event: 20.677 Thread 0x00000205545536e0 DEOPT UNPACKING pc=0x000002050758469c sp=0x000000606d5fea20 mode 2
Event: 20.690 Thread 0x00000205545529c0 DEOPT PACKING pc=0x00000205007af483 sp=0x000000606d2fe1e0
Event: 20.690 Thread 0x00000205545529c0 DEOPT UNPACKING pc=0x0000020507584e23 sp=0x000000606d2fd610 mode 0
Event: 20.691 Thread 0x00000205545529c0 DEOPT PACKING pc=0x00000205007af483 sp=0x000000606d2fe1e0
Event: 20.691 Thread 0x00000205545529c0 DEOPT UNPACKING pc=0x0000020507584e23 sp=0x000000606d2fd610 mode 0
Event: 20.695 Thread 0x00000205545529c0 DEOPT PACKING pc=0x00000205007af483 sp=0x000000606d2fe1e0
Event: 20.695 Thread 0x00000205545529c0 DEOPT UNPACKING pc=0x0000020507584e23 sp=0x000000606d2fd610 mode 0
Event: 20.695 Thread 0x00000205545529c0 DEOPT PACKING pc=0x00000205007af483 sp=0x000000606d2fe1e0
Event: 20.695 Thread 0x00000205545529c0 DEOPT UNPACKING pc=0x0000020507584e23 sp=0x000000606d2fd610 mode 0
Event: 20.696 Thread 0x00000205545529c0 DEOPT PACKING pc=0x00000205007af483 sp=0x000000606d2fe260
Event: 20.696 Thread 0x00000205545529c0 DEOPT UNPACKING pc=0x0000020507584e23 sp=0x000000606d2fd690 mode 0
Event: 20.697 Thread 0x00000205545529c0 DEOPT PACKING pc=0x00000205007af483 sp=0x000000606d2fe1e0
Event: 20.697 Thread 0x00000205545529c0 DEOPT UNPACKING pc=0x0000020507584e23 sp=0x000000606d2fd610 mode 0
Event: 20.697 Thread 0x00000205545529c0 DEOPT PACKING pc=0x00000205007af483 sp=0x000000606d2fe1e0
Event: 20.697 Thread 0x00000205545529c0 DEOPT UNPACKING pc=0x0000020507584e23 sp=0x000000606d2fd610 mode 0

Classes loaded (20 events):
Event: 20.572 Loading class java/text/ParseException
Event: 20.573 Loading class java/text/ParseException done
Event: 20.663 Loading class java/util/concurrent/ArrayBlockingQueue
Event: 20.664 Loading class java/util/concurrent/ArrayBlockingQueue done
Event: 20.664 Loading class java/util/concurrent/CompletableFuture$MinimalStage
Event: 20.664 Loading class java/util/concurrent/CompletableFuture$MinimalStage done
Event: 20.666 Loading class java/util/zip/CheckedInputStream
Event: 20.666 Loading class java/util/zip/CheckedInputStream done
Event: 20.669 Loading class java/util/concurrent/CompletableFuture$BiApply
Event: 20.669 Loading class java/util/concurrent/CompletableFuture$BiApply done
Event: 20.673 Loading class java/nio/HeapByteBufferR
Event: 20.673 Loading class java/nio/HeapByteBufferR done
Event: 20.740 Loading class java/util/zip/GZIPInputStream$1
Event: 20.740 Loading class java/util/zip/GZIPInputStream$1 done
Event: 20.801 Loading class java/lang/Throwable$WrappedPrintStream
Event: 20.802 Loading class java/lang/Throwable$PrintStreamOrWriter
Event: 20.802 Loading class java/lang/Throwable$PrintStreamOrWriter done
Event: 20.802 Loading class java/lang/Throwable$WrappedPrintStream done
Event: 33.180 Loading class jdk/internal/misc/Signal$1
Event: 33.180 Loading class jdk/internal/misc/Signal$1 done

Classes unloaded (0 events):
No events

Classes redefined (0 events):
No events

Internal exceptions (20 events):
Event: 19.082 Thread 0x000002057e82f1c0 Exception <a 'java/lang/NoSuchMethodError'{0x000000008786bec8}: 'java.lang.Object java.lang.invoke.DelegatingMethodHandle$Holder.delegate(java.lang.Object, int, java.lang.Object, java.lang.Object)'> (0x000000008786bec8) 
thrown [s\open\src\hotspot\share\interpreter\linkResolver.cpp, line 773]
Event: 19.085 Thread 0x000002057e82f1c0 Exception <a 'java/lang/NoSuchMethodError'{0x000000008787bc48}: 'int java.lang.invoke.Invokers$Holder.linkToTargetMethod(java.lang.Object, java.lang.Object, java.lang.Object)'> (0x000000008787bc48) 
thrown [s\open\src\hotspot\share\interpreter\linkResolver.cpp, line 773]
Event: 19.089 Thread 0x000002057e82f1c0 Exception <a 'java/lang/NoSuchMethodError'{0x000000008788b568}: 'long java.lang.invoke.DirectMethodHandle$Holder.invokeSpecial(java.lang.Object, java.lang.Object)'> (0x000000008788b568) 
thrown [s\open\src\hotspot\share\interpreter\linkResolver.cpp, line 773]
Event: 19.091 Thread 0x000002057e82f1c0 Exception <a 'java/lang/NoSuchMethodError'{0x0000000087891f30}: 'int java.lang.invoke.DirectMethodHandle$Holder.invokeStatic(java.lang.Object, java.lang.Object, java.lang.Object, java.lang.Object)'> (0x0000000087891f30) 
thrown [s\open\src\hotspot\share\interpreter\linkResolver.cpp, line 773]
Event: 19.175 Thread 0x000002057e82f1c0 Exception <a 'sun/nio/fs/WindowsException'{0x000000008779e170}> (0x000000008779e170) 
thrown [s\open\src\hotspot\share\prims\jni.cpp, line 520]
Event: 19.313 Thread 0x000002057e82f1c0 Exception <a 'java/lang/NoSuchMethodError'{0x000000008ad04290}: 'java.lang.Object java.lang.invoke.DirectMethodHandle$Holder.invokeStaticInit(java.lang.Object, int, int, int, int)'> (0x000000008ad04290) 
thrown [s\open\src\hotspot\share\interpreter\linkResolver.cpp, line 773]
Event: 19.341 Thread 0x000002057e82f1c0 Exception <a 'java/lang/NoSuchMethodError'{0x000000008ad7c3f0}: 'java.lang.Object java.lang.invoke.DirectMethodHandle$Holder.invokeStaticInit(java.lang.Object, java.lang.Object, int, int, int, int)'> (0x000000008ad7c3f0) 
thrown [s\open\src\hotspot\share\interpreter\linkResolver.cpp, line 773]
Event: 19.409 Thread 0x000002057e82f1c0 Exception <a 'sun/nio/fs/WindowsException'{0x000000008aced580}> (0x000000008aced580) 
thrown [s\open\src\hotspot\share\prims\jni.cpp, line 520]
Event: 19.457 Thread 0x00000205545529c0 Exception <a 'sun/nio/fs/WindowsException'{0x000000008a5c3f80}> (0x000000008a5c3f80) 
thrown [s\open\src\hotspot\share\prims\jni.cpp, line 520]
Event: 19.490 Thread 0x00000205545529c0 Exception <a 'java/lang/NoSuchMethodError'{0x000000008a3a4598}: 'java.lang.Object java.lang.invoke.DirectMethodHandle$Holder.invokeSpecial(java.lang.Object, java.lang.Object, java.lang.Object, java.lang.Object, int)'> (0x000000008a3a4598) 
thrown [s\open\src\hotspot\share\interpreter\linkResolver.cpp, line 773]
Event: 19.490 Thread 0x00000205545529c0 Exception <a 'java/lang/NoSuchMethodError'{0x000000008a3a7a20}: 'java.lang.Object java.lang.invoke.Invokers$Holder.linkToTargetMethod(java.lang.Object, java.lang.Object, int, java.lang.Object)'> (0x000000008a3a7a20) 
thrown [s\open\src\hotspot\share\interpreter\linkResolver.cpp, line 773]
Event: 19.562 Thread 0x0000020554555120 Exception <a 'java/lang/NoSuchMethodError'{0x000000008a50ca58}: 'void java.lang.invoke.DirectMethodHandle$Holder.invokeStatic(java.lang.Object, java.lang.Object, int)'> (0x000000008a50ca58) 
thrown [s\open\src\hotspot\share\interpreter\linkResolver.cpp, line 773]
Event: 19.566 Thread 0x00000205545529c0 Exception <a 'java/lang/NoSuchMethodError'{0x000000008a008da0}: 'void java.lang.invoke.DirectMethodHandle$Holder.invokeInterface(java.lang.Object, java.lang.Object, java.lang.Object)'> (0x000000008a008da0) 
thrown [s\open\src\hotspot\share\interpreter\linkResolver.cpp, line 773]
Event: 19.818 Thread 0x000002057e82f1c0 Implicit null exception at 0x0000020507c3ab28 to 0x0000020507c3b770
Event: 19.832 Thread 0x00000205545529c0 Exception <a 'java/lang/NoSuchMethodError'{0x0000000089a186c8}: 'void java.lang.invoke.DirectMethodHandle$Holder.invokeInterface(java.lang.Object, java.lang.Object)'> (0x0000000089a186c8) 
thrown [s\open\src\hotspot\share\interpreter\linkResolver.cpp, line 773]
Event: 19.880 Thread 0x000002057e82f1c0 Exception <a 'java/lang/NoSuchMethodError'{0x00000000898637d8}: 'void java.lang.invoke.DirectMethodHandle$Holder.invokeSpecial(java.lang.Object, java.lang.Object, int, int)'> (0x00000000898637d8) 
thrown [s\open\src\hotspot\share\interpreter\linkResolver.cpp, line 773]
Event: 19.881 Thread 0x000002057e82f1c0 Exception <a 'java/lang/NoSuchMethodError'{0x0000000089869f98}: 'java.lang.Object java.lang.invoke.DirectMethodHandle$Holder.newInvokeSpecial(java.lang.Object, java.lang.Object, int, int)'> (0x0000000089869f98) 
thrown [s\open\src\hotspot\share\interpreter\linkResolver.cpp, line 773]
Event: 19.882 Thread 0x000002057e82f1c0 Exception <a 'java/lang/NoSuchMethodError'{0x000000008986e9b8}: 'java.lang.Object java.lang.invoke.DirectMethodHandle$Holder.invokeSpecial(java.lang.Object, java.lang.Object, java.lang.Object, int, int)'> (0x000000008986e9b8) 
thrown [s\open\src\hotspot\share\interpreter\linkResolver.cpp, line 773]
Event: 19.995 Thread 0x000002057e82f1c0 Exception <a 'java/lang/NoSuchMethodError'{0x00000000894b2420}: 'java.lang.Object java.lang.invoke.DirectMethodHandle$Holder.invokeSpecial(java.lang.Object, java.lang.Object, int, int, int, int)'> (0x00000000894b2420) 
thrown [s\open\src\hotspot\share\interpreter\linkResolver.cpp, line 773]
Event: 20.544 Thread 0x00000205545529c0 Exception <a 'java/lang/NoSuchMethodError'{0x00000000892d59f8}: 'void java.lang.invoke.DirectMethodHandle$Holder.invokeVirtual(java.lang.Object, java.lang.Object, java.lang.Object, java.lang.Object)'> (0x00000000892d59f8) 
thrown [s\open\src\hotspot\share\interpreter\linkResolver.cpp, line 773]

ZGC Phase Switch (0 events):
No events

VM Operations (20 events):
Event: 19.587 Executing VM operation: HandshakeAllThreads (Deoptimize) done
Event: 19.835 Executing VM operation: ICBufferFull
Event: 19.836 Executing VM operation: ICBufferFull done
Event: 19.908 Executing VM operation: HandshakeAllThreads (Deoptimize)
Event: 19.908 Executing VM operation: HandshakeAllThreads (Deoptimize) done
Event: 20.093 Executing VM operation: HandshakeAllThreads (Deoptimize)
Event: 20.093 Executing VM operation: HandshakeAllThreads (Deoptimize) done
Event: 20.111 Executing VM operation: HandshakeAllThreads (Deoptimize)
Event: 20.111 Executing VM operation: HandshakeAllThreads (Deoptimize) done
Event: 20.569 Executing VM operation: HandshakeAllThreads (Deoptimize)
Event: 20.569 Executing VM operation: HandshakeAllThreads (Deoptimize) done
Event: 20.610 Executing VM operation: ICBufferFull
Event: 20.610 Executing VM operation: ICBufferFull done
Event: 20.674 Executing VM operation: HandshakeAllThreads (Deoptimize)
Event: 20.674 Executing VM operation: HandshakeAllThreads (Deoptimize) done
Event: 21.674 Executing VM operation: Cleanup
Event: 21.675 Executing VM operation: Cleanup done
Event: 22.675 Executing VM operation: Cleanup
Event: 22.676 Executing VM operation: Cleanup done
Event: 33.184 Executing VM operation: Exit

Events (20 events):
Event: 2.576 Thread 0x000002057ead2dc0 Thread exited: 0x000002057ead2dc0
Event: 2.682 Thread 0x0000020554553d70 Thread added: 0x0000020554553d70
Event: 2.786 Thread 0x000002055452eb60 Thread added: 0x000002055452eb60
Event: 3.095 Thread 0x000002055452eb60 Thread exited: 0x000002055452eb60
Event: 18.943 Thread 0x0000020554fc2bd0 Thread added: 0x0000020554fc2bd0
Event: 18.952 Thread 0x0000020554552330 Thread added: 0x0000020554552330
Event: 19.425 Thread 0x0000020554555120 Thread added: 0x0000020554555120
Event: 19.445 Thread 0x00000205545529c0 Thread added: 0x00000205545529c0
Event: 19.582 Thread 0x0000020554554400 Thread added: 0x0000020554554400
Event: 20.666 Thread 0x00000205545536e0 Thread added: 0x00000205545536e0
Event: 20.667 Thread 0x0000020554554a90 Thread added: 0x0000020554554a90
Event: 22.152 Thread 0x0000020554fc2bd0 Thread exited: 0x0000020554fc2bd0
Event: 33.180 Thread 0x000002057e2e4570 Thread added: 0x000002057e2e4570
Event: 33.181 Thread 0x000002057e2e6640 Thread added: 0x000002057e2e6640
Event: 33.182 Thread 0x000002057e2e8710 Thread added: 0x000002057e2e8710
Event: 33.182 Thread 0x000002057e2e79f0 Thread added: 0x000002057e2e79f0
Event: 33.183 Thread 0x000002057e2e8710 Thread exited: 0x000002057e2e8710
Event: 33.183 Thread 0x000002057e2e6640 Thread exited: 0x000002057e2e6640
Event: 33.184 Thread 0x0000020579f5b2d0 Thread exited: 0x0000020579f5b2d0
Event: 33.184 Thread 0x000002057e2e79f0 Thread exited: 0x000002057e2e79f0


Dynamic libraries:
0x00007ff652600000 - 0x00007ff65260e000 	C:\Users\zoryv\.jdks\openjdk-21.0.1\bin\java.exe
0x00007ffedbd10000 - 0x00007ffedbf26000 	C:\WINDOWS\SYSTEM32\ntdll.dll
0x00007ffed9a40000 - 0x00007ffed9b04000 	C:\WINDOWS\System32\KERNEL32.DLL
0x00007ffed90d0000 - 0x00007ffed9477000 	C:\WINDOWS\System32\KERNELBASE.dll
0x00007ffed9920000 - 0x00007ffed9a31000 	C:\WINDOWS\System32\ucrtbase.dll
0x00007ffecf280000 - 0x00007ffecf298000 	C:\Users\zoryv\.jdks\openjdk-21.0.1\bin\jli.dll
0x00007ffec9320000 - 0x00007ffec933b000 	C:\Users\zoryv\.jdks\openjdk-21.0.1\bin\VCRUNTIME140.dll
0x00007ffedab90000 - 0x00007ffedad3e000 	C:\WINDOWS\System32\USER32.dll
0x00007ffeaefc0000 - 0x00007ffeaf253000 	C:\WINDOWS\WinSxS\amd64_microsoft.windows.common-controls_6595b64144ccf1df_6.0.22621.3235_none_270f74e173860f98\COMCTL32.dll
0x00007ffed9710000 - 0x00007ffed9736000 	C:\WINDOWS\System32\win32u.dll
0x00007ffed9b10000 - 0x00007ffed9bb7000 	C:\WINDOWS\System32\msvcrt.dll
0x00007ffeda700000 - 0x00007ffeda729000 	C:\WINDOWS\System32\GDI32.dll
0x00007ffed9540000 - 0x00007ffed9659000 	C:\WINDOWS\System32\gdi32full.dll
0x00007ffed9030000 - 0x00007ffed90ca000 	C:\WINDOWS\System32\msvcp_win.dll
0x00007ffeda5f0000 - 0x00007ffeda621000 	C:\WINDOWS\System32\IMM32.DLL
0x00007ffec9310000 - 0x00007ffec931c000 	C:\Users\zoryv\.jdks\openjdk-21.0.1\bin\vcruntime140_1.dll
0x00007ffe79390000 - 0x00007ffe7941e000 	C:\Users\zoryv\.jdks\openjdk-21.0.1\bin\msvcp140.dll
0x00007ffe725c0000 - 0x00007ffe732d5000 	C:\Users\zoryv\.jdks\openjdk-21.0.1\bin\server\jvm.dll
0x00007ffedbb10000 - 0x00007ffedbbc2000 	C:\WINDOWS\System32\ADVAPI32.dll
0x00007ffedaee0000 - 0x00007ffedaf88000 	C:\WINDOWS\System32\sechost.dll
0x00007ffed9660000 - 0x00007ffed9688000 	C:\WINDOWS\System32\bcrypt.dll
0x00007ffeda9e0000 - 0x00007ffedaaf5000 	C:\WINDOWS\System32\RPCRT4.dll
0x00007ffeda500000 - 0x00007ffeda571000 	C:\WINDOWS\System32\WS2_32.dll
0x00007ffed8f00000 - 0x00007ffed8f4d000 	C:\WINDOWS\SYSTEM32\POWRPROF.dll
0x00007ffecf230000 - 0x00007ffecf264000 	C:\WINDOWS\SYSTEM32\WINMM.dll
0x00007ffec8cc0000 - 0x00007ffec8cca000 	C:\WINDOWS\SYSTEM32\VERSION.dll
0x00007ffed8e30000 - 0x00007ffed8e43000 	C:\WINDOWS\SYSTEM32\UMPDC.dll
0x00007ffed8070000 - 0x00007ffed8088000 	C:\WINDOWS\SYSTEM32\kernel.appcore.dll
0x00007ffed38f0000 - 0x00007ffed38fa000 	C:\Users\zoryv\.jdks\openjdk-21.0.1\bin\jimage.dll
0x00007ffed6b20000 - 0x00007ffed6d53000 	C:\WINDOWS\SYSTEM32\DBGHELP.DLL
0x00007ffedaf90000 - 0x00007ffedb318000 	C:\WINDOWS\System32\combase.dll
0x00007ffed9bc0000 - 0x00007ffed9c97000 	C:\WINDOWS\System32\OLEAUT32.dll
0x00007ffebb080000 - 0x00007ffebb0b2000 	C:\WINDOWS\SYSTEM32\dbgcore.DLL
0x00007ffed9690000 - 0x00007ffed9709000 	C:\WINDOWS\System32\bcryptPrimitives.dll
0x00007ffed3a20000 - 0x00007ffed3a2f000 	C:\Users\zoryv\.jdks\openjdk-21.0.1\bin\instrument.dll
0x00007ffed2690000 - 0x00007ffed26af000 	C:\Users\zoryv\.jdks\openjdk-21.0.1\bin\java.dll
0x00007ffed9ca0000 - 0x00007ffeda4fc000 	C:\WINDOWS\System32\SHELL32.dll
0x00007ffed6f90000 - 0x00007ffed7889000 	C:\WINDOWS\SYSTEM32\windows.storage.dll
0x00007ffed6e50000 - 0x00007ffed6f8e000 	C:\WINDOWS\SYSTEM32\wintypes.dll
0x00007ffeda8e0000 - 0x00007ffeda9d3000 	C:\WINDOWS\System32\SHCORE.dll
0x00007ffeda6a0000 - 0x00007ffeda6fe000 	C:\WINDOWS\System32\shlwapi.dll
0x00007ffed8f60000 - 0x00007ffed8f81000 	C:\WINDOWS\SYSTEM32\profapi.dll
0x00007ffe79510000 - 0x00007ffe795e7000 	C:\Users\zoryv\.jdks\openjdk-21.0.1\bin\jsvml.dll
0x00007ffed38e0000 - 0x00007ffed38f0000 	C:\Users\zoryv\.jdks\openjdk-21.0.1\bin\net.dll
0x00007ffed0d00000 - 0x00007ffed0e36000 	C:\WINDOWS\SYSTEM32\WINHTTP.dll
0x00007ffed84e0000 - 0x00007ffed8549000 	C:\WINDOWS\system32\mswsock.dll
0x00007ffec90a0000 - 0x00007ffec90b6000 	C:\Users\zoryv\.jdks\openjdk-21.0.1\bin\nio.dll
0x00007ffec9350000 - 0x00007ffec9368000 	C:\Users\zoryv\.jdks\openjdk-21.0.1\bin\zip.dll
0x00007ffed39d0000 - 0x00007ffed39ea000 	C:\Program Files\JetBrains\IntelliJ IDEA 2023.2.1\bin\breakgen64.dll
0x0000020579f90000 - 0x0000020579f93000 	C:\Users\zoryv\OneDrive\Робочий стіл\курсова\openjfx-21.0.1_windows-x64_bin-sdk (1)\javafx-sdk-21.0.1\bin\api-ms-win-core-console-l1-1-0.dll
0x0000020579fa0000 - 0x0000020579fa3000 	C:\Users\zoryv\OneDrive\Робочий стіл\курсова\openjfx-21.0.1_windows-x64_bin-sdk (1)\javafx-sdk-21.0.1\bin\api-ms-win-core-console-l1-2-0.dll
0x0000020579fb0000 - 0x0000020579fb3000 	C:\Users\zoryv\OneDrive\Робочий стіл\курсова\openjfx-21.0.1_windows-x64_bin-sdk (1)\javafx-sdk-21.0.1\bin\api-ms-win-core-datetime-l1-1-0.dll
0x0000020579fc0000 - 0x0000020579fc3000 	C:\Users\zoryv\OneDrive\Робочий стіл\курсова\openjfx-21.0.1_windows-x64_bin-sdk (1)\javafx-sdk-21.0.1\bin\api-ms-win-core-debug-l1-1-0.dll
0x0000020579fd0000 - 0x0000020579fd3000 	C:\Users\zoryv\OneDrive\Робочий стіл\курсова\openjfx-21.0.1_windows-x64_bin-sdk (1)\javafx-sdk-21.0.1\bin\api-ms-win-core-errorhandling-l1-1-0.dll
0x0000020579fe0000 - 0x0000020579fe4000 	C:\Users\zoryv\OneDrive\Робочий стіл\курсова\openjfx-21.0.1_windows-x64_bin-sdk (1)\javafx-sdk-21.0.1\bin\api-ms-win-core-file-l1-1-0.dll
0x0000020579ff0000 - 0x0000020579ff3000 	C:\Users\zoryv\OneDrive\Робочий стіл\курсова\openjfx-21.0.1_windows-x64_bin-sdk (1)\javafx-sdk-21.0.1\bin\api-ms-win-core-file-l1-2-0.dll
0x000002057ed00000 - 0x000002057ed03000 	C:\Users\zoryv\OneDrive\Робочий стіл\курсова\openjfx-21.0.1_windows-x64_bin-sdk (1)\javafx-sdk-21.0.1\bin\api-ms-win-core-file-l2-1-0.dll
0x000002057ed10000 - 0x000002057ed13000 	C:\Users\zoryv\OneDrive\Робочий стіл\курсова\openjfx-21.0.1_windows-x64_bin-sdk (1)\javafx-sdk-21.0.1\bin\api-ms-win-core-handle-l1-1-0.dll
0x000002057ed20000 - 0x000002057ed23000 	C:\Users\zoryv\OneDrive\Робочий стіл\курсова\openjfx-21.0.1_windows-x64_bin-sdk (1)\javafx-sdk-21.0.1\bin\api-ms-win-core-heap-l1-1-0.dll
0x000002057ed30000 - 0x000002057ed33000 	C:\Users\zoryv\OneDrive\Робочий стіл\курсова\openjfx-21.0.1_windows-x64_bin-sdk (1)\javafx-sdk-21.0.1\bin\api-ms-win-core-interlocked-l1-1-0.dll
0x000002057ed40000 - 0x000002057ed43000 	C:\Users\zoryv\OneDrive\Робочий стіл\курсова\openjfx-21.0.1_windows-x64_bin-sdk (1)\javafx-sdk-21.0.1\bin\api-ms-win-core-libraryloader-l1-1-0.dll
0x000002057ed50000 - 0x000002057ed53000 	C:\Users\zoryv\OneDrive\Робочий стіл\курсова\openjfx-21.0.1_windows-x64_bin-sdk (1)\javafx-sdk-21.0.1\bin\api-ms-win-core-localization-l1-2-0.dll
0x000002057ed60000 - 0x000002057ed63000 	C:\Users\zoryv\OneDrive\Робочий стіл\курсова\openjfx-21.0.1_windows-x64_bin-sdk (1)\javafx-sdk-21.0.1\bin\api-ms-win-core-memory-l1-1-0.dll
0x000002057ed70000 - 0x000002057ed73000 	C:\Users\zoryv\OneDrive\Робочий стіл\курсова\openjfx-21.0.1_windows-x64_bin-sdk (1)\javafx-sdk-21.0.1\bin\api-ms-win-core-namedpipe-l1-1-0.dll
0x000002057ed80000 - 0x000002057ed83000 	C:\Users\zoryv\OneDrive\Робочий стіл\курсова\openjfx-21.0.1_windows-x64_bin-sdk (1)\javafx-sdk-21.0.1\bin\api-ms-win-core-processenvironment-l1-1-0.dll
0x000002057ed90000 - 0x000002057ed93000 	C:\Users\zoryv\OneDrive\Робочий стіл\курсова\openjfx-21.0.1_windows-x64_bin-sdk (1)\javafx-sdk-21.0.1\bin\api-ms-win-core-processthreads-l1-1-0.dll
0x000002057eda0000 - 0x000002057eda3000 	C:\Users\zoryv\OneDrive\Робочий стіл\курсова\openjfx-21.0.1_windows-x64_bin-sdk (1)\javafx-sdk-21.0.1\bin\api-ms-win-core-processthreads-l1-1-1.dll
0x000002057edb0000 - 0x000002057edb3000 	C:\Users\zoryv\OneDrive\Робочий стіл\курсова\openjfx-21.0.1_windows-x64_bin-sdk (1)\javafx-sdk-21.0.1\bin\api-ms-win-core-profile-l1-1-0.dll
0x000002057edc0000 - 0x000002057edc3000 	C:\Users\zoryv\OneDrive\Робочий стіл\курсова\openjfx-21.0.1_windows-x64_bin-sdk (1)\javafx-sdk-21.0.1\bin\api-ms-win-core-rtlsupport-l1-1-0.dll
0x000002057edd0000 - 0x000002057edd3000 	C:\Users\zoryv\OneDrive\Робочий стіл\курсова\openjfx-21.0.1_windows-x64_bin-sdk (1)\javafx-sdk-21.0.1\bin\api-ms-win-core-string-l1-1-0.dll
0x000002057ede0000 - 0x000002057ede3000 	C:\Users\zoryv\OneDrive\Робочий стіл\курсова\openjfx-21.0.1_windows-x64_bin-sdk (1)\javafx-sdk-21.0.1\bin\api-ms-win-core-synch-l1-1-0.dll
0x000002057edf0000 - 0x000002057edf3000 	C:\Users\zoryv\OneDrive\Робочий стіл\курсова\openjfx-21.0.1_windows-x64_bin-sdk (1)\javafx-sdk-21.0.1\bin\api-ms-win-core-synch-l1-2-0.dll
0x000002057ee00000 - 0x000002057ee03000 	C:\Users\zoryv\OneDrive\Робочий стіл\курсова\openjfx-21.0.1_windows-x64_bin-sdk (1)\javafx-sdk-21.0.1\bin\api-ms-win-core-sysinfo-l1-1-0.dll
0x000002057ee10000 - 0x000002057ee13000 	C:\Users\zoryv\OneDrive\Робочий стіл\курсова\openjfx-21.0.1_windows-x64_bin-sdk (1)\javafx-sdk-21.0.1\bin\api-ms-win-core-timezone-l1-1-0.dll
0x000002057ee20000 - 0x000002057ee23000 	C:\Users\zoryv\OneDrive\Робочий стіл\курсова\openjfx-21.0.1_windows-x64_bin-sdk (1)\javafx-sdk-21.0.1\bin\api-ms-win-core-util-l1-1-0.dll
0x000002057ee30000 - 0x000002057ee33000 	C:\Users\zoryv\OneDrive\Робочий стіл\курсова\openjfx-21.0.1_windows-x64_bin-sdk (1)\javafx-sdk-21.0.1\bin\api-ms-win-crt-conio-l1-1-0.dll
0x000002057ee40000 - 0x000002057ee44000 	C:\Users\zoryv\OneDrive\Робочий стіл\курсова\openjfx-21.0.1_windows-x64_bin-sdk (1)\javafx-sdk-21.0.1\bin\api-ms-win-crt-convert-l1-1-0.dll
0x000002057ee50000 - 0x000002057ee53000 	C:\Users\zoryv\OneDrive\Робочий стіл\курсова\openjfx-21.0.1_windows-x64_bin-sdk (1)\javafx-sdk-21.0.1\bin\api-ms-win-crt-environment-l1-1-0.dll
0x000002057ee60000 - 0x000002057ee63000 	C:\Users\zoryv\OneDrive\Робочий стіл\курсова\openjfx-21.0.1_windows-x64_bin-sdk (1)\javafx-sdk-21.0.1\bin\api-ms-win-crt-filesystem-l1-1-0.dll
0x000002057ee70000 - 0x000002057ee73000 	C:\Users\zoryv\OneDrive\Робочий стіл\курсова\openjfx-21.0.1_windows-x64_bin-sdk (1)\javafx-sdk-21.0.1\bin\api-ms-win-crt-heap-l1-1-0.dll
0x000002057ee80000 - 0x000002057ee83000 	C:\Users\zoryv\OneDrive\Робочий стіл\курсова\openjfx-21.0.1_windows-x64_bin-sdk (1)\javafx-sdk-21.0.1\bin\api-ms-win-crt-locale-l1-1-0.dll
0x000002057ee90000 - 0x000002057ee95000 	C:\Users\zoryv\OneDrive\Робочий стіл\курсова\openjfx-21.0.1_windows-x64_bin-sdk (1)\javafx-sdk-21.0.1\bin\api-ms-win-crt-math-l1-1-0.dll
0x000002057eea0000 - 0x000002057eea5000 	C:\Users\zoryv\OneDrive\Робочий стіл\курсова\openjfx-21.0.1_windows-x64_bin-sdk (1)\javafx-sdk-21.0.1\bin\api-ms-win-crt-multibyte-l1-1-0.dll
0x000002057eeb0000 - 0x000002057eec0000 	C:\Users\zoryv\OneDrive\Робочий стіл\курсова\openjfx-21.0.1_windows-x64_bin-sdk (1)\javafx-sdk-21.0.1\bin\api-ms-win-crt-private-l1-1-0.dll
0x000002057eec0000 - 0x000002057eec3000 	C:\Users\zoryv\OneDrive\Робочий стіл\курсова\openjfx-21.0.1_windows-x64_bin-sdk (1)\javafx-sdk-21.0.1\bin\api-ms-win-crt-process-l1-1-0.dll
0x000002057eed0000 - 0x000002057eed4000 	C:\Users\zoryv\OneDrive\Робочий стіл\курсова\openjfx-21.0.1_windows-x64_bin-sdk (1)\javafx-sdk-21.0.1\bin\api-ms-win-crt-runtime-l1-1-0.dll
0x000002057eee0000 - 0x000002057eee4000 	C:\Users\zoryv\OneDrive\Робочий стіл\курсова\openjfx-21.0.1_windows-x64_bin-sdk (1)\javafx-sdk-21.0.1\bin\api-ms-win-crt-stdio-l1-1-0.dll
0x000002057eef0000 - 0x000002057eef4000 	C:\Users\zoryv\OneDrive\Робочий стіл\курсова\openjfx-21.0.1_windows-x64_bin-sdk (1)\javafx-sdk-21.0.1\bin\api-ms-win-crt-string-l1-1-0.dll
0x000002057ef00000 - 0x000002057ef03000 	C:\Users\zoryv\OneDrive\Робочий стіл\курсова\openjfx-21.0.1_windows-x64_bin-sdk (1)\javafx-sdk-21.0.1\bin\api-ms-win-crt-time-l1-1-0.dll
0x000002057ef10000 - 0x000002057ef13000 	C:\Users\zoryv\OneDrive\Робочий стіл\курсова\openjfx-21.0.1_windows-x64_bin-sdk (1)\javafx-sdk-21.0.1\bin\api-ms-win-crt-utility-l1-1-0.dll
0x00007ffea55c0000 - 0x00007ffea56bc000 	C:\Users\zoryv\OneDrive\Робочий стіл\курсова\openjfx-21.0.1_windows-x64_bin-sdk (1)\javafx-sdk-21.0.1\bin\ucrtbase.dll
0x00007ffecf2a0000 - 0x00007ffecf2bb000 	C:\Users\zoryv\OneDrive\Робочий стіл\курсова\openjfx-21.0.1_windows-x64_bin-sdk (1)\javafx-sdk-21.0.1\bin\vcruntime140.dll
0x00007ffed3a10000 - 0x00007ffed3a1c000 	C:\Users\zoryv\OneDrive\Робочий стіл\курсова\openjfx-21.0.1_windows-x64_bin-sdk (1)\javafx-sdk-21.0.1\bin\vcruntime140_1.dll
0x00007ffea5530000 - 0x00007ffea55be000 	C:\Users\zoryv\OneDrive\Робочий стіл\курсова\openjfx-21.0.1_windows-x64_bin-sdk (1)\javafx-sdk-21.0.1\bin\msvcp140.dll
0x00007ffeda730000 - 0x00007ffeda8d5000 	C:\WINDOWS\System32\ole32.dll
0x00007ffed0310000 - 0x00007ffed0319000 	C:\Users\zoryv\OneDrive\Робочий стіл\курсова\openjfx-21.0.1_windows-x64_bin-sdk (1)\javafx-sdk-21.0.1\bin\msvcp140_1.dll
0x00007ffec6c80000 - 0x00007ffec6caf000 	C:\Users\zoryv\OneDrive\Робочий стіл\курсова\openjfx-21.0.1_windows-x64_bin-sdk (1)\javafx-sdk-21.0.1\bin\msvcp140_2.dll
0x00007ffebe3d0000 - 0x00007ffebe3ff000 	C:\Users\zoryv\OneDrive\Робочий стіл\курсова\openjfx-21.0.1_windows-x64_bin-sdk (1)\javafx-sdk-21.0.1\bin\prism_d3d.dll
0x00007ffea5380000 - 0x00007ffea5529000 	C:\WINDOWS\system32\d3d9.dll
0x00007ffed63b0000 - 0x00007ffed63db000 	C:\WINDOWS\SYSTEM32\dwmapi.dll
0x00007ffed63e0000 - 0x00007ffed6419000 	C:\WINDOWS\SYSTEM32\dxcore.dll
0x00007ffed6170000 - 0x00007ffed621b000 	C:\WINDOWS\system32\uxtheme.dll
0x00007ffe7a6b0000 - 0x00007ffe7a85c000 	C:\WINDOWS\System32\DriverStore\FileRepository\iigd_dch.inf_amd64_7b69d1dcf2ed050c\igdumdim64.dll
0x00007ffe6b9b0000 - 0x00007ffe6f60c000 	C:\WINDOWS\System32\DriverStore\FileRepository\iigd_dch.inf_amd64_7b69d1dcf2ed050c\igd9dxva64.dll
0x00007ffedb500000 - 0x00007ffedb974000 	C:\WINDOWS\System32\SETUPAPI.dll
0x00007ffed8c30000 - 0x00007ffed8c7e000 	C:\WINDOWS\SYSTEM32\cfgmgr32.dll
0x00007ffecda20000 - 0x00007ffecde10000 	C:\WINDOWS\System32\DriverStore\FileRepository\iigd_dch.inf_amd64_7b69d1dcf2ed050c\igdgmm64.dll
0x00007ffed2470000 - 0x00007ffed24ba000 	C:\WINDOWS\SYSTEM32\directxdatabasehelper.dll
0x00007ffebe380000 - 0x00007ffebe3c2000 	C:\Users\zoryv\OneDrive\Робочий стіл\курсова\openjfx-21.0.1_windows-x64_bin-sdk (1)\javafx-sdk-21.0.1\bin\glass.dll
0x00007ffedbbd0000 - 0x00007ffedbcc9000 	C:\WINDOWS\System32\COMDLG32.dll
0x00007ffedb990000 - 0x00007ffedbae3000 	C:\WINDOWS\System32\MSCTF.dll
0x00007ffe82270000 - 0x00007ffe82297000 	C:\WINDOWS\System32\DriverStore\FileRepository\iigd_dch.inf_amd64_7b69d1dcf2ed050c\igdinfo64.dll
0x00007ffec93b0000 - 0x00007ffecd9f4000 	C:\WINDOWS\System32\DriverStore\FileRepository\iigd_dch.inf_amd64_7b69d1dcf2ed050c\igc64.dll
0x00007ffec6c10000 - 0x00007ffec6c24000 	C:\Users\zoryv\OneDrive\Робочий стіл\курсова\openjfx-21.0.1_windows-x64_bin-sdk (1)\javafx-sdk-21.0.1\bin\javafx_font.dll
0x00007ffed43a0000 - 0x00007ffed4614000 	C:\WINDOWS\SYSTEM32\dwrite.dll
0x00007ffedae30000 - 0x00007ffedaee0000 	C:\WINDOWS\System32\clbcatq.dll
0x00007ffed4080000 - 0x00007ffed4230000 	C:\WINDOWS\SYSTEM32\WindowsCodecs.dll
0x00007ffeace70000 - 0x00007ffeacece000 	C:\WINDOWS\system32\dataexchange.dll
0x00007ffecfa90000 - 0x00007ffecfd1e000 	C:\WINDOWS\system32\twinapi.appcore.dll
0x00007ffebe100000 - 0x00007ffebe132000 	C:\Program Files\Common Files\Microsoft Shared\Ink\rtscom.dll
0x00007ffeb16d0000 - 0x00007ffeb181a000 	C:\WINDOWS\SYSTEM32\textinputframework.dll
0x00007ffed5630000 - 0x00007ffed5764000 	C:\WINDOWS\SYSTEM32\CoreMessaging.dll
0x00007ffed1c90000 - 0x00007ffed1ffc000 	C:\WINDOWS\SYSTEM32\CoreUIComponents.dll
0x00007ffed8740000 - 0x00007ffed874c000 	C:\WINDOWS\SYSTEM32\CRYPTBASE.DLL
0x00007ffed4880000 - 0x00007ffed4e6e000 	C:\WINDOWS\SYSTEM32\d2d1.dll
0x00007ffed4620000 - 0x00007ffed4877000 	C:\WINDOWS\SYSTEM32\d3d11.dll
0x00007ffed6280000 - 0x00007ffed6378000 	C:\WINDOWS\SYSTEM32\dxgi.dll
0x00007ffed1110000 - 0x00007ffed1821000 	C:\WINDOWS\SYSTEM32\D3D10Warp.dll

dbghelp: loaded successfully - version: 4.0.5 - missing functions: none
symbol engine: initialized successfully - sym options: 0x614 - pdb path: .;C:\Users\zoryv\.jdks\openjdk-21.0.1\bin;C:\WINDOWS\SYSTEM32;C:\WINDOWS\WinSxS\amd64_microsoft.windows.common-controls_6595b64144ccf1df_6.0.22621.3235_none_270f74e173860f98;C:\Users\zoryv\.jdks\openjdk-21.0.1\bin\server;C:\Program Files\JetBrains\IntelliJ IDEA 2023.2.1\bin;C:\Users\zoryv\OneDrive\Робочий стіл\курсова\openjfx-21.0.1_windows-x64_bin-sdk (1)\javafx-sdk-21.0.1\bin;C:\WINDOWS\System32\DriverStore\FileRepository\iigd_dch.inf_amd64_7b69d1dcf2ed050c;C:\Program Files\Common Files\Microsoft Shared\Ink

VM Arguments:
jvm_args: -javaagent:C:\Program Files\JetBrains\IntelliJ IDEA 2023.2.1\lib\idea_rt.jar=52121:C:\Program Files\JetBrains\IntelliJ IDEA 2023.2.1\bin -Dfile.encoding=UTF-8 -Dsun.stdout.encoding=UTF-8 -Dsun.stderr.encoding=UTF-8 --module-path=C:\Users\zoryv\OneDrive\Робочий стіл\курсова\openjfx-21.0.1_windows-x64_bin-sdk (1)\javafx-sdk-21.0.1\lib\javafx.fxml.jar;C:\Users\zoryv\OneDrive\Робочий стіл\курсова\openjfx-21.0.1_windows-x64_bin-sdk (1)\javafx-sdk-21.0.1\lib\javafx.controls.jar;C:\Users\zoryv\OneDrive\Робочий стіл\курсова\mysql-connector-j-8.3.0\mysql-connector-j-8.3.0\mysql-connector-j-8.3.0.jar;C:\Users\zoryv\OneDrive\Робочий стіл\Cursova\target\classes;C:\Users\zoryv\OneDrive\Робочий стіл\курсова\openjfx-21.0.1_windows-x64_bin-sdk (1)\javafx-sdk-21.0.1\lib\javafx.media.jar;C:\Users\zoryv\OneDrive\Робочий стіл\курсова\openjfx-21.0.1_windows-x64_bin-sdk (1)\javafx-sdk-21.0.1\lib\javafx.web.jar;C:\Users\zoryv\OneDrive\Робочий стіл\курсова\openjfx-21.0.1_windows-x64_bin-sdk (1)\javafx-sdk-21.0.1\lib\javafx.base.jar;C:\Users\zoryv\OneDrive\Робочий стіл\курсова\openjfx-21.0.1_windows-x64_bin-sdk (1)\javafx-sdk-21.0.1\lib\javafx.graphics.jar -Djdk.module.main=com.example.cursova 
java_command: com.example.cursova/com.example.cursova.HelloApplication
java_class_path (initial): C:\Users\zoryv\OneDrive\Робочий стіл\курсова\openjfx-21.0.1_windows-x64_bin-sdk (1)\javafx-sdk-21.0.1\lib\javafx-swt.jar;C:\Users\zoryv\OneDrive\Робочий стіл\курсова\openjfx-21.0.1_windows-x64_bin-sdk (1)\javafx-sdk-21.0.1\lib\javafx.swing.jar
Launcher Type: SUN_STANDARD

[Global flags]
     intx CICompilerCount                          = 3                                         {product} {ergonomic}
     uint ConcGCThreads                            = 1                                         {product} {ergonomic}
     uint G1ConcRefinementThreads                  = 4                                         {product} {ergonomic}
   size_t G1HeapRegionSize                         = 1048576                                   {product} {ergonomic}
    uintx GCDrainStackTargetSize                   = 64                                        {product} {ergonomic}
   size_t InitialHeapSize                          = 132120576                                 {product} {ergonomic}
   size_t MarkStackSize                            = 4194304                                   {product} {ergonomic}
   size_t MaxHeapSize                              = 2097152000                                {product} {ergonomic}
   size_t MaxNewSize                               = 1258291200                                {product} {ergonomic}
   size_t MinHeapDeltaBytes                        = 1048576                                   {product} {ergonomic}
   size_t MinHeapSize                              = 8388608                                   {product} {ergonomic}
    uintx NonNMethodCodeHeapSize                   = 5832780                                {pd product} {ergonomic}
    uintx NonProfiledCodeHeapSize                  = 122912730                              {pd product} {ergonomic}
    uintx ProfiledCodeHeapSize                     = 122912730                              {pd product} {ergonomic}
    uintx ReservedCodeCacheSize                    = 251658240                              {pd product} {ergonomic}
     bool SegmentedCodeCache                       = true                                      {product} {ergonomic}
   size_t SoftMaxHeapSize                          = 2097152000                             {manageable} {ergonomic}
     bool UseCompressedOops                        = true                           {product lp64_product} {ergonomic}
     bool UseG1GC                                  = true                                      {product} {ergonomic}
     bool UseLargePagesIndividualAllocation        = false                                  {pd product} {ergonomic}

Logging:
Log output configuration:
 #0: stdout all=off uptime,level,tags foldmultilines=false
 #1: stderr all=off uptime,level,tags foldmultilines=false

Environment Variables:
PATH=C:\Program Files\Common Files\Oracle\Java\javapath;C:\WINDOWS\system32;C:\WINDOWS;C:\WINDOWS\System32\Wbem;C:\WINDOWS\System32\WindowsPowerShell\v1.0\;C:\WINDOWS\System32\OpenSSH\;C:\Program Files\Microsoft SQL Server\150\Tools\Binn\;C:\Program Files\Microsoft SQL Server\Client SDK\ODBC\170\Tools\Binn\;C:\Program Files\dotnet\;C:\WINDOWS\system32;C:\WINDOWS;C:\WINDOWS\System32\Wbem;C:\WINDOWS\System32\WindowsPowerShell\v1.0\;C:\WINDOWS\System32\OpenSSH\;C:\Program Files\nodejs\;C:\Program Files\Git\cmd;C:\Ruby33-x64\bin;C:\Users\zoryv\AppData\Local\Programs\Python\Launcher\;C:\Program Files\MySQL\MySQL Shell 8.0\bin\;C:\Users\zoryv\AppData\Local\Microsoft\WindowsApps;C:\Users\zoryv\.dotnet\tools;C:\Program Files\JetBrains\IntelliJ IDEA 2023.2.1\bin;;C:\Users\zoryv\AppData\Roaming\npm;C:\Program Files\JetBrains\PyCharm 2023.3.3\bin;;C:\Users\zoryv\AppData\Local\Programs\Microsoft VS Code\bin;C:\ruby-3.3.0\bin
USERNAME=zoryv
OS=Windows_NT
PROCESSOR_IDENTIFIER=Intel64 Family 6 Model 122 Stepping 8, GenuineIntel
TMP=C:\Users\zoryv\AppData\Local\Temp
TEMP=C:\Users\zoryv\AppData\Local\Temp




Periodic native trim disabled

---------------  S Y S T E M  ---------------

OS:
 Windows 11 , 64 bit Build 22621 (10.0.22621.3374)
OS uptime: 9 days 4:15 hours

CPU: total 4 (initial active 4) (4 cores per cpu, 1 threads per core) family 6 model 122 stepping 8 microcode 0x1a, cx8, cmov, fxsr, mmx, 3dnowpref, sse, sse2, sse3, ssse3, sse4.1, sse4.2, popcnt, tsc, tscinvbit, aes, erms, clmul, sha, clflush, clflushopt, rdtscp, rdpid
Processor Information for all 4 processors :
  Max Mhz: 1101, Current Mhz: 1101, Mhz Limit: 1101

Memory: 4k page, system-wide physical 7998M (1819M free)
TotalPageFile size 13630M (AvailPageFile size 5602M)
current process WorkingSet (physical memory assigned to process): 307M, peak: 353M
current process commit charge ("private bytes"): 358M, peak: 403M

vm_info: OpenJDK 64-Bit Server VM (21.0.1+12-29) for windows-amd64 JRE (21.0.1+12-29), built on 2023-10-05T13:27:09Z by "mach5one" with MS VC++ 17.1 (VS2022)

END.
