#
# A fatal error has been detected by the Java Runtime Environment:
#
#  EXCEPTION_ACCESS_VIOLATION (0xc0000005) at pc=0x00007ffe8f1d6587, pid=12148, tid=15064
#
# JRE version: OpenJDK Runtime Environment (21.0.1+12) (build 21.0.1+12-29)
# Java VM: OpenJDK 64-Bit Server VM (21.0.1+12-29, mixed mode, sharing, tiered, compressed oops, compressed class ptrs, g1 gc, windows-amd64)
# Problematic frame:
# C  [glass.dll+0x26587]
#
# No core dump will be written. Minidumps are not enabled by default on client versions of Windows
#
# If you would like to submit a bug report, please visit:
#   https://bugreport.java.com/bugreport/crash.jsp
#

---------------  S U M M A R Y ------------

Command Line: -javaagent:C:\Program Files\JetBrains\IntelliJ IDEA 2023.2.1\lib\idea_rt.jar=56920:C:\Program Files\JetBrains\IntelliJ IDEA 2023.2.1\bin -Dfile.encoding=UTF-8 -Dsun.stdout.encoding=UTF-8 -Dsun.stderr.encoding=UTF-8 --module-path=C:\Users\zoryv\OneDrive\Робочий стіл\курсова\openjfx-21.0.1_windows-x64_bin-sdk (1)\javafx-sdk-21.0.1\lib\javafx.web.jar;C:\Users\zoryv\OneDrive\Робочий стіл\курсова\openjfx-21.0.1_windows-x64_bin-sdk (1)\javafx-sdk-21.0.1\lib\javafx.fxml.jar;C:\Users\zoryv\OneDrive\Робочий стіл\курсова\openjfx-21.0.1_windows-x64_bin-sdk (1)\javafx-sdk-21.0.1\lib\javafx.controls.jar;C:\Users\zoryv\OneDrive\Робочий стіл\курсова\openjfx-21.0.1_windows-x64_bin-sdk (1)\javafx-sdk-21.0.1\lib\javafx.base.jar;C:\Users\zoryv\OneDrive\Робочий стіл\курсова\openjfx-21.0.1_windows-x64_bin-sdk (1)\javafx-sdk-21.0.1\lib\javafx.swing.jar;C:\Users\zoryv\OneDrive\Робочий стіл\курсова\mysql-connector-j-8.3.0\mysql-connector-j-8.3.0\mysql-connector-j-8.3.0.jar;C:\Users\zoryv\OneDrive\Робочий стіл\Cursova\target\classes;C:\Users\zoryv\OneDrive\Робочий стіл\курсова\openjfx-21.0.1_windows-x64_bin-sdk (1)\javafx-sdk-21.0.1\lib\javafx.media.jar;C:\Users\zoryv\OneDrive\Робочий стіл\курсова\openjfx-21.0.1_windows-x64_bin-sdk (1)\javafx-sdk-21.0.1\lib\javafx.graphics.jar -Djdk.module.main=com.example.cursova com.example.cursova/com.example.cursova.HelloApplication

Host: Intel(R) Pentium(R) Silver N5030 CPU @ 1.10GHz, 4 cores, 7G,  Windows 11 , 64 bit Build 22621 (10.0.22621.3374)
Time: Sun Apr 14 16:46:25 2024  Windows 11 , 64 bit Build 22621 (10.0.22621.3374) elapsed time: 211.249936 seconds (0d 0h 3m 31s)

---------------  T H R E A D  ---------------

Current thread (0x0000027df44d7a70):  VMThread "VM Thread"          [id=15064, stack(0x000000b9acd00000,0x000000b9ace00000) (1024K)]

Stack: [0x000000b9acd00000,0x000000b9ace00000],  sp=0x000000b9acdff1f0,  free space=1020k
Native frames: (J=compiled Java code, j=interpreted, Vv=VM code, C=native code)
C  [glass.dll+0x26587]


siginfo: EXCEPTION_ACCESS_VIOLATION (0xc0000005), reading address 0x0000000000000000


Registers:
RAX=0x0000000000000000, RBX=0x0000027df44e6722, RCX=0x0000027df44d7a70, RDX=0x000000b9acdff1f0
RSP=0x000000b9acdff1f0, RBP=0x0000027df93d4498, RSI=0x000000b9acdff2f8, RDI=0x0000027df93d4470
R8 =0x0000000000010002, R9 =0x0000027df93d4470, R10=0x85f13e9656da4870, R11=0x000000b9acdff180
R12=0x00007ffe8f1d3ed0, R13=0x00007ffe73221fa0, R14=0x0000f93287caf2b2, R15=0x0000027df93d4470
RIP=0x00007ffe8f1d6587, EFLAGS=0x0000000000010206


Register to memory mapping:

RAX=0x0 is null
RBX=0x0000027df44e6722 is a global jni handle
RCX=0x0000027df44d7a70 points into unknown readable memory: 0x00007ffe73033f88 | 88 3f 03 73 fe 7f 00 00
RDX=0x000000b9acdff1f0 points into unknown readable memory: 0x0000000000000000 | 00 00 00 00 00 00 00 00
RSP=0x000000b9acdff1f0 points into unknown readable memory: 0x0000000000000000 | 00 00 00 00 00 00 00 00
RBP=0x0000027df93d4498 points into unknown readable memory: 0x0000f93287caf2b2 | b2 f2 ca 87 32 f9 00 00
RSI=0x000000b9acdff2f8 points into unknown readable memory: 0x000000b9acdff2e0 | e0 f2 df ac b9 00 00 00
RDI=0x0000027df93d4470 points into unknown readable memory: 0xe7a0f9337830cec6 | c6 ce 30 78 33 f9 a0 e7
R8 =0x0000000000010002 is an unknown value
R9 =0x0000027df93d4470 points into unknown readable memory: 0xe7a0f9337830cec6 | c6 ce 30 78 33 f9 a0 e7
R10=0x85f13e9656da4870 is an unknown value
R11=0x000000b9acdff180 points into unknown readable memory: 0x0000000000000000 | 00 00 00 00 00 00 00 00
R12=0x00007ffe8f1d3ed0 glass.dll
R13=0x00007ffe73221fa0 jvm.dll
R14=0x0000f93287caf2b2 is an unknown value
R15=0x0000027df93d4470 points into unknown readable memory: 0xe7a0f9337830cec6 | c6 ce 30 78 33 f9 a0 e7

Top of Stack: (sp=0x000000b9acdff1f0)
0x000000b9acdff1f0:   0000000000000000 000000b9acdff2f8
0x000000b9acdff200:   00007ffe73221fa0 00007ffe8f1d3ed0
0x000000b9acdff210:   0000027df93d4478 00007ffed9973a53
0x000000b9acdff220:   0000027df93d4470 0000027d00000000
0x000000b9acdff230:   0000027df93d4498 000000b9acdff2f8
0x000000b9acdff240:   fffffffffffffffe 0000000000000000
0x000000b9acdff250:   0000000000000001 00007ffe8f1b0000
0x000000b9acdff260:   000000b9acdff2e8 00007ffed994042e
0x000000b9acdff270:   0000000000000000 000000b9acdff2f8
0x000000b9acdff280:   000000b9acdff5e0 0000000000000001
0x000000b9acdff290:   0000000000000001 00007ffed993dddd
0x000000b9acdff2a0:   0000000000000000 00007ffe8f1d36c9
0x000000b9acdff2b0:   00007ffed4215ed0 000000b9acdff2e8
0x000000b9acdff2c0:   fffffffffffffffe 000000b9acdff2b0
0x000000b9acdff2d0:   0000000000000000 00007ffe8f1d3d5d
0x000000b9acdff2e0:   00007ffe8f1ea008 00007ffe00000002
0x000000b9acdff2f0:   0000000000000002 000000b9acdff2e0
0x000000b9acdff300:   0000000000000000 00007ffedbd38603
0x000000b9acdff310:   0000000000000000 00007ffe8f1d3e82
0x000000b9acdff320:   0000000000000001 0000000000000001
0x000000b9acdff330:   0000000000000001 00007ffed8755277
0x000000b9acdff340:   0000000000000001 00007ffed8742223
0x000000b9acdff350:   00007ffe00000001 0000000000000000
0x000000b9acdff360:   00007ffe8f1b0000 000000007ffe0384
0x000000b9acdff370:   0000000000000000 00007ffedbd3869f
0x000000b9acdff380:   00007ffe8f1b0000 0000000000000000
0x000000b9acdff390:   0000000000000001 000000007ffe0385
0x000000b9acdff3a0:   00007ffedbe46a20 00007ffe393d694c
0x000000b9acdff3b0:   00002223f4528800 00007ffe373b0000
0x000000b9acdff3c0:   00007ffe8f1d3ed0 0000000000000000
0x000000b9acdff3d0:   0000000000000000 000000b9ac2a7000
0x000000b9acdff3e0:   0000027df93a7830 00007ffedbd610a6 

Instructions: (pc=0x00007ffe8f1d6587)
0x00007ffe8f1d6487:   8b 4d 58 e8 8d cf ff ff 48 8b 4d 60 e8 84 cf ff
0x00007ffe8f1d6497:   ff 48 8b 95 80 00 00 00 48 8b 8d 18 01 00 00 e8
0x00007ffe8f1d64a7:   76 c4 ff ff 33 d2 33 c9 e8 cc e1 ff ff 90 48 89
0x00007ffe8f1d64b7:   54 24 10 55 48 83 ec 20 48 8b ea 48 b8 00 00 00
0x00007ffe8f1d64c7:   00 00 00 00 00 48 83 c4 20 5d c3 cc 40 55 48 8b
0x00007ffe8f1d64d7:   ea 48 8b 01 33 c9 81 38 05 00 00 c0 0f 94 c1 8b
0x00007ffe8f1d64e7:   c1 5d c3 cc 40 55 48 83 ec 20 48 8b ea 8a 4d 40
0x00007ffe8f1d64f7:   48 83 c4 20 5d e9 73 d3 ff ff cc 40 55 48 83 ec
0x00007ffe8f1d6507:   20 48 8b ea 8a 4d 20 e8 61 d3 ff ff 90 48 83 c4
0x00007ffe8f1d6517:   20 5d c3 cc 40 55 48 83 ec 20 48 8b ea 48 83 c4
0x00007ffe8f1d6527:   20 5d e9 c2 d1 ff ff cc 40 55 48 83 ec 30 48 8b
0x00007ffe8f1d6537:   ea 48 8b 01 8b 10 48 89 4c 24 28 89 54 24 20 4c
0x00007ffe8f1d6547:   8d 0d 63 d6 ff ff 4c 8b 45 70 8b 55 68 48 8b 4d
0x00007ffe8f1d6557:   60 e8 03 d1 ff ff 90 48 83 c4 30 5d c3 cc cc cc
0x00007ffe8f1d6567:   cc cc cc cc cc cc cc cc cc 40 53 48 83 ec 20 48
0x00007ffe8f1d6577:   8b 1d 8b 34 01 00 48 85 db 74 16 e8 89 8f ff ff
0x00007ffe8f1d6587:   4c 8b 00 48 8b d3 48 8b c8 41 ff 90 b0 00 00 00
0x00007ffe8f1d6597:   90 48 83 c4 20 5b c3 cc cc 40 53 48 83 ec 20 48
0x00007ffe8f1d65a7:   8b 1d fb 35 01 00 48 85 db 74 57 b8 ff ff ff ff
0x00007ffe8f1d65b7:   f0 0f c1 43 10 83 f8 01 75 3d 48 85 db 74 38 48
0x00007ffe8f1d65c7:   8b 0b 48 85 c9 74 0d ff 15 d4 0c 00 00 48 c7 03
0x00007ffe8f1d65d7:   00 00 00 00 48 8b 4b 08 48 85 c9 74 0d e8 33 ce
0x00007ffe8f1d65e7:   ff ff 48 c7 43 08 00 00 00 00 ba 18 00 00 00 48
0x00007ffe8f1d65f7:   8b cb e8 1e ce ff ff 48 c7 05 9f 35 01 00 00 00
0x00007ffe8f1d6607:   00 00 48 83 c4 20 5b c3 cc 40 53 48 83 ec 20 48
0x00007ffe8f1d6617:   8b 1d 6b 35 01 00 48 85 db 74 57 b8 ff ff ff ff
0x00007ffe8f1d6627:   f0 0f c1 43 10 83 f8 01 75 3d 48 85 db 74 38 48
0x00007ffe8f1d6637:   8b 0b 48 85 c9 74 0d ff 15 64 0c 00 00 48 c7 03
0x00007ffe8f1d6647:   00 00 00 00 48 8b 4b 08 48 85 c9 74 0d e8 c3 cd
0x00007ffe8f1d6657:   ff ff 48 c7 43 08 00 00 00 00 ba 18 00 00 00 48
0x00007ffe8f1d6667:   8b cb e8 ae cd ff ff 48 c7 05 0f 35 01 00 00 00
0x00007ffe8f1d6677:   00 00 48 83 c4 20 5b c3 cc 40 53 48 83 ec 20 48 


Stack slot to memory mapping:

stack at sp + 0 slots: 0x0 is null
stack at sp + 1 slots: 0x000000b9acdff2f8 points into unknown readable memory: 0x000000b9acdff2e0 | e0 f2 df ac b9 00 00 00
stack at sp + 2 slots: 0x00007ffe73221fa0 jvm.dll
stack at sp + 3 slots: 0x00007ffe8f1d3ed0 glass.dll
stack at sp + 4 slots: 0x0000027df93d4478 points into unknown readable memory: 0x0000f93287caf2b2 | b2 f2 ca 87 32 f9 00 00
stack at sp + 5 slots: 0x00007ffed9973a53 ucrtbase.dll
stack at sp + 6 slots: 0x0000027df93d4470 points into unknown readable memory: 0xe7a0f9337830cec6 | c6 ce 30 78 33 f9 a0 e7
stack at sp + 7 slots: 0x0000027d00000000 is an unknown value

VM_Operation (0x000000b9ac4fed20): Exit, mode: safepoint, requested by thread 0x0000027dfe0af960


---------------  P R O C E S S  ---------------

Threads class SMR info:
_java_thread_list=0x0000027dfe3b4d90, length=22, elements={
0x0000027dd62c29e0, 0x0000027df44f9e10, 0x0000027df44fac20, 0x0000027df44fed20,
0x0000027df4500940, 0x0000027df4502340, 0x0000027df4515f70, 0x0000027df4518760,
0x0000027df44c16e0, 0x0000027df90070c0, 0x0000027df481a140, 0x0000027df4830400,
0x0000027df93d6320, 0x0000027df93daca0, 0x0000027df9610820, 0x0000027df95cfe30,
0x0000027df959e990, 0x0000027df959dc70, 0x0000027df959e300, 0x0000027dfe0afff0,
0x0000027dfe0af960, 0x0000027dfe0adf20
}

Java Threads: ( => current thread )
  0x0000027dd62c29e0 JavaThread "main"                              [_thread_blocked, id=11620, stack(0x000000b9ac600000,0x000000b9ac700000) (1024K)]
  0x0000027df44f9e10 JavaThread "Reference Handler"          daemon [_thread_blocked, id=13428, stack(0x000000b9acf00000,0x000000b9ad000000) (1024K)]
  0x0000027df44fac20 JavaThread "Finalizer"                  daemon [_thread_blocked, id=4936, stack(0x000000b9ad000000,0x000000b9ad100000) (1024K)]
  0x0000027df44fed20 JavaThread "Attach Listener"            daemon [_thread_blocked, id=14860, stack(0x000000b9ad200000,0x000000b9ad300000) (1024K)]
  0x0000027df4500940 JavaThread "Service Thread"             daemon [_thread_blocked, id=344, stack(0x000000b9ad300000,0x000000b9ad400000) (1024K)]
  0x0000027df4502340 JavaThread "Monitor Deflation Thread"   daemon [_thread_blocked, id=7384, stack(0x000000b9ad400000,0x000000b9ad500000) (1024K)]
  0x0000027df4515f70 JavaThread "C2 CompilerThread0"         daemon [_thread_blocked, id=12944, stack(0x000000b9ad500000,0x000000b9ad600000) (1024K)]
  0x0000027df4518760 JavaThread "C1 CompilerThread0"         daemon [_thread_blocked, id=10892, stack(0x000000b9ad600000,0x000000b9ad700000) (1024K)]
  0x0000027df44c16e0 JavaThread "Common-Cleaner"             daemon [_thread_blocked, id=12400, stack(0x000000b9ad700000,0x000000b9ad800000) (1024K)]
  0x0000027df90070c0 JavaThread "Monitor Ctrl-Break"         daemon [_thread_in_native, id=10376, stack(0x000000b9ad900000,0x000000b9ada00000) (1024K)]
  0x0000027df481a140 JavaThread "Notification Thread"        daemon [_thread_blocked, id=9128, stack(0x000000b9ada00000,0x000000b9adb00000) (1024K)]
  0x0000027df4830400 JavaThread "QuantumRenderer-0"          daemon [_thread_blocked, id=13080, stack(0x000000b9add00000,0x000000b9ade00000) (1024K)]
  0x0000027df93d6320 JavaThread "InvokeLaterDispatcher"      daemon [_thread_blocked, id=8516, stack(0x000000b9ade00000,0x000000b9adf00000) (1024K)]
  0x0000027df93daca0 JavaThread "JavaFX Application Thread"         [_thread_in_native, id=8180, stack(0x000000b9adf00000,0x000000b9ae000000) (1024K)]
  0x0000027df9610820 JavaThread "Thread-1"                   daemon [_thread_in_native, id=7372, stack(0x000000b9ae400000,0x000000b9ae500000) (1024K)]
  0x0000027df95cfe30 JavaThread "JavaFX-Launcher"                   [_thread_blocked, id=948, stack(0x000000b9ae500000,0x000000b9ae600000) (1024K)]
  0x0000027df959e990 JavaThread "Prism Font Disposer"        daemon [_thread_blocked, id=15040, stack(0x000000b9ae900000,0x000000b9aea00000) (1024K)]
  0x0000027df959dc70 JavaThread "Cleaner-0"                  daemon [_thread_blocked, id=14048, stack(0x000000b9ae300000,0x000000b9ae400000) (1024K)]
  0x0000027df959e300 JavaThread "Disposer"                   daemon [_thread_blocked, id=9960, stack(0x000000b9aeb00000,0x000000b9aec00000) (1024K)]
  0x0000027dfe0afff0 JavaThread "HttpClient-1-SelectorManager" daemon [_thread_in_native, id=3520, stack(0x000000b9aed00000,0x000000b9aee00000) (1024K)]
  0x0000027dfe0af960 JavaThread "SIGINT handler"             daemon [_thread_blocked, id=2712, stack(0x000000b9ac400000,0x000000b9ac500000) (1024K)]
  0x0000027dfe0adf20 JavaThread "Glass/Prism Shutdown Hook"         [_thread_blocked, id=556, stack(0x000000b9ac500000,0x000000b9ac600000) (1024K)]
Total: 22

Other Threads:
=>0x0000027df44d7a70 VMThread "VM Thread"                           [id=15064, stack(0x000000b9acd00000,0x000000b9ace00000) (1024K)]
  0x0000027dd852d9c0 WorkerThread "GC Thread#0"                     [id=6948, stack(0x000000b9ac700000,0x000000b9ac800000) (1024K)]
  0x0000027df9173590 WorkerThread "GC Thread#1"                     [id=11788, stack(0x000000b9ad800000,0x000000b9ad900000) (1024K)]
  0x0000027df9173930 WorkerThread "GC Thread#2"                     [id=6980, stack(0x000000b9adb00000,0x000000b9adc00000) (1024K)]
  0x0000027df9157020 WorkerThread "GC Thread#3"                     [id=6712, stack(0x000000b9adc00000,0x000000b9add00000) (1024K)]
  0x0000027dd853e3a0 ConcurrentGCThread "G1 Main Marker"            terminated
  0x0000027dd853eea0 WorkerThread "G1 Conc#0"                       [id=11580, stack(0x000000b9ac900000,0x000000b9aca00000) (1024K)]
  0x0000027df43920c0 ConcurrentGCThread "G1 Refine#0"               terminated
  0x0000027df4392a40 ConcurrentGCThread "G1 Service"                terminated
Total: 9

Threads with active compile tasks:
C2 CompilerThread0   211497 4097       4       sun.invoke.util.VerifyAccess::isSamePackage (37 bytes)
Total: 1

VM state: at safepoint (shutting down)

VM Mutex/Monitor currently owned by a thread:  ([mutex/lock_event])
[0x00007ffe731fa5f8] Threads_lock - owner thread: 0x0000027df44d7a70
[0x00007ffe731fa6f8] Heap_lock - owner thread: 0x0000027dfe0af960

Heap address: 0x0000000083000000, size: 2000 MB, Compressed Oops mode: 32-bit

CDS archive(s) mapped at: [0x0000027d80000000-0x0000027d80c90000-0x0000027d80c90000), size 13172736, SharedBaseAddress: 0x0000027d80000000, ArchiveRelocationMode: 1.
Compressed class space mapped at: 0x0000027d81000000-0x0000027dc1000000, reserved size: 1073741824
Narrow klass base: 0x0000027d80000000, Narrow klass shift: 0, Narrow klass range: 0x100000000

GC Precious Log:
 CardTable entry size: 512
 Card Set container configuration: InlinePtr #cards 5 size 8 Array Of Cards #cards 12 size 40 Howl #buckets 4 coarsen threshold 1843 Howl Bitmap #cards 512 size 80 coarsen threshold 460 Card regions per heap region 1 cards per card region 2048
 CPUs: 4 total, 4 available
 Memory: 7998M
 Large Page Support: Disabled
 NUMA Support: Disabled
 Compressed Oops: Enabled (32-bit)
 Heap Region Size: 1M
 Heap Min Capacity: 8M
 Heap Initial Capacity: 126M
 Heap Max Capacity: 2000M
 Pre-touch: Disabled
 Parallel Workers: 4
 Concurrent Workers: 1
 Concurrent Refinement Workers: 4
 Periodic GC: Disabled

Heap:
 garbage-first heap   total 119808K, used 49987K [0x0000000083000000, 0x0000000100000000)
  region size 1024K, 27 young (27648K), 10 survivors (10240K)
 Metaspace       used 26808K, committed 27264K, reserved 1114112K
  class space    used 3688K, committed 3904K, reserved 1048576K

Heap Regions: E=young(eden), S=young(survivor), O=old, HS=humongous(starts), HC=humongous(continues), CS=collection set, F=free, TAMS=top-at-mark-start, PB=parsable bottom
|   0|0x0000000083000000, 0x0000000083100000, 0x0000000083100000|100%| O|  |TAMS 0x0000000083000000| PB 0x0000000083000000| Untracked 
|   1|0x0000000083100000, 0x00000000831d0e00, 0x0000000083200000| 81%| O|Cm|TAMS 0x0000000083100000| PB 0x0000000083100000| Complete 
|   2|0x0000000083200000, 0x0000000083300000, 0x0000000083300000|100%|HS|  |TAMS 0x0000000083200000| PB 0x0000000083200000| Complete 
|   3|0x0000000083300000, 0x0000000083400000, 0x0000000083400000|100%|HC|  |TAMS 0x0000000083300000| PB 0x0000000083300000| Complete 
|   4|0x0000000083400000, 0x0000000083500000, 0x0000000083500000|100%|HS|  |TAMS 0x0000000083400000| PB 0x0000000083400000| Complete 
|   5|0x0000000083500000, 0x0000000083600000, 0x0000000083600000|100%|HC|  |TAMS 0x0000000083500000| PB 0x0000000083500000| Complete 
|   6|0x0000000083600000, 0x0000000083700000, 0x0000000083700000|100%|HC|  |TAMS 0x0000000083600000| PB 0x0000000083600000| Complete 
|   7|0x0000000083700000, 0x0000000083800000, 0x0000000083800000|100%|HS|  |TAMS 0x0000000083700000| PB 0x0000000083700000| Complete 
|   8|0x0000000083800000, 0x0000000083900000, 0x0000000083900000|100%|HC|  |TAMS 0x0000000083800000| PB 0x0000000083800000| Complete 
|   9|0x0000000083900000, 0x0000000083a00000, 0x0000000083a00000|100%|HS|  |TAMS 0x0000000083900000| PB 0x0000000083900000| Complete 
|  10|0x0000000083a00000, 0x0000000083b00000, 0x0000000083b00000|100%|HC|  |TAMS 0x0000000083a00000| PB 0x0000000083a00000| Complete 
|  11|0x0000000083b00000, 0x0000000083c00000, 0x0000000083c00000|100%|HC|  |TAMS 0x0000000083b00000| PB 0x0000000083b00000| Complete 
|  12|0x0000000083c00000, 0x0000000083d00000, 0x0000000083d00000|100%|HS|  |TAMS 0x0000000083c00000| PB 0x0000000083c00000| Complete 
|  13|0x0000000083d00000, 0x0000000083e00000, 0x0000000083e00000|100%|HC|  |TAMS 0x0000000083d00000| PB 0x0000000083d00000| Complete 
|  14|0x0000000083e00000, 0x0000000083f00000, 0x0000000083f00000|100%|HS|  |TAMS 0x0000000083e00000| PB 0x0000000083e00000| Complete 
|  15|0x0000000083f00000, 0x0000000084000000, 0x0000000084000000|100%|HC|  |TAMS 0x0000000083f00000| PB 0x0000000083f00000| Complete 
|  16|0x0000000084000000, 0x0000000084100000, 0x0000000084100000|100%|HS|  |TAMS 0x0000000084000000| PB 0x0000000084000000| Complete 
|  17|0x0000000084100000, 0x0000000084200000, 0x0000000084200000|100%|HC|  |TAMS 0x0000000084100000| PB 0x0000000084100000| Complete 
|  18|0x0000000084200000, 0x0000000084300000, 0x0000000084300000|100%|HC|  |TAMS 0x0000000084200000| PB 0x0000000084200000| Complete 
|  19|0x0000000084300000, 0x0000000084400000, 0x0000000084400000|100%|HS|  |TAMS 0x0000000084300000| PB 0x0000000084300000| Complete 
|  20|0x0000000084400000, 0x0000000084500000, 0x0000000084500000|100%|HC|  |TAMS 0x0000000084400000| PB 0x0000000084400000| Complete 
|  21|0x0000000084500000, 0x0000000084600000, 0x0000000084600000|100%|HC|  |TAMS 0x0000000084500000| PB 0x0000000084500000| Complete 
|  22|0x0000000084600000, 0x0000000084700000, 0x0000000084700000|100%|HS|  |TAMS 0x0000000084600000| PB 0x0000000084600000| Complete 
|  23|0x0000000084700000, 0x0000000084800000, 0x0000000084800000|100%|HC|  |TAMS 0x0000000084700000| PB 0x0000000084700000| Complete 
|  24|0x0000000084800000, 0x0000000084800000, 0x0000000084900000|  0%| F|  |TAMS 0x0000000084800000| PB 0x0000000084800000| Untracked 
|  25|0x0000000084900000, 0x0000000084900000, 0x0000000084a00000|  0%| F|  |TAMS 0x0000000084900000| PB 0x0000000084900000| Untracked 
|  26|0x0000000084a00000, 0x0000000084a00000, 0x0000000084b00000|  0%| F|  |TAMS 0x0000000084a00000| PB 0x0000000084a00000| Untracked 
|  27|0x0000000084b00000, 0x0000000084b00000, 0x0000000084c00000|  0%| F|  |TAMS 0x0000000084b00000| PB 0x0000000084b00000| Untracked 
|  28|0x0000000084c00000, 0x0000000084c00000, 0x0000000084d00000|  0%| F|  |TAMS 0x0000000084c00000| PB 0x0000000084c00000| Untracked 
|  29|0x0000000084d00000, 0x0000000084d00000, 0x0000000084e00000|  0%| F|  |TAMS 0x0000000084d00000| PB 0x0000000084d00000| Untracked 
|  30|0x0000000084e00000, 0x0000000084e00000, 0x0000000084f00000|  0%| F|  |TAMS 0x0000000084e00000| PB 0x0000000084e00000| Untracked 
|  31|0x0000000084f00000, 0x0000000084f00000, 0x0000000085000000|  0%| F|  |TAMS 0x0000000084f00000| PB 0x0000000084f00000| Untracked 
|  32|0x0000000085000000, 0x0000000085000000, 0x0000000085100000|  0%| F|  |TAMS 0x0000000085000000| PB 0x0000000085000000| Untracked 
|  33|0x0000000085100000, 0x0000000085100000, 0x0000000085200000|  0%| F|  |TAMS 0x0000000085100000| PB 0x0000000085100000| Untracked 
|  34|0x0000000085200000, 0x0000000085200000, 0x0000000085300000|  0%| F|  |TAMS 0x0000000085200000| PB 0x0000000085200000| Untracked 
|  35|0x0000000085300000, 0x0000000085300000, 0x0000000085400000|  0%| F|  |TAMS 0x0000000085300000| PB 0x0000000085300000| Untracked 
|  36|0x0000000085400000, 0x0000000085400000, 0x0000000085500000|  0%| F|  |TAMS 0x0000000085400000| PB 0x0000000085400000| Untracked 
|  37|0x0000000085500000, 0x0000000085500000, 0x0000000085600000|  0%| F|  |TAMS 0x0000000085500000| PB 0x0000000085500000| Untracked 
|  38|0x0000000085600000, 0x0000000085600000, 0x0000000085700000|  0%| F|  |TAMS 0x0000000085600000| PB 0x0000000085600000| Untracked 
|  39|0x0000000085700000, 0x0000000085700000, 0x0000000085800000|  0%| F|  |TAMS 0x0000000085700000| PB 0x0000000085700000| Untracked 
|  40|0x0000000085800000, 0x0000000085800000, 0x0000000085900000|  0%| F|  |TAMS 0x0000000085800000| PB 0x0000000085800000| Untracked 
|  41|0x0000000085900000, 0x0000000085900000, 0x0000000085a00000|  0%| F|  |TAMS 0x0000000085900000| PB 0x0000000085900000| Untracked 
|  42|0x0000000085a00000, 0x0000000085a00000, 0x0000000085b00000|  0%| F|  |TAMS 0x0000000085a00000| PB 0x0000000085a00000| Untracked 
|  43|0x0000000085b00000, 0x0000000085b00000, 0x0000000085c00000|  0%| F|  |TAMS 0x0000000085b00000| PB 0x0000000085b00000| Untracked 
|  44|0x0000000085c00000, 0x0000000085c00000, 0x0000000085d00000|  0%| F|  |TAMS 0x0000000085c00000| PB 0x0000000085c00000| Untracked 
|  45|0x0000000085d00000, 0x0000000085d00000, 0x0000000085e00000|  0%| F|  |TAMS 0x0000000085d00000| PB 0x0000000085d00000| Untracked 
|  46|0x0000000085e00000, 0x0000000085e00000, 0x0000000085f00000|  0%| F|  |TAMS 0x0000000085e00000| PB 0x0000000085e00000| Untracked 
|  47|0x0000000085f00000, 0x0000000085f00000, 0x0000000086000000|  0%| F|  |TAMS 0x0000000085f00000| PB 0x0000000085f00000| Untracked 
|  48|0x0000000086000000, 0x0000000086000000, 0x0000000086100000|  0%| F|  |TAMS 0x0000000086000000| PB 0x0000000086000000| Untracked 
|  49|0x0000000086100000, 0x0000000086100000, 0x0000000086200000|  0%| F|  |TAMS 0x0000000086100000| PB 0x0000000086100000| Untracked 
|  50|0x0000000086200000, 0x0000000086200000, 0x0000000086300000|  0%| F|  |TAMS 0x0000000086200000| PB 0x0000000086200000| Untracked 
|  51|0x0000000086300000, 0x0000000086300000, 0x0000000086400000|  0%| F|  |TAMS 0x0000000086300000| PB 0x0000000086300000| Untracked 
|  52|0x0000000086400000, 0x0000000086400000, 0x0000000086500000|  0%| F|  |TAMS 0x0000000086400000| PB 0x0000000086400000| Untracked 
|  53|0x0000000086500000, 0x0000000086500000, 0x0000000086600000|  0%| F|  |TAMS 0x0000000086500000| PB 0x0000000086500000| Untracked 
|  54|0x0000000086600000, 0x0000000086600000, 0x0000000086700000|  0%| F|  |TAMS 0x0000000086600000| PB 0x0000000086600000| Untracked 
|  55|0x0000000086700000, 0x0000000086700000, 0x0000000086800000|  0%| F|  |TAMS 0x0000000086700000| PB 0x0000000086700000| Untracked 
|  56|0x0000000086800000, 0x0000000086900000, 0x0000000086900000|100%| S|CS|TAMS 0x0000000086800000| PB 0x0000000086800000| Complete 
|  57|0x0000000086900000, 0x0000000086a00000, 0x0000000086a00000|100%| S|CS|TAMS 0x0000000086900000| PB 0x0000000086900000| Complete 
|  58|0x0000000086a00000, 0x0000000086b00000, 0x0000000086b00000|100%| S|CS|TAMS 0x0000000086a00000| PB 0x0000000086a00000| Complete 
|  59|0x0000000086b00000, 0x0000000086c00000, 0x0000000086c00000|100%| S|CS|TAMS 0x0000000086b00000| PB 0x0000000086b00000| Complete 
|  60|0x0000000086c00000, 0x0000000086d00000, 0x0000000086d00000|100%| S|CS|TAMS 0x0000000086c00000| PB 0x0000000086c00000| Complete 
|  61|0x0000000086d00000, 0x0000000086e00000, 0x0000000086e00000|100%| S|CS|TAMS 0x0000000086d00000| PB 0x0000000086d00000| Complete 
|  62|0x0000000086e00000, 0x0000000086f00000, 0x0000000086f00000|100%| S|CS|TAMS 0x0000000086e00000| PB 0x0000000086e00000| Complete 
|  63|0x0000000086f00000, 0x0000000087000000, 0x0000000087000000|100%| S|CS|TAMS 0x0000000086f00000| PB 0x0000000086f00000| Complete 
|  64|0x0000000087000000, 0x0000000087100000, 0x0000000087100000|100%| S|CS|TAMS 0x0000000087000000| PB 0x0000000087000000| Complete 
|  65|0x0000000087100000, 0x0000000087200000, 0x0000000087200000|100%| S|CS|TAMS 0x0000000087100000| PB 0x0000000087100000| Complete 
|  66|0x0000000087200000, 0x0000000087200000, 0x0000000087300000|  0%| F|  |TAMS 0x0000000087200000| PB 0x0000000087200000| Untracked 
|  67|0x0000000087300000, 0x0000000087300000, 0x0000000087400000|  0%| F|  |TAMS 0x0000000087300000| PB 0x0000000087300000| Untracked 
|  68|0x0000000087400000, 0x0000000087400000, 0x0000000087500000|  0%| F|  |TAMS 0x0000000087400000| PB 0x0000000087400000| Untracked 
|  69|0x0000000087500000, 0x0000000087500000, 0x0000000087600000|  0%| F|  |TAMS 0x0000000087500000| PB 0x0000000087500000| Untracked 
|  70|0x0000000087600000, 0x0000000087600000, 0x0000000087700000|  0%| F|  |TAMS 0x0000000087600000| PB 0x0000000087600000| Untracked 
|  71|0x0000000087700000, 0x0000000087700000, 0x0000000087800000|  0%| F|  |TAMS 0x0000000087700000| PB 0x0000000087700000| Untracked 
|  72|0x0000000087800000, 0x0000000087800000, 0x0000000087900000|  0%| F|  |TAMS 0x0000000087800000| PB 0x0000000087800000| Untracked 
|  73|0x0000000087900000, 0x0000000087900000, 0x0000000087a00000|  0%| F|  |TAMS 0x0000000087900000| PB 0x0000000087900000| Untracked 
|  74|0x0000000087a00000, 0x0000000087a00000, 0x0000000087b00000|  0%| F|  |TAMS 0x0000000087a00000| PB 0x0000000087a00000| Untracked 
|  75|0x0000000087b00000, 0x0000000087b00000, 0x0000000087c00000|  0%| F|  |TAMS 0x0000000087b00000| PB 0x0000000087b00000| Untracked 
|  76|0x0000000087c00000, 0x0000000087c00000, 0x0000000087d00000|  0%| F|  |TAMS 0x0000000087c00000| PB 0x0000000087c00000| Untracked 
|  77|0x0000000087d00000, 0x0000000087d00000, 0x0000000087e00000|  0%| F|  |TAMS 0x0000000087d00000| PB 0x0000000087d00000| Untracked 
|  78|0x0000000087e00000, 0x0000000087e00000, 0x0000000087f00000|  0%| F|  |TAMS 0x0000000087e00000| PB 0x0000000087e00000| Untracked 
|  79|0x0000000087f00000, 0x0000000087f00000, 0x0000000088000000|  0%| F|  |TAMS 0x0000000087f00000| PB 0x0000000087f00000| Untracked 
|  80|0x0000000088000000, 0x0000000088000000, 0x0000000088100000|  0%| F|  |TAMS 0x0000000088000000| PB 0x0000000088000000| Untracked 
|  81|0x0000000088100000, 0x0000000088100000, 0x0000000088200000|  0%| F|  |TAMS 0x0000000088100000| PB 0x0000000088100000| Untracked 
|  82|0x0000000088200000, 0x0000000088200000, 0x0000000088300000|  0%| F|  |TAMS 0x0000000088200000| PB 0x0000000088200000| Untracked 
|  83|0x0000000088300000, 0x0000000088300000, 0x0000000088400000|  0%| F|  |TAMS 0x0000000088300000| PB 0x0000000088300000| Untracked 
|  84|0x0000000088400000, 0x0000000088400000, 0x0000000088500000|  0%| F|  |TAMS 0x0000000088400000| PB 0x0000000088400000| Untracked 
|  85|0x0000000088500000, 0x0000000088500000, 0x0000000088600000|  0%| F|  |TAMS 0x0000000088500000| PB 0x0000000088500000| Untracked 
|  86|0x0000000088600000, 0x0000000088600000, 0x0000000088700000|  0%| F|  |TAMS 0x0000000088600000| PB 0x0000000088600000| Untracked 
|  87|0x0000000088700000, 0x0000000088700000, 0x0000000088800000|  0%| F|  |TAMS 0x0000000088700000| PB 0x0000000088700000| Untracked 
|  88|0x0000000088800000, 0x0000000088800000, 0x0000000088900000|  0%| F|  |TAMS 0x0000000088800000| PB 0x0000000088800000| Untracked 
|  89|0x0000000088900000, 0x0000000088900000, 0x0000000088a00000|  0%| F|  |TAMS 0x0000000088900000| PB 0x0000000088900000| Untracked 
|  90|0x0000000088a00000, 0x0000000088a00000, 0x0000000088b00000|  0%| F|  |TAMS 0x0000000088a00000| PB 0x0000000088a00000| Untracked 
|  91|0x0000000088b00000, 0x0000000088b00000, 0x0000000088c00000|  0%| F|  |TAMS 0x0000000088b00000| PB 0x0000000088b00000| Untracked 
|  92|0x0000000088c00000, 0x0000000088c00000, 0x0000000088d00000|  0%| F|  |TAMS 0x0000000088c00000| PB 0x0000000088c00000| Untracked 
|  93|0x0000000088d00000, 0x0000000088d00000, 0x0000000088e00000|  0%| F|  |TAMS 0x0000000088d00000| PB 0x0000000088d00000| Untracked 
|  94|0x0000000088e00000, 0x0000000088e00000, 0x0000000088f00000|  0%| F|  |TAMS 0x0000000088e00000| PB 0x0000000088e00000| Untracked 
|  95|0x0000000088f00000, 0x0000000088f00000, 0x0000000089000000|  0%| F|  |TAMS 0x0000000088f00000| PB 0x0000000088f00000| Untracked 
|  96|0x0000000089000000, 0x0000000089000000, 0x0000000089100000|  0%| F|  |TAMS 0x0000000089000000| PB 0x0000000089000000| Untracked 
|  97|0x0000000089100000, 0x0000000089100000, 0x0000000089200000|  0%| F|  |TAMS 0x0000000089100000| PB 0x0000000089100000| Untracked 
|  98|0x0000000089200000, 0x0000000089200000, 0x0000000089300000|  0%| F|  |TAMS 0x0000000089200000| PB 0x0000000089200000| Untracked 
|  99|0x0000000089300000, 0x0000000089300000, 0x0000000089400000|  0%| F|  |TAMS 0x0000000089300000| PB 0x0000000089300000| Untracked 
| 100|0x0000000089400000, 0x000000008945afb8, 0x0000000089500000| 35%| E|  |TAMS 0x0000000089400000| PB 0x0000000089400000| Complete 
| 101|0x0000000089500000, 0x0000000089600000, 0x0000000089600000|100%| E|CS|TAMS 0x0000000089500000| PB 0x0000000089500000| Complete 
| 102|0x0000000089600000, 0x0000000089700000, 0x0000000089700000|100%| E|CS|TAMS 0x0000000089600000| PB 0x0000000089600000| Complete 
| 103|0x0000000089700000, 0x0000000089800000, 0x0000000089800000|100%| E|CS|TAMS 0x0000000089700000| PB 0x0000000089700000| Complete 
| 104|0x0000000089800000, 0x0000000089900000, 0x0000000089900000|100%| E|  |TAMS 0x0000000089800000| PB 0x0000000089800000| Complete 
| 105|0x0000000089900000, 0x0000000089a00000, 0x0000000089a00000|100%| E|CS|TAMS 0x0000000089900000| PB 0x0000000089900000| Complete 
| 106|0x0000000089a00000, 0x0000000089b00000, 0x0000000089b00000|100%| E|CS|TAMS 0x0000000089a00000| PB 0x0000000089a00000| Complete 
| 107|0x0000000089b00000, 0x0000000089c00000, 0x0000000089c00000|100%| E|CS|TAMS 0x0000000089b00000| PB 0x0000000089b00000| Complete 
| 108|0x0000000089c00000, 0x0000000089d00000, 0x0000000089d00000|100%| E|CS|TAMS 0x0000000089c00000| PB 0x0000000089c00000| Complete 
| 109|0x0000000089d00000, 0x0000000089e00000, 0x0000000089e00000|100%| E|CS|TAMS 0x0000000089d00000| PB 0x0000000089d00000| Complete 
| 110|0x0000000089e00000, 0x0000000089f00000, 0x0000000089f00000|100%| E|CS|TAMS 0x0000000089e00000| PB 0x0000000089e00000| Complete 
| 111|0x0000000089f00000, 0x000000008a000000, 0x000000008a000000|100%| E|CS|TAMS 0x0000000089f00000| PB 0x0000000089f00000| Complete 
| 112|0x000000008a000000, 0x000000008a100000, 0x000000008a100000|100%| E|CS|TAMS 0x000000008a000000| PB 0x000000008a000000| Complete 
| 113|0x000000008a100000, 0x000000008a200000, 0x000000008a200000|100%| E|CS|TAMS 0x000000008a100000| PB 0x000000008a100000| Complete 
| 114|0x000000008a200000, 0x000000008a300000, 0x000000008a300000|100%| E|CS|TAMS 0x000000008a200000| PB 0x000000008a200000| Complete 
| 115|0x000000008a300000, 0x000000008a400000, 0x000000008a400000|100%| E|CS|TAMS 0x000000008a300000| PB 0x000000008a300000| Complete 
| 125|0x000000008ad00000, 0x000000008ae00000, 0x000000008ae00000|100%| E|CS|TAMS 0x000000008ad00000| PB 0x000000008ad00000| Complete 

Card table byte_map: [0x0000027defd10000,0x0000027df0100000] _byte_map_base: 0x0000027def8f8000

Marking Bits: (CMBitMap*) 0x0000027dd852e0c0
 Bits: [0x0000027df0100000, 0x0000027df2040000)

Polling page: 0x0000027dd7ca0000

Metaspace:

Usage:
  Non-class:     22.58 MB used.
      Class:      3.60 MB used.
       Both:     26.18 MB used.

Virtual space:
  Non-class space:       64.00 MB reserved,      22.81 MB ( 36%) committed,  1 nodes.
      Class space:        1.00 GB reserved,       3.81 MB ( <1%) committed,  1 nodes.
             Both:        1.06 GB reserved,      26.62 MB (  2%) committed. 

Chunk freelists:
   Non-Class:  8.58 MB
       Class:  12.17 MB
        Both:  20.75 MB

MaxMetaspaceSize: unlimited
CompressedClassSpaceSize: 1.00 GB
Initial GC threshold: 21.00 MB
Current GC threshold: 35.12 MB
CDS: on
 - commit_granule_bytes: 65536.
 - commit_granule_words: 8192.
 - virtual_space_node_default_size: 8388608.
 - enlarge_chunks_in_place: 1.
 - use_allocation_guard: 0.


Internal statistics:

num_allocs_failed_limit: 3.
num_arena_births: 602.
num_arena_deaths: 0.
num_vsnodes_births: 2.
num_vsnodes_deaths: 0.
num_space_committed: 426.
num_space_uncommitted: 0.
num_chunks_returned_to_freelist: 3.
num_chunks_taken_from_freelist: 1368.
num_chunk_merges: 3.
num_chunk_splits: 906.
num_chunks_enlarged: 592.
num_inconsistent_stats: 0.

CodeHeap 'non-profiled nmethods': size=120000Kb used=1666Kb max_used=1666Kb free=118333Kb
 bounds [0x0000027de83f0000, 0x0000027de8660000, 0x0000027def920000]
CodeHeap 'profiled nmethods': size=120000Kb used=7957Kb max_used=7957Kb free=112042Kb
 bounds [0x0000027de0920000, 0x0000027de10f0000, 0x0000027de7e50000]
CodeHeap 'non-nmethods': size=5760Kb used=1961Kb max_used=1991Kb free=3799Kb
 bounds [0x0000027de7e50000, 0x0000027de80c0000, 0x0000027de83f0000]
 total_blobs=5024 nmethods=4096 adapters=832
 compilation: enabled
              stopped_count=0, restarted_count=0
 full_count=0

Compilation events (20 events):
Event: 28.042 Thread 0x0000027df97e7770 4034       4       java.nio.HeapByteBuffer::ix (7 bytes)
Event: 28.042 Thread 0x0000027df97e7770 nmethod 4034 0x0000027de858c710 code [0x0000027de858c8a0, 0x0000027de858c930]
Event: 28.046 Thread 0x0000027df4515f70 nmethod 4035 0x0000027de858ca10 code [0x0000027de858cca0, 0x0000027de858dfd8]
Event: 46.080 Thread 0x0000027df4518760 4089       3       java.util.TreeMap$PrivateEntryIterator::nextEntry (54 bytes)
Event: 46.081 Thread 0x0000027df4518760 nmethod 4089 0x0000027de10e3d10 code [0x0000027de10e3f00, 0x0000027de10e4350]
Event: 58.049 Thread 0x0000027df4518760 4090       3       java.lang.invoke.MethodHandle::asFixedArity (23 bytes)
Event: 58.050 Thread 0x0000027df4518760 nmethod 4090 0x0000027de10e4510 code [0x0000027de10e46a0, 0x0000027de10e47c0]
Event: 79.104 Thread 0x0000027df4518760 4091       1       java.util.TreeMap::size (5 bytes)
Event: 79.105 Thread 0x0000027df4518760 nmethod 4091 0x0000027de858e310 code [0x0000027de858e4a0, 0x0000027de858e568]
Event: 86.307 Thread 0x0000027df4515f70 4092       4       com.sun.javafx.tk.quantum.QuantumToolkit::postPulse (133 bytes)
Event: 86.357 Thread 0x0000027df4515f70 nmethod 4092 0x0000027de858e610 code [0x0000027de858e8a0, 0x0000027de858fbd0]
Event: 87.115 Thread 0x0000027df4515f70 4093       4       com.sun.javafx.tk.quantum.QuantumToolkit$$Lambda/0x0000027d81039220::run (8 bytes)
Event: 87.120 Thread 0x0000027df4515f70 nmethod 4093 0x0000027de8590490 code [0x0000027de8590640, 0x0000027de8590748]
Event: 115.224 Thread 0x0000027df4518760 4094       3       java.lang.Math::min (12 bytes)
Event: 115.224 Thread 0x0000027df4518760 nmethod 4094 0x0000027de10e4890 code [0x0000027de10e4a20, 0x0000027de10e4b60]
Event: 210.619 Thread 0x0000027df4518760 4095       3       java.util.Collections$3::hasMoreElements (10 bytes)
Event: 210.620 Thread 0x0000027df4518760 nmethod 4095 0x0000027de10e4c10 code [0x0000027de10e4dc0, 0x0000027de10e4f98]
Event: 210.620 Thread 0x0000027df4518760 4096       3       java.util.Collections$3::nextElement (10 bytes)
Event: 210.620 Thread 0x0000027df4518760 nmethod 4096 0x0000027de10e5090 code [0x0000027de10e5240, 0x0000027de10e5418]
Event: 210.621 Thread 0x0000027df4515f70 4097       4       sun.invoke.util.VerifyAccess::isSamePackage (37 bytes)

GC Heap History (6 events):
Event: 0.729 GC heap before
{Heap before GC invocations=0 (full 0):
 garbage-first heap   total 129024K, used 12288K [0x0000000083000000, 0x0000000100000000)
  region size 1024K, 13 young (13312K), 0 survivors (0K)
 Metaspace       used 2380K, committed 2624K, reserved 1114112K
  class space    used 251K, committed 384K, reserved 1048576K
}
Event: 0.794 GC heap after
{Heap after GC invocations=1 (full 0):
 garbage-first heap   total 129024K, used 1660K [0x0000000083000000, 0x0000000100000000)
  region size 1024K, 2 young (2048K), 2 survivors (2048K)
 Metaspace       used 2380K, committed 2624K, reserved 1114112K
  class space    used 251K, committed 384K, reserved 1048576K
}
Event: 1.509 GC heap before
{Heap before GC invocations=1 (full 0):
 garbage-first heap   total 129024K, used 24188K [0x0000000083000000, 0x0000000100000000)
  region size 1024K, 25 young (25600K), 2 survivors (2048K)
 Metaspace       used 8703K, committed 8960K, reserved 1114112K
  class space    used 1113K, committed 1280K, reserved 1048576K
}
Event: 1.517 GC heap after
{Heap after GC invocations=2 (full 0):
 garbage-first heap   total 129024K, used 5152K [0x0000000083000000, 0x0000000100000000)
  region size 1024K, 4 young (4096K), 4 survivors (4096K)
 Metaspace       used 8703K, committed 8960K, reserved 1114112K
  class space    used 1113K, committed 1280K, reserved 1048576K
}
Event: 26.474 GC heap before
{Heap before GC invocations=2 (full 0):
 garbage-first heap   total 129024K, used 82976K [0x0000000083000000, 0x0000000100000000)
  region size 1024K, 60 young (61440K), 4 survivors (4096K)
 Metaspace       used 21093K, committed 21504K, reserved 1114112K
  class space    used 2980K, committed 3136K, reserved 1048576K
}
Event: 26.487 GC heap after
{Heap after GC invocations=3 (full 0):
 garbage-first heap   total 129024K, used 34627K [0x0000000083000000, 0x0000000100000000)
  region size 1024K, 10 young (10240K), 10 survivors (10240K)
 Metaspace       used 21093K, committed 21504K, reserved 1114112K
  class space    used 2980K, committed 3136K, reserved 1048576K
}

Dll operation events (20 events):
Event: 0.666 Loaded shared library C:\Users\zoryv\OneDrive\Робочий стіл\курсова\openjfx-21.0.1_windows-x64_bin-sdk (1)\javafx-sdk-21.0.1\bin\api-ms-win-crt-private-l1-1-0.dll
Event: 0.670 Loaded shared library C:\Users\zoryv\OneDrive\Робочий стіл\курсова\openjfx-21.0.1_windows-x64_bin-sdk (1)\javafx-sdk-21.0.1\bin\api-ms-win-crt-process-l1-1-0.dll
Event: 0.673 Loaded shared library C:\Users\zoryv\OneDrive\Робочий стіл\курсова\openjfx-21.0.1_windows-x64_bin-sdk (1)\javafx-sdk-21.0.1\bin\api-ms-win-crt-runtime-l1-1-0.dll
Event: 0.677 Loaded shared library C:\Users\zoryv\OneDrive\Робочий стіл\курсова\openjfx-21.0.1_windows-x64_bin-sdk (1)\javafx-sdk-21.0.1\bin\api-ms-win-crt-stdio-l1-1-0.dll
Event: 0.680 Loaded shared library C:\Users\zoryv\OneDrive\Робочий стіл\курсова\openjfx-21.0.1_windows-x64_bin-sdk (1)\javafx-sdk-21.0.1\bin\api-ms-win-crt-string-l1-1-0.dll
Event: 0.683 Loaded shared library C:\Users\zoryv\OneDrive\Робочий стіл\курсова\openjfx-21.0.1_windows-x64_bin-sdk (1)\javafx-sdk-21.0.1\bin\api-ms-win-crt-time-l1-1-0.dll
Event: 0.686 Loaded shared library C:\Users\zoryv\OneDrive\Робочий стіл\курсова\openjfx-21.0.1_windows-x64_bin-sdk (1)\javafx-sdk-21.0.1\bin\api-ms-win-crt-utility-l1-1-0.dll
Event: 0.690 Loaded shared library C:\Users\zoryv\OneDrive\Робочий стіл\курсова\openjfx-21.0.1_windows-x64_bin-sdk (1)\javafx-sdk-21.0.1\bin\ucrtbase.dll
Event: 0.693 Loaded shared library C:\Users\zoryv\OneDrive\Робочий стіл\курсова\openjfx-21.0.1_windows-x64_bin-sdk (1)\javafx-sdk-21.0.1\bin\vcruntime140.dll
Event: 0.696 Loaded shared library C:\Users\zoryv\OneDrive\Робочий стіл\курсова\openjfx-21.0.1_windows-x64_bin-sdk (1)\javafx-sdk-21.0.1\bin\vcruntime140_1.dll
Event: 0.701 Loaded shared library C:\Users\zoryv\OneDrive\Робочий стіл\курсова\openjfx-21.0.1_windows-x64_bin-sdk (1)\javafx-sdk-21.0.1\bin\msvcp140.dll
Event: 0.704 Loaded shared library C:\Users\zoryv\OneDrive\Робочий стіл\курсова\openjfx-21.0.1_windows-x64_bin-sdk (1)\javafx-sdk-21.0.1\bin\msvcp140_1.dll
Event: 0.707 Loaded shared library C:\Users\zoryv\OneDrive\Робочий стіл\курсова\openjfx-21.0.1_windows-x64_bin-sdk (1)\javafx-sdk-21.0.1\bin\msvcp140_2.dll
Event: 0.857 Loaded shared library C:\Users\zoryv\OneDrive\Робочий стіл\курсова\openjfx-21.0.1_windows-x64_bin-sdk (1)\javafx-sdk-21.0.1\bin\prism_d3d.dll
Event: 0.951 Loaded shared library C:\Users\zoryv\OneDrive\Робочий стіл\курсова\openjfx-21.0.1_windows-x64_bin-sdk (1)\javafx-sdk-21.0.1\bin\glass.dll
Event: 1.006 Loaded shared library C:\Users\zoryv\.jdks\openjdk-21.0.1\bin\jimage.dll
Event: 1.444 Loaded shared library C:\Users\zoryv\OneDrive\Робочий стіл\курсова\openjfx-21.0.1_windows-x64_bin-sdk (1)\javafx-sdk-21.0.1\bin\javafx_font.dll
Event: 22.152 Loaded shared library C:\Users\zoryv\OneDrive\Робочий стіл\курсова\openjfx-21.0.1_windows-x64_bin-sdk (1)\javafx-sdk-21.0.1\bin\javafx_iio.dll
Event: 26.054 Loaded shared library C:\Users\zoryv\OneDrive\Робочий стіл\курсова\openjfx-21.0.1_windows-x64_bin-sdk (1)\javafx-sdk-21.0.1\bin\jfxwebkit.dll
Event: 26.547 Loaded shared library C:\Users\zoryv\.jdks\openjdk-21.0.1\bin\sunmscapi.dll

Deoptimization events (20 events):
Event: 27.997 Thread 0x0000027dfe0af960 DEOPT PACKING pc=0x0000027de1026983 sp=0x000000b9aeefe0d0
Event: 27.997 Thread 0x0000027dfe0af960 DEOPT UNPACKING pc=0x0000027de7ea4e23 sp=0x000000b9aeefd500 mode 0
Event: 27.998 Thread 0x0000027dfe0af960 DEOPT PACKING pc=0x0000027de1026983 sp=0x000000b9aeefe0d0
Event: 27.998 Thread 0x0000027dfe0af960 DEOPT UNPACKING pc=0x0000027de7ea4e23 sp=0x000000b9aeefd500 mode 0
Event: 27.999 Thread 0x0000027dfe0af960 DEOPT PACKING pc=0x0000027de1026983 sp=0x000000b9aeefe0d0
Event: 27.999 Thread 0x0000027dfe0af960 DEOPT UNPACKING pc=0x0000027de7ea4e23 sp=0x000000b9aeefd500 mode 0
Event: 28.000 Thread 0x0000027dfe0af960 DEOPT PACKING pc=0x0000027de1026983 sp=0x000000b9aeefe0d0
Event: 28.000 Thread 0x0000027dfe0af960 DEOPT UNPACKING pc=0x0000027de7ea4e23 sp=0x000000b9aeefd500 mode 0
Event: 28.001 Thread 0x0000027dfe0af960 DEOPT PACKING pc=0x0000027de1026983 sp=0x000000b9aeefe0f0
Event: 28.001 Thread 0x0000027dfe0af960 DEOPT UNPACKING pc=0x0000027de7ea4e23 sp=0x000000b9aeefd520 mode 0
Event: 28.001 Thread 0x0000027dfe0af960 DEOPT PACKING pc=0x0000027de1026983 sp=0x000000b9aeefe0f0
Event: 28.001 Thread 0x0000027dfe0af960 DEOPT UNPACKING pc=0x0000027de7ea4e23 sp=0x000000b9aeefd520 mode 0
Event: 28.002 Thread 0x0000027dfe0af960 DEOPT PACKING pc=0x0000027de1026983 sp=0x000000b9aeefe0f0
Event: 28.002 Thread 0x0000027dfe0af960 DEOPT UNPACKING pc=0x0000027de7ea4e23 sp=0x000000b9aeefd520 mode 0
Event: 28.003 Thread 0x0000027dfe0af960 DEOPT PACKING pc=0x0000027de1026983 sp=0x000000b9aeefe0f0
Event: 28.003 Thread 0x0000027dfe0af960 DEOPT UNPACKING pc=0x0000027de7ea4e23 sp=0x000000b9aeefd520 mode 0
Event: 28.003 Thread 0x0000027dfe0af960 DEOPT PACKING pc=0x0000027de1026983 sp=0x000000b9aeefe0f0
Event: 28.003 Thread 0x0000027dfe0af960 DEOPT UNPACKING pc=0x0000027de7ea4e23 sp=0x000000b9aeefd520 mode 0
Event: 210.621 Thread 0x0000027df4830400 DEOPT PACKING pc=0x0000027de0d158bc sp=0x000000b9addff0d0
Event: 210.621 Thread 0x0000027df4830400 DEOPT UNPACKING pc=0x0000027de7ea4e23 sp=0x000000b9addfe4a8 mode 0

Classes loaded (20 events):
Event: 27.822 Loading class java/util/ArrayList$ListItr
Event: 27.823 Loading class java/util/ArrayList$ListItr done
Event: 27.828 Loading class java/text/ParseException
Event: 27.828 Loading class java/text/ParseException done
Event: 27.977 Loading class java/util/concurrent/ArrayBlockingQueue
Event: 27.978 Loading class java/util/concurrent/ArrayBlockingQueue done
Event: 27.978 Loading class java/util/concurrent/CompletableFuture$MinimalStage
Event: 27.978 Loading class java/util/concurrent/CompletableFuture$MinimalStage done
Event: 27.980 Loading class java/util/zip/CheckedInputStream
Event: 27.981 Loading class java/util/zip/CheckedInputStream done
Event: 27.985 Loading class java/util/concurrent/CompletableFuture$BiApply
Event: 27.985 Loading class java/util/concurrent/CompletableFuture$BiApply done
Event: 27.989 Loading class java/nio/HeapByteBufferR
Event: 27.989 Loading class java/nio/HeapByteBufferR done
Event: 28.039 Loading class java/util/zip/GZIPInputStream$1
Event: 28.039 Loading class java/util/zip/GZIPInputStream$1 done
Event: 58.053 Loading class java/util/concurrent/CompletionException
Event: 58.053 Loading class java/util/concurrent/CompletionException done
Event: 210.614 Loading class jdk/internal/misc/Signal$1
Event: 210.615 Loading class jdk/internal/misc/Signal$1 done

Classes unloaded (0 events):
No events

Classes redefined (0 events):
No events

Internal exceptions (20 events):
Event: 26.230 Thread 0x0000027df93daca0 Exception <a 'java/lang/NoSuchMethodError'{0x000000008780f290}: 'int java.lang.invoke.DirectMethodHandle$Holder.invokeStaticInit(java.lang.Object, double, double)'> (0x000000008780f290) 
thrown [s\open\src\hotspot\share\interpreter\linkResolver.cpp, line 773]
Event: 26.230 Thread 0x0000027df93daca0 Exception <a 'java/lang/NoSuchMethodError'{0x00000000878140b8}: 'int java.lang.invoke.DirectMethodHandle$Holder.invokeStatic(java.lang.Object, long)'> (0x00000000878140b8) 
thrown [s\open\src\hotspot\share\interpreter\linkResolver.cpp, line 773]
Event: 26.236 Thread 0x0000027df93daca0 Exception <a 'java/lang/NoSuchMethodError'{0x0000000087834b50}: 'java.lang.Object java.lang.invoke.DirectMethodHandle$Holder.invokeStatic(java.lang.Object, int, java.lang.Object, java.lang.Object)'> (0x0000000087834b50) 
thrown [s\open\src\hotspot\share\interpreter\linkResolver.cpp, line 773]
Event: 26.237 Thread 0x0000027df93daca0 Exception <a 'java/lang/NoSuchMethodError'{0x0000000087839458}: 'java.lang.Object java.lang.invoke.DirectMethodHandle$Holder.invokeSpecial(java.lang.Object, java.lang.Object, int, java.lang.Object, java.lang.Object)'> (0x0000000087839458) 
thrown [s\open\src\hotspot\share\interpreter\linkResolver.cpp, line 773]
Event: 26.237 Thread 0x0000027df93daca0 Exception <a 'java/lang/NoSuchMethodError'{0x000000008783d888}: 'java.lang.Object java.lang.invoke.DelegatingMethodHandle$Holder.delegate(java.lang.Object, int, java.lang.Object, java.lang.Object)'> (0x000000008783d888) 
thrown [s\open\src\hotspot\share\interpreter\linkResolver.cpp, line 773]
Event: 26.239 Thread 0x0000027df93daca0 Exception <a 'java/lang/NoSuchMethodError'{0x000000008784d608}: 'int java.lang.invoke.Invokers$Holder.linkToTargetMethod(java.lang.Object, java.lang.Object, java.lang.Object)'> (0x000000008784d608) 
thrown [s\open\src\hotspot\share\interpreter\linkResolver.cpp, line 773]
Event: 26.243 Thread 0x0000027df93daca0 Exception <a 'java/lang/NoSuchMethodError'{0x000000008785cf28}: 'long java.lang.invoke.DirectMethodHandle$Holder.invokeSpecial(java.lang.Object, java.lang.Object)'> (0x000000008785cf28) 
thrown [s\open\src\hotspot\share\interpreter\linkResolver.cpp, line 773]
Event: 26.245 Thread 0x0000027df93daca0 Exception <a 'java/lang/NoSuchMethodError'{0x00000000878638f0}: 'int java.lang.invoke.DirectMethodHandle$Holder.invokeStatic(java.lang.Object, java.lang.Object, java.lang.Object, java.lang.Object)'> (0x00000000878638f0) 
thrown [s\open\src\hotspot\share\interpreter\linkResolver.cpp, line 773]
Event: 26.341 Thread 0x0000027df93daca0 Exception <a 'sun/nio/fs/WindowsException'{0x00000000877847e8}> (0x00000000877847e8) 
thrown [s\open\src\hotspot\share\prims\jni.cpp, line 520]
Event: 26.490 Thread 0x0000027df93daca0 Exception <a 'java/lang/NoSuchMethodError'{0x000000008ad00560}: 'java.lang.Object java.lang.invoke.DirectMethodHandle$Holder.invokeStaticInit(java.lang.Object, int, int, int, int)'> (0x000000008ad00560) 
thrown [s\open\src\hotspot\share\interpreter\linkResolver.cpp, line 773]
Event: 26.517 Thread 0x0000027df93daca0 Exception <a 'java/lang/NoSuchMethodError'{0x000000008ad772c8}: 'java.lang.Object java.lang.invoke.DirectMethodHandle$Holder.invokeStaticInit(java.lang.Object, java.lang.Object, int, int, int, int)'> (0x000000008ad772c8) 
thrown [s\open\src\hotspot\share\interpreter\linkResolver.cpp, line 773]
Event: 26.579 Thread 0x0000027df93daca0 Exception <a 'sun/nio/fs/WindowsException'{0x000000008a36dff8}> (0x000000008a36dff8) 
thrown [s\open\src\hotspot\share\prims\jni.cpp, line 520]
Event: 26.619 Thread 0x0000027df93daca0 Exception <a 'java/lang/NullPointerException'{0x000000008a233b90}> (0x000000008a233b90) 
thrown [s\open\src\hotspot\share\interpreter\linkResolver.cpp, line 1372]
Event: 26.627 Thread 0x0000027dfe0af960 Exception <a 'sun/nio/fs/WindowsException'{0x000000008a29a278}> (0x000000008a29a278) 
thrown [s\open\src\hotspot\share\prims\jni.cpp, line 520]
Event: 26.697 Thread 0x0000027dfe0af960 Exception <a 'java/lang/NoSuchMethodError'{0x000000008a2cda30}: 'java.lang.Object java.lang.invoke.DirectMethodHandle$Holder.invokeSpecial(java.lang.Object, java.lang.Object, java.lang.Object, java.lang.Object, int)'> (0x000000008a2cda30) 
thrown [s\open\src\hotspot\share\interpreter\linkResolver.cpp, line 773]
Event: 26.697 Thread 0x0000027dfe0af960 Exception <a 'java/lang/NoSuchMethodError'{0x000000008a2d0eb8}: 'java.lang.Object java.lang.invoke.Invokers$Holder.linkToTargetMethod(java.lang.Object, java.lang.Object, int, java.lang.Object)'> (0x000000008a2d0eb8) 
thrown [s\open\src\hotspot\share\interpreter\linkResolver.cpp, line 773]
Event: 26.819 Thread 0x0000027dfe0afff0 Exception <a 'java/lang/NoSuchMethodError'{0x000000008a3d3538}: 'void java.lang.invoke.DirectMethodHandle$Holder.invokeStatic(java.lang.Object, java.lang.Object, int)'> (0x000000008a3d3538) 
thrown [s\open\src\hotspot\share\interpreter\linkResolver.cpp, line 773]
Event: 26.828 Thread 0x0000027dfe0af960 Exception <a 'java/lang/NoSuchMethodError'{0x000000008a1abee8}: 'void java.lang.invoke.DirectMethodHandle$Holder.invokeInterface(java.lang.Object, java.lang.Object, java.lang.Object)'> (0x000000008a1abee8) 
thrown [s\open\src\hotspot\share\interpreter\linkResolver.cpp, line 773]
Event: 27.110 Thread 0x0000027dfe0af960 Exception <a 'java/lang/NoSuchMethodError'{0x0000000089f04530}: 'void java.lang.invoke.DirectMethodHandle$Holder.invokeInterface(java.lang.Object, java.lang.Object)'> (0x0000000089f04530) 
thrown [s\open\src\hotspot\share\interpreter\linkResolver.cpp, line 773]
Event: 27.803 Thread 0x0000027dfe0af960 Exception <a 'java/lang/NoSuchMethodError'{0x0000000089bff910}: 'void java.lang.invoke.DirectMethodHandle$Holder.invokeVirtual(java.lang.Object, java.lang.Object, java.lang.Object, java.lang.Object)'> (0x0000000089bff910) 
thrown [s\open\src\hotspot\share\interpreter\linkResolver.cpp, line 773]

ZGC Phase Switch (0 events):
No events

VM Operations (20 events):
Event: 26.877 Executing VM operation: HandshakeAllThreads (Deoptimize) done
Event: 27.320 Executing VM operation: HandshakeAllThreads (Deoptimize)
Event: 27.320 Executing VM operation: HandshakeAllThreads (Deoptimize) done
Event: 27.824 Executing VM operation: HandshakeAllThreads (Deoptimize)
Event: 27.824 Executing VM operation: HandshakeAllThreads (Deoptimize) done
Event: 27.824 Executing VM operation: Cleanup
Event: 27.824 Executing VM operation: Cleanup done
Event: 27.990 Executing VM operation: HandshakeAllThreads (Deoptimize)
Event: 27.990 Executing VM operation: HandshakeAllThreads (Deoptimize) done
Event: 29.004 Executing VM operation: Cleanup
Event: 29.004 Executing VM operation: Cleanup done
Event: 58.221 Executing VM operation: Cleanup
Event: 58.221 Executing VM operation: Cleanup done
Event: 60.063 Executing VM operation: HandshakeAllThreads (HandshakeForDeflation)
Event: 60.063 Executing VM operation: HandshakeAllThreads (HandshakeForDeflation) done
Event: 60.063 Executing VM operation: RendezvousGCThreads
Event: 60.063 Executing VM operation: RendezvousGCThreads done
Event: 63.101 Executing VM operation: Cleanup
Event: 63.101 Executing VM operation: Cleanup done
Event: 210.642 Executing VM operation: Exit

Events (20 events):
Event: 26.213 Thread 0x0000027df496d5b0 Thread added: 0x0000027df496d5b0
Event: 26.595 Thread 0x0000027dfe0afff0 Thread added: 0x0000027dfe0afff0
Event: 26.615 Thread 0x0000027dfe0af960 Thread added: 0x0000027dfe0af960
Event: 26.868 Thread 0x0000027dfe0ad890 Thread added: 0x0000027dfe0ad890
Event: 27.806 Thread 0x0000027df496d5b0 Thread exited: 0x0000027df496d5b0
Event: 27.980 Thread 0x0000027dfe0a9060 Thread added: 0x0000027dfe0a9060
Event: 27.981 Thread 0x0000027dfe0b0680 Thread added: 0x0000027dfe0b0680
Event: 28.027 Thread 0x0000027df97e7770 Thread added: 0x0000027df97e7770
Event: 33.043 Thread 0x0000027df97e7770 Thread exited: 0x0000027df97e7770
Event: 87.989 Thread 0x0000027dfe0ad890 Thread exited: 0x0000027dfe0ad890
Event: 88.042 Thread 0x0000027dfe0b0680 Thread exited: 0x0000027dfe0b0680
Event: 118.057 Thread 0x0000027dfe0af960 Thread exited: 0x0000027dfe0af960
Event: 148.051 Thread 0x0000027dfe0a9060 Thread exited: 0x0000027dfe0a9060
Event: 210.615 Thread 0x0000027dfe0af960 Thread added: 0x0000027dfe0af960
Event: 210.616 Thread 0x0000027dfe0adf20 Thread added: 0x0000027dfe0adf20
Event: 210.616 Thread 0x0000027dfe0ab7c0 Thread added: 0x0000027dfe0ab7c0
Event: 210.616 Thread 0x0000027dfe0acb70 Thread added: 0x0000027dfe0acb70
Event: 210.619 Thread 0x0000027dfe0ab7c0 Thread exited: 0x0000027dfe0ab7c0
Event: 210.620 Thread 0x0000027dfe0acb70 Thread exited: 0x0000027dfe0acb70
Event: 210.642 Thread 0x0000027df44fe2c0 Thread exited: 0x0000027df44fe2c0


Dynamic libraries:
0x00007ff6d5460000 - 0x00007ff6d546e000 	C:\Users\zoryv\.jdks\openjdk-21.0.1\bin\java.exe
0x00007ffedbd10000 - 0x00007ffedbf26000 	C:\WINDOWS\SYSTEM32\ntdll.dll
0x00007ffed9a40000 - 0x00007ffed9b04000 	C:\WINDOWS\System32\KERNEL32.DLL
0x00007ffed90d0000 - 0x00007ffed9477000 	C:\WINDOWS\System32\KERNELBASE.dll
0x00007ffed9920000 - 0x00007ffed9a31000 	C:\WINDOWS\System32\ucrtbase.dll
0x00007ffeb1830000 - 0x00007ffeb1848000 	C:\Users\zoryv\.jdks\openjdk-21.0.1\bin\jli.dll
0x00007ffeafe80000 - 0x00007ffeafe9b000 	C:\Users\zoryv\.jdks\openjdk-21.0.1\bin\VCRUNTIME140.dll
0x00007ffedab90000 - 0x00007ffedad3e000 	C:\WINDOWS\System32\USER32.dll
0x00007ffed9710000 - 0x00007ffed9736000 	C:\WINDOWS\System32\win32u.dll
0x00007ffeda700000 - 0x00007ffeda729000 	C:\WINDOWS\System32\GDI32.dll
0x00007ffeaefc0000 - 0x00007ffeaf253000 	C:\WINDOWS\WinSxS\amd64_microsoft.windows.common-controls_6595b64144ccf1df_6.0.22621.3235_none_270f74e173860f98\COMCTL32.dll
0x00007ffed9540000 - 0x00007ffed9659000 	C:\WINDOWS\System32\gdi32full.dll
0x00007ffed9030000 - 0x00007ffed90ca000 	C:\WINDOWS\System32\msvcp_win.dll
0x00007ffed9b10000 - 0x00007ffed9bb7000 	C:\WINDOWS\System32\msvcrt.dll
0x00007ffeda5f0000 - 0x00007ffeda621000 	C:\WINDOWS\System32\IMM32.DLL
0x00007ffebe070000 - 0x00007ffebe07c000 	C:\Users\zoryv\.jdks\openjdk-21.0.1\bin\vcruntime140_1.dll
0x00007ffe7ce90000 - 0x00007ffe7cf1e000 	C:\Users\zoryv\.jdks\openjdk-21.0.1\bin\msvcp140.dll
0x00007ffe725c0000 - 0x00007ffe732d5000 	C:\Users\zoryv\.jdks\openjdk-21.0.1\bin\server\jvm.dll
0x00007ffedbb10000 - 0x00007ffedbbc2000 	C:\WINDOWS\System32\ADVAPI32.dll
0x00007ffedaee0000 - 0x00007ffedaf88000 	C:\WINDOWS\System32\sechost.dll
0x00007ffed9660000 - 0x00007ffed9688000 	C:\WINDOWS\System32\bcrypt.dll
0x00007ffeda9e0000 - 0x00007ffedaaf5000 	C:\WINDOWS\System32\RPCRT4.dll
0x00007ffeda500000 - 0x00007ffeda571000 	C:\WINDOWS\System32\WS2_32.dll
0x00007ffecf230000 - 0x00007ffecf264000 	C:\WINDOWS\SYSTEM32\WINMM.dll
0x00007ffed8f00000 - 0x00007ffed8f4d000 	C:\WINDOWS\SYSTEM32\POWRPROF.dll
0x00007ffec8cc0000 - 0x00007ffec8cca000 	C:\WINDOWS\SYSTEM32\VERSION.dll
0x00007ffed8e30000 - 0x00007ffed8e43000 	C:\WINDOWS\SYSTEM32\UMPDC.dll
0x00007ffed8070000 - 0x00007ffed8088000 	C:\WINDOWS\SYSTEM32\kernel.appcore.dll
0x00007ffeb1820000 - 0x00007ffeb182a000 	C:\Users\zoryv\.jdks\openjdk-21.0.1\bin\jimage.dll
0x00007ffed6b20000 - 0x00007ffed6d53000 	C:\WINDOWS\SYSTEM32\DBGHELP.DLL
0x00007ffedaf90000 - 0x00007ffedb318000 	C:\WINDOWS\System32\combase.dll
0x00007ffed9bc0000 - 0x00007ffed9c97000 	C:\WINDOWS\System32\OLEAUT32.dll
0x00007ffebb080000 - 0x00007ffebb0b2000 	C:\WINDOWS\SYSTEM32\dbgcore.DLL
0x00007ffed9690000 - 0x00007ffed9709000 	C:\WINDOWS\System32\bcryptPrimitives.dll
0x00007ffed5c10000 - 0x00007ffed5c1f000 	C:\Users\zoryv\.jdks\openjdk-21.0.1\bin\instrument.dll
0x00007ffeafe60000 - 0x00007ffeafe7f000 	C:\Users\zoryv\.jdks\openjdk-21.0.1\bin\java.dll
0x00007ffed9ca0000 - 0x00007ffeda4fc000 	C:\WINDOWS\System32\SHELL32.dll
0x00007ffed6f90000 - 0x00007ffed7889000 	C:\WINDOWS\SYSTEM32\windows.storage.dll
0x00007ffed6e50000 - 0x00007ffed6f8e000 	C:\WINDOWS\SYSTEM32\wintypes.dll
0x00007ffeda8e0000 - 0x00007ffeda9d3000 	C:\WINDOWS\System32\SHCORE.dll
0x00007ffeda6a0000 - 0x00007ffeda6fe000 	C:\WINDOWS\System32\shlwapi.dll
0x00007ffed8f60000 - 0x00007ffed8f81000 	C:\WINDOWS\SYSTEM32\profapi.dll
0x00007ffe75520000 - 0x00007ffe755f7000 	C:\Users\zoryv\.jdks\openjdk-21.0.1\bin\jsvml.dll
0x00007ffeb1470000 - 0x00007ffeb1480000 	C:\Users\zoryv\.jdks\openjdk-21.0.1\bin\net.dll
0x00007ffed0d00000 - 0x00007ffed0e36000 	C:\WINDOWS\SYSTEM32\WINHTTP.dll
0x00007ffed84e0000 - 0x00007ffed8549000 	C:\WINDOWS\system32\mswsock.dll
0x00007ffeaceb0000 - 0x00007ffeacec6000 	C:\Users\zoryv\.jdks\openjdk-21.0.1\bin\nio.dll
0x00007ffeace90000 - 0x00007ffeacea8000 	C:\Users\zoryv\.jdks\openjdk-21.0.1\bin\zip.dll
0x00007ffed0180000 - 0x00007ffed019a000 	C:\Program Files\JetBrains\IntelliJ IDEA 2023.2.1\bin\breakgen64.dll
0x0000027df4a70000 - 0x0000027df4a73000 	C:\Users\zoryv\OneDrive\Робочий стіл\курсова\openjfx-21.0.1_windows-x64_bin-sdk (1)\javafx-sdk-21.0.1\bin\api-ms-win-core-console-l1-1-0.dll
0x0000027df4a80000 - 0x0000027df4a83000 	C:\Users\zoryv\OneDrive\Робочий стіл\курсова\openjfx-21.0.1_windows-x64_bin-sdk (1)\javafx-sdk-21.0.1\bin\api-ms-win-core-console-l1-2-0.dll
0x0000027df4a90000 - 0x0000027df4a93000 	C:\Users\zoryv\OneDrive\Робочий стіл\курсова\openjfx-21.0.1_windows-x64_bin-sdk (1)\javafx-sdk-21.0.1\bin\api-ms-win-core-datetime-l1-1-0.dll
0x0000027df4aa0000 - 0x0000027df4aa3000 	C:\Users\zoryv\OneDrive\Робочий стіл\курсова\openjfx-21.0.1_windows-x64_bin-sdk (1)\javafx-sdk-21.0.1\bin\api-ms-win-core-debug-l1-1-0.dll
0x0000027df4ab0000 - 0x0000027df4ab3000 	C:\Users\zoryv\OneDrive\Робочий стіл\курсова\openjfx-21.0.1_windows-x64_bin-sdk (1)\javafx-sdk-21.0.1\bin\api-ms-win-core-errorhandling-l1-1-0.dll
0x0000027df4ac0000 - 0x0000027df4ac4000 	C:\Users\zoryv\OneDrive\Робочий стіл\курсова\openjfx-21.0.1_windows-x64_bin-sdk (1)\javafx-sdk-21.0.1\bin\api-ms-win-core-file-l1-1-0.dll
0x0000027df4ad0000 - 0x0000027df4ad3000 	C:\Users\zoryv\OneDrive\Робочий стіл\курсова\openjfx-21.0.1_windows-x64_bin-sdk (1)\javafx-sdk-21.0.1\bin\api-ms-win-core-file-l1-2-0.dll
0x0000027df4ae0000 - 0x0000027df4ae3000 	C:\Users\zoryv\OneDrive\Робочий стіл\курсова\openjfx-21.0.1_windows-x64_bin-sdk (1)\javafx-sdk-21.0.1\bin\api-ms-win-core-file-l2-1-0.dll
0x0000027df4af0000 - 0x0000027df4af3000 	C:\Users\zoryv\OneDrive\Робочий стіл\курсова\openjfx-21.0.1_windows-x64_bin-sdk (1)\javafx-sdk-21.0.1\bin\api-ms-win-core-handle-l1-1-0.dll
0x0000027df4b00000 - 0x0000027df4b03000 	C:\Users\zoryv\OneDrive\Робочий стіл\курсова\openjfx-21.0.1_windows-x64_bin-sdk (1)\javafx-sdk-21.0.1\bin\api-ms-win-core-heap-l1-1-0.dll
0x0000027df4b10000 - 0x0000027df4b13000 	C:\Users\zoryv\OneDrive\Робочий стіл\курсова\openjfx-21.0.1_windows-x64_bin-sdk (1)\javafx-sdk-21.0.1\bin\api-ms-win-core-interlocked-l1-1-0.dll
0x0000027df4b20000 - 0x0000027df4b23000 	C:\Users\zoryv\OneDrive\Робочий стіл\курсова\openjfx-21.0.1_windows-x64_bin-sdk (1)\javafx-sdk-21.0.1\bin\api-ms-win-core-libraryloader-l1-1-0.dll
0x0000027df4b30000 - 0x0000027df4b33000 	C:\Users\zoryv\OneDrive\Робочий стіл\курсова\openjfx-21.0.1_windows-x64_bin-sdk (1)\javafx-sdk-21.0.1\bin\api-ms-win-core-localization-l1-2-0.dll
0x0000027df4b40000 - 0x0000027df4b43000 	C:\Users\zoryv\OneDrive\Робочий стіл\курсова\openjfx-21.0.1_windows-x64_bin-sdk (1)\javafx-sdk-21.0.1\bin\api-ms-win-core-memory-l1-1-0.dll
0x0000027df4b50000 - 0x0000027df4b53000 	C:\Users\zoryv\OneDrive\Робочий стіл\курсова\openjfx-21.0.1_windows-x64_bin-sdk (1)\javafx-sdk-21.0.1\bin\api-ms-win-core-namedpipe-l1-1-0.dll
0x0000027df4b60000 - 0x0000027df4b63000 	C:\Users\zoryv\OneDrive\Робочий стіл\курсова\openjfx-21.0.1_windows-x64_bin-sdk (1)\javafx-sdk-21.0.1\bin\api-ms-win-core-processenvironment-l1-1-0.dll
0x0000027df4b70000 - 0x0000027df4b73000 	C:\Users\zoryv\OneDrive\Робочий стіл\курсова\openjfx-21.0.1_windows-x64_bin-sdk (1)\javafx-sdk-21.0.1\bin\api-ms-win-core-processthreads-l1-1-0.dll
0x0000027df4b80000 - 0x0000027df4b83000 	C:\Users\zoryv\OneDrive\Робочий стіл\курсова\openjfx-21.0.1_windows-x64_bin-sdk (1)\javafx-sdk-21.0.1\bin\api-ms-win-core-processthreads-l1-1-1.dll
0x0000027df4b90000 - 0x0000027df4b93000 	C:\Users\zoryv\OneDrive\Робочий стіл\курсова\openjfx-21.0.1_windows-x64_bin-sdk (1)\javafx-sdk-21.0.1\bin\api-ms-win-core-profile-l1-1-0.dll
0x0000027df4ba0000 - 0x0000027df4ba3000 	C:\Users\zoryv\OneDrive\Робочий стіл\курсова\openjfx-21.0.1_windows-x64_bin-sdk (1)\javafx-sdk-21.0.1\bin\api-ms-win-core-rtlsupport-l1-1-0.dll
0x0000027df4bb0000 - 0x0000027df4bb3000 	C:\Users\zoryv\OneDrive\Робочий стіл\курсова\openjfx-21.0.1_windows-x64_bin-sdk (1)\javafx-sdk-21.0.1\bin\api-ms-win-core-string-l1-1-0.dll
0x0000027df4bc0000 - 0x0000027df4bc3000 	C:\Users\zoryv\OneDrive\Робочий стіл\курсова\openjfx-21.0.1_windows-x64_bin-sdk (1)\javafx-sdk-21.0.1\bin\api-ms-win-core-synch-l1-1-0.dll
0x0000027df4bd0000 - 0x0000027df4bd3000 	C:\Users\zoryv\OneDrive\Робочий стіл\курсова\openjfx-21.0.1_windows-x64_bin-sdk (1)\javafx-sdk-21.0.1\bin\api-ms-win-core-synch-l1-2-0.dll
0x0000027df4be0000 - 0x0000027df4be3000 	C:\Users\zoryv\OneDrive\Робочий стіл\курсова\openjfx-21.0.1_windows-x64_bin-sdk (1)\javafx-sdk-21.0.1\bin\api-ms-win-core-sysinfo-l1-1-0.dll
0x0000027df4bf0000 - 0x0000027df4bf3000 	C:\Users\zoryv\OneDrive\Робочий стіл\курсова\openjfx-21.0.1_windows-x64_bin-sdk (1)\javafx-sdk-21.0.1\bin\api-ms-win-core-timezone-l1-1-0.dll
0x0000027df4c00000 - 0x0000027df4c03000 	C:\Users\zoryv\OneDrive\Робочий стіл\курсова\openjfx-21.0.1_windows-x64_bin-sdk (1)\javafx-sdk-21.0.1\bin\api-ms-win-core-util-l1-1-0.dll
0x0000027df4c10000 - 0x0000027df4c13000 	C:\Users\zoryv\OneDrive\Робочий стіл\курсова\openjfx-21.0.1_windows-x64_bin-sdk (1)\javafx-sdk-21.0.1\bin\api-ms-win-crt-conio-l1-1-0.dll
0x0000027df4c20000 - 0x0000027df4c24000 	C:\Users\zoryv\OneDrive\Робочий стіл\курсова\openjfx-21.0.1_windows-x64_bin-sdk (1)\javafx-sdk-21.0.1\bin\api-ms-win-crt-convert-l1-1-0.dll
0x0000027df4c30000 - 0x0000027df4c33000 	C:\Users\zoryv\OneDrive\Робочий стіл\курсова\openjfx-21.0.1_windows-x64_bin-sdk (1)\javafx-sdk-21.0.1\bin\api-ms-win-crt-environment-l1-1-0.dll
0x0000027df4c40000 - 0x0000027df4c43000 	C:\Users\zoryv\OneDrive\Робочий стіл\курсова\openjfx-21.0.1_windows-x64_bin-sdk (1)\javafx-sdk-21.0.1\bin\api-ms-win-crt-filesystem-l1-1-0.dll
0x0000027df4c50000 - 0x0000027df4c53000 	C:\Users\zoryv\OneDrive\Робочий стіл\курсова\openjfx-21.0.1_windows-x64_bin-sdk (1)\javafx-sdk-21.0.1\bin\api-ms-win-crt-heap-l1-1-0.dll
0x0000027df4c60000 - 0x0000027df4c63000 	C:\Users\zoryv\OneDrive\Робочий стіл\курсова\openjfx-21.0.1_windows-x64_bin-sdk (1)\javafx-sdk-21.0.1\bin\api-ms-win-crt-locale-l1-1-0.dll
0x0000027df4c70000 - 0x0000027df4c75000 	C:\Users\zoryv\OneDrive\Робочий стіл\курсова\openjfx-21.0.1_windows-x64_bin-sdk (1)\javafx-sdk-21.0.1\bin\api-ms-win-crt-math-l1-1-0.dll
0x0000027df4c80000 - 0x0000027df4c85000 	C:\Users\zoryv\OneDrive\Робочий стіл\курсова\openjfx-21.0.1_windows-x64_bin-sdk (1)\javafx-sdk-21.0.1\bin\api-ms-win-crt-multibyte-l1-1-0.dll
0x0000027df4c90000 - 0x0000027df4ca0000 	C:\Users\zoryv\OneDrive\Робочий стіл\курсова\openjfx-21.0.1_windows-x64_bin-sdk (1)\javafx-sdk-21.0.1\bin\api-ms-win-crt-private-l1-1-0.dll
0x0000027df4ca0000 - 0x0000027df4ca3000 	C:\Users\zoryv\OneDrive\Робочий стіл\курсова\openjfx-21.0.1_windows-x64_bin-sdk (1)\javafx-sdk-21.0.1\bin\api-ms-win-crt-process-l1-1-0.dll
0x0000027df4cb0000 - 0x0000027df4cb4000 	C:\Users\zoryv\OneDrive\Робочий стіл\курсова\openjfx-21.0.1_windows-x64_bin-sdk (1)\javafx-sdk-21.0.1\bin\api-ms-win-crt-runtime-l1-1-0.dll
0x0000027df4cc0000 - 0x0000027df4cc4000 	C:\Users\zoryv\OneDrive\Робочий стіл\курсова\openjfx-21.0.1_windows-x64_bin-sdk (1)\javafx-sdk-21.0.1\bin\api-ms-win-crt-stdio-l1-1-0.dll
0x0000027df4cd0000 - 0x0000027df4cd4000 	C:\Users\zoryv\OneDrive\Робочий стіл\курсова\openjfx-21.0.1_windows-x64_bin-sdk (1)\javafx-sdk-21.0.1\bin\api-ms-win-crt-string-l1-1-0.dll
0x0000027df4ce0000 - 0x0000027df4ce3000 	C:\Users\zoryv\OneDrive\Робочий стіл\курсова\openjfx-21.0.1_windows-x64_bin-sdk (1)\javafx-sdk-21.0.1\bin\api-ms-win-crt-time-l1-1-0.dll
0x0000027df4cf0000 - 0x0000027df4cf3000 	C:\Users\zoryv\OneDrive\Робочий стіл\курсова\openjfx-21.0.1_windows-x64_bin-sdk (1)\javafx-sdk-21.0.1\bin\api-ms-win-crt-utility-l1-1-0.dll
0x00007ffe7f7d0000 - 0x00007ffe7f8cc000 	C:\Users\zoryv\OneDrive\Робочий стіл\курсова\openjfx-21.0.1_windows-x64_bin-sdk (1)\javafx-sdk-21.0.1\bin\ucrtbase.dll
0x00007ffec7110000 - 0x00007ffec712b000 	C:\Users\zoryv\OneDrive\Робочий стіл\курсова\openjfx-21.0.1_windows-x64_bin-sdk (1)\javafx-sdk-21.0.1\bin\vcruntime140.dll
0x00007ffec7100000 - 0x00007ffec710c000 	C:\Users\zoryv\OneDrive\Робочий стіл\курсова\openjfx-21.0.1_windows-x64_bin-sdk (1)\javafx-sdk-21.0.1\bin\vcruntime140_1.dll
0x00007ffe81150000 - 0x00007ffe811de000 	C:\Users\zoryv\OneDrive\Робочий стіл\курсова\openjfx-21.0.1_windows-x64_bin-sdk (1)\javafx-sdk-21.0.1\bin\msvcp140.dll
0x00007ffeda730000 - 0x00007ffeda8d5000 	C:\WINDOWS\System32\ole32.dll
0x00007ffec70f0000 - 0x00007ffec70f9000 	C:\Users\zoryv\OneDrive\Робочий стіл\курсова\openjfx-21.0.1_windows-x64_bin-sdk (1)\javafx-sdk-21.0.1\bin\msvcp140_1.dll
0x00007ffec70c0000 - 0x00007ffec70ef000 	C:\Users\zoryv\OneDrive\Робочий стіл\курсова\openjfx-21.0.1_windows-x64_bin-sdk (1)\javafx-sdk-21.0.1\bin\msvcp140_2.dll
0x00007ffec6d30000 - 0x00007ffec6d5f000 	C:\Users\zoryv\OneDrive\Робочий стіл\курсова\openjfx-21.0.1_windows-x64_bin-sdk (1)\javafx-sdk-21.0.1\bin\prism_d3d.dll
0x00007ffe7cb90000 - 0x00007ffe7cd39000 	C:\WINDOWS\system32\d3d9.dll
0x00007ffed63b0000 - 0x00007ffed63db000 	C:\WINDOWS\SYSTEM32\dwmapi.dll
0x00007ffed63e0000 - 0x00007ffed6419000 	C:\WINDOWS\SYSTEM32\dxcore.dll
0x00007ffed6170000 - 0x00007ffed621b000 	C:\WINDOWS\system32\uxtheme.dll
0x00007ffed2470000 - 0x00007ffed24ba000 	C:\WINDOWS\SYSTEM32\directxdatabasehelper.dll
0x00007ffe8f1b0000 - 0x00007ffe8f1f2000 	C:\Users\zoryv\OneDrive\Робочий стіл\курсова\openjfx-21.0.1_windows-x64_bin-sdk (1)\javafx-sdk-21.0.1\bin\glass.dll
0x00007ffedbbd0000 - 0x00007ffedbcc9000 	C:\WINDOWS\System32\COMDLG32.dll
0x00007ffedb990000 - 0x00007ffedbae3000 	C:\WINDOWS\System32\MSCTF.dll
0x00007ffec70a0000 - 0x00007ffec70b4000 	C:\Users\zoryv\OneDrive\Робочий стіл\курсова\openjfx-21.0.1_windows-x64_bin-sdk (1)\javafx-sdk-21.0.1\bin\javafx_font.dll
0x00007ffed43a0000 - 0x00007ffed4614000 	C:\WINDOWS\SYSTEM32\dwrite.dll
0x00007ffedae30000 - 0x00007ffedaee0000 	C:\WINDOWS\System32\clbcatq.dll
0x00007ffed4080000 - 0x00007ffed4230000 	C:\WINDOWS\SYSTEM32\WindowsCodecs.dll
0x00007ffeace10000 - 0x00007ffeace6e000 	C:\WINDOWS\system32\dataexchange.dll
0x00007ffecfa90000 - 0x00007ffecfd1e000 	C:\WINDOWS\system32\twinapi.appcore.dll
0x00007ffe8eb90000 - 0x00007ffe8ebc2000 	C:\Program Files\Common Files\Microsoft Shared\Ink\rtscom.dll
0x00007ffeb0420000 - 0x00007ffeb056a000 	C:\WINDOWS\SYSTEM32\textinputframework.dll
0x00007ffed5630000 - 0x00007ffed5764000 	C:\WINDOWS\SYSTEM32\CoreMessaging.dll
0x00007ffed1c90000 - 0x00007ffed1ffc000 	C:\WINDOWS\SYSTEM32\CoreUIComponents.dll
0x00007ffed8740000 - 0x00007ffed874c000 	C:\WINDOWS\SYSTEM32\CRYPTBASE.DLL
0x00007ffebe0a0000 - 0x00007ffebe0cd000 	C:\Users\zoryv\OneDrive\Робочий стіл\курсова\openjfx-21.0.1_windows-x64_bin-sdk (1)\javafx-sdk-21.0.1\bin\javafx_iio.dll
0x00007ffe373b0000 - 0x00007ffe3c09e000 	C:\Users\zoryv\OneDrive\Робочий стіл\курсова\openjfx-21.0.1_windows-x64_bin-sdk (1)\javafx-sdk-21.0.1\bin\jfxwebkit.dll
0x00007ffed8750000 - 0x00007ffed876b000 	C:\WINDOWS\SYSTEM32\CRYPTSP.dll
0x00007ffed7fd0000 - 0x00007ffed8005000 	C:\WINDOWS\system32\rsaenh.dll
0x00007ffed85e0000 - 0x00007ffed8608000 	C:\WINDOWS\SYSTEM32\USERENV.dll
0x00007ffed7af0000 - 0x00007ffed7b1d000 	C:\WINDOWS\SYSTEM32\IPHLPAPI.DLL
0x00007ffedab80000 - 0x00007ffedab89000 	C:\WINDOWS\System32\NSI.dll
0x00007ffebef80000 - 0x00007ffebef8e000 	C:\Users\zoryv\.jdks\openjdk-21.0.1\bin\sunmscapi.dll
0x00007ffed97b0000 - 0x00007ffed9917000 	C:\WINDOWS\System32\CRYPT32.dll
0x00007ffed88e0000 - 0x00007ffed890e000 	C:\WINDOWS\SYSTEM32\ncrypt.dll
0x00007ffed88a0000 - 0x00007ffed88d7000 	C:\WINDOWS\SYSTEM32\NTASN1.dll

dbghelp: loaded successfully - version: 4.0.5 - missing functions: none
symbol engine: initialized successfully - sym options: 0x614 - pdb path: .;C:\Users\zoryv\.jdks\openjdk-21.0.1\bin;C:\WINDOWS\SYSTEM32;C:\WINDOWS\WinSxS\amd64_microsoft.windows.common-controls_6595b64144ccf1df_6.0.22621.3235_none_270f74e173860f98;C:\Users\zoryv\.jdks\openjdk-21.0.1\bin\server;C:\Program Files\JetBrains\IntelliJ IDEA 2023.2.1\bin;C:\Users\zoryv\OneDrive\Робочий стіл\курсова\openjfx-21.0.1_windows-x64_bin-sdk (1)\javafx-sdk-21.0.1\bin;C:\WINDOWS\System32\DriverStore\FileRepository\iigd_dch.inf_amd64_7b69d1dcf2ed050c;C:\Program Files\Common Files\Microsoft Shared\Ink

VM Arguments:
jvm_args: -javaagent:C:\Program Files\JetBrains\IntelliJ IDEA 2023.2.1\lib\idea_rt.jar=56920:C:\Program Files\JetBrains\IntelliJ IDEA 2023.2.1\bin -Dfile.encoding=UTF-8 -Dsun.stdout.encoding=UTF-8 -Dsun.stderr.encoding=UTF-8 --module-path=C:\Users\zoryv\OneDrive\Робочий стіл\курсова\openjfx-21.0.1_windows-x64_bin-sdk (1)\javafx-sdk-21.0.1\lib\javafx.web.jar;C:\Users\zoryv\OneDrive\Робочий стіл\курсова\openjfx-21.0.1_windows-x64_bin-sdk (1)\javafx-sdk-21.0.1\lib\javafx.fxml.jar;C:\Users\zoryv\OneDrive\Робочий стіл\курсова\openjfx-21.0.1_windows-x64_bin-sdk (1)\javafx-sdk-21.0.1\lib\javafx.controls.jar;C:\Users\zoryv\OneDrive\Робочий стіл\курсова\openjfx-21.0.1_windows-x64_bin-sdk (1)\javafx-sdk-21.0.1\lib\javafx.base.jar;C:\Users\zoryv\OneDrive\Робочий стіл\курсова\openjfx-21.0.1_windows-x64_bin-sdk (1)\javafx-sdk-21.0.1\lib\javafx.swing.jar;C:\Users\zoryv\OneDrive\Робочий стіл\курсова\mysql-connector-j-8.3.0\mysql-connector-j-8.3.0\mysql-connector-j-8.3.0.jar;C:\Users\zoryv\OneDrive\Робочий стіл\Cursova\target\classes;C:\Users\zoryv\OneDrive\Робочий стіл\курсова\openjfx-21.0.1_windows-x64_bin-sdk (1)\javafx-sdk-21.0.1\lib\javafx.media.jar;C:\Users\zoryv\OneDrive\Робочий стіл\курсова\openjfx-21.0.1_windows-x64_bin-sdk (1)\javafx-sdk-21.0.1\lib\javafx.graphics.jar -Djdk.module.main=com.example.cursova 
java_command: com.example.cursova/com.example.cursova.HelloApplication
java_class_path (initial): C:\Users\zoryv\OneDrive\Робочий стіл\курсова\openjfx-21.0.1_windows-x64_bin-sdk (1)\javafx-sdk-21.0.1\lib\javafx-swt.jar
Launcher Type: SUN_STANDARD

[Global flags]
     intx CICompilerCount                          = 3                                         {product} {ergonomic}
     uint ConcGCThreads                            = 1                                         {product} {ergonomic}
     uint G1ConcRefinementThreads                  = 4                                         {product} {ergonomic}
   size_t G1HeapRegionSize                         = 1048576                                   {product} {ergonomic}
    uintx GCDrainStackTargetSize                   = 64                                        {product} {ergonomic}
   size_t InitialHeapSize                          = 132120576                                 {product} {ergonomic}
   size_t MarkStackSize                            = 4194304                                   {product} {ergonomic}
   size_t MaxHeapSize                              = 2097152000                                {product} {ergonomic}
   size_t MaxNewSize                               = 1258291200                                {product} {ergonomic}
   size_t MinHeapDeltaBytes                        = 1048576                                   {product} {ergonomic}
   size_t MinHeapSize                              = 8388608                                   {product} {ergonomic}
    uintx NonNMethodCodeHeapSize                   = 5832780                                {pd product} {ergonomic}
    uintx NonProfiledCodeHeapSize                  = 122912730                              {pd product} {ergonomic}
    uintx ProfiledCodeHeapSize                     = 122912730                              {pd product} {ergonomic}
    uintx ReservedCodeCacheSize                    = 251658240                              {pd product} {ergonomic}
     bool SegmentedCodeCache                       = true                                      {product} {ergonomic}
   size_t SoftMaxHeapSize                          = 2097152000                             {manageable} {ergonomic}
     bool UseCompressedOops                        = true                           {product lp64_product} {ergonomic}
     bool UseG1GC                                  = true                                      {product} {ergonomic}
     bool UseLargePagesIndividualAllocation        = false                                  {pd product} {ergonomic}

Logging:
Log output configuration:
 #0: stdout all=off uptime,level,tags foldmultilines=false
 #1: stderr all=off uptime,level,tags foldmultilines=false

Environment Variables:
PATH=C:\Program Files\Common Files\Oracle\Java\javapath;C:\WINDOWS\system32;C:\WINDOWS;C:\WINDOWS\System32\Wbem;C:\WINDOWS\System32\WindowsPowerShell\v1.0\;C:\WINDOWS\System32\OpenSSH\;C:\Program Files\Microsoft SQL Server\150\Tools\Binn\;C:\Program Files\Microsoft SQL Server\Client SDK\ODBC\170\Tools\Binn\;C:\Program Files\dotnet\;C:\WINDOWS\system32;C:\WINDOWS;C:\WINDOWS\System32\Wbem;C:\WINDOWS\System32\WindowsPowerShell\v1.0\;C:\WINDOWS\System32\OpenSSH\;C:\Program Files\nodejs\;C:\Program Files\Git\cmd;C:\Ruby33-x64\bin;C:\Users\zoryv\AppData\Local\Programs\Python\Launcher\;C:\Program Files\MySQL\MySQL Shell 8.0\bin\;C:\Users\zoryv\AppData\Local\Microsoft\WindowsApps;C:\Users\zoryv\.dotnet\tools;C:\Program Files\JetBrains\IntelliJ IDEA 2023.2.1\bin;;C:\Users\zoryv\AppData\Roaming\npm;C:\Program Files\JetBrains\PyCharm 2023.3.3\bin;;C:\Users\zoryv\AppData\Local\Programs\Microsoft VS Code\bin;C:\ruby-3.3.0\bin
USERNAME=zoryv
OS=Windows_NT
PROCESSOR_IDENTIFIER=Intel64 Family 6 Model 122 Stepping 8, GenuineIntel
TMP=C:\Users\zoryv\AppData\Local\Temp
TEMP=C:\Users\zoryv\AppData\Local\Temp




Periodic native trim disabled

---------------  S Y S T E M  ---------------

OS:
 Windows 11 , 64 bit Build 22621 (10.0.22621.3374)
OS uptime: 2 days 20:16 hours

CPU: total 4 (initial active 4) (4 cores per cpu, 1 threads per core) family 6 model 122 stepping 8 microcode 0x1a, cx8, cmov, fxsr, mmx, 3dnowpref, sse, sse2, sse3, ssse3, sse4.1, sse4.2, popcnt, tsc, tscinvbit, aes, erms, clmul, sha, clflush, clflushopt, rdtscp, rdpid
Processor Information for all 4 processors :
  Max Mhz: 1101, Current Mhz: 1101, Mhz Limit: 1101

Memory: 4k page, system-wide physical 7998M (2071M free)
TotalPageFile size 13630M (AvailPageFile size 5084M)
current process WorkingSet (physical memory assigned to process): 262M, peak: 302M
current process commit charge ("private bytes"): 325M, peak: 356M

vm_info: OpenJDK 64-Bit Server VM (21.0.1+12-29) for windows-amd64 JRE (21.0.1+12-29), built on 2023-10-05T13:27:09Z by "mach5one" with MS VC++ 17.1 (VS2022)

END.
