#
# A fatal error has been detected by the Java Runtime Environment:
#
#  EXCEPTION_ACCESS_VIOLATION (0xc0000005) at pc=0x00007ffec6d06587, pid=10692, tid=12848
#
# JRE version: OpenJDK Runtime Environment (21.0.1+12) (build 21.0.1+12-29)
# Java VM: OpenJDK 64-Bit Server VM (21.0.1+12-29, mixed mode, sharing, tiered, compressed oops, compressed class ptrs, g1 gc, windows-amd64)
# Problematic frame:
# C  [glass.dll+0x26587]
#
# No core dump will be written. Minidumps are not enabled by default on client versions of Windows
#
# If you would like to submit a bug report, please visit:
#   https://bugreport.java.com/bugreport/crash.jsp
#

---------------  S U M M A R Y ------------

Command Line: -javaagent:C:\Program Files\JetBrains\IntelliJ IDEA 2023.2.1\lib\idea_rt.jar=57478:C:\Program Files\JetBrains\IntelliJ IDEA 2023.2.1\bin -Dfile.encoding=UTF-8 -Dsun.stdout.encoding=UTF-8 -Dsun.stderr.encoding=UTF-8 --module-path=C:\Users\zoryv\OneDrive\Робочий стіл\курсова\openjfx-21.0.1_windows-x64_bin-sdk (1)\javafx-sdk-21.0.1\lib\javafx.fxml.jar;C:\Users\zoryv\OneDrive\Робочий стіл\курсова\openjfx-21.0.1_windows-x64_bin-sdk (1)\javafx-sdk-21.0.1\lib\javafx.swing.jar;C:\Users\zoryv\OneDrive\Робочий стіл\курсова\openjfx-21.0.1_windows-x64_bin-sdk (1)\javafx-sdk-21.0.1\lib\javafx.controls.jar;C:\Users\zoryv\OneDrive\Робочий стіл\курсова\openjfx-21.0.1_windows-x64_bin-sdk (1)\javafx-sdk-21.0.1\lib\javafx.graphics.jar;C:\Users\zoryv\OneDrive\Робочий стіл\курсова\mysql-connector-j-8.3.0\mysql-connector-j-8.3.0\mysql-connector-j-8.3.0.jar;C:\Users\zoryv\OneDrive\Робочий стіл\курсова\openjfx-21.0.1_windows-x64_bin-sdk (1)\javafx-sdk-21.0.1\lib\javafx.web.jar;C:\Users\zoryv\OneDrive\Робочий стіл\Cursova\target\classes;C:\Users\zoryv\OneDrive\Робочий стіл\курсова\openjfx-21.0.1_windows-x64_bin-sdk (1)\javafx-sdk-21.0.1\lib\javafx.media.jar;C:\Users\zoryv\OneDrive\Робочий стіл\курсова\openjfx-21.0.1_windows-x64_bin-sdk (1)\javafx-sdk-21.0.1\lib\javafx.base.jar -Djdk.module.main=com.example.cursova com.example.cursova/com.example.cursova.HelloApplication

Host: Intel(R) Pentium(R) Silver N5030 CPU @ 1.10GHz, 4 cores, 7G,  Windows 11 , 64 bit Build 22621 (10.0.22621.3374)
Time: Sun Apr 14 18:11:02 2024  Windows 11 , 64 bit Build 22621 (10.0.22621.3374) elapsed time: 33.829841 seconds (0d 0h 0m 33s)

---------------  T H R E A D  ---------------

Current thread (0x000001a3dc787300):  VMThread "VM Thread"          [id=12848, stack(0x0000006ca9300000,0x0000006ca9400000) (1024K)]

Stack: [0x0000006ca9300000,0x0000006ca9400000],  sp=0x0000006ca93fedb0,  free space=1019k
Native frames: (J=compiled Java code, j=interpreted, Vv=VM code, C=native code)
C  [glass.dll+0x26587]


siginfo: EXCEPTION_ACCESS_VIOLATION (0xc0000005), reading address 0x0000000000000000


Registers:
RAX=0x0000000000000000, RBX=0x000001a3dc7940a2, RCX=0x000001a3dc787300, RDX=0x0000006ca93fedb0
RSP=0x0000006ca93fedb0, RBP=0x000001a4222adb88, RSI=0x0000006ca93feeb8, RDI=0x000001a4222adb60
R8 =0x0000000000010002, R9 =0x000001a4222adb60, R10=0x85f13e9656da4870, R11=0x0000006ca93fed40
R12=0x00007ffec6d03ed0, R13=0x00007ffe73221fa0, R14=0x0000b6f4f40fa914, R15=0x000001a4222adb60
RIP=0x00007ffec6d06587, EFLAGS=0x0000000000010202


Register to memory mapping:

RAX=0x0 is null
RBX=0x000001a3dc7940a2 is a global jni handle
RCX=0x000001a3dc787300 points into unknown readable memory: 0x00007ffe73033f88 | 88 3f 03 73 fe 7f 00 00
RDX=0x0000006ca93fedb0 points into unknown readable memory: 0x0000000000000000 | 00 00 00 00 00 00 00 00
RSP=0x0000006ca93fedb0 points into unknown readable memory: 0x0000000000000000 | 00 00 00 00 00 00 00 00
RBP=0x000001a4222adb88 points into unknown readable memory: 0x0000b6f4f40fa914 | 14 a9 0f f4 f4 b6 00 00
RSI=0x0000006ca93feeb8 points into unknown readable memory: 0x0000006ca93feea0 | a0 ee 3f a9 6c 00 00 00
RDI=0x000001a4222adb60 points into unknown readable memory: 0xffecdbf76a8fa913 | 13 a9 8f 6a f7 db ec ff
R8 =0x0000000000010002 is an unknown value
R9 =0x000001a4222adb60 points into unknown readable memory: 0xffecdbf76a8fa913 | 13 a9 8f 6a f7 db ec ff
R10=0x85f13e9656da4870 is an unknown value
R11=0x0000006ca93fed40 points into unknown readable memory: 0x0000000000000000 | 00 00 00 00 00 00 00 00
R12=0x00007ffec6d03ed0 glass.dll
R13=0x00007ffe73221fa0 jvm.dll
R14=0x0000b6f4f40fa914 is an unknown value
R15=0x000001a4222adb60 points into unknown readable memory: 0xffecdbf76a8fa913 | 13 a9 8f 6a f7 db ec ff

Top of Stack: (sp=0x0000006ca93fedb0)
0x0000006ca93fedb0:   0000000000000000 0000006ca93feeb8
0x0000006ca93fedc0:   00007ffe73221fa0 00007ffec6d03ed0
0x0000006ca93fedd0:   000001a4222adb68 00007ffed9973a53
0x0000006ca93fede0:   000001a4222adb60 000001a400000000
0x0000006ca93fedf0:   000001a4222adb88 0000006ca93feeb8
0x0000006ca93fee00:   fffffffffffffffe 0000000000000000
0x0000006ca93fee10:   0000000000000001 00007ffec6ce0000
0x0000006ca93fee20:   0000006ca93feea8 00007ffed994042e
0x0000006ca93fee30:   0000000000000000 0000006ca93feeb8
0x0000006ca93fee40:   0000006ca93ff1a0 0000000000000001
0x0000006ca93fee50:   0000000000000001 00007ffed993dddd
0x0000006ca93fee60:   0000000000000000 00007ffec6d036c9
0x0000006ca93fee70:   0000000000000000 0000006ca93feea8
0x0000006ca93fee80:   fffffffffffffffe 0000006ca93ff100
0x0000006ca93fee90:   0000000000000000 00007ffec6d03d5d
0x0000006ca93feea0:   00007ffec6d1a008 00007ffe00000002
0x0000006ca93feeb0:   0000000000000002 0000006ca93feea0
0x0000006ca93feec0:   0000000000000000 00007ffedbd38603
0x0000006ca93feed0:   0000000000000000 00007ffec6d03e82
0x0000006ca93feee0:   0000000000000001 0000000000000001
0x0000006ca93feef0:   0000000000000001 00007ffed8755277
0x0000006ca93fef00:   0000000000000001 00007ffed8742223
0x0000006ca93fef10:   00007ffe00000001 0000000000000000
0x0000006ca93fef20:   00007ffec6ce0000 000000007ffe0384
0x0000006ca93fef30:   0000000000000000 00007ffedbd3869f
0x0000006ca93fef40:   00007ffec6ce0000 0000000000000000
0x0000006ca93fef50:   0000000000000001 000000007ffe0385
0x0000006ca93fef60:   00007ffedbe46a20 00007ffeca66d850
0x0000006ca93fef70:   0000e6dbf01ea000 00007ffec93b0000
0x0000006ca93fef80:   00007ffec6d03ed0 0000000000000000
0x0000006ca93fef90:   0000000000000000 0000006ca870e000
0x0000006ca93fefa0:   000001a422266190 00007ffedbd610a6 

Instructions: (pc=0x00007ffec6d06587)
0x00007ffec6d06487:   8b 4d 58 e8 8d cf ff ff 48 8b 4d 60 e8 84 cf ff
0x00007ffec6d06497:   ff 48 8b 95 80 00 00 00 48 8b 8d 18 01 00 00 e8
0x00007ffec6d064a7:   76 c4 ff ff 33 d2 33 c9 e8 cc e1 ff ff 90 48 89
0x00007ffec6d064b7:   54 24 10 55 48 83 ec 20 48 8b ea 48 b8 00 00 00
0x00007ffec6d064c7:   00 00 00 00 00 48 83 c4 20 5d c3 cc 40 55 48 8b
0x00007ffec6d064d7:   ea 48 8b 01 33 c9 81 38 05 00 00 c0 0f 94 c1 8b
0x00007ffec6d064e7:   c1 5d c3 cc 40 55 48 83 ec 20 48 8b ea 8a 4d 40
0x00007ffec6d064f7:   48 83 c4 20 5d e9 73 d3 ff ff cc 40 55 48 83 ec
0x00007ffec6d06507:   20 48 8b ea 8a 4d 20 e8 61 d3 ff ff 90 48 83 c4
0x00007ffec6d06517:   20 5d c3 cc 40 55 48 83 ec 20 48 8b ea 48 83 c4
0x00007ffec6d06527:   20 5d e9 c2 d1 ff ff cc 40 55 48 83 ec 30 48 8b
0x00007ffec6d06537:   ea 48 8b 01 8b 10 48 89 4c 24 28 89 54 24 20 4c
0x00007ffec6d06547:   8d 0d 63 d6 ff ff 4c 8b 45 70 8b 55 68 48 8b 4d
0x00007ffec6d06557:   60 e8 03 d1 ff ff 90 48 83 c4 30 5d c3 cc cc cc
0x00007ffec6d06567:   cc cc cc cc cc cc cc cc cc 40 53 48 83 ec 20 48
0x00007ffec6d06577:   8b 1d 8b 34 01 00 48 85 db 74 16 e8 89 8f ff ff
0x00007ffec6d06587:   4c 8b 00 48 8b d3 48 8b c8 41 ff 90 b0 00 00 00
0x00007ffec6d06597:   90 48 83 c4 20 5b c3 cc cc 40 53 48 83 ec 20 48
0x00007ffec6d065a7:   8b 1d fb 35 01 00 48 85 db 74 57 b8 ff ff ff ff
0x00007ffec6d065b7:   f0 0f c1 43 10 83 f8 01 75 3d 48 85 db 74 38 48
0x00007ffec6d065c7:   8b 0b 48 85 c9 74 0d ff 15 d4 0c 00 00 48 c7 03
0x00007ffec6d065d7:   00 00 00 00 48 8b 4b 08 48 85 c9 74 0d e8 33 ce
0x00007ffec6d065e7:   ff ff 48 c7 43 08 00 00 00 00 ba 18 00 00 00 48
0x00007ffec6d065f7:   8b cb e8 1e ce ff ff 48 c7 05 9f 35 01 00 00 00
0x00007ffec6d06607:   00 00 48 83 c4 20 5b c3 cc 40 53 48 83 ec 20 48
0x00007ffec6d06617:   8b 1d 6b 35 01 00 48 85 db 74 57 b8 ff ff ff ff
0x00007ffec6d06627:   f0 0f c1 43 10 83 f8 01 75 3d 48 85 db 74 38 48
0x00007ffec6d06637:   8b 0b 48 85 c9 74 0d ff 15 64 0c 00 00 48 c7 03
0x00007ffec6d06647:   00 00 00 00 48 8b 4b 08 48 85 c9 74 0d e8 c3 cd
0x00007ffec6d06657:   ff ff 48 c7 43 08 00 00 00 00 ba 18 00 00 00 48
0x00007ffec6d06667:   8b cb e8 ae cd ff ff 48 c7 05 0f 35 01 00 00 00
0x00007ffec6d06677:   00 00 48 83 c4 20 5b c3 cc 40 53 48 83 ec 20 48 


Stack slot to memory mapping:

stack at sp + 0 slots: 0x0 is null
stack at sp + 1 slots: 0x0000006ca93feeb8 points into unknown readable memory: 0x0000006ca93feea0 | a0 ee 3f a9 6c 00 00 00
stack at sp + 2 slots: 0x00007ffe73221fa0 jvm.dll
stack at sp + 3 slots: 0x00007ffec6d03ed0 glass.dll
stack at sp + 4 slots: 0x000001a4222adb68 points into unknown readable memory: 0x0000b6f4f40fa914 | 14 a9 0f f4 f4 b6 00 00
stack at sp + 5 slots: 0x00007ffed9973a53 ucrtbase.dll
stack at sp + 6 slots: 0x000001a4222adb60 points into unknown readable memory: 0xffecdbf76a8fa913 | 13 a9 8f 6a f7 db ec ff
stack at sp + 7 slots: 0x000001a400000000 is an unknown value

VM_Operation (0x0000006cab7ff200): Exit, mode: safepoint, requested by thread 0x000001a42278f640


---------------  P R O C E S S  ---------------

Threads class SMR info:
_java_thread_list=0x000001a4223055a0, length=25, elements={
0x000001a3be80c840, 0x000001a3dc7a69e0, 0x000001a3dc7a77f0, 0x000001a3dc7ad280,
0x000001a3dc7b02f0, 0x000001a3dc7b10b0, 0x000001a3dc7b28c0, 0x000001a3dc7b8a10,
0x000001a3dc9ec5a0, 0x000001a3dcb1fb10, 0x000001a3dcb20180, 0x000001a4221b4180,
0x000001a4222aeea0, 0x000001a4222b8480, 0x000001a422574560, 0x000001a42262ad80,
0x000001a42278fcd0, 0x000001a4227909f0, 0x000001a422791080, 0x000001a422790360,
0x000001a422791710, 0x000001a422791da0, 0x000001a422792ac0, 0x000001a422792430,
0x000001a42278f640
}

Java Threads: ( => current thread )
  0x000001a3be80c840 JavaThread "main"                              [_thread_blocked, id=12188, stack(0x0000006ca8c00000,0x0000006ca8d00000) (1024K)]
  0x000001a3dc7a69e0 JavaThread "Reference Handler"          daemon [_thread_blocked, id=12364, stack(0x0000006ca9400000,0x0000006ca9500000) (1024K)]
  0x000001a3dc7a77f0 JavaThread "Finalizer"                  daemon [_thread_blocked, id=4108, stack(0x0000006ca9500000,0x0000006ca9600000) (1024K)]
  0x000001a3dc7ad280 JavaThread "Attach Listener"            daemon [_thread_blocked, id=5364, stack(0x0000006ca9700000,0x0000006ca9800000) (1024K)]
  0x000001a3dc7b02f0 JavaThread "Service Thread"             daemon [_thread_blocked, id=13816, stack(0x0000006ca9800000,0x0000006ca9900000) (1024K)]
  0x000001a3dc7b10b0 JavaThread "Monitor Deflation Thread"   daemon [_thread_blocked, id=7180, stack(0x0000006ca9900000,0x0000006ca9a00000) (1024K)]
  0x000001a3dc7b28c0 JavaThread "C2 CompilerThread0"         daemon [_thread_blocked, id=7324, stack(0x0000006ca9a00000,0x0000006ca9b00000) (1024K)]
  0x000001a3dc7b8a10 JavaThread "C1 CompilerThread0"         daemon [_thread_blocked, id=5740, stack(0x0000006ca9b00000,0x0000006ca9c00000) (1024K)]
  0x000001a3dc9ec5a0 JavaThread "Common-Cleaner"             daemon [_thread_blocked, id=6772, stack(0x0000006ca9c00000,0x0000006ca9d00000) (1024K)]
  0x000001a3dcb1fb10 JavaThread "Monitor Ctrl-Break"         daemon [_thread_in_native, id=15072, stack(0x0000006ca9e00000,0x0000006ca9f00000) (1024K)]
  0x000001a3dcb20180 JavaThread "Notification Thread"        daemon [_thread_blocked, id=13260, stack(0x0000006ca9f00000,0x0000006caa000000) (1024K)]
  0x000001a4221b4180 JavaThread "QuantumRenderer-0"          daemon [_thread_blocked, id=11120, stack(0x0000006caa300000,0x0000006caa400000) (1024K)]
  0x000001a4222aeea0 JavaThread "InvokeLaterDispatcher"      daemon [_thread_blocked, id=10244, stack(0x0000006ca9d00000,0x0000006ca9e00000) (1024K)]
  0x000001a4222b8480 JavaThread "JavaFX Application Thread"         [_thread_in_native, id=13316, stack(0x0000006caa400000,0x0000006caa500000) (1024K)]
  0x000001a422574560 JavaThread "Thread-1"                   daemon [_thread_in_native, id=12580, stack(0x0000006caa900000,0x0000006caaa00000) (1024K)]
  0x000001a42262ad80 JavaThread "JavaFX-Launcher"                   [_thread_blocked, id=6416, stack(0x0000006caaa00000,0x0000006caab00000) (1024K)]
  0x000001a42278fcd0 JavaThread "Prism Font Disposer"        daemon [_thread_blocked, id=14112, stack(0x0000006caae00000,0x0000006caaf00000) (1024K)]
  0x000001a4227909f0 JavaThread "Cleaner-0"                  daemon [_thread_blocked, id=7964, stack(0x0000006caa800000,0x0000006caa900000) (1024K)]
  0x000001a422791080 JavaThread "Disposer"                   daemon [_thread_blocked, id=7920, stack(0x0000006cab000000,0x0000006cab100000) (1024K)]
  0x000001a422790360 JavaThread "HttpClient-1-SelectorManager" daemon [_thread_in_native, id=9532, stack(0x0000006cab200000,0x0000006cab300000) (1024K)]
  0x000001a422791710 JavaThread "HttpClient-1-Worker-0"      daemon [_thread_blocked, id=13256, stack(0x0000006cab300000,0x0000006cab400000) (1024K)]
  0x000001a422791da0 JavaThread "HttpClient-1-Worker-1"      daemon [_thread_blocked, id=12964, stack(0x0000006cab500000,0x0000006cab600000) (1024K)]
  0x000001a422792ac0 JavaThread "ForkJoinPool.commonPool-worker-1" daemon [_thread_blocked, id=9712, stack(0x0000006cab100000,0x0000006cab200000) (1024K)]
  0x000001a422792430 JavaThread "ForkJoinPool.commonPool-worker-2" daemon [_thread_blocked, id=5308, stack(0x0000006cab600000,0x0000006cab700000) (1024K)]
  0x000001a42278f640 JavaThread "SIGINT handler"             daemon [_thread_blocked, id=15272, stack(0x0000006cab700000,0x0000006cab800000) (1024K)]
Total: 25

Other Threads:
=>0x000001a3dc787300 VMThread "VM Thread"                           [id=12848, stack(0x0000006ca9300000,0x0000006ca9400000) (1024K)]
  0x000001a3be863b90 WorkerThread "GC Thread#0"                     [id=11996, stack(0x0000006ca8d00000,0x0000006ca8e00000) (1024K)]
  0x000001a4221e9110 WorkerThread "GC Thread#1"                     [id=8344, stack(0x0000006caa000000,0x0000006caa100000) (1024K)]
  0x000001a4221e94b0 WorkerThread "GC Thread#2"                     [id=3316, stack(0x0000006caa100000,0x0000006caa200000) (1024K)]
  0x000001a3dcc16780 WorkerThread "GC Thread#3"                     [id=14412, stack(0x0000006caa200000,0x0000006caa300000) (1024K)]
  0x000001a3be6cde20 ConcurrentGCThread "G1 Main Marker"            terminated
  0x000001a3be6ce9e0 WorkerThread "G1 Conc#0"                       [id=11820, stack(0x0000006ca8f00000,0x0000006ca9000000) (1024K)]
  0x000001a3dc6424c0 ConcurrentGCThread "G1 Refine#0"               terminated
  0x000001a3be8ccff0 ConcurrentGCThread "G1 Service"                terminated
Total: 9

Threads with active compile tasks:
Total: 0

VM state: at safepoint (shutting down)

VM Mutex/Monitor currently owned by a thread:  ([mutex/lock_event])
[0x00007ffe731fa5f8] Threads_lock - owner thread: 0x000001a3dc787300
[0x00007ffe731fa6f8] Heap_lock - owner thread: 0x000001a42278f640

Heap address: 0x0000000083000000, size: 2000 MB, Compressed Oops mode: 32-bit

CDS archive(s) mapped at: [0x000001a3dd000000-0x000001a3ddc90000-0x000001a3ddc90000), size 13172736, SharedBaseAddress: 0x000001a3dd000000, ArchiveRelocationMode: 1.
Compressed class space mapped at: 0x000001a3de000000-0x000001a41e000000, reserved size: 1073741824
Narrow klass base: 0x000001a3dd000000, Narrow klass shift: 0, Narrow klass range: 0x100000000

GC Precious Log:
 CardTable entry size: 512
 Card Set container configuration: InlinePtr #cards 5 size 8 Array Of Cards #cards 12 size 40 Howl #buckets 4 coarsen threshold 1843 Howl Bitmap #cards 512 size 80 coarsen threshold 460 Card regions per heap region 1 cards per card region 2048
 CPUs: 4 total, 4 available
 Memory: 7998M
 Large Page Support: Disabled
 NUMA Support: Disabled
 Compressed Oops: Enabled (32-bit)
 Heap Region Size: 1M
 Heap Min Capacity: 8M
 Heap Initial Capacity: 126M
 Heap Max Capacity: 2000M
 Pre-touch: Disabled
 Parallel Workers: 4
 Concurrent Workers: 1
 Concurrent Refinement Workers: 4
 Periodic GC: Disabled

Heap:
 garbage-first heap   total 122880K, used 48968K [0x0000000083000000, 0x0000000100000000)
  region size 1024K, 26 young (26624K), 10 survivors (10240K)
 Metaspace       used 26828K, committed 27328K, reserved 1114112K
  class space    used 3684K, committed 3904K, reserved 1048576K

Heap Regions: E=young(eden), S=young(survivor), O=old, HS=humongous(starts), HC=humongous(continues), CS=collection set, F=free, TAMS=top-at-mark-start, PB=parsable bottom
|   0|0x0000000083000000, 0x0000000083100000, 0x0000000083100000|100%| O|  |TAMS 0x0000000083000000| PB 0x0000000083000000| Untracked 
|   1|0x0000000083100000, 0x00000000831d2260, 0x0000000083200000| 82%| O|Cm|TAMS 0x0000000083100000| PB 0x0000000083100000| Complete 
|   2|0x0000000083200000, 0x0000000083300000, 0x0000000083300000|100%|HS|  |TAMS 0x0000000083200000| PB 0x0000000083200000| Complete 
|   3|0x0000000083300000, 0x0000000083400000, 0x0000000083400000|100%|HC|  |TAMS 0x0000000083300000| PB 0x0000000083300000| Complete 
|   4|0x0000000083400000, 0x0000000083500000, 0x0000000083500000|100%|HS|  |TAMS 0x0000000083400000| PB 0x0000000083400000| Complete 
|   5|0x0000000083500000, 0x0000000083600000, 0x0000000083600000|100%|HC|  |TAMS 0x0000000083500000| PB 0x0000000083500000| Complete 
|   6|0x0000000083600000, 0x0000000083700000, 0x0000000083700000|100%|HC|  |TAMS 0x0000000083600000| PB 0x0000000083600000| Complete 
|   7|0x0000000083700000, 0x0000000083800000, 0x0000000083800000|100%|HS|  |TAMS 0x0000000083700000| PB 0x0000000083700000| Complete 
|   8|0x0000000083800000, 0x0000000083900000, 0x0000000083900000|100%|HC|  |TAMS 0x0000000083800000| PB 0x0000000083800000| Complete 
|   9|0x0000000083900000, 0x0000000083a00000, 0x0000000083a00000|100%|HS|  |TAMS 0x0000000083900000| PB 0x0000000083900000| Complete 
|  10|0x0000000083a00000, 0x0000000083b00000, 0x0000000083b00000|100%|HC|  |TAMS 0x0000000083a00000| PB 0x0000000083a00000| Complete 
|  11|0x0000000083b00000, 0x0000000083c00000, 0x0000000083c00000|100%|HC|  |TAMS 0x0000000083b00000| PB 0x0000000083b00000| Complete 
|  12|0x0000000083c00000, 0x0000000083d00000, 0x0000000083d00000|100%|HS|  |TAMS 0x0000000083c00000| PB 0x0000000083c00000| Complete 
|  13|0x0000000083d00000, 0x0000000083e00000, 0x0000000083e00000|100%|HC|  |TAMS 0x0000000083d00000| PB 0x0000000083d00000| Complete 
|  14|0x0000000083e00000, 0x0000000083f00000, 0x0000000083f00000|100%|HS|  |TAMS 0x0000000083e00000| PB 0x0000000083e00000| Complete 
|  15|0x0000000083f00000, 0x0000000084000000, 0x0000000084000000|100%|HC|  |TAMS 0x0000000083f00000| PB 0x0000000083f00000| Complete 
|  16|0x0000000084000000, 0x0000000084100000, 0x0000000084100000|100%|HS|  |TAMS 0x0000000084000000| PB 0x0000000084000000| Complete 
|  17|0x0000000084100000, 0x0000000084200000, 0x0000000084200000|100%|HC|  |TAMS 0x0000000084100000| PB 0x0000000084100000| Complete 
|  18|0x0000000084200000, 0x0000000084300000, 0x0000000084300000|100%|HC|  |TAMS 0x0000000084200000| PB 0x0000000084200000| Complete 
|  19|0x0000000084300000, 0x0000000084400000, 0x0000000084400000|100%|HS|  |TAMS 0x0000000084300000| PB 0x0000000084300000| Complete 
|  20|0x0000000084400000, 0x0000000084500000, 0x0000000084500000|100%|HC|  |TAMS 0x0000000084400000| PB 0x0000000084400000| Complete 
|  21|0x0000000084500000, 0x0000000084600000, 0x0000000084600000|100%|HC|  |TAMS 0x0000000084500000| PB 0x0000000084500000| Complete 
|  22|0x0000000084600000, 0x0000000084700000, 0x0000000084700000|100%|HS|  |TAMS 0x0000000084600000| PB 0x0000000084600000| Complete 
|  23|0x0000000084700000, 0x0000000084800000, 0x0000000084800000|100%|HC|  |TAMS 0x0000000084700000| PB 0x0000000084700000| Complete 
|  24|0x0000000084800000, 0x0000000084800000, 0x0000000084900000|  0%| F|  |TAMS 0x0000000084800000| PB 0x0000000084800000| Untracked 
|  25|0x0000000084900000, 0x0000000084900000, 0x0000000084a00000|  0%| F|  |TAMS 0x0000000084900000| PB 0x0000000084900000| Untracked 
|  26|0x0000000084a00000, 0x0000000084a00000, 0x0000000084b00000|  0%| F|  |TAMS 0x0000000084a00000| PB 0x0000000084a00000| Untracked 
|  27|0x0000000084b00000, 0x0000000084b00000, 0x0000000084c00000|  0%| F|  |TAMS 0x0000000084b00000| PB 0x0000000084b00000| Untracked 
|  28|0x0000000084c00000, 0x0000000084c00000, 0x0000000084d00000|  0%| F|  |TAMS 0x0000000084c00000| PB 0x0000000084c00000| Untracked 
|  29|0x0000000084d00000, 0x0000000084d00000, 0x0000000084e00000|  0%| F|  |TAMS 0x0000000084d00000| PB 0x0000000084d00000| Untracked 
|  30|0x0000000084e00000, 0x0000000084e00000, 0x0000000084f00000|  0%| F|  |TAMS 0x0000000084e00000| PB 0x0000000084e00000| Untracked 
|  31|0x0000000084f00000, 0x0000000084f00000, 0x0000000085000000|  0%| F|  |TAMS 0x0000000084f00000| PB 0x0000000084f00000| Untracked 
|  32|0x0000000085000000, 0x0000000085000000, 0x0000000085100000|  0%| F|  |TAMS 0x0000000085000000| PB 0x0000000085000000| Untracked 
|  33|0x0000000085100000, 0x0000000085100000, 0x0000000085200000|  0%| F|  |TAMS 0x0000000085100000| PB 0x0000000085100000| Untracked 
|  34|0x0000000085200000, 0x0000000085200000, 0x0000000085300000|  0%| F|  |TAMS 0x0000000085200000| PB 0x0000000085200000| Untracked 
|  35|0x0000000085300000, 0x0000000085300000, 0x0000000085400000|  0%| F|  |TAMS 0x0000000085300000| PB 0x0000000085300000| Untracked 
|  36|0x0000000085400000, 0x0000000085400000, 0x0000000085500000|  0%| F|  |TAMS 0x0000000085400000| PB 0x0000000085400000| Untracked 
|  37|0x0000000085500000, 0x0000000085500000, 0x0000000085600000|  0%| F|  |TAMS 0x0000000085500000| PB 0x0000000085500000| Untracked 
|  38|0x0000000085600000, 0x0000000085600000, 0x0000000085700000|  0%| F|  |TAMS 0x0000000085600000| PB 0x0000000085600000| Untracked 
|  39|0x0000000085700000, 0x0000000085700000, 0x0000000085800000|  0%| F|  |TAMS 0x0000000085700000| PB 0x0000000085700000| Untracked 
|  40|0x0000000085800000, 0x0000000085800000, 0x0000000085900000|  0%| F|  |TAMS 0x0000000085800000| PB 0x0000000085800000| Untracked 
|  41|0x0000000085900000, 0x0000000085900000, 0x0000000085a00000|  0%| F|  |TAMS 0x0000000085900000| PB 0x0000000085900000| Untracked 
|  42|0x0000000085a00000, 0x0000000085a00000, 0x0000000085b00000|  0%| F|  |TAMS 0x0000000085a00000| PB 0x0000000085a00000| Untracked 
|  43|0x0000000085b00000, 0x0000000085b00000, 0x0000000085c00000|  0%| F|  |TAMS 0x0000000085b00000| PB 0x0000000085b00000| Untracked 
|  44|0x0000000085c00000, 0x0000000085c00000, 0x0000000085d00000|  0%| F|  |TAMS 0x0000000085c00000| PB 0x0000000085c00000| Untracked 
|  45|0x0000000085d00000, 0x0000000085d00000, 0x0000000085e00000|  0%| F|  |TAMS 0x0000000085d00000| PB 0x0000000085d00000| Untracked 
|  46|0x0000000085e00000, 0x0000000085e00000, 0x0000000085f00000|  0%| F|  |TAMS 0x0000000085e00000| PB 0x0000000085e00000| Untracked 
|  47|0x0000000085f00000, 0x0000000085f00000, 0x0000000086000000|  0%| F|  |TAMS 0x0000000085f00000| PB 0x0000000085f00000| Untracked 
|  48|0x0000000086000000, 0x0000000086000000, 0x0000000086100000|  0%| F|  |TAMS 0x0000000086000000| PB 0x0000000086000000| Untracked 
|  49|0x0000000086100000, 0x0000000086100000, 0x0000000086200000|  0%| F|  |TAMS 0x0000000086100000| PB 0x0000000086100000| Untracked 
|  50|0x0000000086200000, 0x0000000086200000, 0x0000000086300000|  0%| F|  |TAMS 0x0000000086200000| PB 0x0000000086200000| Untracked 
|  51|0x0000000086300000, 0x0000000086300000, 0x0000000086400000|  0%| F|  |TAMS 0x0000000086300000| PB 0x0000000086300000| Untracked 
|  52|0x0000000086400000, 0x0000000086400000, 0x0000000086500000|  0%| F|  |TAMS 0x0000000086400000| PB 0x0000000086400000| Untracked 
|  53|0x0000000086500000, 0x0000000086500000, 0x0000000086600000|  0%| F|  |TAMS 0x0000000086500000| PB 0x0000000086500000| Untracked 
|  54|0x0000000086600000, 0x0000000086600000, 0x0000000086700000|  0%| F|  |TAMS 0x0000000086600000| PB 0x0000000086600000| Untracked 
|  55|0x0000000086700000, 0x0000000086700000, 0x0000000086800000|  0%| F|  |TAMS 0x0000000086700000| PB 0x0000000086700000| Untracked 
|  56|0x0000000086800000, 0x0000000086900000, 0x0000000086900000|100%| S|CS|TAMS 0x0000000086800000| PB 0x0000000086800000| Complete 
|  57|0x0000000086900000, 0x0000000086a00000, 0x0000000086a00000|100%| S|CS|TAMS 0x0000000086900000| PB 0x0000000086900000| Complete 
|  58|0x0000000086a00000, 0x0000000086b00000, 0x0000000086b00000|100%| S|CS|TAMS 0x0000000086a00000| PB 0x0000000086a00000| Complete 
|  59|0x0000000086b00000, 0x0000000086c00000, 0x0000000086c00000|100%| S|CS|TAMS 0x0000000086b00000| PB 0x0000000086b00000| Complete 
|  60|0x0000000086c00000, 0x0000000086d00000, 0x0000000086d00000|100%| S|CS|TAMS 0x0000000086c00000| PB 0x0000000086c00000| Complete 
|  61|0x0000000086d00000, 0x0000000086e00000, 0x0000000086e00000|100%| S|CS|TAMS 0x0000000086d00000| PB 0x0000000086d00000| Complete 
|  62|0x0000000086e00000, 0x0000000086f00000, 0x0000000086f00000|100%| S|CS|TAMS 0x0000000086e00000| PB 0x0000000086e00000| Complete 
|  63|0x0000000086f00000, 0x0000000087000000, 0x0000000087000000|100%| S|CS|TAMS 0x0000000086f00000| PB 0x0000000086f00000| Complete 
|  64|0x0000000087000000, 0x0000000087100000, 0x0000000087100000|100%| S|CS|TAMS 0x0000000087000000| PB 0x0000000087000000| Complete 
|  65|0x0000000087100000, 0x0000000087200000, 0x0000000087200000|100%| S|CS|TAMS 0x0000000087100000| PB 0x0000000087100000| Complete 
|  66|0x0000000087200000, 0x0000000087200000, 0x0000000087300000|  0%| F|  |TAMS 0x0000000087200000| PB 0x0000000087200000| Untracked 
|  67|0x0000000087300000, 0x0000000087300000, 0x0000000087400000|  0%| F|  |TAMS 0x0000000087300000| PB 0x0000000087300000| Untracked 
|  68|0x0000000087400000, 0x0000000087400000, 0x0000000087500000|  0%| F|  |TAMS 0x0000000087400000| PB 0x0000000087400000| Untracked 
|  69|0x0000000087500000, 0x0000000087500000, 0x0000000087600000|  0%| F|  |TAMS 0x0000000087500000| PB 0x0000000087500000| Untracked 
|  70|0x0000000087600000, 0x0000000087600000, 0x0000000087700000|  0%| F|  |TAMS 0x0000000087600000| PB 0x0000000087600000| Untracked 
|  71|0x0000000087700000, 0x0000000087700000, 0x0000000087800000|  0%| F|  |TAMS 0x0000000087700000| PB 0x0000000087700000| Untracked 
|  72|0x0000000087800000, 0x0000000087800000, 0x0000000087900000|  0%| F|  |TAMS 0x0000000087800000| PB 0x0000000087800000| Untracked 
|  73|0x0000000087900000, 0x0000000087900000, 0x0000000087a00000|  0%| F|  |TAMS 0x0000000087900000| PB 0x0000000087900000| Untracked 
|  74|0x0000000087a00000, 0x0000000087a00000, 0x0000000087b00000|  0%| F|  |TAMS 0x0000000087a00000| PB 0x0000000087a00000| Untracked 
|  75|0x0000000087b00000, 0x0000000087b00000, 0x0000000087c00000|  0%| F|  |TAMS 0x0000000087b00000| PB 0x0000000087b00000| Untracked 
|  76|0x0000000087c00000, 0x0000000087c00000, 0x0000000087d00000|  0%| F|  |TAMS 0x0000000087c00000| PB 0x0000000087c00000| Untracked 
|  77|0x0000000087d00000, 0x0000000087d00000, 0x0000000087e00000|  0%| F|  |TAMS 0x0000000087d00000| PB 0x0000000087d00000| Untracked 
|  78|0x0000000087e00000, 0x0000000087e00000, 0x0000000087f00000|  0%| F|  |TAMS 0x0000000087e00000| PB 0x0000000087e00000| Untracked 
|  79|0x0000000087f00000, 0x0000000087f00000, 0x0000000088000000|  0%| F|  |TAMS 0x0000000087f00000| PB 0x0000000087f00000| Untracked 
|  80|0x0000000088000000, 0x0000000088000000, 0x0000000088100000|  0%| F|  |TAMS 0x0000000088000000| PB 0x0000000088000000| Untracked 
|  81|0x0000000088100000, 0x0000000088100000, 0x0000000088200000|  0%| F|  |TAMS 0x0000000088100000| PB 0x0000000088100000| Untracked 
|  82|0x0000000088200000, 0x0000000088200000, 0x0000000088300000|  0%| F|  |TAMS 0x0000000088200000| PB 0x0000000088200000| Untracked 
|  83|0x0000000088300000, 0x0000000088300000, 0x0000000088400000|  0%| F|  |TAMS 0x0000000088300000| PB 0x0000000088300000| Untracked 
|  84|0x0000000088400000, 0x0000000088400000, 0x0000000088500000|  0%| F|  |TAMS 0x0000000088400000| PB 0x0000000088400000| Untracked 
|  85|0x0000000088500000, 0x0000000088500000, 0x0000000088600000|  0%| F|  |TAMS 0x0000000088500000| PB 0x0000000088500000| Untracked 
|  86|0x0000000088600000, 0x0000000088600000, 0x0000000088700000|  0%| F|  |TAMS 0x0000000088600000| PB 0x0000000088600000| Untracked 
|  87|0x0000000088700000, 0x0000000088700000, 0x0000000088800000|  0%| F|  |TAMS 0x0000000088700000| PB 0x0000000088700000| Untracked 
|  88|0x0000000088800000, 0x0000000088800000, 0x0000000088900000|  0%| F|  |TAMS 0x0000000088800000| PB 0x0000000088800000| Untracked 
|  89|0x0000000088900000, 0x0000000088900000, 0x0000000088a00000|  0%| F|  |TAMS 0x0000000088900000| PB 0x0000000088900000| Untracked 
|  90|0x0000000088a00000, 0x0000000088a00000, 0x0000000088b00000|  0%| F|  |TAMS 0x0000000088a00000| PB 0x0000000088a00000| Untracked 
|  91|0x0000000088b00000, 0x0000000088b00000, 0x0000000088c00000|  0%| F|  |TAMS 0x0000000088b00000| PB 0x0000000088b00000| Untracked 
|  92|0x0000000088c00000, 0x0000000088c00000, 0x0000000088d00000|  0%| F|  |TAMS 0x0000000088c00000| PB 0x0000000088c00000| Untracked 
|  93|0x0000000088d00000, 0x0000000088d00000, 0x0000000088e00000|  0%| F|  |TAMS 0x0000000088d00000| PB 0x0000000088d00000| Untracked 
|  94|0x0000000088e00000, 0x0000000088e00000, 0x0000000088f00000|  0%| F|  |TAMS 0x0000000088e00000| PB 0x0000000088e00000| Untracked 
|  95|0x0000000088f00000, 0x0000000088f00000, 0x0000000089000000|  0%| F|  |TAMS 0x0000000088f00000| PB 0x0000000088f00000| Untracked 
|  96|0x0000000089000000, 0x0000000089000000, 0x0000000089100000|  0%| F|  |TAMS 0x0000000089000000| PB 0x0000000089000000| Untracked 
|  97|0x0000000089100000, 0x0000000089100000, 0x0000000089200000|  0%| F|  |TAMS 0x0000000089100000| PB 0x0000000089100000| Untracked 
|  98|0x0000000089200000, 0x0000000089200000, 0x0000000089300000|  0%| F|  |TAMS 0x0000000089200000| PB 0x0000000089200000| Untracked 
|  99|0x0000000089300000, 0x0000000089300000, 0x0000000089400000|  0%| F|  |TAMS 0x0000000089300000| PB 0x0000000089300000| Untracked 
| 100|0x0000000089400000, 0x0000000089400000, 0x0000000089500000|  0%| F|  |TAMS 0x0000000089400000| PB 0x0000000089400000| Untracked 
| 101|0x0000000089500000, 0x0000000089500000, 0x0000000089600000|  0%| F|  |TAMS 0x0000000089500000| PB 0x0000000089500000| Untracked 
| 102|0x0000000089600000, 0x0000000089600000, 0x0000000089700000|  0%| F|  |TAMS 0x0000000089600000| PB 0x0000000089600000| Untracked 
| 103|0x0000000089700000, 0x0000000089700000, 0x0000000089800000|  0%| F|  |TAMS 0x0000000089700000| PB 0x0000000089700000| Untracked 
| 104|0x0000000089800000, 0x00000000898b25d0, 0x0000000089900000| 69%| E|  |TAMS 0x0000000089800000| PB 0x0000000089800000| Complete 
| 105|0x0000000089900000, 0x0000000089a00000, 0x0000000089a00000|100%| E|CS|TAMS 0x0000000089900000| PB 0x0000000089900000| Complete 
| 106|0x0000000089a00000, 0x0000000089b00000, 0x0000000089b00000|100%| E|CS|TAMS 0x0000000089a00000| PB 0x0000000089a00000| Complete 
| 107|0x0000000089b00000, 0x0000000089c00000, 0x0000000089c00000|100%| E|CS|TAMS 0x0000000089b00000| PB 0x0000000089b00000| Complete 
| 108|0x0000000089c00000, 0x0000000089d00000, 0x0000000089d00000|100%| E|  |TAMS 0x0000000089c00000| PB 0x0000000089c00000| Complete 
| 109|0x0000000089d00000, 0x0000000089e00000, 0x0000000089e00000|100%| E|CS|TAMS 0x0000000089d00000| PB 0x0000000089d00000| Complete 
| 110|0x0000000089e00000, 0x0000000089f00000, 0x0000000089f00000|100%| E|CS|TAMS 0x0000000089e00000| PB 0x0000000089e00000| Complete 
| 111|0x0000000089f00000, 0x000000008a000000, 0x000000008a000000|100%| E|CS|TAMS 0x0000000089f00000| PB 0x0000000089f00000| Complete 
| 112|0x000000008a000000, 0x000000008a100000, 0x000000008a100000|100%| E|CS|TAMS 0x000000008a000000| PB 0x000000008a000000| Complete 
| 113|0x000000008a100000, 0x000000008a200000, 0x000000008a200000|100%| E|CS|TAMS 0x000000008a100000| PB 0x000000008a100000| Complete 
| 114|0x000000008a200000, 0x000000008a300000, 0x000000008a300000|100%| E|CS|TAMS 0x000000008a200000| PB 0x000000008a200000| Complete 
| 115|0x000000008a300000, 0x000000008a400000, 0x000000008a400000|100%| E|CS|TAMS 0x000000008a300000| PB 0x000000008a300000| Complete 
| 116|0x000000008a400000, 0x000000008a500000, 0x000000008a500000|100%| E|CS|TAMS 0x000000008a400000| PB 0x000000008a400000| Complete 
| 117|0x000000008a500000, 0x000000008a600000, 0x000000008a600000|100%| E|CS|TAMS 0x000000008a500000| PB 0x000000008a500000| Complete 
| 124|0x000000008ac00000, 0x000000008ad00000, 0x000000008ad00000|100%| E|CS|TAMS 0x000000008ac00000| PB 0x000000008ac00000| Complete 
| 125|0x000000008ad00000, 0x000000008ae00000, 0x000000008ae00000|100%| E|CS|TAMS 0x000000008ad00000| PB 0x000000008ad00000| Complete 

Card table byte_map: [0x000001a3d7e60000,0x000001a3d8250000] _byte_map_base: 0x000001a3d7a48000

Marking Bits: (CMBitMap*) 0x000001a3be8641a0
 Bits: [0x000001a3d8250000, 0x000001a3da190000)

Polling page: 0x000001a3be8d0000

Metaspace:

Usage:
  Non-class:     22.60 MB used.
      Class:      3.60 MB used.
       Both:     26.20 MB used.

Virtual space:
  Non-class space:       64.00 MB reserved,      22.88 MB ( 36%) committed,  1 nodes.
      Class space:        1.00 GB reserved,       3.81 MB ( <1%) committed,  1 nodes.
             Both:        1.06 GB reserved,      26.69 MB (  2%) committed. 

Chunk freelists:
   Non-Class:  8.58 MB
       Class:  12.16 MB
        Both:  20.74 MB

MaxMetaspaceSize: unlimited
CompressedClassSpaceSize: 1.00 GB
Initial GC threshold: 21.00 MB
Current GC threshold: 35.12 MB
CDS: on
 - commit_granule_bytes: 65536.
 - commit_granule_words: 8192.
 - virtual_space_node_default_size: 8388608.
 - enlarge_chunks_in_place: 1.
 - use_allocation_guard: 0.


Internal statistics:

num_allocs_failed_limit: 3.
num_arena_births: 610.
num_arena_deaths: 0.
num_vsnodes_births: 2.
num_vsnodes_deaths: 0.
num_space_committed: 427.
num_space_uncommitted: 0.
num_chunks_returned_to_freelist: 3.
num_chunks_taken_from_freelist: 1385.
num_chunk_merges: 3.
num_chunk_splits: 910.
num_chunks_enlarged: 597.
num_inconsistent_stats: 0.

CodeHeap 'non-profiled nmethods': size=120000Kb used=1717Kb max_used=1717Kb free=118282Kb
 bounds [0x000001a3cff20000, 0x000001a3d0190000, 0x000001a3d7450000]
CodeHeap 'profiled nmethods': size=120000Kb used=7966Kb max_used=7966Kb free=112033Kb
 bounds [0x000001a3c8450000, 0x000001a3c8c20000, 0x000001a3cf980000]
CodeHeap 'non-nmethods': size=5760Kb used=1962Kb max_used=1993Kb free=3797Kb
 bounds [0x000001a3cf980000, 0x000001a3cfbf0000, 0x000001a3cff20000]
 total_blobs=5087 nmethods=4160 adapters=832
 compilation: enabled
              stopped_count=0, restarted_count=0
 full_count=0

Compilation events (20 events):
Event: 24.220 Thread 0x000001a3dc7b8a10 nmethod 4152 0x000001a3c8c10d10 code [0x000001a3c8c10ec0, 0x000001a3c8c110b8]
Event: 24.220 Thread 0x000001a3dc7b8a10 4153       3       com.sun.javafx.event.BasicEventDispatcher::dispatchCapturingEvent (2 bytes)
Event: 24.220 Thread 0x000001a3dc7b8a10 nmethod 4153 0x000001a3c8c11190 code [0x000001a3c8c11320, 0x000001a3c8c11430]
Event: 24.242 Thread 0x000001a3dc7b28c0 nmethod 4154 0x000001a3d00cc790 code [0x000001a3d00cca40, 0x000001a3d00cd1d8]
Event: 24.398 Thread 0x000001a3dc7b8a10 4155       3       com.sun.javafx.scene.input.PickResultChooser::computePoint (55 bytes)
Event: 24.399 Thread 0x000001a3dc7b8a10 nmethod 4155 0x000001a3c8c11510 code [0x000001a3c8c116c0, 0x000001a3c8c11968]
Event: 24.399 Thread 0x000001a3dc7b8a10 4156       3       com.sun.javafx.scene.input.PickResultChooser::offer (13 bytes)
Event: 24.400 Thread 0x000001a3dc7b8a10 nmethod 4156 0x000001a3c8c11b10 code [0x000001a3c8c11cc0, 0x000001a3c8c11e28]
Event: 24.426 Thread 0x000001a3dc7b8a10 4157       3       com.sun.javafx.tk.quantum.QuantumToolkit::isSupported (142 bytes)
Event: 24.429 Thread 0x000001a3dc7b8a10 nmethod 4157 0x000001a3c8c11f10 code [0x000001a3c8c12240, 0x000001a3c8c13390]
Event: 24.429 Thread 0x000001a3dc7b8a10 4158       3       javafx.scene.Node::preprocessMouseEvent (114 bytes)
Event: 24.435 Thread 0x000001a3dc7b8a10 nmethod 4158 0x000001a3c8c13910 code [0x000001a3c8c13d00, 0x000001a3c8c15d48]
Event: 25.650 Thread 0x000001a3dc7b8a10 4159       3       com.sun.javafx.stage.WindowCloseRequestHandler::dispatchBubblingEvent (23 bytes)
Event: 25.651 Thread 0x000001a3dc7b8a10 nmethod 4159 0x000001a3c8c16590 code [0x000001a3c8c16760, 0x000001a3c8c16b48]
Event: 25.651 Thread 0x000001a3dc7b8a10 4160       3       com.sun.javafx.event.BasicEventDispatcher::dispatchBubblingEvent (2 bytes)
Event: 25.651 Thread 0x000001a3dc7b8a10 nmethod 4160 0x000001a3c8c16c90 code [0x000001a3c8c16e20, 0x000001a3c8c16f30]
Event: 33.398 Thread 0x000001a3dc7b8a10 4161       3       java.util.Collections$3::hasMoreElements (10 bytes)
Event: 33.399 Thread 0x000001a3dc7b8a10 nmethod 4161 0x000001a3c8c17010 code [0x000001a3c8c171c0, 0x000001a3c8c17398]
Event: 33.399 Thread 0x000001a3dc7b8a10 4162       3       java.util.Collections$3::nextElement (10 bytes)
Event: 33.399 Thread 0x000001a3dc7b8a10 nmethod 4162 0x000001a3c8c17490 code [0x000001a3c8c17640, 0x000001a3c8c17818]

GC Heap History (6 events):
Event: 0.820 GC heap before
{Heap before GC invocations=0 (full 0):
 garbage-first heap   total 129024K, used 13312K [0x0000000083000000, 0x0000000100000000)
  region size 1024K, 13 young (13312K), 0 survivors (0K)
 Metaspace       used 2403K, committed 2624K, reserved 1114112K
  class space    used 253K, committed 384K, reserved 1048576K
}
Event: 0.824 GC heap after
{Heap after GC invocations=1 (full 0):
 garbage-first heap   total 129024K, used 1705K [0x0000000083000000, 0x0000000100000000)
  region size 1024K, 2 young (2048K), 2 survivors (2048K)
 Metaspace       used 2403K, committed 2624K, reserved 1114112K
  class space    used 253K, committed 384K, reserved 1048576K
}
Event: 1.492 GC heap before
{Heap before GC invocations=1 (full 0):
 garbage-first heap   total 129024K, used 24233K [0x0000000083000000, 0x0000000100000000)
  region size 1024K, 25 young (25600K), 2 survivors (2048K)
 Metaspace       used 8720K, committed 9024K, reserved 1114112K
  class space    used 1116K, committed 1280K, reserved 1048576K
}
Event: 1.499 GC heap after
{Heap after GC invocations=2 (full 0):
 garbage-first heap   total 129024K, used 5184K [0x0000000083000000, 0x0000000100000000)
  region size 1024K, 4 young (4096K), 4 survivors (4096K)
 Metaspace       used 8720K, committed 9024K, reserved 1114112K
  class space    used 1116K, committed 1280K, reserved 1048576K
}
Event: 22.737 GC heap before
{Heap before GC invocations=2 (full 0):
 garbage-first heap   total 129024K, used 83008K [0x0000000083000000, 0x0000000100000000)
  region size 1024K, 60 young (61440K), 4 survivors (4096K)
 Metaspace       used 21061K, committed 21504K, reserved 1114112K
  class space    used 2969K, committed 3136K, reserved 1048576K
}
Event: 22.750 GC heap after
{Heap after GC invocations=3 (full 0):
 garbage-first heap   total 129024K, used 34632K [0x0000000083000000, 0x0000000100000000)
  region size 1024K, 10 young (10240K), 10 survivors (10240K)
 Metaspace       used 21061K, committed 21504K, reserved 1114112K
  class space    used 2969K, committed 3136K, reserved 1048576K
}

Dll operation events (20 events):
Event: 0.757 Loaded shared library C:\Users\zoryv\OneDrive\Робочий стіл\курсова\openjfx-21.0.1_windows-x64_bin-sdk (1)\javafx-sdk-21.0.1\bin\api-ms-win-crt-private-l1-1-0.dll
Event: 0.761 Loaded shared library C:\Users\zoryv\OneDrive\Робочий стіл\курсова\openjfx-21.0.1_windows-x64_bin-sdk (1)\javafx-sdk-21.0.1\bin\api-ms-win-crt-process-l1-1-0.dll
Event: 0.764 Loaded shared library C:\Users\zoryv\OneDrive\Робочий стіл\курсова\openjfx-21.0.1_windows-x64_bin-sdk (1)\javafx-sdk-21.0.1\bin\api-ms-win-crt-runtime-l1-1-0.dll
Event: 0.767 Loaded shared library C:\Users\zoryv\OneDrive\Робочий стіл\курсова\openjfx-21.0.1_windows-x64_bin-sdk (1)\javafx-sdk-21.0.1\bin\api-ms-win-crt-stdio-l1-1-0.dll
Event: 0.771 Loaded shared library C:\Users\zoryv\OneDrive\Робочий стіл\курсова\openjfx-21.0.1_windows-x64_bin-sdk (1)\javafx-sdk-21.0.1\bin\api-ms-win-crt-string-l1-1-0.dll
Event: 0.774 Loaded shared library C:\Users\zoryv\OneDrive\Робочий стіл\курсова\openjfx-21.0.1_windows-x64_bin-sdk (1)\javafx-sdk-21.0.1\bin\api-ms-win-crt-time-l1-1-0.dll
Event: 0.777 Loaded shared library C:\Users\zoryv\OneDrive\Робочий стіл\курсова\openjfx-21.0.1_windows-x64_bin-sdk (1)\javafx-sdk-21.0.1\bin\api-ms-win-crt-utility-l1-1-0.dll
Event: 0.781 Loaded shared library C:\Users\zoryv\OneDrive\Робочий стіл\курсова\openjfx-21.0.1_windows-x64_bin-sdk (1)\javafx-sdk-21.0.1\bin\ucrtbase.dll
Event: 0.784 Loaded shared library C:\Users\zoryv\OneDrive\Робочий стіл\курсова\openjfx-21.0.1_windows-x64_bin-sdk (1)\javafx-sdk-21.0.1\bin\vcruntime140.dll
Event: 0.788 Loaded shared library C:\Users\zoryv\OneDrive\Робочий стіл\курсова\openjfx-21.0.1_windows-x64_bin-sdk (1)\javafx-sdk-21.0.1\bin\vcruntime140_1.dll
Event: 0.792 Loaded shared library C:\Users\zoryv\OneDrive\Робочий стіл\курсова\openjfx-21.0.1_windows-x64_bin-sdk (1)\javafx-sdk-21.0.1\bin\msvcp140.dll
Event: 0.795 Loaded shared library C:\Users\zoryv\OneDrive\Робочий стіл\курсова\openjfx-21.0.1_windows-x64_bin-sdk (1)\javafx-sdk-21.0.1\bin\msvcp140_1.dll
Event: 0.798 Loaded shared library C:\Users\zoryv\OneDrive\Робочий стіл\курсова\openjfx-21.0.1_windows-x64_bin-sdk (1)\javafx-sdk-21.0.1\bin\msvcp140_2.dll
Event: 0.863 Loaded shared library C:\Users\zoryv\OneDrive\Робочий стіл\курсова\openjfx-21.0.1_windows-x64_bin-sdk (1)\javafx-sdk-21.0.1\bin\prism_d3d.dll
Event: 0.942 Loaded shared library C:\Users\zoryv\OneDrive\Робочий стіл\курсова\openjfx-21.0.1_windows-x64_bin-sdk (1)\javafx-sdk-21.0.1\bin\glass.dll
Event: 1.021 Loaded shared library C:\Users\zoryv\.jdks\openjdk-21.0.1\bin\jimage.dll
Event: 1.380 Loaded shared library C:\Users\zoryv\OneDrive\Робочий стіл\курсова\openjfx-21.0.1_windows-x64_bin-sdk (1)\javafx-sdk-21.0.1\bin\javafx_font.dll
Event: 20.399 Loaded shared library C:\Users\zoryv\OneDrive\Робочий стіл\курсова\openjfx-21.0.1_windows-x64_bin-sdk (1)\javafx-sdk-21.0.1\bin\javafx_iio.dll
Event: 22.337 Loaded shared library C:\Users\zoryv\OneDrive\Робочий стіл\курсова\openjfx-21.0.1_windows-x64_bin-sdk (1)\javafx-sdk-21.0.1\bin\jfxwebkit.dll
Event: 22.817 Loaded shared library C:\Users\zoryv\.jdks\openjdk-21.0.1\bin\sunmscapi.dll

Deoptimization events (20 events):
Event: 23.412 Thread 0x000001a422791710 DEOPT PACKING pc=0x000001a3d0050420 sp=0x0000006cab3fdcc0
Event: 23.412 Thread 0x000001a422791710 DEOPT UNPACKING pc=0x000001a3cf9d469c sp=0x0000006cab3fdd20 mode 2
Event: 24.084 Thread 0x000001a422792ac0 Uncommon trap: trap_request=0xffffffc6 fr.pc=0x000001a3d00af120 relative=0x00000000000022a0
Event: 24.084 Thread 0x000001a422792ac0 Uncommon trap: reason=bimorphic_or_optimized_type_check action=maybe_recompile pc=0x000001a3d00af120 method=java.util.zip.InflaterInputStream.read([BII)I @ 78 c2
Event: 24.084 Thread 0x000001a422792ac0 DEOPT PACKING pc=0x000001a3d00af120 sp=0x0000006cab1fedd0
Event: 24.084 Thread 0x000001a422792ac0 DEOPT UNPACKING pc=0x000001a3cf9d469c sp=0x0000006cab1fee30 mode 2
Event: 24.084 Thread 0x000001a422792ac0 Uncommon trap: trap_request=0xffffffc6 fr.pc=0x000001a3d00af120 relative=0x00000000000022a0
Event: 24.084 Thread 0x000001a422792ac0 Uncommon trap: reason=bimorphic_or_optimized_type_check action=maybe_recompile pc=0x000001a3d00af120 method=java.util.zip.InflaterInputStream.read([BII)I @ 78 c2
Event: 24.084 Thread 0x000001a422792ac0 DEOPT PACKING pc=0x000001a3d00af120 sp=0x0000006cab1fedd0
Event: 24.084 Thread 0x000001a422792ac0 DEOPT UNPACKING pc=0x000001a3cf9d469c sp=0x0000006cab1fee30 mode 2
Event: 24.084 Thread 0x000001a422792ac0 Uncommon trap: trap_request=0xffffffc6 fr.pc=0x000001a3d00af120 relative=0x00000000000022a0
Event: 24.084 Thread 0x000001a422792ac0 Uncommon trap: reason=bimorphic_or_optimized_type_check action=maybe_recompile pc=0x000001a3d00af120 method=java.util.zip.InflaterInputStream.read([BII)I @ 78 c2
Event: 24.084 Thread 0x000001a422792ac0 DEOPT PACKING pc=0x000001a3d00af120 sp=0x0000006cab1fedd0
Event: 24.084 Thread 0x000001a422792ac0 DEOPT UNPACKING pc=0x000001a3cf9d469c sp=0x0000006cab1fee30 mode 2
Event: 24.084 Thread 0x000001a422792ac0 Uncommon trap: trap_request=0xffffffc6 fr.pc=0x000001a3d00af120 relative=0x00000000000022a0
Event: 24.084 Thread 0x000001a422792ac0 Uncommon trap: reason=bimorphic_or_optimized_type_check action=maybe_recompile pc=0x000001a3d00af120 method=java.util.zip.InflaterInputStream.read([BII)I @ 78 c2
Event: 24.084 Thread 0x000001a422792ac0 DEOPT PACKING pc=0x000001a3d00af120 sp=0x0000006cab1fedd0
Event: 24.084 Thread 0x000001a422792ac0 DEOPT UNPACKING pc=0x000001a3cf9d469c sp=0x0000006cab1fee30 mode 2
Event: 33.401 Thread 0x000001a4221b4180 DEOPT PACKING pc=0x000001a3c8893f3c sp=0x0000006caa3feb40
Event: 33.401 Thread 0x000001a4221b4180 DEOPT UNPACKING pc=0x000001a3cf9d4e23 sp=0x0000006caa3fdf18 mode 0

Classes loaded (20 events):
Event: 24.000 Loading class java/util/stream/ReferencePipeline$5$1
Event: 24.000 Loading class java/util/stream/ReferencePipeline$5$1 done
Event: 24.007 Loading class java/util/ArrayList$ListItr
Event: 24.007 Loading class java/util/ArrayList$ListItr done
Event: 24.012 Loading class java/text/ParseException
Event: 24.012 Loading class java/text/ParseException done
Event: 24.075 Loading class java/util/concurrent/ArrayBlockingQueue
Event: 24.075 Loading class java/util/concurrent/ArrayBlockingQueue done
Event: 24.075 Loading class java/util/concurrent/CompletableFuture$MinimalStage
Event: 24.075 Loading class java/util/concurrent/CompletableFuture$MinimalStage done
Event: 24.077 Loading class java/util/zip/CheckedInputStream
Event: 24.077 Loading class java/util/zip/CheckedInputStream done
Event: 24.078 Loading class java/util/concurrent/CompletableFuture$BiApply
Event: 24.078 Loading class java/util/concurrent/CompletableFuture$BiApply done
Event: 24.082 Loading class java/nio/HeapByteBufferR
Event: 24.082 Loading class java/nio/HeapByteBufferR done
Event: 24.120 Loading class java/util/zip/GZIPInputStream$1
Event: 24.120 Loading class java/util/zip/GZIPInputStream$1 done
Event: 33.393 Loading class jdk/internal/misc/Signal$1
Event: 33.393 Loading class jdk/internal/misc/Signal$1 done

Classes unloaded (0 events):
No events

Classes redefined (0 events):
No events

Internal exceptions (20 events):
Event: 22.508 Thread 0x000001a4222b8480 Exception <a 'java/lang/NoSuchMethodError'{0x000000008782bed0}: 'int java.lang.invoke.DirectMethodHandle$Holder.invokeStaticInit(java.lang.Object, double, double)'> (0x000000008782bed0) 
thrown [s\open\src\hotspot\share\interpreter\linkResolver.cpp, line 773]
Event: 22.509 Thread 0x000001a4222b8480 Exception <a 'java/lang/NoSuchMethodError'{0x0000000087830cf8}: 'int java.lang.invoke.DirectMethodHandle$Holder.invokeStatic(java.lang.Object, long)'> (0x0000000087830cf8) 
thrown [s\open\src\hotspot\share\interpreter\linkResolver.cpp, line 773]
Event: 22.513 Thread 0x000001a4222b8480 Exception <a 'java/lang/NoSuchMethodError'{0x0000000087851768}: 'java.lang.Object java.lang.invoke.DirectMethodHandle$Holder.invokeStatic(java.lang.Object, int, java.lang.Object, java.lang.Object)'> (0x0000000087851768) 
thrown [s\open\src\hotspot\share\interpreter\linkResolver.cpp, line 773]
Event: 22.513 Thread 0x000001a4222b8480 Exception <a 'java/lang/NoSuchMethodError'{0x0000000087856070}: 'java.lang.Object java.lang.invoke.DirectMethodHandle$Holder.invokeSpecial(java.lang.Object, java.lang.Object, int, java.lang.Object, java.lang.Object)'> (0x0000000087856070) 
thrown [s\open\src\hotspot\share\interpreter\linkResolver.cpp, line 773]
Event: 22.514 Thread 0x000001a4222b8480 Exception <a 'java/lang/NoSuchMethodError'{0x000000008785a4a0}: 'java.lang.Object java.lang.invoke.DelegatingMethodHandle$Holder.delegate(java.lang.Object, int, java.lang.Object, java.lang.Object)'> (0x000000008785a4a0) 
thrown [s\open\src\hotspot\share\interpreter\linkResolver.cpp, line 773]
Event: 22.518 Thread 0x000001a4222b8480 Exception <a 'java/lang/NoSuchMethodError'{0x000000008786a470}: 'int java.lang.invoke.Invokers$Holder.linkToTargetMethod(java.lang.Object, java.lang.Object, java.lang.Object)'> (0x000000008786a470) 
thrown [s\open\src\hotspot\share\interpreter\linkResolver.cpp, line 773]
Event: 22.523 Thread 0x000001a4222b8480 Exception <a 'java/lang/NoSuchMethodError'{0x0000000087879d90}: 'long java.lang.invoke.DirectMethodHandle$Holder.invokeSpecial(java.lang.Object, java.lang.Object)'> (0x0000000087879d90) 
thrown [s\open\src\hotspot\share\interpreter\linkResolver.cpp, line 773]
Event: 22.524 Thread 0x000001a4222b8480 Exception <a 'java/lang/NoSuchMethodError'{0x0000000087880758}: 'int java.lang.invoke.DirectMethodHandle$Holder.invokeStatic(java.lang.Object, java.lang.Object, java.lang.Object, java.lang.Object)'> (0x0000000087880758) 
thrown [s\open\src\hotspot\share\interpreter\linkResolver.cpp, line 773]
Event: 22.612 Thread 0x000001a4222b8480 Exception <a 'sun/nio/fs/WindowsException'{0x000000008778e030}> (0x000000008778e030) 
thrown [s\open\src\hotspot\share\prims\jni.cpp, line 520]
Event: 22.755 Thread 0x000001a4222b8480 Exception <a 'java/lang/NoSuchMethodError'{0x000000008ad00560}: 'java.lang.Object java.lang.invoke.DirectMethodHandle$Holder.invokeStaticInit(java.lang.Object, int, int, int, int)'> (0x000000008ad00560) 
thrown [s\open\src\hotspot\share\interpreter\linkResolver.cpp, line 773]
Event: 22.783 Thread 0x000001a4222b8480 Exception <a 'java/lang/NoSuchMethodError'{0x000000008ad774f8}: 'java.lang.Object java.lang.invoke.DirectMethodHandle$Holder.invokeStaticInit(java.lang.Object, java.lang.Object, int, int, int, int)'> (0x000000008ad774f8) 
thrown [s\open\src\hotspot\share\interpreter\linkResolver.cpp, line 773]
Event: 22.847 Thread 0x000001a4222b8480 Exception <a 'sun/nio/fs/WindowsException'{0x000000008a503318}> (0x000000008a503318) 
thrown [s\open\src\hotspot\share\prims\jni.cpp, line 520]
Event: 22.885 Thread 0x000001a4222b8480 Exception <a 'java/lang/NullPointerException'{0x000000008a558ac8}> (0x000000008a558ac8) 
thrown [s\open\src\hotspot\share\interpreter\linkResolver.cpp, line 1372]
Event: 22.895 Thread 0x000001a422791710 Exception <a 'sun/nio/fs/WindowsException'{0x000000008a5c3c28}> (0x000000008a5c3c28) 
thrown [s\open\src\hotspot\share\prims\jni.cpp, line 520]
Event: 22.952 Thread 0x000001a422791710 Exception <a 'java/lang/NoSuchMethodError'{0x000000008a5f73e0}: 'java.lang.Object java.lang.invoke.DirectMethodHandle$Holder.invokeSpecial(java.lang.Object, java.lang.Object, java.lang.Object, java.lang.Object, int)'> (0x000000008a5f73e0) 
thrown [s\open\src\hotspot\share\interpreter\linkResolver.cpp, line 773]
Event: 22.952 Thread 0x000001a422791710 Exception <a 'java/lang/NoSuchMethodError'{0x000000008a5fa868}: 'java.lang.Object java.lang.invoke.Invokers$Holder.linkToTargetMethod(java.lang.Object, java.lang.Object, int, java.lang.Object)'> (0x000000008a5fa868) 
thrown [s\open\src\hotspot\share\interpreter\linkResolver.cpp, line 773]
Event: 23.026 Thread 0x000001a422790360 Exception <a 'java/lang/NoSuchMethodError'{0x000000008a58d000}: 'void java.lang.invoke.DirectMethodHandle$Holder.invokeStatic(java.lang.Object, java.lang.Object, int)'> (0x000000008a58d000) 
thrown [s\open\src\hotspot\share\interpreter\linkResolver.cpp, line 773]
Event: 23.030 Thread 0x000001a422791710 Exception <a 'java/lang/NoSuchMethodError'{0x000000008a4d5978}: 'void java.lang.invoke.DirectMethodHandle$Holder.invokeInterface(java.lang.Object, java.lang.Object, java.lang.Object)'> (0x000000008a4d5978) 
thrown [s\open\src\hotspot\share\interpreter\linkResolver.cpp, line 773]
Event: 23.282 Thread 0x000001a422791710 Exception <a 'java/lang/NoSuchMethodError'{0x000000008a229758}: 'void java.lang.invoke.DirectMethodHandle$Holder.invokeInterface(java.lang.Object, java.lang.Object)'> (0x000000008a229758) 
thrown [s\open\src\hotspot\share\interpreter\linkResolver.cpp, line 773]
Event: 23.984 Thread 0x000001a422791710 Exception <a 'java/lang/NoSuchMethodError'{0x0000000089ebc758}: 'void java.lang.invoke.DirectMethodHandle$Holder.invokeVirtual(java.lang.Object, java.lang.Object, java.lang.Object, java.lang.Object)'> (0x0000000089ebc758) 
thrown [s\open\src\hotspot\share\interpreter\linkResolver.cpp, line 773]

ZGC Phase Switch (0 events):
No events

VM Operations (20 events):
Event: 22.965 Executing VM operation: HandshakeAllThreads (Deoptimize) done
Event: 23.058 Executing VM operation: HandshakeAllThreads (Deoptimize)
Event: 23.058 Executing VM operation: HandshakeAllThreads (Deoptimize) done
Event: 23.334 Executing VM operation: HandshakeAllThreads (Deoptimize)
Event: 23.334 Executing VM operation: HandshakeAllThreads (Deoptimize) done
Event: 23.411 Executing VM operation: HandshakeAllThreads (Deoptimize)
Event: 23.411 Executing VM operation: HandshakeAllThreads (Deoptimize) done
Event: 23.503 Executing VM operation: HandshakeAllThreads (Deoptimize)
Event: 23.503 Executing VM operation: HandshakeAllThreads (Deoptimize) done
Event: 24.008 Executing VM operation: HandshakeAllThreads (Deoptimize)
Event: 24.008 Executing VM operation: HandshakeAllThreads (Deoptimize) done
Event: 24.009 Executing VM operation: Cleanup
Event: 24.009 Executing VM operation: Cleanup done
Event: 24.083 Executing VM operation: HandshakeAllThreads (Deoptimize)
Event: 24.083 Executing VM operation: HandshakeAllThreads (Deoptimize) done
Event: 25.083 Executing VM operation: Cleanup
Event: 25.083 Executing VM operation: Cleanup done
Event: 26.084 Executing VM operation: Cleanup
Event: 26.084 Executing VM operation: Cleanup done
Event: 33.402 Executing VM operation: Exit

Events (20 events):
Event: 2.715 Thread 0x000001a4272d6140 Thread added: 0x000001a4272d6140
Event: 2.984 Thread 0x000001a4272d6140 Thread exited: 0x000001a4272d6140
Event: 22.399 Thread 0x000001a422791080 Thread added: 0x000001a422791080
Event: 22.512 Thread 0x000001a42725df30 Thread added: 0x000001a42725df30
Event: 22.862 Thread 0x000001a422790360 Thread added: 0x000001a422790360
Event: 22.882 Thread 0x000001a422791710 Thread added: 0x000001a422791710
Event: 23.051 Thread 0x000001a422791da0 Thread added: 0x000001a422791da0
Event: 23.806 Thread 0x000001a42725df30 Thread exited: 0x000001a42725df30
Event: 24.076 Thread 0x000001a422792ac0 Thread added: 0x000001a422792ac0
Event: 24.077 Thread 0x000001a422792430 Thread added: 0x000001a422792430
Event: 24.115 Thread 0x000001a427df73f0 Thread added: 0x000001a427df73f0
Event: 24.398 Thread 0x000001a427df73f0 Thread exited: 0x000001a427df73f0
Event: 33.394 Thread 0x000001a42278f640 Thread added: 0x000001a42278f640
Event: 33.396 Thread 0x000001a427bf6610 Thread added: 0x000001a427bf6610
Event: 33.397 Thread 0x000001a427bf3190 Thread added: 0x000001a427bf3190
Event: 33.397 Thread 0x000001a427bfa120 Thread added: 0x000001a427bfa120
Event: 33.398 Thread 0x000001a427bf3190 Thread exited: 0x000001a427bf3190
Event: 33.399 Thread 0x000001a427bfa120 Thread exited: 0x000001a427bfa120
Event: 33.402 Thread 0x000001a427bf6610 Thread exited: 0x000001a427bf6610
Event: 33.402 Thread 0x000001a3dc7abf50 Thread exited: 0x000001a3dc7abf50


Dynamic libraries:
0x00007ff6d5460000 - 0x00007ff6d546e000 	C:\Users\zoryv\.jdks\openjdk-21.0.1\bin\java.exe
0x00007ffedbd10000 - 0x00007ffedbf26000 	C:\WINDOWS\SYSTEM32\ntdll.dll
0x00007ffed9a40000 - 0x00007ffed9b04000 	C:\WINDOWS\System32\KERNEL32.DLL
0x00007ffed90d0000 - 0x00007ffed9477000 	C:\WINDOWS\System32\KERNELBASE.dll
0x00007ffed9920000 - 0x00007ffed9a31000 	C:\WINDOWS\System32\ucrtbase.dll
0x00007ffeb1830000 - 0x00007ffeb1848000 	C:\Users\zoryv\.jdks\openjdk-21.0.1\bin\jli.dll
0x00007ffeafe80000 - 0x00007ffeafe9b000 	C:\Users\zoryv\.jdks\openjdk-21.0.1\bin\VCRUNTIME140.dll
0x00007ffedab90000 - 0x00007ffedad3e000 	C:\WINDOWS\System32\USER32.dll
0x00007ffed9710000 - 0x00007ffed9736000 	C:\WINDOWS\System32\win32u.dll
0x00007ffeaefc0000 - 0x00007ffeaf253000 	C:\WINDOWS\WinSxS\amd64_microsoft.windows.common-controls_6595b64144ccf1df_6.0.22621.3235_none_270f74e173860f98\COMCTL32.dll
0x00007ffeda700000 - 0x00007ffeda729000 	C:\WINDOWS\System32\GDI32.dll
0x00007ffed9b10000 - 0x00007ffed9bb7000 	C:\WINDOWS\System32\msvcrt.dll
0x00007ffed9540000 - 0x00007ffed9659000 	C:\WINDOWS\System32\gdi32full.dll
0x00007ffed9030000 - 0x00007ffed90ca000 	C:\WINDOWS\System32\msvcp_win.dll
0x00007ffeda5f0000 - 0x00007ffeda621000 	C:\WINDOWS\System32\IMM32.DLL
0x00007ffebe070000 - 0x00007ffebe07c000 	C:\Users\zoryv\.jdks\openjdk-21.0.1\bin\vcruntime140_1.dll
0x00007ffe7ce90000 - 0x00007ffe7cf1e000 	C:\Users\zoryv\.jdks\openjdk-21.0.1\bin\msvcp140.dll
0x00007ffe725c0000 - 0x00007ffe732d5000 	C:\Users\zoryv\.jdks\openjdk-21.0.1\bin\server\jvm.dll
0x00007ffedbb10000 - 0x00007ffedbbc2000 	C:\WINDOWS\System32\ADVAPI32.dll
0x00007ffedaee0000 - 0x00007ffedaf88000 	C:\WINDOWS\System32\sechost.dll
0x00007ffed9660000 - 0x00007ffed9688000 	C:\WINDOWS\System32\bcrypt.dll
0x00007ffeda9e0000 - 0x00007ffedaaf5000 	C:\WINDOWS\System32\RPCRT4.dll
0x00007ffeda500000 - 0x00007ffeda571000 	C:\WINDOWS\System32\WS2_32.dll
0x00007ffed8f00000 - 0x00007ffed8f4d000 	C:\WINDOWS\SYSTEM32\POWRPROF.dll
0x00007ffecf230000 - 0x00007ffecf264000 	C:\WINDOWS\SYSTEM32\WINMM.dll
0x00007ffec8cc0000 - 0x00007ffec8cca000 	C:\WINDOWS\SYSTEM32\VERSION.dll
0x00007ffed8e30000 - 0x00007ffed8e43000 	C:\WINDOWS\SYSTEM32\UMPDC.dll
0x00007ffed8070000 - 0x00007ffed8088000 	C:\WINDOWS\SYSTEM32\kernel.appcore.dll
0x00007ffeb1820000 - 0x00007ffeb182a000 	C:\Users\zoryv\.jdks\openjdk-21.0.1\bin\jimage.dll
0x00007ffed6b20000 - 0x00007ffed6d53000 	C:\WINDOWS\SYSTEM32\DBGHELP.DLL
0x00007ffedaf90000 - 0x00007ffedb318000 	C:\WINDOWS\System32\combase.dll
0x00007ffed9bc0000 - 0x00007ffed9c97000 	C:\WINDOWS\System32\OLEAUT32.dll
0x00007ffebb080000 - 0x00007ffebb0b2000 	C:\WINDOWS\SYSTEM32\dbgcore.DLL
0x00007ffed9690000 - 0x00007ffed9709000 	C:\WINDOWS\System32\bcryptPrimitives.dll
0x00007ffed5bd0000 - 0x00007ffed5bdf000 	C:\Users\zoryv\.jdks\openjdk-21.0.1\bin\instrument.dll
0x00007ffeafe60000 - 0x00007ffeafe7f000 	C:\Users\zoryv\.jdks\openjdk-21.0.1\bin\java.dll
0x00007ffed9ca0000 - 0x00007ffeda4fc000 	C:\WINDOWS\System32\SHELL32.dll
0x00007ffed6f90000 - 0x00007ffed7889000 	C:\WINDOWS\SYSTEM32\windows.storage.dll
0x00007ffed6e50000 - 0x00007ffed6f8e000 	C:\WINDOWS\SYSTEM32\wintypes.dll
0x00007ffeda8e0000 - 0x00007ffeda9d3000 	C:\WINDOWS\System32\SHCORE.dll
0x00007ffeda6a0000 - 0x00007ffeda6fe000 	C:\WINDOWS\System32\shlwapi.dll
0x00007ffed8f60000 - 0x00007ffed8f81000 	C:\WINDOWS\SYSTEM32\profapi.dll
0x00007ffe75520000 - 0x00007ffe755f7000 	C:\Users\zoryv\.jdks\openjdk-21.0.1\bin\jsvml.dll
0x00007ffeb1470000 - 0x00007ffeb1480000 	C:\Users\zoryv\.jdks\openjdk-21.0.1\bin\net.dll
0x00007ffed0d00000 - 0x00007ffed0e36000 	C:\WINDOWS\SYSTEM32\WINHTTP.dll
0x00007ffed84e0000 - 0x00007ffed8549000 	C:\WINDOWS\system32\mswsock.dll
0x00007ffeaceb0000 - 0x00007ffeacec6000 	C:\Users\zoryv\.jdks\openjdk-21.0.1\bin\nio.dll
0x00007ffeace90000 - 0x00007ffeacea8000 	C:\Users\zoryv\.jdks\openjdk-21.0.1\bin\zip.dll
0x00007ffed38e0000 - 0x00007ffed38fa000 	C:\Program Files\JetBrains\IntelliJ IDEA 2023.2.1\bin\breakgen64.dll
0x000001a3dcd50000 - 0x000001a3dcd53000 	C:\Users\zoryv\OneDrive\Робочий стіл\курсова\openjfx-21.0.1_windows-x64_bin-sdk (1)\javafx-sdk-21.0.1\bin\api-ms-win-core-console-l1-1-0.dll
0x000001a3dcd60000 - 0x000001a3dcd63000 	C:\Users\zoryv\OneDrive\Робочий стіл\курсова\openjfx-21.0.1_windows-x64_bin-sdk (1)\javafx-sdk-21.0.1\bin\api-ms-win-core-console-l1-2-0.dll
0x000001a3dcd70000 - 0x000001a3dcd73000 	C:\Users\zoryv\OneDrive\Робочий стіл\курсова\openjfx-21.0.1_windows-x64_bin-sdk (1)\javafx-sdk-21.0.1\bin\api-ms-win-core-datetime-l1-1-0.dll
0x000001a3dcd80000 - 0x000001a3dcd83000 	C:\Users\zoryv\OneDrive\Робочий стіл\курсова\openjfx-21.0.1_windows-x64_bin-sdk (1)\javafx-sdk-21.0.1\bin\api-ms-win-core-debug-l1-1-0.dll
0x000001a3dcd90000 - 0x000001a3dcd93000 	C:\Users\zoryv\OneDrive\Робочий стіл\курсова\openjfx-21.0.1_windows-x64_bin-sdk (1)\javafx-sdk-21.0.1\bin\api-ms-win-core-errorhandling-l1-1-0.dll
0x000001a3dcda0000 - 0x000001a3dcda4000 	C:\Users\zoryv\OneDrive\Робочий стіл\курсова\openjfx-21.0.1_windows-x64_bin-sdk (1)\javafx-sdk-21.0.1\bin\api-ms-win-core-file-l1-1-0.dll
0x000001a3dcdb0000 - 0x000001a3dcdb3000 	C:\Users\zoryv\OneDrive\Робочий стіл\курсова\openjfx-21.0.1_windows-x64_bin-sdk (1)\javafx-sdk-21.0.1\bin\api-ms-win-core-file-l1-2-0.dll
0x000001a3dcdc0000 - 0x000001a3dcdc3000 	C:\Users\zoryv\OneDrive\Робочий стіл\курсова\openjfx-21.0.1_windows-x64_bin-sdk (1)\javafx-sdk-21.0.1\bin\api-ms-win-core-file-l2-1-0.dll
0x000001a3dcdd0000 - 0x000001a3dcdd3000 	C:\Users\zoryv\OneDrive\Робочий стіл\курсова\openjfx-21.0.1_windows-x64_bin-sdk (1)\javafx-sdk-21.0.1\bin\api-ms-win-core-handle-l1-1-0.dll
0x000001a3dcde0000 - 0x000001a3dcde3000 	C:\Users\zoryv\OneDrive\Робочий стіл\курсова\openjfx-21.0.1_windows-x64_bin-sdk (1)\javafx-sdk-21.0.1\bin\api-ms-win-core-heap-l1-1-0.dll
0x000001a3dcdf0000 - 0x000001a3dcdf3000 	C:\Users\zoryv\OneDrive\Робочий стіл\курсова\openjfx-21.0.1_windows-x64_bin-sdk (1)\javafx-sdk-21.0.1\bin\api-ms-win-core-interlocked-l1-1-0.dll
0x000001a3dce00000 - 0x000001a3dce03000 	C:\Users\zoryv\OneDrive\Робочий стіл\курсова\openjfx-21.0.1_windows-x64_bin-sdk (1)\javafx-sdk-21.0.1\bin\api-ms-win-core-libraryloader-l1-1-0.dll
0x000001a3dce10000 - 0x000001a3dce13000 	C:\Users\zoryv\OneDrive\Робочий стіл\курсова\openjfx-21.0.1_windows-x64_bin-sdk (1)\javafx-sdk-21.0.1\bin\api-ms-win-core-localization-l1-2-0.dll
0x000001a3dce20000 - 0x000001a3dce23000 	C:\Users\zoryv\OneDrive\Робочий стіл\курсова\openjfx-21.0.1_windows-x64_bin-sdk (1)\javafx-sdk-21.0.1\bin\api-ms-win-core-memory-l1-1-0.dll
0x000001a3dce30000 - 0x000001a3dce33000 	C:\Users\zoryv\OneDrive\Робочий стіл\курсова\openjfx-21.0.1_windows-x64_bin-sdk (1)\javafx-sdk-21.0.1\bin\api-ms-win-core-namedpipe-l1-1-0.dll
0x000001a3dce40000 - 0x000001a3dce43000 	C:\Users\zoryv\OneDrive\Робочий стіл\курсова\openjfx-21.0.1_windows-x64_bin-sdk (1)\javafx-sdk-21.0.1\bin\api-ms-win-core-processenvironment-l1-1-0.dll
0x000001a3dce50000 - 0x000001a3dce53000 	C:\Users\zoryv\OneDrive\Робочий стіл\курсова\openjfx-21.0.1_windows-x64_bin-sdk (1)\javafx-sdk-21.0.1\bin\api-ms-win-core-processthreads-l1-1-0.dll
0x000001a3dce60000 - 0x000001a3dce63000 	C:\Users\zoryv\OneDrive\Робочий стіл\курсова\openjfx-21.0.1_windows-x64_bin-sdk (1)\javafx-sdk-21.0.1\bin\api-ms-win-core-processthreads-l1-1-1.dll
0x000001a3dce70000 - 0x000001a3dce73000 	C:\Users\zoryv\OneDrive\Робочий стіл\курсова\openjfx-21.0.1_windows-x64_bin-sdk (1)\javafx-sdk-21.0.1\bin\api-ms-win-core-profile-l1-1-0.dll
0x000001a3dce80000 - 0x000001a3dce83000 	C:\Users\zoryv\OneDrive\Робочий стіл\курсова\openjfx-21.0.1_windows-x64_bin-sdk (1)\javafx-sdk-21.0.1\bin\api-ms-win-core-rtlsupport-l1-1-0.dll
0x000001a3dce90000 - 0x000001a3dce93000 	C:\Users\zoryv\OneDrive\Робочий стіл\курсова\openjfx-21.0.1_windows-x64_bin-sdk (1)\javafx-sdk-21.0.1\bin\api-ms-win-core-string-l1-1-0.dll
0x000001a3dcea0000 - 0x000001a3dcea3000 	C:\Users\zoryv\OneDrive\Робочий стіл\курсова\openjfx-21.0.1_windows-x64_bin-sdk (1)\javafx-sdk-21.0.1\bin\api-ms-win-core-synch-l1-1-0.dll
0x000001a3dceb0000 - 0x000001a3dceb3000 	C:\Users\zoryv\OneDrive\Робочий стіл\курсова\openjfx-21.0.1_windows-x64_bin-sdk (1)\javafx-sdk-21.0.1\bin\api-ms-win-core-synch-l1-2-0.dll
0x000001a3dcec0000 - 0x000001a3dcec3000 	C:\Users\zoryv\OneDrive\Робочий стіл\курсова\openjfx-21.0.1_windows-x64_bin-sdk (1)\javafx-sdk-21.0.1\bin\api-ms-win-core-sysinfo-l1-1-0.dll
0x000001a3dced0000 - 0x000001a3dced3000 	C:\Users\zoryv\OneDrive\Робочий стіл\курсова\openjfx-21.0.1_windows-x64_bin-sdk (1)\javafx-sdk-21.0.1\bin\api-ms-win-core-timezone-l1-1-0.dll
0x000001a3dcee0000 - 0x000001a3dcee3000 	C:\Users\zoryv\OneDrive\Робочий стіл\курсова\openjfx-21.0.1_windows-x64_bin-sdk (1)\javafx-sdk-21.0.1\bin\api-ms-win-core-util-l1-1-0.dll
0x000001a3dcef0000 - 0x000001a3dcef3000 	C:\Users\zoryv\OneDrive\Робочий стіл\курсова\openjfx-21.0.1_windows-x64_bin-sdk (1)\javafx-sdk-21.0.1\bin\api-ms-win-crt-conio-l1-1-0.dll
0x000001a3dcf00000 - 0x000001a3dcf04000 	C:\Users\zoryv\OneDrive\Робочий стіл\курсова\openjfx-21.0.1_windows-x64_bin-sdk (1)\javafx-sdk-21.0.1\bin\api-ms-win-crt-convert-l1-1-0.dll
0x000001a3dcf10000 - 0x000001a3dcf13000 	C:\Users\zoryv\OneDrive\Робочий стіл\курсова\openjfx-21.0.1_windows-x64_bin-sdk (1)\javafx-sdk-21.0.1\bin\api-ms-win-crt-environment-l1-1-0.dll
0x000001a3dcf20000 - 0x000001a3dcf23000 	C:\Users\zoryv\OneDrive\Робочий стіл\курсова\openjfx-21.0.1_windows-x64_bin-sdk (1)\javafx-sdk-21.0.1\bin\api-ms-win-crt-filesystem-l1-1-0.dll
0x000001a3dcf30000 - 0x000001a3dcf33000 	C:\Users\zoryv\OneDrive\Робочий стіл\курсова\openjfx-21.0.1_windows-x64_bin-sdk (1)\javafx-sdk-21.0.1\bin\api-ms-win-crt-heap-l1-1-0.dll
0x000001a3dcf40000 - 0x000001a3dcf43000 	C:\Users\zoryv\OneDrive\Робочий стіл\курсова\openjfx-21.0.1_windows-x64_bin-sdk (1)\javafx-sdk-21.0.1\bin\api-ms-win-crt-locale-l1-1-0.dll
0x000001a3dcf50000 - 0x000001a3dcf55000 	C:\Users\zoryv\OneDrive\Робочий стіл\курсова\openjfx-21.0.1_windows-x64_bin-sdk (1)\javafx-sdk-21.0.1\bin\api-ms-win-crt-math-l1-1-0.dll
0x000001a3dcf60000 - 0x000001a3dcf65000 	C:\Users\zoryv\OneDrive\Робочий стіл\курсова\openjfx-21.0.1_windows-x64_bin-sdk (1)\javafx-sdk-21.0.1\bin\api-ms-win-crt-multibyte-l1-1-0.dll
0x000001a3dcf70000 - 0x000001a3dcf80000 	C:\Users\zoryv\OneDrive\Робочий стіл\курсова\openjfx-21.0.1_windows-x64_bin-sdk (1)\javafx-sdk-21.0.1\bin\api-ms-win-crt-private-l1-1-0.dll
0x000001a3dcf80000 - 0x000001a3dcf83000 	C:\Users\zoryv\OneDrive\Робочий стіл\курсова\openjfx-21.0.1_windows-x64_bin-sdk (1)\javafx-sdk-21.0.1\bin\api-ms-win-crt-process-l1-1-0.dll
0x000001a3dcf90000 - 0x000001a3dcf94000 	C:\Users\zoryv\OneDrive\Робочий стіл\курсова\openjfx-21.0.1_windows-x64_bin-sdk (1)\javafx-sdk-21.0.1\bin\api-ms-win-crt-runtime-l1-1-0.dll
0x000001a3dcfa0000 - 0x000001a3dcfa4000 	C:\Users\zoryv\OneDrive\Робочий стіл\курсова\openjfx-21.0.1_windows-x64_bin-sdk (1)\javafx-sdk-21.0.1\bin\api-ms-win-crt-stdio-l1-1-0.dll
0x000001a3dcfb0000 - 0x000001a3dcfb4000 	C:\Users\zoryv\OneDrive\Робочий стіл\курсова\openjfx-21.0.1_windows-x64_bin-sdk (1)\javafx-sdk-21.0.1\bin\api-ms-win-crt-string-l1-1-0.dll
0x000001a3dcfc0000 - 0x000001a3dcfc3000 	C:\Users\zoryv\OneDrive\Робочий стіл\курсова\openjfx-21.0.1_windows-x64_bin-sdk (1)\javafx-sdk-21.0.1\bin\api-ms-win-crt-time-l1-1-0.dll
0x000001a3dcfd0000 - 0x000001a3dcfd3000 	C:\Users\zoryv\OneDrive\Робочий стіл\курсова\openjfx-21.0.1_windows-x64_bin-sdk (1)\javafx-sdk-21.0.1\bin\api-ms-win-crt-utility-l1-1-0.dll
0x00007ffea9a10000 - 0x00007ffea9b0c000 	C:\Users\zoryv\OneDrive\Робочий стіл\курсова\openjfx-21.0.1_windows-x64_bin-sdk (1)\javafx-sdk-21.0.1\bin\ucrtbase.dll
0x00007ffed0180000 - 0x00007ffed019b000 	C:\Users\zoryv\OneDrive\Робочий стіл\курсова\openjfx-21.0.1_windows-x64_bin-sdk (1)\javafx-sdk-21.0.1\bin\vcruntime140.dll
0x00007ffed3a00000 - 0x00007ffed3a0c000 	C:\Users\zoryv\OneDrive\Робочий стіл\курсова\openjfx-21.0.1_windows-x64_bin-sdk (1)\javafx-sdk-21.0.1\bin\vcruntime140_1.dll
0x00007ffec70a0000 - 0x00007ffec712e000 	C:\Users\zoryv\OneDrive\Робочий стіл\курсова\openjfx-21.0.1_windows-x64_bin-sdk (1)\javafx-sdk-21.0.1\bin\msvcp140.dll
0x00007ffeda730000 - 0x00007ffeda8d5000 	C:\WINDOWS\System32\ole32.dll
0x00007ffed0ad0000 - 0x00007ffed0ad9000 	C:\Users\zoryv\OneDrive\Робочий стіл\курсова\openjfx-21.0.1_windows-x64_bin-sdk (1)\javafx-sdk-21.0.1\bin\msvcp140_1.dll
0x00007ffec7070000 - 0x00007ffec709f000 	C:\Users\zoryv\OneDrive\Робочий стіл\курсова\openjfx-21.0.1_windows-x64_bin-sdk (1)\javafx-sdk-21.0.1\bin\msvcp140_2.dll
0x00007ffec6d30000 - 0x00007ffec6d5f000 	C:\Users\zoryv\OneDrive\Робочий стіл\курсова\openjfx-21.0.1_windows-x64_bin-sdk (1)\javafx-sdk-21.0.1\bin\prism_d3d.dll
0x00007ffea6aa0000 - 0x00007ffea6c49000 	C:\WINDOWS\system32\d3d9.dll
0x00007ffed63b0000 - 0x00007ffed63db000 	C:\WINDOWS\SYSTEM32\dwmapi.dll
0x00007ffed63e0000 - 0x00007ffed6419000 	C:\WINDOWS\SYSTEM32\dxcore.dll
0x00007ffed6170000 - 0x00007ffed621b000 	C:\WINDOWS\system32\uxtheme.dll
0x00007ffea0760000 - 0x00007ffea090c000 	C:\WINDOWS\System32\DriverStore\FileRepository\iigd_dch.inf_amd64_7b69d1dcf2ed050c\igdumdim64.dll
0x00007ffe91e20000 - 0x00007ffe95a7c000 	C:\WINDOWS\System32\DriverStore\FileRepository\iigd_dch.inf_amd64_7b69d1dcf2ed050c\igd9dxva64.dll
0x00007ffedb500000 - 0x00007ffedb974000 	C:\WINDOWS\System32\SETUPAPI.dll
0x00007ffed8c30000 - 0x00007ffed8c7e000 	C:\WINDOWS\SYSTEM32\cfgmgr32.dll
0x00007ffecda20000 - 0x00007ffecde10000 	C:\WINDOWS\System32\DriverStore\FileRepository\iigd_dch.inf_amd64_7b69d1dcf2ed050c\igdgmm64.dll
0x00007ffed2470000 - 0x00007ffed24ba000 	C:\WINDOWS\SYSTEM32\directxdatabasehelper.dll
0x00007ffec6ce0000 - 0x00007ffec6d22000 	C:\Users\zoryv\OneDrive\Робочий стіл\курсова\openjfx-21.0.1_windows-x64_bin-sdk (1)\javafx-sdk-21.0.1\bin\glass.dll
0x00007ffedbbd0000 - 0x00007ffedbcc9000 	C:\WINDOWS\System32\COMDLG32.dll
0x00007ffedb990000 - 0x00007ffedbae3000 	C:\WINDOWS\System32\MSCTF.dll
0x00007ffe815d0000 - 0x00007ffe815f7000 	C:\WINDOWS\System32\DriverStore\FileRepository\iigd_dch.inf_amd64_7b69d1dcf2ed050c\igdinfo64.dll
0x00007ffec93b0000 - 0x00007ffecd9f4000 	C:\WINDOWS\System32\DriverStore\FileRepository\iigd_dch.inf_amd64_7b69d1dcf2ed050c\igc64.dll
0x00007ffec92f0000 - 0x00007ffec9304000 	C:\Users\zoryv\OneDrive\Робочий стіл\курсова\openjfx-21.0.1_windows-x64_bin-sdk (1)\javafx-sdk-21.0.1\bin\javafx_font.dll
0x00007ffed43a0000 - 0x00007ffed4614000 	C:\WINDOWS\SYSTEM32\dwrite.dll
0x00007ffedae30000 - 0x00007ffedaee0000 	C:\WINDOWS\System32\clbcatq.dll
0x00007ffed4080000 - 0x00007ffed4230000 	C:\WINDOWS\SYSTEM32\WindowsCodecs.dll
0x00007ffeace10000 - 0x00007ffeace6e000 	C:\WINDOWS\system32\dataexchange.dll
0x00007ffecfa90000 - 0x00007ffecfd1e000 	C:\WINDOWS\system32\twinapi.appcore.dll
0x00007ffec6ca0000 - 0x00007ffec6cd2000 	C:\Program Files\Common Files\Microsoft Shared\Ink\rtscom.dll
0x00007ffeb0420000 - 0x00007ffeb056a000 	C:\WINDOWS\SYSTEM32\textinputframework.dll
0x00007ffed5630000 - 0x00007ffed5764000 	C:\WINDOWS\SYSTEM32\CoreMessaging.dll
0x00007ffed1c90000 - 0x00007ffed1ffc000 	C:\WINDOWS\SYSTEM32\CoreUIComponents.dll
0x00007ffed8740000 - 0x00007ffed874c000 	C:\WINDOWS\SYSTEM32\CRYPTBASE.DLL
0x00007ffec4910000 - 0x00007ffec493d000 	C:\Users\zoryv\OneDrive\Робочий стіл\курсова\openjfx-21.0.1_windows-x64_bin-sdk (1)\javafx-sdk-21.0.1\bin\javafx_iio.dll
0x00007ffe373b0000 - 0x00007ffe3c09e000 	C:\Users\zoryv\OneDrive\Робочий стіл\курсова\openjfx-21.0.1_windows-x64_bin-sdk (1)\javafx-sdk-21.0.1\bin\jfxwebkit.dll
0x00007ffed8750000 - 0x00007ffed876b000 	C:\WINDOWS\SYSTEM32\CRYPTSP.dll
0x00007ffed7fd0000 - 0x00007ffed8005000 	C:\WINDOWS\system32\rsaenh.dll

dbghelp: loaded successfully - version: 4.0.5 - missing functions: none
symbol engine: initialized successfully - sym options: 0x614 - pdb path: .;C:\Users\zoryv\.jdks\openjdk-21.0.1\bin;C:\WINDOWS\SYSTEM32;C:\WINDOWS\WinSxS\amd64_microsoft.windows.common-controls_6595b64144ccf1df_6.0.22621.3235_none_270f74e173860f98;C:\Users\zoryv\.jdks\openjdk-21.0.1\bin\server;C:\Program Files\JetBrains\IntelliJ IDEA 2023.2.1\bin;C:\Users\zoryv\OneDrive\Робочий стіл\курсова\openjfx-21.0.1_windows-x64_bin-sdk (1)\javafx-sdk-21.0.1\bin;C:\WINDOWS\System32\DriverStore\FileRepository\iigd_dch.inf_amd64_7b69d1dcf2ed050c;C:\Program Files\Common Files\Microsoft Shared\Ink

VM Arguments:
jvm_args: -javaagent:C:\Program Files\JetBrains\IntelliJ IDEA 2023.2.1\lib\idea_rt.jar=57478:C:\Program Files\JetBrains\IntelliJ IDEA 2023.2.1\bin -Dfile.encoding=UTF-8 -Dsun.stdout.encoding=UTF-8 -Dsun.stderr.encoding=UTF-8 --module-path=C:\Users\zoryv\OneDrive\Робочий стіл\курсова\openjfx-21.0.1_windows-x64_bin-sdk (1)\javafx-sdk-21.0.1\lib\javafx.fxml.jar;C:\Users\zoryv\OneDrive\Робочий стіл\курсова\openjfx-21.0.1_windows-x64_bin-sdk (1)\javafx-sdk-21.0.1\lib\javafx.swing.jar;C:\Users\zoryv\OneDrive\Робочий стіл\курсова\openjfx-21.0.1_windows-x64_bin-sdk (1)\javafx-sdk-21.0.1\lib\javafx.controls.jar;C:\Users\zoryv\OneDrive\Робочий стіл\курсова\openjfx-21.0.1_windows-x64_bin-sdk (1)\javafx-sdk-21.0.1\lib\javafx.graphics.jar;C:\Users\zoryv\OneDrive\Робочий стіл\курсова\mysql-connector-j-8.3.0\mysql-connector-j-8.3.0\mysql-connector-j-8.3.0.jar;C:\Users\zoryv\OneDrive\Робочий стіл\курсова\openjfx-21.0.1_windows-x64_bin-sdk (1)\javafx-sdk-21.0.1\lib\javafx.web.jar;C:\Users\zoryv\OneDrive\Робочий стіл\Cursova\target\classes;C:\Users\zoryv\OneDrive\Робочий стіл\курсова\openjfx-21.0.1_windows-x64_bin-sdk (1)\javafx-sdk-21.0.1\lib\javafx.media.jar;C:\Users\zoryv\OneDrive\Робочий стіл\курсова\openjfx-21.0.1_windows-x64_bin-sdk (1)\javafx-sdk-21.0.1\lib\javafx.base.jar -Djdk.module.main=com.example.cursova 
java_command: com.example.cursova/com.example.cursova.HelloApplication
java_class_path (initial): C:\Users\zoryv\OneDrive\Робочий стіл\курсова\openjfx-21.0.1_windows-x64_bin-sdk (1)\javafx-sdk-21.0.1\lib\javafx-swt.jar
Launcher Type: SUN_STANDARD

[Global flags]
     intx CICompilerCount                          = 3                                         {product} {ergonomic}
     uint ConcGCThreads                            = 1                                         {product} {ergonomic}
     uint G1ConcRefinementThreads                  = 4                                         {product} {ergonomic}
   size_t G1HeapRegionSize                         = 1048576                                   {product} {ergonomic}
    uintx GCDrainStackTargetSize                   = 64                                        {product} {ergonomic}
   size_t InitialHeapSize                          = 132120576                                 {product} {ergonomic}
   size_t MarkStackSize                            = 4194304                                   {product} {ergonomic}
   size_t MaxHeapSize                              = 2097152000                                {product} {ergonomic}
   size_t MaxNewSize                               = 1258291200                                {product} {ergonomic}
   size_t MinHeapDeltaBytes                        = 1048576                                   {product} {ergonomic}
   size_t MinHeapSize                              = 8388608                                   {product} {ergonomic}
    uintx NonNMethodCodeHeapSize                   = 5832780                                {pd product} {ergonomic}
    uintx NonProfiledCodeHeapSize                  = 122912730                              {pd product} {ergonomic}
    uintx ProfiledCodeHeapSize                     = 122912730                              {pd product} {ergonomic}
    uintx ReservedCodeCacheSize                    = 251658240                              {pd product} {ergonomic}
     bool SegmentedCodeCache                       = true                                      {product} {ergonomic}
   size_t SoftMaxHeapSize                          = 2097152000                             {manageable} {ergonomic}
     bool UseCompressedOops                        = true                           {product lp64_product} {ergonomic}
     bool UseG1GC                                  = true                                      {product} {ergonomic}
     bool UseLargePagesIndividualAllocation        = false                                  {pd product} {ergonomic}

Logging:
Log output configuration:
 #0: stdout all=off uptime,level,tags foldmultilines=false
 #1: stderr all=off uptime,level,tags foldmultilines=false

Environment Variables:
PATH=C:\Program Files\Common Files\Oracle\Java\javapath;C:\WINDOWS\system32;C:\WINDOWS;C:\WINDOWS\System32\Wbem;C:\WINDOWS\System32\WindowsPowerShell\v1.0\;C:\WINDOWS\System32\OpenSSH\;C:\Program Files\Microsoft SQL Server\150\Tools\Binn\;C:\Program Files\Microsoft SQL Server\Client SDK\ODBC\170\Tools\Binn\;C:\Program Files\dotnet\;C:\WINDOWS\system32;C:\WINDOWS;C:\WINDOWS\System32\Wbem;C:\WINDOWS\System32\WindowsPowerShell\v1.0\;C:\WINDOWS\System32\OpenSSH\;C:\Program Files\nodejs\;C:\Program Files\Git\cmd;C:\Ruby33-x64\bin;C:\Users\zoryv\AppData\Local\Programs\Python\Launcher\;C:\Program Files\MySQL\MySQL Shell 8.0\bin\;C:\Users\zoryv\AppData\Local\Microsoft\WindowsApps;C:\Users\zoryv\.dotnet\tools;C:\Program Files\JetBrains\IntelliJ IDEA 2023.2.1\bin;;C:\Users\zoryv\AppData\Roaming\npm;C:\Program Files\JetBrains\PyCharm 2023.3.3\bin;;C:\Users\zoryv\AppData\Local\Programs\Microsoft VS Code\bin;C:\ruby-3.3.0\bin
USERNAME=zoryv
OS=Windows_NT
PROCESSOR_IDENTIFIER=Intel64 Family 6 Model 122 Stepping 8, GenuineIntel
TMP=C:\Users\zoryv\AppData\Local\Temp
TEMP=C:\Users\zoryv\AppData\Local\Temp




Periodic native trim disabled

---------------  S Y S T E M  ---------------

OS:
 Windows 11 , 64 bit Build 22621 (10.0.22621.3374)
OS uptime: 2 days 21:41 hours

CPU: total 4 (initial active 4) (4 cores per cpu, 1 threads per core) family 6 model 122 stepping 8 microcode 0x1a, cx8, cmov, fxsr, mmx, 3dnowpref, sse, sse2, sse3, ssse3, sse4.1, sse4.2, popcnt, tsc, tscinvbit, aes, erms, clmul, sha, clflush, clflushopt, rdtscp, rdpid
Processor Information for all 4 processors :
  Max Mhz: 1101, Current Mhz: 1101, Mhz Limit: 1101

Memory: 4k page, system-wide physical 7998M (2031M free)
TotalPageFile size 13630M (AvailPageFile size 4609M)
current process WorkingSet (physical memory assigned to process): 281M, peak: 303M
current process commit charge ("private bytes"): 339M, peak: 358M

vm_info: OpenJDK 64-Bit Server VM (21.0.1+12-29) for windows-amd64 JRE (21.0.1+12-29), built on 2023-10-05T13:27:09Z by "mach5one" with MS VC++ 17.1 (VS2022)

END.
